<?xml version="1.0" encoding="UTF-8"?>
<testng-results skipped="0" failed="0" ignored="0" total="9" passed="9">
  <reporter-output>
  </reporter-output>
  <suite name="Suite" duration-ms="49" started-at="2017-12-15T11:22:48Z" finished-at="2017-12-15T11:22:48Z">
    <groups>
    </groups>
    <test name="Test" duration-ms="49" started-at="2017-12-15T11:22:48Z" finished-at="2017-12-15T11:22:48Z">
      <class name="KeywordDrivenFramework.KeywordDrivenFramework.testSequential">
        <test-method status="PASS" signature="Testcase1()[pri:0, instance:KeywordDrivenFramework.KeywordDrivenFramework.testSequential@1794d431]" name="Testcase1" duration-ms="7" started-at="2017-12-15T16:52:48Z" finished-at="2017-12-15T16:52:48Z">
          <reporter-output>
          </reporter-output>
        </test-method> <!-- Testcase1 -->
        <test-method status="PASS" signature="Testcase2()[pri:0, instance:KeywordDrivenFramework.KeywordDrivenFramework.testSequential@1794d431]" name="Testcase2" duration-ms="2" started-at="2017-12-15T16:52:48Z" finished-at="2017-12-15T16:52:48Z">
          <reporter-output>
          </reporter-output>
        </test-method> <!-- Testcase2 -->
        <test-method status="PASS" signature="Testcase3()[pri:0, instance:KeywordDrivenFramework.KeywordDrivenFramework.testSequential@1794d431]" name="Testcase3" duration-ms="3" started-at="2017-12-15T16:52:48Z" finished-at="2017-12-15T16:52:48Z">
          <reporter-output>
          </reporter-output>
        </test-method> <!-- Testcase3 -->
        <test-method status="PASS" signature="Testcase1()[pri:0, instance:KeywordDrivenFramework.KeywordDrivenFramework.testSequential@39c0f4a]" name="Testcase1" duration-ms="2" started-at="2017-12-15T16:52:48Z" finished-at="2017-12-15T16:52:48Z">
          <reporter-output>
          </reporter-output>
        </test-method> <!-- Testcase1 -->
        <test-method status="PASS" signature="Testcase2()[pri:0, instance:KeywordDrivenFramework.KeywordDrivenFramework.testSequential@39c0f4a]" name="Testcase2" duration-ms="0" started-at="2017-12-15T16:52:48Z" finished-at="2017-12-15T16:52:48Z">
          <reporter-output>
          </reporter-output>
        </test-method> <!-- Testcase2 -->
        <test-method status="PASS" signature="Testcase3()[pri:0, instance:KeywordDrivenFramework.KeywordDrivenFramework.testSequential@39c0f4a]" name="Testcase3" duration-ms="1" started-at="2017-12-15T16:52:48Z" finished-at="2017-12-15T16:52:48Z">
          <reporter-output>
          </reporter-output>
        </test-method> <!-- Testcase3 -->
        <test-method status="PASS" signature="Testcase1()[pri:0, instance:KeywordDrivenFramework.KeywordDrivenFramework.testSequential@42e26948]" name="Testcase1" duration-ms="0" started-at="2017-12-15T16:52:48Z" finished-at="2017-12-15T16:52:48Z">
          <reporter-output>
          </reporter-output>
        </test-method> <!-- Testcase1 -->
        <test-method status="PASS" signature="Testcase2()[pri:0, instance:KeywordDrivenFramework.KeywordDrivenFramework.testSequential@42e26948]" name="Testcase2" duration-ms="1" started-at="2017-12-15T16:52:48Z" finished-at="2017-12-15T16:52:48Z">
          <reporter-output>
          </reporter-output>
        </test-method> <!-- Testcase2 -->
        <test-method status="PASS" signature="Testcase3()[pri:0, instance:KeywordDrivenFramework.KeywordDrivenFramework.testSequential@42e26948]" name="Testcase3" duration-ms="0" started-at="2017-12-15T16:52:48Z" finished-at="2017-12-15T16:52:48Z">
          <reporter-output>
          </reporter-output>
        </test-method> <!-- Testcase3 -->
      </class> <!-- KeywordDrivenFramework.KeywordDrivenFramework.testSequential -->
    </test> <!-- Test -->
  </suite> <!-- Suite -->
</testng-results>
