<?xml version="1.0" encoding="UTF-8"?>
<testng-results skipped="0" failed="0" ignored="0" total="1" passed="1">
  <reporter-output>
  </reporter-output>
  <suite name="Suite" duration-ms="6222" started-at="2018-01-17T06:41:17Z" finished-at="2018-01-17T06:41:24Z">
    <groups>
    </groups>
    <test name="Open" duration-ms="6222" started-at="2018-01-17T06:41:17Z" finished-at="2018-01-17T06:41:24Z">
      <class name="PojoCases.OpenBrowser">
        <test-method status="PASS" signature="setUp(java.lang.String, java.lang.String, java.lang.String)[pri:0, instance:PojoCases.OpenBrowser@604ed9f0]" name="setUp" is-config="true" duration-ms="6186" started-at="2018-01-17T12:11:17Z" finished-at="2018-01-17T12:11:23Z">
          <params>
            <param index="0">
              <value>
                <![CDATA[chrome]]>
              </value>
            </param>
            <param index="1">
              <value>
                <![CDATA[Remote]]>
              </value>
            </param>
            <param index="2">
              <value>
                <![CDATA[Y]]>
              </value>
            </param>
          </params>
          <reporter-output>
          </reporter-output>
        </test-method> <!-- setUp -->
        <test-method status="PASS" signature="Hello()[pri:0, instance:PojoCases.OpenBrowser@604ed9f0]" name="Hello" duration-ms="7" started-at="2018-01-17T12:11:24Z" finished-at="2018-01-17T12:11:24Z">
          <reporter-output>
          </reporter-output>
        </test-method> <!-- Hello -->
        <test-method status="PASS" signature="tearDown()[pri:0, instance:PojoCases.OpenBrowser@604ed9f0]" name="tearDown" is-config="true" duration-ms="1" started-at="2018-01-17T12:11:24Z" finished-at="2018-01-17T12:11:24Z">
          <reporter-output>
          </reporter-output>
        </test-method> <!-- tearDown -->
      </class> <!-- PojoCases.OpenBrowser -->
    </test> <!-- Open -->
  </suite> <!-- Suite -->
</testng-results>
