<?xml version="1.0" encoding="UTF-8"?>
<testng-results skipped="0" failed="0" ignored="0" total="190" passed="190">
  <reporter-output>
  </reporter-output>
  <suite name="Default suite" duration-ms="134712" started-at="2017-09-13T06:59:09Z" finished-at="2017-09-13T07:01:24Z">
    <groups>
    </groups>
    <test name="Default test" duration-ms="134712" started-at="2017-09-13T06:59:09Z" finished-at="2017-09-13T07:01:24Z">
      <class name="KeywordDrivenFramework.UIMainscript">
        <test-method status="PASS" signature="loadconfig()[pri:0, instance:KeywordDrivenFramework.UIMainscript@4b9e13df]" name="loadconfig" is-config="true" duration-ms="3957" started-at="2017-09-13T12:29:05Z" finished-at="2017-09-13T12:29:09Z">
          <reporter-output>
          </reporter-output>
        </test-method> <!-- loadconfig -->
        <test-method status="PASS" signature="UITest(java.lang.Integer, java.lang.Object, java.lang.Object)[pri:0, instance:KeywordDrivenFramework.UIMainscript@4b9e13df]" name="UITest" duration-ms="133512" started-at="2017-09-13T12:29:10Z" data-provider="UITestData" finished-at="2017-09-13T12:31:23Z">
          <params>
            <param index="0">
              <value>
                <![CDATA[1]]>
              </value>
            </param>
            <param index="1">
              <value>
                <![CDATA[{Si_no=1, Test_data_id=CHIC_01, Flag_for_execution=YCompleted, BusinessType=Taxi, FirstName=Test, LastName=QA, PrimaryNumber=1234567890, EmailAddress=srimeenakshi_m@solartis.net, TypeOfBusiness=Corporation, BusinessName=Taxi PA, NumberOfYearsInBusiness=1, SSN_FEINChoice=SSN, SSN_FEIN_no=345235645, DescriptionOfOperation=Description of Operation , AddressLine1=6416 Carlisle Pike, AddressLine2=, City=Mechanicsburg, State=Pennsylvania, ZipCode=17050, MailingAddressChoice=, LiabilityLimitType=Combined Single Limit, PrimaryLiabilityLimit=$50,000, EffectiveDate=09/07/2017, NumberOfVehicles=2, VIN=12345678901233400, Make=Make, Model=Model , Year=2000, SeatingCapacity=3, BodyType=Hatchback, VehicleValue=100001, RadiusOfOperation=50, BusinessUse=Commercial, LossPayee1=Yes, LossPayee__Type=Leased, LossPayeeName=loss payee, VehicleNumber=Vehicle #1, DriverName=Driver1, DriverDOB=05/11/1989, Gender=Female, MaritalStatus=Married, LicenseNumber=12345, YearFirstLicensed=2016, YearsofExperience=23, Accident=Yes, NumberOfAccident=1, NumberOfTicket=0, AccidentType=Accident, AccDate=09/05/2016, AccPlace=Test City, ViolationDate=09/05/2016, AIName=AdditionalInsured, CarrierName=PC-Test, PolicyNo=CHIC-6528-02, PriorEffectiveDate=01/06/1996, PriorExpirationDate=01/06/1997, CoverageType=Physical Damage, SHFirstName=Test, SHLastName=SH, Salutation=Sr, Title=Title , QuoteType=New Business, EditLiabilityPremium=No, TotalLiabilityPremium=, AttachementName=CHIC_02, RenewalPrefix=9945, RenewalSuffix=03}]]>
              </value>
            </param>
            <param index="2">
              <value>
                <![CDATA[{Si_no=1, Test_data_id=CHIC_01, Flag_for_execution=Completed, QuoteNumber=QCHIC-6115, PolicyNumber=CHIC-6886-01, LiabilityTotalPremium=$9,200.00, LiabilityTotalPremium_exp=null, LiabilityTotalPremium_status=null, TotalPremium=$9,200.00, TotalPremium_exp=null, TotalPremium_status=null, TotalDownPayment=$1,866.67, TotalDownPayment_exp=null, TotalDownPayment_status=null, TotalMonthlyPayment=$733.33, TotalMonthlyPayment_exp=null, TotalMonthlyPayment_status=null, AnalyserResult=null}]]>
              </value>
            </param>
          </params>
          <reporter-output>
          </reporter-output>
        </test-method> <!-- UITest -->
        <test-method status="PASS" signature="UITest(java.lang.Integer, java.lang.Object, java.lang.Object)[pri:0, instance:KeywordDrivenFramework.UIMainscript@4b9e13df]" name="UITest" duration-ms="15" started-at="2017-09-13T12:31:23Z" data-provider="UITestData" finished-at="2017-09-13T12:31:23Z">
          <params>
            <param index="0">
              <value>
                <![CDATA[2]]>
              </value>
            </param>
            <param index="1">
              <value>
                <![CDATA[{Si_no=2, Test_data_id=CHIC_02, Flag_for_execution=YCompleted, BusinessType=Taxi, FirstName=Test, LastName=QA, PrimaryNumber=1234567890, EmailAddress=srimeenakshi_m@solartis.net, TypeOfBusiness=Corporation, BusinessName=Taxi PA, NumberOfYearsInBusiness=1, SSN_FEINChoice=SSN, SSN_FEIN_no=345235645, DescriptionOfOperation=Description of Operation , AddressLine1=6416 Carlisle Pike, AddressLine2=, City=Mechanicsburg, State=Pennsylvania, ZipCode=17050, MailingAddressChoice=, LiabilityLimitType=Combined Single Limit, PrimaryLiabilityLimit=$50,000, EffectiveDate=09/07/2017, NumberOfVehicles=2, VIN=12345678901233400, Make=Make, Model=Model , Year=2000, SeatingCapacity=3, BodyType=Hatchback, VehicleValue=100001, RadiusOfOperation=50, BusinessUse=Commercial, LossPayee1=Yes, LossPayee__Type=Leased, LossPayeeName=loss payee, VehicleNumber=Vehicle #1, DriverName=Driver1, DriverDOB=05/11/1989, Gender=Female, MaritalStatus=Married, LicenseNumber=12345, YearFirstLicensed=2016, YearsofExperience=23, Accident=Yes, NumberOfAccident=1, NumberOfTicket=0, AccidentType=Accident, AccDate=09/05/2016, AccPlace=Test City, ViolationDate=09/05/2016, AIName=AdditionalInsured, CarrierName=PC-Test, PolicyNo=CHIC-6528-02, PriorEffectiveDate=01/06/1996, PriorExpirationDate=01/06/1997, CoverageType=Physical Damage, SHFirstName=Test, SHLastName=SH, Salutation=Sr, Title=Title , QuoteType=New Business, EditLiabilityPremium=No, TotalLiabilityPremium=, AttachementName=CHIC_02, RenewalPrefix=9945, RenewalSuffix=03}]]>
              </value>
            </param>
            <param index="2">
              <value>
                <![CDATA[{Si_no=2, Test_data_id=CHIC_02, Flag_for_execution=Completed, QuoteNumber=QCHIC-6044, PolicyNumber=CHIC-6859-01, LiabilityTotalPremium=$9,200.00, LiabilityTotalPremium_exp=null, LiabilityTotalPremium_status=null, TotalPremium=$9,200.00, TotalPremium_exp=null, TotalPremium_status=null, TotalDownPayment=$1,866.67, TotalDownPayment_exp=null, TotalDownPayment_status=null, TotalMonthlyPayment=$733.33, TotalMonthlyPayment_exp=null, TotalMonthlyPayment_status=null, AnalyserResult=null}]]>
              </value>
            </param>
          </params>
          <reporter-output>
          </reporter-output>
        </test-method> <!-- UITest -->
        <test-method status="PASS" signature="UITest(java.lang.Integer, java.lang.Object, java.lang.Object)[pri:0, instance:KeywordDrivenFramework.UIMainscript@4b9e13df]" name="UITest" duration-ms="9" started-at="2017-09-13T12:31:23Z" data-provider="UITestData" finished-at="2017-09-13T12:31:23Z">
          <params>
            <param index="0">
              <value>
                <![CDATA[3]]>
              </value>
            </param>
            <param index="1">
              <value>
                <![CDATA[{Si_no=3, Test_data_id=CHIC_03, Flag_for_execution=YCompleted, BusinessType=Taxi, FirstName=Test, LastName=QA, PrimaryNumber=1234567890, EmailAddress=srimeenakshi_m@solartis.net, TypeOfBusiness=Corporation, BusinessName=Taxi PA, NumberOfYearsInBusiness=1, SSN_FEINChoice=SSN, SSN_FEIN_no=345235645, DescriptionOfOperation=Description of Operation , AddressLine1=6416 Carlisle Pike, AddressLine2=, City=Mechanicsburg, State=Pennsylvania, ZipCode=17050, MailingAddressChoice=, LiabilityLimitType=Combined Single Limit, PrimaryLiabilityLimit=$100,000, EffectiveDate=09/07/2017, NumberOfVehicles=3, VIN=12345678901233400, Make=Make, Model=Model , Year=2001, SeatingCapacity=4, BodyType=Hatchback, VehicleValue=100002, RadiusOfOperation=50, BusinessUse=Service, LossPayee1=Yes, LossPayee__Type=Financed, LossPayeeName=loss payee, VehicleNumber=Vehicle #1, DriverName=Driver1, DriverDOB=05/11/1989, Gender=Male, MaritalStatus=Married, LicenseNumber=12345, YearFirstLicensed=2016, YearsofExperience=23, Accident=Yes, NumberOfAccident=1, NumberOfTicket=0, AccidentType=Accident, AccDate=04/30/1995, AccPlace=Test City, ViolationDate=04/30/1995, AIName=AdditionalInsured, CarrierName=PC-Test, PolicyNo=CHIC-6528-01, PriorEffectiveDate=05/04/2014, PriorExpirationDate=05/04/2015, CoverageType=Both, SHFirstName=Test, SHLastName=SH, Salutation=Jr, Title=Title , QuoteType=New Business, EditLiabilityPremium=Yes, TotalLiabilityPremium=20000, AttachementName=CHIC_03, RenewalPrefix=9946, RenewalSuffix=03}]]>
              </value>
            </param>
            <param index="2">
              <value>
                <![CDATA[{Si_no=3, Test_data_id=CHIC_03, Flag_for_execution=Completed, QuoteNumber=QCHIC-6046, PolicyNumber=CHIC-6860-01, LiabilityTotalPremium=$20,600.00, LiabilityTotalPremium_exp=null, LiabilityTotalPremium_status=null, TotalPremium=$20,600.00, TotalPremium_exp=null, TotalPremium_status=null, TotalDownPayment=$3,933.33, TotalDownPayment_exp=null, TotalDownPayment_status=null, TotalMonthlyPayment=$1,666.67, TotalMonthlyPayment_exp=null, TotalMonthlyPayment_status=null, AnalyserResult=null}]]>
              </value>
            </param>
          </params>
          <reporter-output>
          </reporter-output>
        </test-method> <!-- UITest -->
        <test-method status="PASS" signature="UITest(java.lang.Integer, java.lang.Object, java.lang.Object)[pri:0, instance:KeywordDrivenFramework.UIMainscript@4b9e13df]" name="UITest" duration-ms="9" started-at="2017-09-13T12:31:23Z" data-provider="UITestData" finished-at="2017-09-13T12:31:23Z">
          <params>
            <param index="0">
              <value>
                <![CDATA[4]]>
              </value>
            </param>
            <param index="1">
              <value>
                <![CDATA[{Si_no=4, Test_data_id=CHIC_04, Flag_for_execution=YCompleted, BusinessType=Taxi, FirstName=Test, LastName=QA, PrimaryNumber=1234567890, EmailAddress=srimeenakshi_m@solartis.net, TypeOfBusiness=Corporation, BusinessName=Taxi PA, NumberOfYearsInBusiness=1, SSN_FEINChoice=SSN, SSN_FEIN_no=345235645, DescriptionOfOperation=Description of Operation , AddressLine1=6416 Carlisle Pike, AddressLine2=, City=Mechanicsburg, State=Pennsylvania, ZipCode=17050, MailingAddressChoice=, LiabilityLimitType=Combined Single Limit, PrimaryLiabilityLimit=$150,000, EffectiveDate=09/10/2017, NumberOfVehicles=4, VIN=12345678901233300, Make=Make, Model=Model , Year=2002, SeatingCapacity=5, BodyType=Hatchback, VehicleValue=100003, RadiusOfOperation=50, BusinessUse=Retail, LossPayee1=Yes, LossPayee__Type=Leased, LossPayeeName=loss payee, VehicleNumber=Vehicle #1, DriverName=Driver1, DriverDOB=05/11/1989, Gender=Female, MaritalStatus=Married, LicenseNumber=12346, YearFirstLicensed=2016, YearsofExperience=23, Accident=Yes, NumberOfAccident=1, NumberOfTicket=0, AccidentType=Accident, AccDate=06/05/1999, AccPlace=Test City, ViolationDate=06/05/1999, AIName=AdditionalInsured, CarrierName=PC-Test, PolicyNo=CHIC-6528-02, PriorEffectiveDate=06/04/2015, PriorExpirationDate=06/04/2016, CoverageType=Liability, SHFirstName=Test, SHLastName=SH, Salutation=Sr, Title=Title , QuoteType=New Business, EditLiabilityPremium=No, TotalLiabilityPremium=, AttachementName=CHIC_04, RenewalPrefix=9947, RenewalSuffix=03}]]>
              </value>
            </param>
            <param index="2">
              <value>
                <![CDATA[{Si_no=4, Test_data_id=CHIC_04, Flag_for_execution=Completed, QuoteNumber=QCHIC-6048, PolicyNumber=CHIC-6863-01, LiabilityTotalPremium=$20,800.00, LiabilityTotalPremium_exp=null, LiabilityTotalPremium_status=null, TotalPremium=$20,800.00, TotalPremium_exp=null, TotalPremium_status=null, TotalDownPayment=$4,133.33, TotalDownPayment_exp=null, TotalDownPayment_status=null, TotalMonthlyPayment=$1,666.67, TotalMonthlyPayment_exp=null, TotalMonthlyPayment_status=null, AnalyserResult=null}]]>
              </value>
            </param>
          </params>
          <reporter-output>
          </reporter-output>
        </test-method> <!-- UITest -->
        <test-method status="PASS" signature="UITest(java.lang.Integer, java.lang.Object, java.lang.Object)[pri:0, instance:KeywordDrivenFramework.UIMainscript@4b9e13df]" name="UITest" duration-ms="3" started-at="2017-09-13T12:31:23Z" data-provider="UITestData" finished-at="2017-09-13T12:31:23Z">
          <params>
            <param index="0">
              <value>
                <![CDATA[5]]>
              </value>
            </param>
            <param index="1">
              <value>
                <![CDATA[{Si_no=5, Test_data_id=CHIC_05, Flag_for_execution=YCompleted, BusinessType=Taxi, FirstName=Test, LastName=QA, PrimaryNumber=1234567890, EmailAddress=srimeenakshi_m@solartis.net, TypeOfBusiness=Corporation, BusinessName=Taxi PA, NumberOfYearsInBusiness=1, SSN_FEINChoice=SSN, SSN_FEIN_no=345235645, DescriptionOfOperation=Description of Operation , AddressLine1=6416 Carlisle Pike, AddressLine2=, City=Mechanicsburg, State=Pennsylvania, ZipCode=17050, MailingAddressChoice=, LiabilityLimitType=Combined Single Limit, PrimaryLiabilityLimit=$300,000, EffectiveDate=10/10/2017, NumberOfVehicles=5, VIN=12345678901233400, Make=Make, Model=Model , Year=2003, SeatingCapacity=6, BodyType=Hatchback, VehicleValue=100004, RadiusOfOperation=50, BusinessUse=Commercial, LossPayee1=Yes, LossPayee__Type=Financed, LossPayeeName=loss payee, VehicleNumber=Vehicle #1, DriverName=Driver1, DriverDOB=05/11/1989, Gender=Male, MaritalStatus=Married, LicenseNumber=12347, YearFirstLicensed=2016, YearsofExperience=23, Accident=Yes, NumberOfAccident=1, NumberOfTicket=0, AccidentType=Accident, AccDate=02/08/2010, AccPlace=Test City, ViolationDate=02/08/2010, AIName=AdditionalInsured, CarrierName=PC-Test, PolicyNo=CHIC-6528-01, PriorEffectiveDate=02/06/1996, PriorExpirationDate=02/06/1997, CoverageType=Physical Damage, SHFirstName=Test, SHLastName=SH, Salutation=Jr, Title=Title , QuoteType=Renewal, EditLiabilityPremium=No, TotalLiabilityPremium=, AttachementName=CHIC_05, RenewalPrefix=9845, RenewalSuffix=05}]]>
              </value>
            </param>
            <param index="2">
              <value>
                <![CDATA[{Si_no=5, Test_data_id=CHIC_05, Flag_for_execution=Completed, QuoteNumber=QCHIC-6049, PolicyNumber=CHIC-5669-23, LiabilityTotalPremium=$29,000.00, LiabilityTotalPremium_exp=null, LiabilityTotalPremium_status=null, TotalPremium=$29,000.00, TotalPremium_exp=null, TotalPremium_status=null, TotalDownPayment=$5,666.67, TotalDownPayment_exp=null, TotalDownPayment_status=null, TotalMonthlyPayment=$2,333.33, TotalMonthlyPayment_exp=null, TotalMonthlyPayment_status=null, AnalyserResult=null}]]>
              </value>
            </param>
          </params>
          <reporter-output>
          </reporter-output>
        </test-method> <!-- UITest -->
        <test-method status="PASS" signature="UITest(java.lang.Integer, java.lang.Object, java.lang.Object)[pri:0, instance:KeywordDrivenFramework.UIMainscript@4b9e13df]" name="UITest" duration-ms="6" started-at="2017-09-13T12:31:23Z" data-provider="UITestData" finished-at="2017-09-13T12:31:23Z">
          <params>
            <param index="0">
              <value>
                <![CDATA[6]]>
              </value>
            </param>
            <param index="1">
              <value>
                <![CDATA[{Si_no=6, Test_data_id=CHIC_06, Flag_for_execution=YCompleted, BusinessType=Taxi, FirstName=Test, LastName=QA, PrimaryNumber=1234567890, EmailAddress=srimeenakshi_m@solartis.net, TypeOfBusiness=Corporation, BusinessName=Taxi PA, NumberOfYearsInBusiness=1, SSN_FEINChoice=SSN, SSN_FEIN_no=345235645, DescriptionOfOperation=Description of Operation , AddressLine1=6416 Carlisle Pike, AddressLine2=, City=Mechanicsburg, State=Pennsylvania, ZipCode=17050, MailingAddressChoice=, LiabilityLimitType=Split Limit, PrimaryLiabilityLimit=$15,000 / $30,000 / $5,000, EffectiveDate=11/05/2017, NumberOfVehicles=6, VIN=12345678901233400, Make=Make, Model=Model , Year=2004, SeatingCapacity=7, BodyType=Hatchback, VehicleValue=100005, RadiusOfOperation=50, BusinessUse=Service, LossPayee1=Yes, LossPayee__Type=Leased, LossPayeeName=loss payee, VehicleNumber=Vehicle #1, DriverName=Driver1, DriverDOB=05/11/1989, Gender=Female, MaritalStatus=Married, LicenseNumber=12348, YearFirstLicensed=2016, YearsofExperience=23, Accident=Yes, NumberOfAccident=1, NumberOfTicket=0, AccidentType=Accident, AccDate=02/01/2015, AccPlace=Test City, ViolationDate=02/01/2015, AIName=AdditionalInsured, CarrierName=PC-Test, PolicyNo=CHIC-6528-02, PriorEffectiveDate=06/04/2014, PriorExpirationDate=06/04/2015, CoverageType=Both, SHFirstName=Test, SHLastName=SH, Salutation=Sr, Title=Title , QuoteType=New Business, EditLiabilityPremium=No, TotalLiabilityPremium=, AttachementName=CHIC_06, RenewalPrefix=9949, RenewalSuffix=03}]]>
              </value>
            </param>
            <param index="2">
              <value>
                <![CDATA[{Si_no=6, Test_data_id=CHIC_06, Flag_for_execution=Completed, QuoteNumber=QCHIC-6050, PolicyNumber=CHIC-6864-01, LiabilityTotalPremium=$26,400.00, LiabilityTotalPremium_exp=null, LiabilityTotalPremium_status=null, TotalPremium=$26,400.00, TotalPremium_exp=null, TotalPremium_status=null, TotalDownPayment=$5,400.00, TotalDownPayment_exp=null, TotalDownPayment_status=null, TotalMonthlyPayment=$2,100.00, TotalMonthlyPayment_exp=null, TotalMonthlyPayment_status=null, AnalyserResult=null}]]>
              </value>
            </param>
          </params>
          <reporter-output>
          </reporter-output>
        </test-method> <!-- UITest -->
        <test-method status="PASS" signature="UITest(java.lang.Integer, java.lang.Object, java.lang.Object)[pri:0, instance:KeywordDrivenFramework.UIMainscript@4b9e13df]" name="UITest" duration-ms="5" started-at="2017-09-13T12:31:23Z" data-provider="UITestData" finished-at="2017-09-13T12:31:23Z">
          <params>
            <param index="0">
              <value>
                <![CDATA[7]]>
              </value>
            </param>
            <param index="1">
              <value>
                <![CDATA[{Si_no=7, Test_data_id=CHIC_07, Flag_for_execution=YCompleted, BusinessType=Taxi, FirstName=Test, LastName=QA, PrimaryNumber=1234567890, EmailAddress=srimeenakshi_m@solartis.net, TypeOfBusiness=Corporation, BusinessName=Taxi PA, NumberOfYearsInBusiness=1, SSN_FEINChoice=SSN, SSN_FEIN_no=345235645, DescriptionOfOperation=Description of Operation , AddressLine1=6416 Carlisle Pike, AddressLine2=, City=Mechanicsburg, State=Pennsylvania, ZipCode=17050, MailingAddressChoice=, LiabilityLimitType=Split Limit, PrimaryLiabilityLimit=$25,000 / $50,000 / $10,000, EffectiveDate=12/01/2017, NumberOfVehicles=7, VIN=12345678901233300, Make=Make, Model=Model , Year=2005, SeatingCapacity=8, BodyType=Hatchback, VehicleValue=100006, RadiusOfOperation=50, BusinessUse=Retail, LossPayee1=Yes, LossPayee__Type=Financed, LossPayeeName=loss payee, VehicleNumber=Vehicle #1, DriverName=Driver1, DriverDOB=05/11/1989, Gender=Male, MaritalStatus=Married, LicenseNumber=12349, YearFirstLicensed=2016, YearsofExperience=23, Accident=Yes, NumberOfAccident=1, NumberOfTicket=0, AccidentType=Accident, AccDate=10/05/2016, AccPlace=Test City, ViolationDate=10/05/2016, AIName=AdditionalInsured, CarrierName=PC-Test, PolicyNo=CHIC-6528-01, PriorEffectiveDate=07/04/2015, PriorExpirationDate=07/04/2016, CoverageType=Liability, SHFirstName=Test, SHLastName=SH, Salutation=Jr, Title=Title , QuoteType=New Business, EditLiabilityPremium=No, TotalLiabilityPremium=, AttachementName=CHIC_07, RenewalPrefix=9950, RenewalSuffix=03}]]>
              </value>
            </param>
            <param index="2">
              <value>
                <![CDATA[{Si_no=7, Test_data_id=CHIC_07, Flag_for_execution=Completed, QuoteNumber=QCHIC-6052, PolicyNumber=CHIC-6865-01, LiabilityTotalPremium=$33,600.00, LiabilityTotalPremium_exp=null, LiabilityTotalPremium_status=null, TotalPremium=$33,600.00, TotalPremium_exp=null, TotalPremium_status=null, TotalDownPayment=$6,766.67, TotalDownPayment_exp=null, TotalDownPayment_status=null, TotalMonthlyPayment=$2,683.33, TotalMonthlyPayment_exp=null, TotalMonthlyPayment_status=null, AnalyserResult=null}]]>
              </value>
            </param>
          </params>
          <reporter-output>
          </reporter-output>
        </test-method> <!-- UITest -->
        <test-method status="PASS" signature="UITest(java.lang.Integer, java.lang.Object, java.lang.Object)[pri:0, instance:KeywordDrivenFramework.UIMainscript@4b9e13df]" name="UITest" duration-ms="3" started-at="2017-09-13T12:31:23Z" data-provider="UITestData" finished-at="2017-09-13T12:31:23Z">
          <params>
            <param index="0">
              <value>
                <![CDATA[8]]>
              </value>
            </param>
            <param index="1">
              <value>
                <![CDATA[{Si_no=8, Test_data_id=CHIC_08, Flag_for_execution=YCompleted, BusinessType=Taxi, FirstName=Test, LastName=QA, PrimaryNumber=1234567890, EmailAddress=srimeenakshi_m@solartis.net, TypeOfBusiness=Corporation, BusinessName=Taxi PA, NumberOfYearsInBusiness=1, SSN_FEINChoice=SSN, SSN_FEIN_no=345235645, DescriptionOfOperation=Description of Operation , AddressLine1=6416 Carlisle Pike, AddressLine2=, City=Mechanicsburg, State=Pennsylvania, ZipCode=17050, MailingAddressChoice=, LiabilityLimitType=Split Limit, PrimaryLiabilityLimit=$50,000 / $100,000 / $25,000, EffectiveDate=09/30/2017, NumberOfVehicles=8, VIN=12345678901233400, Make=Make, Model=Model , Year=2006, SeatingCapacity=9, BodyType=Hatchback, VehicleValue=100007, RadiusOfOperation=50, BusinessUse=Commercial, LossPayee1=Yes, LossPayee__Type=Leased, LossPayeeName=loss payee, VehicleNumber=Vehicle #1, DriverName=Driver1, DriverDOB=05/11/1989, Gender=Female, MaritalStatus=Married, LicenseNumber=12350, YearFirstLicensed=2016, YearsofExperience=23, Accident=Yes, NumberOfAccident=1, NumberOfTicket=0, AccidentType=Accident, AccDate=05/30/1995, AccPlace=Test City, ViolationDate=05/30/1995, AIName=AdditionalInsured, CarrierName=PC-Test, PolicyNo=CHIC-6528-02, PriorEffectiveDate=03/06/1996, PriorExpirationDate=03/06/1997, CoverageType=Physical Damage, SHFirstName=Test, SHLastName=SH, Salutation=Sr, Title=Title , QuoteType=New Business, EditLiabilityPremium=Yes, TotalLiabilityPremium=30000, AttachementName=CHIC_08, RenewalPrefix=9951, RenewalSuffix=03}]]>
              </value>
            </param>
            <param index="2">
              <value>
                <![CDATA[{Si_no=8, Test_data_id=CHIC_08, Flag_for_execution=Completed, QuoteNumber=QCHIC-6059, PolicyNumber=CHIC-6871-01, LiabilityTotalPremium=$31,600.00, LiabilityTotalPremium_exp=null, LiabilityTotalPremium_status=null, TotalPremium=$31,600.00, TotalPremium_exp=null, TotalPremium_status=null, TotalDownPayment=$6,600.00, TotalDownPayment_exp=null, TotalDownPayment_status=null, TotalMonthlyPayment=$2,500.00, TotalMonthlyPayment_exp=null, TotalMonthlyPayment_status=null, AnalyserResult=null}]]>
              </value>
            </param>
          </params>
          <reporter-output>
          </reporter-output>
        </test-method> <!-- UITest -->
        <test-method status="PASS" signature="UITest(java.lang.Integer, java.lang.Object, java.lang.Object)[pri:0, instance:KeywordDrivenFramework.UIMainscript@4b9e13df]" name="UITest" duration-ms="3" started-at="2017-09-13T12:31:23Z" data-provider="UITestData" finished-at="2017-09-13T12:31:23Z">
          <params>
            <param index="0">
              <value>
                <![CDATA[9]]>
              </value>
            </param>
            <param index="1">
              <value>
                <![CDATA[{Si_no=9, Test_data_id=CHIC_09, Flag_for_execution=YCompleted, BusinessType=Taxi, FirstName=Test, LastName=QA, PrimaryNumber=1234567890, EmailAddress=srimeenakshi_m@solartis.net, TypeOfBusiness=Corporation, BusinessName=Taxi PA, NumberOfYearsInBusiness=1, SSN_FEINChoice=SSN, SSN_FEIN_no=345235645, DescriptionOfOperation=Description of Operation , AddressLine1=6416 Carlisle Pike, AddressLine2=, City=Mechanicsburg, State=Pennsylvania, ZipCode=17050, MailingAddressChoice=, LiabilityLimitType=Split Limit, PrimaryLiabilityLimit=$125,000 / $250,000 / $50,000, EffectiveDate=09/25/2017, NumberOfVehicles=1, VIN=12345678901233400, Make=Make, Model=Model , Year=2007, SeatingCapacity=10, BodyType=Hatchback, VehicleValue=100008, RadiusOfOperation=50, BusinessUse=Service, LossPayee1=Yes, LossPayee__Type=Financed, LossPayeeName=loss payee, VehicleNumber=Vehicle #1, DriverName=Driver1, DriverDOB=05/11/1989, Gender=Male, MaritalStatus=Married, LicenseNumber=12351, YearFirstLicensed=2016, YearsofExperience=23, Accident=Yes, NumberOfAccident=1, NumberOfTicket=0, AccidentType=Accident, AccDate=01/01/2015, AccPlace=Test City, ViolationDate=01/01/2015, AIName=AdditionalInsured, CarrierName=PC-Test, PolicyNo=CHIC-6528-01, PriorEffectiveDate=07/04/2014, PriorExpirationDate=07/04/2015, CoverageType=Both, SHFirstName=Test, SHLastName=SH, Salutation=Jr, Title=Title , QuoteType=New Business, EditLiabilityPremium=Yes, TotalLiabilityPremium=3500, AttachementName=CHIC_09, RenewalPrefix=9952, RenewalSuffix=03}]]>
              </value>
            </param>
            <param index="2">
              <value>
                <![CDATA[{Si_no=9, Test_data_id=CHIC_09, Flag_for_execution=Completed, QuoteNumber=QCHIC-6053, PolicyNumber=CHIC-6866-01, LiabilityTotalPremium=$3,700.00, LiabilityTotalPremium_exp=null, LiabilityTotalPremium_status=null, TotalPremium=$3,700.00, TotalPremium_exp=null, TotalPremium_status=null, TotalDownPayment=$783.33, TotalDownPayment_exp=null, TotalDownPayment_status=null, TotalMonthlyPayment=$291.67, TotalMonthlyPayment_exp=null, TotalMonthlyPayment_status=null, AnalyserResult=null}]]>
              </value>
            </param>
          </params>
          <reporter-output>
          </reporter-output>
        </test-method> <!-- UITest -->
        <test-method status="PASS" signature="UITest(java.lang.Integer, java.lang.Object, java.lang.Object)[pri:0, instance:KeywordDrivenFramework.UIMainscript@4b9e13df]" name="UITest" duration-ms="3" started-at="2017-09-13T12:31:23Z" data-provider="UITestData" finished-at="2017-09-13T12:31:23Z">
          <params>
            <param index="0">
              <value>
                <![CDATA[10]]>
              </value>
            </param>
            <param index="1">
              <value>
                <![CDATA[{Si_no=10, Test_data_id=CHIC_10, Flag_for_execution=YCompleted, BusinessType=Taxi, FirstName=Test, LastName=QA, PrimaryNumber=1234567890, EmailAddress=srimeenakshi_m@solartis.net, TypeOfBusiness=Corporation, BusinessName=Taxi PA, NumberOfYearsInBusiness=1, SSN_FEINChoice=SSN, SSN_FEIN_no=345235645, DescriptionOfOperation=Description of Operation , AddressLine1=6416 Carlisle Pike, AddressLine2=, City=Mechanicsburg, State=Pennsylvania, ZipCode=17050, MailingAddressChoice=, LiabilityLimitType=Split Limit, PrimaryLiabilityLimit=$100,000 / $300,000 / $50,000, EffectiveDate=09/15/2017, NumberOfVehicles=2, VIN=12345678901233300, Make=Make, Model=Model , Year=2008, SeatingCapacity=11, BodyType=Hatchback, VehicleValue=100009, RadiusOfOperation=50, BusinessUse=Retail, LossPayee1=Yes, LossPayee__Type=Leased, LossPayeeName=loss payee, VehicleNumber=Vehicle #1, DriverName=Driver1, DriverDOB=05/11/1989, Gender=Female, MaritalStatus=Married, LicenseNumber=12352, YearFirstLicensed=2016, YearsofExperience=23, Accident=Yes, NumberOfAccident=1, NumberOfTicket=0, AccidentType=Accident, AccDate=09/05/2016, AccPlace=Test City, ViolationDate=09/05/2016, AIName=AdditionalInsured, CarrierName=PC-Test, PolicyNo=CHIC-6528-02, PriorEffectiveDate=08/04/2015, PriorExpirationDate=08/04/2016, CoverageType=Liability, SHFirstName=Test, SHLastName=SH, Salutation=Sr, Title=Title , QuoteType=New Business, EditLiabilityPremium=No, TotalLiabilityPremium=, AttachementName=CHIC_10, RenewalPrefix=9953, RenewalSuffix=03}]]>
              </value>
            </param>
            <param index="2">
              <value>
                <![CDATA[{Si_no=10, Test_data_id=CHIC_10, Flag_for_execution=Completed, QuoteNumber=QCHIC-6060, PolicyNumber=CHIC-6872-01, LiabilityTotalPremium=$11,600.00, LiabilityTotalPremium_exp=null, LiabilityTotalPremium_status=null, TotalPremium=$11,600.00, TotalPremium_exp=null, TotalPremium_status=null, TotalDownPayment=$2,266.67, TotalDownPayment_exp=null, TotalDownPayment_status=null, TotalMonthlyPayment=$933.33, TotalMonthlyPayment_exp=null, TotalMonthlyPayment_status=null, AnalyserResult=null}]]>
              </value>
            </param>
          </params>
          <reporter-output>
          </reporter-output>
        </test-method> <!-- UITest -->
        <test-method status="PASS" signature="UITest(java.lang.Integer, java.lang.Object, java.lang.Object)[pri:0, instance:KeywordDrivenFramework.UIMainscript@4b9e13df]" name="UITest" duration-ms="4" started-at="2017-09-13T12:31:23Z" data-provider="UITestData" finished-at="2017-09-13T12:31:23Z">
          <params>
            <param index="0">
              <value>
                <![CDATA[11]]>
              </value>
            </param>
            <param index="1">
              <value>
                <![CDATA[{Si_no=11, Test_data_id=CHIC_11, Flag_for_execution=YCompleted, BusinessType=Ride, FirstName=Test, LastName=QA, PrimaryNumber=1234567906, EmailAddress=sabarinath_jv@solartis.net, TypeOfBusiness=Partnership, BusinessName=Ride PA, NumberOfYearsInBusiness=17, SSN_FEINChoice=SSN, SSN_FEIN_no=345235645, DescriptionOfOperation=Description of Operation , AddressLine1=6416 Carlisle Pike, AddressLine2=, City=Mechanicsburg, State=Pennsylvania, ZipCode=17050, MailingAddressChoice=, LiabilityLimitType=Combined Single Limit, PrimaryLiabilityLimit=$35,000, EffectiveDate=09/17/2017, NumberOfVehicles=3, VIN=12345678901233400, Make=Make, Model=Model , Year=2009, SeatingCapacity=12, BodyType=Hatchback, VehicleValue=100010, RadiusOfOperation=50, BusinessUse=Commercial, LossPayee1=Yes, LossPayee__Type=Financed, LossPayeeName=loss payee, VehicleNumber=Vehicle #1, DriverName=Driver1, DriverDOB=05/11/1989, Gender=Male, MaritalStatus=Married, LicenseNumber=12353, YearFirstLicensed=2016, YearsofExperience=23, Accident=Yes, NumberOfAccident=1, NumberOfTicket=0, AccidentType=Accident, AccDate=04/30/1995, AccPlace=Test City, ViolationDate=04/30/1995, AIName=AdditionalInsured, CarrierName=PC-Test, PolicyNo=CHIC-6528-01, PriorEffectiveDate=04/06/1996, PriorExpirationDate=04/06/1997, CoverageType=Physical Damage, SHFirstName=Test, SHLastName=SH, Salutation=Jr, Title=Title , QuoteType=New Business, EditLiabilityPremium=No, TotalLiabilityPremium=, AttachementName=CHIC_11, RenewalPrefix=9954, RenewalSuffix=03}]]>
              </value>
            </param>
            <param index="2">
              <value>
                <![CDATA[{Si_no=11, Test_data_id=CHIC_11, Flag_for_execution=Completed, QuoteNumber=QCHIC-6054, PolicyNumber=CHIC-6867-01, LiabilityTotalPremium=$6,000.00, LiabilityTotalPremium_exp=null, LiabilityTotalPremium_status=null, TotalPremium=$6,000.00, TotalPremium_exp=null, TotalPremium_status=null, TotalDownPayment=$1,500.00, TotalDownPayment_exp=null, TotalDownPayment_status=null, TotalMonthlyPayment=$450.00, TotalMonthlyPayment_exp=null, TotalMonthlyPayment_status=null, AnalyserResult=null}]]>
              </value>
            </param>
          </params>
          <reporter-output>
          </reporter-output>
        </test-method> <!-- UITest -->
        <test-method status="PASS" signature="UITest(java.lang.Integer, java.lang.Object, java.lang.Object)[pri:0, instance:KeywordDrivenFramework.UIMainscript@4b9e13df]" name="UITest" duration-ms="3" started-at="2017-09-13T12:31:23Z" data-provider="UITestData" finished-at="2017-09-13T12:31:23Z">
          <params>
            <param index="0">
              <value>
                <![CDATA[12]]>
              </value>
            </param>
            <param index="1">
              <value>
                <![CDATA[{Si_no=12, Test_data_id=CHIC_12, Flag_for_execution=YCompleted, BusinessType=Ride, FirstName=Test, LastName=QA, PrimaryNumber=1234567906, EmailAddress=sabarinath_jv@solartis.net, TypeOfBusiness=Partnership, BusinessName=Ride PA, NumberOfYearsInBusiness=17, SSN_FEINChoice=SSN, SSN_FEIN_no=345235645, DescriptionOfOperation=Description of Operation , AddressLine1=6416 Carlisle Pike, AddressLine2=, City=Mechanicsburg, State=Pennsylvania, ZipCode=17050, MailingAddressChoice=, LiabilityLimitType=Combined Single Limit, PrimaryLiabilityLimit=$50,000, EffectiveDate=10/17/2017, NumberOfVehicles=4, VIN=12345678901233400, Make=Make, Model=Model , Year=2010, SeatingCapacity=13, BodyType=Hatchback, VehicleValue=100011, RadiusOfOperation=50, BusinessUse=Service, LossPayee1=Yes, LossPayee__Type=Leased, LossPayeeName=loss payee, VehicleNumber=Vehicle #1, DriverName=Driver1, DriverDOB=05/11/1989, Gender=Female, MaritalStatus=Married, LicenseNumber=12354, YearFirstLicensed=2016, YearsofExperience=23, Accident=Yes, NumberOfAccident=1, NumberOfTicket=0, AccidentType=Accident, AccDate=06/05/1999, AccPlace=Test City, ViolationDate=06/05/1999, AIName=AdditionalInsured, CarrierName=PC-Test, PolicyNo=CHIC-6528-02, PriorEffectiveDate=08/04/2014, PriorExpirationDate=08/04/2015, CoverageType=Both, SHFirstName=Test, SHLastName=SH, Salutation=Sr, Title=Title , QuoteType=New Business, EditLiabilityPremium=Yes, TotalLiabilityPremium=15000, AttachementName=CHIC_12, RenewalPrefix=9955, RenewalSuffix=03}]]>
              </value>
            </param>
            <param index="2">
              <value>
                <![CDATA[{Si_no=12, Test_data_id=CHIC_12, Flag_for_execution=Completed, QuoteNumber=QCHIC-6055, PolicyNumber=CHIC-6868-01, LiabilityTotalPremium=$15,800.00, LiabilityTotalPremium_exp=null, LiabilityTotalPremium_status=null, TotalPremium=$15,800.00, TotalPremium_exp=null, TotalPremium_status=null, TotalDownPayment=$3,300.00, TotalDownPayment_exp=null, TotalDownPayment_status=null, TotalMonthlyPayment=$1,250.00, TotalMonthlyPayment_exp=null, TotalMonthlyPayment_status=null, AnalyserResult=null}]]>
              </value>
            </param>
          </params>
          <reporter-output>
          </reporter-output>
        </test-method> <!-- UITest -->
        <test-method status="PASS" signature="UITest(java.lang.Integer, java.lang.Object, java.lang.Object)[pri:0, instance:KeywordDrivenFramework.UIMainscript@4b9e13df]" name="UITest" duration-ms="6" started-at="2017-09-13T12:31:23Z" data-provider="UITestData" finished-at="2017-09-13T12:31:23Z">
          <params>
            <param index="0">
              <value>
                <![CDATA[13]]>
              </value>
            </param>
            <param index="1">
              <value>
                <![CDATA[{Si_no=13, Test_data_id=CHIC_13, Flag_for_execution=YCompleted, BusinessType=Ride, FirstName=Test, LastName=QA, PrimaryNumber=1234567906, EmailAddress=sabarinath_jv@solartis.net, TypeOfBusiness=Partnership, BusinessName=Ride PA, NumberOfYearsInBusiness=17, SSN_FEINChoice=SSN, SSN_FEIN_no=345235645, DescriptionOfOperation=Description of Operation , AddressLine1=6416 Carlisle Pike, AddressLine2=, City=Mechanicsburg, State=Pennsylvania, ZipCode=17050, MailingAddressChoice=, LiabilityLimitType=Combined Single Limit, PrimaryLiabilityLimit=$100,000, EffectiveDate=09/07/2017, NumberOfVehicles=5, VIN=12345678901233400, Make=Make, Model=Model , Year=2011, SeatingCapacity=14, BodyType=Hatchback, VehicleValue=100012, RadiusOfOperation=50, BusinessUse=Retail, LossPayee1=Yes, LossPayee__Type=Financed, LossPayeeName=loss payee, VehicleNumber=Vehicle #1, DriverName=Driver1, DriverDOB=05/11/1989, Gender=Male, MaritalStatus=Married, LicenseNumber=12355, YearFirstLicensed=2016, YearsofExperience=23, Accident=Yes, NumberOfAccident=1, NumberOfTicket=0, AccidentType=Accident, AccDate=02/08/2010, AccPlace=Test City, ViolationDate=02/08/2010, AIName=AdditionalInsured, CarrierName=PC-Test, PolicyNo=CHIC-6528-01, PriorEffectiveDate=09/04/2015, PriorExpirationDate=09/04/2016, CoverageType=Liability, SHFirstName=Test, SHLastName=SH, Salutation=Jr, Title=Title , QuoteType=New Business, EditLiabilityPremium=No, TotalLiabilityPremium=, AttachementName=CHIC_13, RenewalPrefix=9956, RenewalSuffix=03}]]>
              </value>
            </param>
            <param index="2">
              <value>
                <![CDATA[{Si_no=13, Test_data_id=CHIC_13, Flag_for_execution=Completed, QuoteNumber=QCHIC-6058, PolicyNumber=CHIC-6870-01, LiabilityTotalPremium=$12,000.00, LiabilityTotalPremium_exp=null, LiabilityTotalPremium_status=null, TotalPremium=$12,000.00, TotalPremium_exp=null, TotalPremium_status=null, TotalDownPayment=$2,833.33, TotalDownPayment_exp=null, TotalDownPayment_status=null, TotalMonthlyPayment=$916.67, TotalMonthlyPayment_exp=null, TotalMonthlyPayment_status=null, AnalyserResult=null}]]>
              </value>
            </param>
          </params>
          <reporter-output>
          </reporter-output>
        </test-method> <!-- UITest -->
        <test-method status="PASS" signature="UITest(java.lang.Integer, java.lang.Object, java.lang.Object)[pri:0, instance:KeywordDrivenFramework.UIMainscript@4b9e13df]" name="UITest" duration-ms="4" started-at="2017-09-13T12:31:23Z" data-provider="UITestData" finished-at="2017-09-13T12:31:23Z">
          <params>
            <param index="0">
              <value>
                <![CDATA[14]]>
              </value>
            </param>
            <param index="1">
              <value>
                <![CDATA[{Si_no=14, Test_data_id=CHIC_14, Flag_for_execution=YCompleted, BusinessType=Ride, FirstName=Test, LastName=QA, PrimaryNumber=1234567906, EmailAddress=sabarinath_jv@solartis.net, TypeOfBusiness=Partnership, BusinessName=Ride PA, NumberOfYearsInBusiness=17, SSN_FEINChoice=SSN, SSN_FEIN_no=345235645, DescriptionOfOperation=Description of Operation , AddressLine1=6416 Carlisle Pike, AddressLine2=, City=Mechanicsburg, State=Pennsylvania, ZipCode=17050, MailingAddressChoice=, LiabilityLimitType=Combined Single Limit, PrimaryLiabilityLimit=$150,000, EffectiveDate=09/07/2017, NumberOfVehicles=6, VIN=12345678901233400, Make=Make, Model=Model , Year=2012, SeatingCapacity=15, BodyType=Hatchback, VehicleValue=100013, RadiusOfOperation=50, BusinessUse=Commercial, LossPayee1=Yes, LossPayee__Type=Leased, LossPayeeName=loss payee, VehicleNumber=Vehicle #1, DriverName=Driver1, DriverDOB=05/11/1989, Gender=Female, MaritalStatus=Married, LicenseNumber=12356, YearFirstLicensed=2016, YearsofExperience=23, Accident=Yes, NumberOfAccident=1, NumberOfTicket=0, AccidentType=Accident, AccDate=02/01/2015, AccPlace=Test City, ViolationDate=02/01/2015, AIName=AdditionalInsured, CarrierName=PC-Test, PolicyNo=CHIC-6528-02, PriorEffectiveDate=05/06/1996, PriorExpirationDate=05/06/1997, CoverageType=Physical Damage, SHFirstName=Test, SHLastName=SH, Salutation=Sr, Title=Title , QuoteType=New Business, EditLiabilityPremium=No, TotalLiabilityPremium=, AttachementName=CHIC_14, RenewalPrefix=9957, RenewalSuffix=03}]]>
              </value>
            </param>
            <param index="2">
              <value>
                <![CDATA[{Si_no=14, Test_data_id=CHIC_14, Flag_for_execution=null, QuoteNumber=null, PolicyNumber=null, LiabilityTotalPremium=null, LiabilityTotalPremium_exp=null, LiabilityTotalPremium_status=null, TotalPremium=null, TotalPremium_exp=null, TotalPremium_status=null, TotalDownPayment=null, TotalDownPayment_exp=null, TotalDownPayment_status=null, TotalMonthlyPayment=null, TotalMonthlyPayment_exp=null, TotalMonthlyPayment_status=null, AnalyserResult=null}]]>
              </value>
            </param>
          </params>
          <reporter-output>
          </reporter-output>
        </test-method> <!-- UITest -->
        <test-method status="PASS" signature="UITest(java.lang.Integer, java.lang.Object, java.lang.Object)[pri:0, instance:KeywordDrivenFramework.UIMainscript@4b9e13df]" name="UITest" duration-ms="4" started-at="2017-09-13T12:31:23Z" data-provider="UITestData" finished-at="2017-09-13T12:31:23Z">
          <params>
            <param index="0">
              <value>
                <![CDATA[15]]>
              </value>
            </param>
            <param index="1">
              <value>
                <![CDATA[{Si_no=15, Test_data_id=CHIC_15, Flag_for_execution=YCompleted, BusinessType=Ride, FirstName=Test, LastName=QA, PrimaryNumber=1234567906, EmailAddress=sabarinath_jv@solartis.net, TypeOfBusiness=Partnership, BusinessName=Ride PA, NumberOfYearsInBusiness=17, SSN_FEINChoice=SSN, SSN_FEIN_no=345235645, DescriptionOfOperation=Description of Operation , AddressLine1=6416 Carlisle Pike, AddressLine2=, City=Mechanicsburg, State=Pennsylvania, ZipCode=17050, MailingAddressChoice=, LiabilityLimitType=Combined Single Limit, PrimaryLiabilityLimit=$300,000, EffectiveDate=09/07/2017, NumberOfVehicles=7, VIN=12345678901233400, Make=Make, Model=Model , Year=2013, SeatingCapacity=16, BodyType=Hatchback, VehicleValue=100014, RadiusOfOperation=50, BusinessUse=Service, LossPayee1=Yes, LossPayee__Type=Financed, LossPayeeName=loss payee, VehicleNumber=Vehicle #1, DriverName=Driver1, DriverDOB=05/11/1989, Gender=Male, MaritalStatus=Married, LicenseNumber=12345, YearFirstLicensed=2016, YearsofExperience=23, Accident=Yes, NumberOfAccident=1, NumberOfTicket=0, AccidentType=Accident, AccDate=10/05/2016, AccPlace=Test City, ViolationDate=10/05/2016, AIName=AdditionalInsured, CarrierName=PC-Test, PolicyNo=CHIC-6528-01, PriorEffectiveDate=09/04/2014, PriorExpirationDate=09/04/2015, CoverageType=Both, SHFirstName=Test, SHLastName=SH, Salutation=Jr, Title=Title , QuoteType=Renewal, EditLiabilityPremium=Yes, TotalLiabilityPremium=25500, AttachementName=CHIC_15, RenewalPrefix=9958, RenewalSuffix=03}]]>
              </value>
            </param>
            <param index="2">
              <value>
                <![CDATA[{Si_no=15, Test_data_id=CHIC_15, Flag_for_execution=null, QuoteNumber=null, PolicyNumber=null, LiabilityTotalPremium=null, LiabilityTotalPremium_exp=null, LiabilityTotalPremium_status=null, TotalPremium=null, TotalPremium_exp=null, TotalPremium_status=null, TotalDownPayment=null, TotalDownPayment_exp=null, TotalDownPayment_status=null, TotalMonthlyPayment=null, TotalMonthlyPayment_exp=null, TotalMonthlyPayment_status=null, AnalyserResult=null}]]>
              </value>
            </param>
          </params>
          <reporter-output>
          </reporter-output>
        </test-method> <!-- UITest -->
        <test-method status="PASS" signature="UITest(java.lang.Integer, java.lang.Object, java.lang.Object)[pri:0, instance:KeywordDrivenFramework.UIMainscript@4b9e13df]" name="UITest" duration-ms="4" started-at="2017-09-13T12:31:23Z" data-provider="UITestData" finished-at="2017-09-13T12:31:23Z">
          <params>
            <param index="0">
              <value>
                <![CDATA[16]]>
              </value>
            </param>
            <param index="1">
              <value>
                <![CDATA[{Si_no=16, Test_data_id=CHIC_16, Flag_for_execution=YCompleted, BusinessType=Ride, FirstName=Test, LastName=QA, PrimaryNumber=1234567906, EmailAddress=sabarinath_jv@solartis.net, TypeOfBusiness=Partnership, BusinessName=Ride PA, NumberOfYearsInBusiness=17, SSN_FEINChoice=SSN, SSN_FEIN_no=345235645, DescriptionOfOperation=Description of Operation , AddressLine1=6416 Carlisle Pike, AddressLine2=, City=Mechanicsburg, State=Pennsylvania, ZipCode=17050, MailingAddressChoice=, LiabilityLimitType=Split Limit, PrimaryLiabilityLimit=$15,000 / $30,000 / $5,000, EffectiveDate=09/10/2017, NumberOfVehicles=8, VIN=12345678901233400, Make=Make, Model=Model , Year=2014, SeatingCapacity=17, BodyType=Hatchback, VehicleValue=100015, RadiusOfOperation=50, BusinessUse=Retail, LossPayee1=Yes, LossPayee__Type=Leased, LossPayeeName=loss payee, VehicleNumber=Vehicle #1, DriverName=Driver1, DriverDOB=05/11/1989, Gender=Female, MaritalStatus=Married, LicenseNumber=12345, YearFirstLicensed=2016, YearsofExperience=23, Accident=Yes, NumberOfAccident=1, NumberOfTicket=0, AccidentType=Accident, AccDate=05/30/1995, AccPlace=Test City, ViolationDate=05/30/1995, AIName=AdditionalInsured, CarrierName=PC-Test, PolicyNo=CHIC-6528-02, PriorEffectiveDate=10/04/2015, PriorExpirationDate=10/04/2016, CoverageType=Liability, SHFirstName=Test, SHLastName=SH, Salutation=Sr, Title=Title , QuoteType=New Business, EditLiabilityPremium=No, TotalLiabilityPremium=, AttachementName=CHIC_16, RenewalPrefix=9959, RenewalSuffix=03}]]>
              </value>
            </param>
            <param index="2">
              <value>
                <![CDATA[{Si_no=16, Test_data_id=CHIC_16, Flag_for_execution=null, QuoteNumber=null, PolicyNumber=null, LiabilityTotalPremium=null, LiabilityTotalPremium_exp=null, LiabilityTotalPremium_status=null, TotalPremium=null, TotalPremium_exp=null, TotalPremium_status=null, TotalDownPayment=null, TotalDownPayment_exp=null, TotalDownPayment_status=null, TotalMonthlyPayment=null, TotalMonthlyPayment_exp=null, TotalMonthlyPayment_status=null, AnalyserResult=null}]]>
              </value>
            </param>
          </params>
          <reporter-output>
          </reporter-output>
        </test-method> <!-- UITest -->
        <test-method status="PASS" signature="UITest(java.lang.Integer, java.lang.Object, java.lang.Object)[pri:0, instance:KeywordDrivenFramework.UIMainscript@4b9e13df]" name="UITest" duration-ms="8" started-at="2017-09-13T12:31:23Z" data-provider="UITestData" finished-at="2017-09-13T12:31:23Z">
          <params>
            <param index="0">
              <value>
                <![CDATA[17]]>
              </value>
            </param>
            <param index="1">
              <value>
                <![CDATA[{Si_no=17, Test_data_id=CHIC_17, Flag_for_execution=YCompleted, BusinessType=Ride, FirstName=Test, LastName=QA, PrimaryNumber=1234567906, EmailAddress=sabarinath_jv@solartis.net, TypeOfBusiness=Partnership, BusinessName=Ride PA, NumberOfYearsInBusiness=17, SSN_FEINChoice=SSN, SSN_FEIN_no=345235645, DescriptionOfOperation=Description of Operation , AddressLine1=6416 Carlisle Pike, AddressLine2=, City=Mechanicsburg, State=Pennsylvania, ZipCode=17050, MailingAddressChoice=, LiabilityLimitType=Split Limit, PrimaryLiabilityLimit=$25,000 / $50,000 / $10,000, EffectiveDate=10/10/2017, NumberOfVehicles=1, VIN=12345678901233400, Make=Make, Model=Model , Year=2015, SeatingCapacity=18, BodyType=Hatchback, VehicleValue=100016, RadiusOfOperation=50, BusinessUse=Commercial, LossPayee1=Yes, LossPayee__Type=Financed, LossPayeeName=loss payee, VehicleNumber=Vehicle #1, DriverName=Driver1, DriverDOB=05/11/1989, Gender=Male, MaritalStatus=Married, LicenseNumber=12345, YearFirstLicensed=2016, YearsofExperience=23, Accident=Yes, NumberOfAccident=1, NumberOfTicket=0, AccidentType=Accident, AccDate=01/01/2015, AccPlace=Test City, ViolationDate=01/01/2015, AIName=AdditionalInsured, CarrierName=PC-Test, PolicyNo=CHIC-6528-01, PriorEffectiveDate=05/04/2015, PriorExpirationDate=05/04/2016, CoverageType=Physical Damage, SHFirstName=Test, SHLastName=SH, Salutation=Jr, Title=Title , QuoteType=New Business, EditLiabilityPremium=No, TotalLiabilityPremium=, AttachementName=CHIC_17, RenewalPrefix=9960, RenewalSuffix=03}]]>
              </value>
            </param>
            <param index="2">
              <value>
                <![CDATA[{Si_no=17, Test_data_id=CHIC_17, Flag_for_execution=null, QuoteNumber=null, PolicyNumber=null, LiabilityTotalPremium=null, LiabilityTotalPremium_exp=null, LiabilityTotalPremium_status=null, TotalPremium=null, TotalPremium_exp=null, TotalPremium_status=null, TotalDownPayment=null, TotalDownPayment_exp=null, TotalDownPayment_status=null, TotalMonthlyPayment=null, TotalMonthlyPayment_exp=null, TotalMonthlyPayment_status=null, AnalyserResult=null}]]>
              </value>
            </param>
          </params>
          <reporter-output>
          </reporter-output>
        </test-method> <!-- UITest -->
        <test-method status="PASS" signature="UITest(java.lang.Integer, java.lang.Object, java.lang.Object)[pri:0, instance:KeywordDrivenFramework.UIMainscript@4b9e13df]" name="UITest" duration-ms="3" started-at="2017-09-13T12:31:23Z" data-provider="UITestData" finished-at="2017-09-13T12:31:23Z">
          <params>
            <param index="0">
              <value>
                <![CDATA[18]]>
              </value>
            </param>
            <param index="1">
              <value>
                <![CDATA[{Si_no=18, Test_data_id=CHIC_18, Flag_for_execution=YCompleted, BusinessType=Ride, FirstName=Test, LastName=QA, PrimaryNumber=1234567906, EmailAddress=sabarinath_jv@solartis.net, TypeOfBusiness=Partnership, BusinessName=Ride PA, NumberOfYearsInBusiness=17, SSN_FEINChoice=SSN, SSN_FEIN_no=345235645, DescriptionOfOperation=Description of Operation , AddressLine1=6416 Carlisle Pike, AddressLine2=, City=Mechanicsburg, State=Pennsylvania, ZipCode=17050, MailingAddressChoice=, LiabilityLimitType=Split Limit, PrimaryLiabilityLimit=$50,000 / $100,000 / $25,000, EffectiveDate=11/05/2017, NumberOfVehicles=2, VIN=12345678901233400, Make=Make, Model=Model , Year=2016, SeatingCapacity=19, BodyType=Hatchback, VehicleValue=100017, RadiusOfOperation=50, BusinessUse=Service, LossPayee1=Yes, LossPayee__Type=Leased, LossPayeeName=loss payee, VehicleNumber=Vehicle #1, DriverName=Driver1, DriverDOB=05/11/1989, Gender=Female, MaritalStatus=Married, LicenseNumber=12346, YearFirstLicensed=2016, YearsofExperience=23, Accident=Yes, NumberOfAccident=1, NumberOfTicket=0, AccidentType=Accident, AccDate=09/05/2016, AccPlace=Test City, ViolationDate=09/05/2016, AIName=AdditionalInsured, CarrierName=PC-Test, PolicyNo=CHIC-6528-02, PriorEffectiveDate=01/06/1996, PriorExpirationDate=01/06/1997, CoverageType=Liability, SHFirstName=Test, SHLastName=SH, Salutation=Sr, Title=Title , QuoteType=New Business, EditLiabilityPremium=Yes, TotalLiabilityPremium=10000, AttachementName=CHIC_18, RenewalPrefix=9961, RenewalSuffix=03}]]>
              </value>
            </param>
            <param index="2">
              <value>
                <![CDATA[{Si_no=18, Test_data_id=CHIC_18, Flag_for_execution=null, QuoteNumber=null, PolicyNumber=null, LiabilityTotalPremium=null, LiabilityTotalPremium_exp=null, LiabilityTotalPremium_status=null, TotalPremium=null, TotalPremium_exp=null, TotalPremium_status=null, TotalDownPayment=null, TotalDownPayment_exp=null, TotalDownPayment_status=null, TotalMonthlyPayment=null, TotalMonthlyPayment_exp=null, TotalMonthlyPayment_status=null, AnalyserResult=null}]]>
              </value>
            </param>
          </params>
          <reporter-output>
          </reporter-output>
        </test-method> <!-- UITest -->
        <test-method status="PASS" signature="UITest(java.lang.Integer, java.lang.Object, java.lang.Object)[pri:0, instance:KeywordDrivenFramework.UIMainscript@4b9e13df]" name="UITest" duration-ms="5" started-at="2017-09-13T12:31:23Z" data-provider="UITestData" finished-at="2017-09-13T12:31:23Z">
          <params>
            <param index="0">
              <value>
                <![CDATA[19]]>
              </value>
            </param>
            <param index="1">
              <value>
                <![CDATA[{Si_no=19, Test_data_id=CHIC_19, Flag_for_execution=YCompleted, BusinessType=Ride, FirstName=Test, LastName=QA, PrimaryNumber=1234567906, EmailAddress=sabarinath_jv@solartis.net, TypeOfBusiness=Partnership, BusinessName=Ride PA, NumberOfYearsInBusiness=17, SSN_FEINChoice=SSN, SSN_FEIN_no=345235645, DescriptionOfOperation=Description of Operation , AddressLine1=6416 Carlisle Pike, AddressLine2=, City=Mechanicsburg, State=Pennsylvania, ZipCode=17050, MailingAddressChoice=, LiabilityLimitType=Split Limit, PrimaryLiabilityLimit=$125,000 / $250,000 / $50,000, EffectiveDate=12/01/2017, NumberOfVehicles=3, VIN=12345678901233400, Make=Make, Model=Model , Year=2017, SeatingCapacity=20, BodyType=Hatchback, VehicleValue=100018, RadiusOfOperation=50, BusinessUse=Retail, LossPayee1=Yes, LossPayee__Type=Financed, LossPayeeName=loss payee, VehicleNumber=Vehicle #1, DriverName=Driver1, DriverDOB=05/11/1989, Gender=Male, MaritalStatus=Married, LicenseNumber=12347, YearFirstLicensed=2016, YearsofExperience=23, Accident=Yes, NumberOfAccident=1, NumberOfTicket=0, AccidentType=Accident, AccDate=04/30/1995, AccPlace=Test City, ViolationDate=04/30/1995, AIName=AdditionalInsured, CarrierName=PC-Test, PolicyNo=CHIC-6528-01, PriorEffectiveDate=05/04/2014, PriorExpirationDate=05/04/2015, CoverageType=Physical Damage, SHFirstName=Test, SHLastName=SH, Salutation=Jr, Title=Title , QuoteType=New Business, EditLiabilityPremium=Yes, TotalLiabilityPremium=12000, AttachementName=CHIC_19, RenewalPrefix=9962, RenewalSuffix=03}]]>
              </value>
            </param>
            <param index="2">
              <value>
                <![CDATA[{Si_no=19, Test_data_id=CHIC_19, Flag_for_execution=null, QuoteNumber=null, PolicyNumber=null, LiabilityTotalPremium=null, LiabilityTotalPremium_exp=null, LiabilityTotalPremium_status=null, TotalPremium=null, TotalPremium_exp=null, TotalPremium_status=null, TotalDownPayment=null, TotalDownPayment_exp=null, TotalDownPayment_status=null, TotalMonthlyPayment=null, TotalMonthlyPayment_exp=null, TotalMonthlyPayment_status=null, AnalyserResult=null}]]>
              </value>
            </param>
          </params>
          <reporter-output>
          </reporter-output>
        </test-method> <!-- UITest -->
        <test-method status="PASS" signature="UITest(java.lang.Integer, java.lang.Object, java.lang.Object)[pri:0, instance:KeywordDrivenFramework.UIMainscript@4b9e13df]" name="UITest" duration-ms="4" started-at="2017-09-13T12:31:23Z" data-provider="UITestData" finished-at="2017-09-13T12:31:23Z">
          <params>
            <param index="0">
              <value>
                <![CDATA[20]]>
              </value>
            </param>
            <param index="1">
              <value>
                <![CDATA[{Si_no=20, Test_data_id=CHIC_20, Flag_for_execution=YCompleted, BusinessType=Ride, FirstName=Test, LastName=QA, PrimaryNumber=1234567906, EmailAddress=sabarinath_jv@solartis.net, TypeOfBusiness=Partnership, BusinessName=Ride PA, NumberOfYearsInBusiness=17, SSN_FEINChoice=SSN, SSN_FEIN_no=345235645, DescriptionOfOperation=Description of Operation , AddressLine1=6416 Carlisle Pike, AddressLine2=, City=Mechanicsburg, State=Pennsylvania, ZipCode=17050, MailingAddressChoice=, LiabilityLimitType=Split Limit, PrimaryLiabilityLimit=$100,000 / $300,000 / $50,000, EffectiveDate=09/30/2017, NumberOfVehicles=4, VIN=12345678901233400, Make=Make, Model=Model , Year=1995, SeatingCapacity=21, BodyType=Hatchback, VehicleValue=100019, RadiusOfOperation=50, BusinessUse=Commercial, LossPayee1=Yes, LossPayee__Type=Leased, LossPayeeName=loss payee, VehicleNumber=Vehicle #1, DriverName=Driver1, DriverDOB=05/11/1989, Gender=Female, MaritalStatus=Married, LicenseNumber=12348, YearFirstLicensed=2016, YearsofExperience=23, Accident=Yes, NumberOfAccident=1, NumberOfTicket=0, AccidentType=Accident, AccDate=06/05/1999, AccPlace=Test City, ViolationDate=06/05/1999, AIName=AdditionalInsured, CarrierName=PC-Test, PolicyNo=CHIC-6528-02, PriorEffectiveDate=06/04/2015, PriorExpirationDate=06/04/2016, CoverageType=Both, SHFirstName=Test, SHLastName=SH, Salutation=Sr, Title=Title , QuoteType=New Business, EditLiabilityPremium=No, TotalLiabilityPremium=, AttachementName=CHIC_20, RenewalPrefix=9963, RenewalSuffix=03}]]>
              </value>
            </param>
            <param index="2">
              <value>
                <![CDATA[{Si_no=20, Test_data_id=CHIC_20, Flag_for_execution=null, QuoteNumber=null, PolicyNumber=null, LiabilityTotalPremium=null, LiabilityTotalPremium_exp=null, LiabilityTotalPremium_status=null, TotalPremium=null, TotalPremium_exp=null, TotalPremium_status=null, TotalDownPayment=null, TotalDownPayment_exp=null, TotalDownPayment_status=null, TotalMonthlyPayment=null, TotalMonthlyPayment_exp=null, TotalMonthlyPayment_status=null, AnalyserResult=null}]]>
              </value>
            </param>
          </params>
          <reporter-output>
          </reporter-output>
        </test-method> <!-- UITest -->
        <test-method status="PASS" signature="UITest(java.lang.Integer, java.lang.Object, java.lang.Object)[pri:0, instance:KeywordDrivenFramework.UIMainscript@4b9e13df]" name="UITest" duration-ms="4" started-at="2017-09-13T12:31:23Z" data-provider="UITestData" finished-at="2017-09-13T12:31:23Z">
          <params>
            <param index="0">
              <value>
                <![CDATA[21]]>
              </value>
            </param>
            <param index="1">
              <value>
                <![CDATA[{Si_no=21, Test_data_id=CHIC_21, Flag_for_execution=YCompleted, BusinessType=Limo, FirstName=Test, LastName=QA, PrimaryNumber=1234567898, EmailAddress=kavitha_b@solartis.net, TypeOfBusiness=Individual, BusinessName=Limo PA, NumberOfYearsInBusiness=9, SSN_FEINChoice=SSN, SSN_FEIN_no=345235645, DescriptionOfOperation=Description of Operation , AddressLine1=6416 Carlisle Pike, AddressLine2=, City=Mechanicsburg, State=Pennsylvania, ZipCode=17050, MailingAddressChoice=, LiabilityLimitType=Split Limit, PrimaryLiabilityLimit=$15,000 / $30,000 / $5,000, EffectiveDate=09/25/2017, NumberOfVehicles=5, VIN=12345678901233400, Make=Make, Model=Model , Year=1996, SeatingCapacity=22, BodyType=Hatchback, VehicleValue=100020, RadiusOfOperation=50, BusinessUse=Service, LossPayee1=Yes, LossPayee__Type=Financed, LossPayeeName=loss payee, VehicleNumber=Vehicle #1, DriverName=Driver1, DriverDOB=05/11/1989, Gender=Male, MaritalStatus=Married, LicenseNumber=12349, YearFirstLicensed=2016, YearsofExperience=23, Accident=Yes, NumberOfAccident=1, NumberOfTicket=0, AccidentType=Accident, AccDate=02/08/2010, AccPlace=Test City, ViolationDate=02/08/2010, AIName=AdditionalInsured, CarrierName=PC-Test, PolicyNo=CHIC-6528-01, PriorEffectiveDate=02/06/1996, PriorExpirationDate=02/06/1997, CoverageType=Liability, SHFirstName=Test, SHLastName=SH, Salutation=Jr, Title=Title , QuoteType=New Business, EditLiabilityPremium=Yes, TotalLiabilityPremium=19500, AttachementName=CHIC_21, RenewalPrefix=9964, RenewalSuffix=03}]]>
              </value>
            </param>
            <param index="2">
              <value>
                <![CDATA[{Si_no=21, Test_data_id=CHIC_21, Flag_for_execution=null, QuoteNumber=null, PolicyNumber=null, LiabilityTotalPremium=null, LiabilityTotalPremium_exp=null, LiabilityTotalPremium_status=null, TotalPremium=null, TotalPremium_exp=null, TotalPremium_status=null, TotalDownPayment=null, TotalDownPayment_exp=null, TotalDownPayment_status=null, TotalMonthlyPayment=null, TotalMonthlyPayment_exp=null, TotalMonthlyPayment_status=null, AnalyserResult=null}]]>
              </value>
            </param>
          </params>
          <reporter-output>
          </reporter-output>
        </test-method> <!-- UITest -->
        <test-method status="PASS" signature="UITest(java.lang.Integer, java.lang.Object, java.lang.Object)[pri:0, instance:KeywordDrivenFramework.UIMainscript@4b9e13df]" name="UITest" duration-ms="4" started-at="2017-09-13T12:31:23Z" data-provider="UITestData" finished-at="2017-09-13T12:31:23Z">
          <params>
            <param index="0">
              <value>
                <![CDATA[22]]>
              </value>
            </param>
            <param index="1">
              <value>
                <![CDATA[{Si_no=22, Test_data_id=CHIC_22, Flag_for_execution=YCompleted, BusinessType=Limo, FirstName=Test, LastName=QA, PrimaryNumber=1234567898, EmailAddress=kavitha_b@solartis.net, TypeOfBusiness=Individual, BusinessName=Limo PA, NumberOfYearsInBusiness=9, SSN_FEINChoice=SSN, SSN_FEIN_no=345235645, DescriptionOfOperation=Description of Operation , AddressLine1=6416 Carlisle Pike, AddressLine2=, City=Mechanicsburg, State=Pennsylvania, ZipCode=17050, MailingAddressChoice=, LiabilityLimitType=Split Limit, PrimaryLiabilityLimit=$25,000 / $50,000 / $10,000, EffectiveDate=09/15/2017, NumberOfVehicles=6, VIN=12345678901233400, Make=Make, Model=Model , Year=1997, SeatingCapacity=23, BodyType=Hatchback, VehicleValue=100021, RadiusOfOperation=50, BusinessUse=Retail, LossPayee1=Yes, LossPayee__Type=Leased, LossPayeeName=loss payee, VehicleNumber=Vehicle #1, DriverName=Driver1, DriverDOB=05/11/1989, Gender=Female, MaritalStatus=Married, LicenseNumber=12350, YearFirstLicensed=2016, YearsofExperience=23, Accident=Yes, NumberOfAccident=1, NumberOfTicket=0, AccidentType=Accident, AccDate=02/01/2015, AccPlace=Test City, ViolationDate=02/01/2015, AIName=AdditionalInsured, CarrierName=PC-Test, PolicyNo=CHIC-6528-02, PriorEffectiveDate=06/04/2014, PriorExpirationDate=06/04/2015, CoverageType=Physical Damage, SHFirstName=Test, SHLastName=SH, Salutation=Sr, Title=Title , QuoteType=New Business, EditLiabilityPremium=No, TotalLiabilityPremium=, AttachementName=CHIC_22, RenewalPrefix=9965, RenewalSuffix=03}]]>
              </value>
            </param>
            <param index="2">
              <value>
                <![CDATA[{Si_no=22, Test_data_id=CHIC_22, Flag_for_execution=null, QuoteNumber=null, PolicyNumber=null, LiabilityTotalPremium=null, LiabilityTotalPremium_exp=null, LiabilityTotalPremium_status=null, TotalPremium=null, TotalPremium_exp=null, TotalPremium_status=null, TotalDownPayment=null, TotalDownPayment_exp=null, TotalDownPayment_status=null, TotalMonthlyPayment=null, TotalMonthlyPayment_exp=null, TotalMonthlyPayment_status=null, AnalyserResult=null}]]>
              </value>
            </param>
          </params>
          <reporter-output>
          </reporter-output>
        </test-method> <!-- UITest -->
        <test-method status="PASS" signature="UITest(java.lang.Integer, java.lang.Object, java.lang.Object)[pri:0, instance:KeywordDrivenFramework.UIMainscript@4b9e13df]" name="UITest" duration-ms="6" started-at="2017-09-13T12:31:23Z" data-provider="UITestData" finished-at="2017-09-13T12:31:23Z">
          <params>
            <param index="0">
              <value>
                <![CDATA[23]]>
              </value>
            </param>
            <param index="1">
              <value>
                <![CDATA[{Si_no=23, Test_data_id=CHIC_23, Flag_for_execution=YCompleted, BusinessType=Limo, FirstName=Test, LastName=QA, PrimaryNumber=1234567898, EmailAddress=kavitha_b@solartis.net, TypeOfBusiness=Individual, BusinessName=Limo PA, NumberOfYearsInBusiness=9, SSN_FEINChoice=SSN, SSN_FEIN_no=345235645, DescriptionOfOperation=Description of Operation , AddressLine1=6416 Carlisle Pike, AddressLine2=, City=Mechanicsburg, State=Pennsylvania, ZipCode=17050, MailingAddressChoice=, LiabilityLimitType=Split Limit, PrimaryLiabilityLimit=$50,000 / $100,000 / $25,000, EffectiveDate=09/17/2017, NumberOfVehicles=7, VIN=12345678901233400, Make=Make, Model=Model , Year=1998, SeatingCapacity=24, BodyType=Hatchback, VehicleValue=100022, RadiusOfOperation=50, BusinessUse=Commercial, LossPayee1=Yes, LossPayee__Type=Financed, LossPayeeName=loss payee, VehicleNumber=Vehicle #1, DriverName=Driver1, DriverDOB=05/11/1989, Gender=Male, MaritalStatus=Married, LicenseNumber=12351, YearFirstLicensed=2016, YearsofExperience=23, Accident=Yes, NumberOfAccident=1, NumberOfTicket=0, AccidentType=Accident, AccDate=10/05/2016, AccPlace=Test City, ViolationDate=10/05/2016, AIName=AdditionalInsured, CarrierName=PC-Test, PolicyNo=CHIC-6528-01, PriorEffectiveDate=07/04/2015, PriorExpirationDate=07/04/2016, CoverageType=Both, SHFirstName=Test, SHLastName=SH, Salutation=Jr, Title=Title , QuoteType=New Business, EditLiabilityPremium=No, TotalLiabilityPremium=, AttachementName=CHIC_23, RenewalPrefix=9966, RenewalSuffix=03}]]>
              </value>
            </param>
            <param index="2">
              <value>
                <![CDATA[{Si_no=23, Test_data_id=CHIC_23, Flag_for_execution=null, QuoteNumber=null, PolicyNumber=null, LiabilityTotalPremium=null, LiabilityTotalPremium_exp=null, LiabilityTotalPremium_status=null, TotalPremium=null, TotalPremium_exp=null, TotalPremium_status=null, TotalDownPayment=null, TotalDownPayment_exp=null, TotalDownPayment_status=null, TotalMonthlyPayment=null, TotalMonthlyPayment_exp=null, TotalMonthlyPayment_status=null, AnalyserResult=null}]]>
              </value>
            </param>
          </params>
          <reporter-output>
          </reporter-output>
        </test-method> <!-- UITest -->
        <test-method status="PASS" signature="UITest(java.lang.Integer, java.lang.Object, java.lang.Object)[pri:0, instance:KeywordDrivenFramework.UIMainscript@4b9e13df]" name="UITest" duration-ms="5" started-at="2017-09-13T12:31:23Z" data-provider="UITestData" finished-at="2017-09-13T12:31:23Z">
          <params>
            <param index="0">
              <value>
                <![CDATA[24]]>
              </value>
            </param>
            <param index="1">
              <value>
                <![CDATA[{Si_no=24, Test_data_id=CHIC_24, Flag_for_execution=YCompleted, BusinessType=Limo, FirstName=Test, LastName=QA, PrimaryNumber=1234567898, EmailAddress=kavitha_b@solartis.net, TypeOfBusiness=Individual, BusinessName=Limo PA, NumberOfYearsInBusiness=9, SSN_FEINChoice=SSN, SSN_FEIN_no=345235645, DescriptionOfOperation=Description of Operation , AddressLine1=6416 Carlisle Pike, AddressLine2=, City=Mechanicsburg, State=Pennsylvania, ZipCode=17050, MailingAddressChoice=, LiabilityLimitType=Split Limit, PrimaryLiabilityLimit=$125,000 / $250,000 / $50,000, EffectiveDate=10/17/2017, NumberOfVehicles=8, VIN=12345678901233400, Make=Make, Model=Model , Year=1999, SeatingCapacity=25, BodyType=Hatchback, VehicleValue=100023, RadiusOfOperation=50, BusinessUse=Service, LossPayee1=Yes, LossPayee__Type=Leased, LossPayeeName=loss payee, VehicleNumber=Vehicle #1, DriverName=Driver1, DriverDOB=05/11/1989, Gender=Female, MaritalStatus=Married, LicenseNumber=12352, YearFirstLicensed=2016, YearsofExperience=23, Accident=Yes, NumberOfAccident=1, NumberOfTicket=0, AccidentType=Accident, AccDate=05/30/1995, AccPlace=Test City, ViolationDate=05/30/1995, AIName=AdditionalInsured, CarrierName=PC-Test, PolicyNo=CHIC-6528-02, PriorEffectiveDate=03/06/1996, PriorExpirationDate=03/06/1997, CoverageType=Liability, SHFirstName=Test, SHLastName=SH, Salutation=Sr, Title=Title , QuoteType=New Business, EditLiabilityPremium=Yes, TotalLiabilityPremium=20000, AttachementName=CHIC_24, RenewalPrefix=9967, RenewalSuffix=03}]]>
              </value>
            </param>
            <param index="2">
              <value>
                <![CDATA[{Si_no=24, Test_data_id=CHIC_24, Flag_for_execution=null, QuoteNumber=null, PolicyNumber=null, LiabilityTotalPremium=null, LiabilityTotalPremium_exp=null, LiabilityTotalPremium_status=null, TotalPremium=null, TotalPremium_exp=null, TotalPremium_status=null, TotalDownPayment=null, TotalDownPayment_exp=null, TotalDownPayment_status=null, TotalMonthlyPayment=null, TotalMonthlyPayment_exp=null, TotalMonthlyPayment_status=null, AnalyserResult=null}]]>
              </value>
            </param>
          </params>
          <reporter-output>
          </reporter-output>
        </test-method> <!-- UITest -->
        <test-method status="PASS" signature="UITest(java.lang.Integer, java.lang.Object, java.lang.Object)[pri:0, instance:KeywordDrivenFramework.UIMainscript@4b9e13df]" name="UITest" duration-ms="5" started-at="2017-09-13T12:31:23Z" data-provider="UITestData" finished-at="2017-09-13T12:31:23Z">
          <params>
            <param index="0">
              <value>
                <![CDATA[25]]>
              </value>
            </param>
            <param index="1">
              <value>
                <![CDATA[{Si_no=25, Test_data_id=CHIC_25, Flag_for_execution=YCompleted, BusinessType=Limo, FirstName=Test, LastName=QA, PrimaryNumber=1234567898, EmailAddress=kavitha_b@solartis.net, TypeOfBusiness=Individual, BusinessName=Limo PA, NumberOfYearsInBusiness=9, SSN_FEINChoice=SSN, SSN_FEIN_no=345235645, DescriptionOfOperation=Description of Operation , AddressLine1=6416 Carlisle Pike, AddressLine2=, City=Mechanicsburg, State=Pennsylvania, ZipCode=17050, MailingAddressChoice=, LiabilityLimitType=Split Limit, PrimaryLiabilityLimit=$100,000 / $300,000 / $50,000, EffectiveDate=09/07/2017, NumberOfVehicles=1, VIN=12345678901233400, Make=Make, Model=Model , Year=2000, SeatingCapacity=20, BodyType=Hatchback, VehicleValue=100024, RadiusOfOperation=50, BusinessUse=Retail, LossPayee1=Yes, LossPayee__Type=Financed, LossPayeeName=loss payee, VehicleNumber=Vehicle #1, DriverName=Driver1, DriverDOB=05/11/1989, Gender=Male, MaritalStatus=Married, LicenseNumber=12353, YearFirstLicensed=2016, YearsofExperience=23, Accident=Yes, NumberOfAccident=1, NumberOfTicket=0, AccidentType=Accident, AccDate=01/01/2015, AccPlace=Test City, ViolationDate=01/01/2015, AIName=AdditionalInsured, CarrierName=PC-Test, PolicyNo=CHIC-6528-01, PriorEffectiveDate=07/04/2014, PriorExpirationDate=07/04/2015, CoverageType=Physical Damage, SHFirstName=Test, SHLastName=SH, Salutation=Jr, Title=Title , QuoteType=Renewal, EditLiabilityPremium=No, TotalLiabilityPremium=, AttachementName=CHIC_25, RenewalPrefix=9968, RenewalSuffix=03}]]>
              </value>
            </param>
            <param index="2">
              <value>
                <![CDATA[{Si_no=25, Test_data_id=CHIC_25, Flag_for_execution=null, QuoteNumber=null, PolicyNumber=null, LiabilityTotalPremium=null, LiabilityTotalPremium_exp=null, LiabilityTotalPremium_status=null, TotalPremium=null, TotalPremium_exp=null, TotalPremium_status=null, TotalDownPayment=null, TotalDownPayment_exp=null, TotalDownPayment_status=null, TotalMonthlyPayment=null, TotalMonthlyPayment_exp=null, TotalMonthlyPayment_status=null, AnalyserResult=null}]]>
              </value>
            </param>
          </params>
          <reporter-output>
          </reporter-output>
        </test-method> <!-- UITest -->
        <test-method status="PASS" signature="UITest(java.lang.Integer, java.lang.Object, java.lang.Object)[pri:0, instance:KeywordDrivenFramework.UIMainscript@4b9e13df]" name="UITest" duration-ms="7" started-at="2017-09-13T12:31:23Z" data-provider="UITestData" finished-at="2017-09-13T12:31:23Z">
          <params>
            <param index="0">
              <value>
                <![CDATA[26]]>
              </value>
            </param>
            <param index="1">
              <value>
                <![CDATA[{Si_no=26, Test_data_id=CHIC_26, Flag_for_execution=YCompleted, BusinessType=Limo, FirstName=Test, LastName=QA, PrimaryNumber=1234567898, EmailAddress=kavitha_b@solartis.net, TypeOfBusiness=Individual, BusinessName=Limo PA, NumberOfYearsInBusiness=9, SSN_FEINChoice=SSN, SSN_FEIN_no=345235645, DescriptionOfOperation=Description of Operation , AddressLine1=6416 Carlisle Pike, AddressLine2=, City=Mechanicsburg, State=Pennsylvania, ZipCode=17050, MailingAddressChoice=, LiabilityLimitType=Combined Single Limit, PrimaryLiabilityLimit=$1,500,000, EffectiveDate=09/07/2017, NumberOfVehicles=2, VIN=12345678901233400, Make=Make, Model=Model , Year=2001, SeatingCapacity=2, BodyType=Hatchback, VehicleValue=100025, RadiusOfOperation=50, BusinessUse=Commercial, LossPayee1=Yes, LossPayee__Type=Leased, LossPayeeName=loss payee, VehicleNumber=Vehicle #1, DriverName=Driver1, DriverDOB=05/11/1989, Gender=Female, MaritalStatus=Married, LicenseNumber=12354, YearFirstLicensed=2016, YearsofExperience=23, Accident=Yes, NumberOfAccident=1, NumberOfTicket=0, AccidentType=Accident, AccDate=09/05/2016, AccPlace=Test City, ViolationDate=09/05/2016, AIName=AdditionalInsured, CarrierName=PC-Test, PolicyNo=CHIC-6528-02, PriorEffectiveDate=08/04/2015, PriorExpirationDate=08/04/2016, CoverageType=Both, SHFirstName=Test, SHLastName=SH, Salutation=Sr, Title=Title , QuoteType=New Business, EditLiabilityPremium=No, TotalLiabilityPremium=, AttachementName=CHIC_26, RenewalPrefix=9969, RenewalSuffix=03}]]>
              </value>
            </param>
            <param index="2">
              <value>
                <![CDATA[{Si_no=26, Test_data_id=CHIC_26, Flag_for_execution=null, QuoteNumber=null, PolicyNumber=null, LiabilityTotalPremium=null, LiabilityTotalPremium_exp=null, LiabilityTotalPremium_status=null, TotalPremium=null, TotalPremium_exp=null, TotalPremium_status=null, TotalDownPayment=null, TotalDownPayment_exp=null, TotalDownPayment_status=null, TotalMonthlyPayment=null, TotalMonthlyPayment_exp=null, TotalMonthlyPayment_status=null, AnalyserResult=null}]]>
              </value>
            </param>
          </params>
          <reporter-output>
          </reporter-output>
        </test-method> <!-- UITest -->
        <test-method status="PASS" signature="UITest(java.lang.Integer, java.lang.Object, java.lang.Object)[pri:0, instance:KeywordDrivenFramework.UIMainscript@4b9e13df]" name="UITest" duration-ms="6" started-at="2017-09-13T12:31:23Z" data-provider="UITestData" finished-at="2017-09-13T12:31:23Z">
          <params>
            <param index="0">
              <value>
                <![CDATA[27]]>
              </value>
            </param>
            <param index="1">
              <value>
                <![CDATA[{Si_no=27, Test_data_id=CHIC_27, Flag_for_execution=YCompleted, BusinessType=Taxi, FirstName=Test, LastName=QA, PrimaryNumber=1234567891, EmailAddress=sabarinath_jv@solartis.net, TypeOfBusiness=Partnership, BusinessName=Taxi NJ, NumberOfYearsInBusiness=2, SSN_FEINChoice=SSN, SSN_FEIN_no=345235645, DescriptionOfOperation=Description of Operation , AddressLine1=3525 Quakerbridge Road, AddressLine2=, City=Hamilton Township, State=New Jersey, ZipCode=08619, MailingAddressChoice=, LiabilityLimitType=Combined Single Limit, PrimaryLiabilityLimit=$35,000, EffectiveDate=09/07/2017, NumberOfVehicles=3, VIN=12345678901233400, Make=Make, Model=Model , Year=2002, SeatingCapacity=3, BodyType=Hatchback, VehicleValue=100026, RadiusOfOperation=50, BusinessUse=Service, LossPayee1=Yes, LossPayee__Type=Financed, LossPayeeName=loss payee, VehicleNumber=Vehicle #1, DriverName=Driver1, DriverDOB=05/11/1989, Gender=Male, MaritalStatus=Married, LicenseNumber=12355, YearFirstLicensed=2016, YearsofExperience=23, Accident=Yes, NumberOfAccident=1, NumberOfTicket=0, AccidentType=Accident, AccDate=04/30/1995, AccPlace=Test City, ViolationDate=04/30/1995, AIName=AdditionalInsured, CarrierName=PC-Test, PolicyNo=CHIC-6528-01, PriorEffectiveDate=04/06/1996, PriorExpirationDate=04/06/1997, CoverageType=Liability, SHFirstName=Test, SHLastName=SH, Salutation=Jr, Title=Title , QuoteType=New Business, EditLiabilityPremium=No, TotalLiabilityPremium=, AttachementName=CHIC_27, RenewalPrefix=9970, RenewalSuffix=03}]]>
              </value>
            </param>
            <param index="2">
              <value>
                <![CDATA[{Si_no=27, Test_data_id=CHIC_27, Flag_for_execution=null, QuoteNumber=null, PolicyNumber=null, LiabilityTotalPremium=null, LiabilityTotalPremium_exp=null, LiabilityTotalPremium_status=null, TotalPremium=null, TotalPremium_exp=null, TotalPremium_status=null, TotalDownPayment=null, TotalDownPayment_exp=null, TotalDownPayment_status=null, TotalMonthlyPayment=null, TotalMonthlyPayment_exp=null, TotalMonthlyPayment_status=null, AnalyserResult=null}]]>
              </value>
            </param>
          </params>
          <reporter-output>
          </reporter-output>
        </test-method> <!-- UITest -->
        <test-method status="PASS" signature="UITest(java.lang.Integer, java.lang.Object, java.lang.Object)[pri:0, instance:KeywordDrivenFramework.UIMainscript@4b9e13df]" name="UITest" duration-ms="3" started-at="2017-09-13T12:31:23Z" data-provider="UITestData" finished-at="2017-09-13T12:31:23Z">
          <params>
            <param index="0">
              <value>
                <![CDATA[28]]>
              </value>
            </param>
            <param index="1">
              <value>
                <![CDATA[{Si_no=28, Test_data_id=CHIC_28, Flag_for_execution=YCompleted, BusinessType=Taxi, FirstName=Test, LastName=QA, PrimaryNumber=1234567891, EmailAddress=sabarinath_jv@solartis.net, TypeOfBusiness=Partnership, BusinessName=Taxi NJ, NumberOfYearsInBusiness=2, SSN_FEINChoice=SSN, SSN_FEIN_no=345235645, DescriptionOfOperation=Description of Operation , AddressLine1=3525 Quakerbridge Road, AddressLine2=, City=Hamilton Township, State=New Jersey, ZipCode=08619, MailingAddressChoice=, LiabilityLimitType=Combined Single Limit, PrimaryLiabilityLimit=$50,000, EffectiveDate=09/10/2017, NumberOfVehicles=4, VIN=12345678901233400, Make=Make, Model=Model , Year=2003, SeatingCapacity=4, BodyType=Hatchback, VehicleValue=100027, RadiusOfOperation=50, BusinessUse=Retail, LossPayee1=Yes, LossPayee__Type=Leased, LossPayeeName=loss payee, VehicleNumber=Vehicle #1, DriverName=Driver1, DriverDOB=05/11/1989, Gender=Female, MaritalStatus=Married, LicenseNumber=12356, YearFirstLicensed=2016, YearsofExperience=23, Accident=Yes, NumberOfAccident=1, NumberOfTicket=0, AccidentType=Accident, AccDate=06/05/1999, AccPlace=Test City, ViolationDate=06/05/1999, AIName=AdditionalInsured, CarrierName=PC-Test, PolicyNo=CHIC-6528-02, PriorEffectiveDate=08/04/2014, PriorExpirationDate=08/04/2015, CoverageType=Physical Damage, SHFirstName=Test, SHLastName=SH, Salutation=Sr, Title=Title , QuoteType=New Business, EditLiabilityPremium=No, TotalLiabilityPremium=, AttachementName=CHIC_28, RenewalPrefix=9971, RenewalSuffix=03}]]>
              </value>
            </param>
            <param index="2">
              <value>
                <![CDATA[{Si_no=28, Test_data_id=CHIC_28, Flag_for_execution=null, QuoteNumber=null, PolicyNumber=null, LiabilityTotalPremium=null, LiabilityTotalPremium_exp=null, LiabilityTotalPremium_status=null, TotalPremium=null, TotalPremium_exp=null, TotalPremium_status=null, TotalDownPayment=null, TotalDownPayment_exp=null, TotalDownPayment_status=null, TotalMonthlyPayment=null, TotalMonthlyPayment_exp=null, TotalMonthlyPayment_status=null, AnalyserResult=null}]]>
              </value>
            </param>
          </params>
          <reporter-output>
          </reporter-output>
        </test-method> <!-- UITest -->
        <test-method status="PASS" signature="UITest(java.lang.Integer, java.lang.Object, java.lang.Object)[pri:0, instance:KeywordDrivenFramework.UIMainscript@4b9e13df]" name="UITest" duration-ms="5" started-at="2017-09-13T12:31:23Z" data-provider="UITestData" finished-at="2017-09-13T12:31:23Z">
          <params>
            <param index="0">
              <value>
                <![CDATA[29]]>
              </value>
            </param>
            <param index="1">
              <value>
[...]
              </value>
            </param>
          </params>
          <reporter-output>
          </reporter-output>
        </test-method> <!-- UITest -->
        <test-method status="PASS" signature="UITest(java.lang.Integer, java.lang.Object, java.lang.Object)[pri:0, instance:KeywordDrivenFramework.UIMainscript@4b9e13df]" name="UITest" duration-ms="3" started-at="2017-09-13T12:31:24Z" data-provider="UITestData" finished-at="2017-09-13T12:31:24Z">
          <params>
            <param index="0">
              <value>
                <![CDATA[184]]>
              </value>
            </param>
            <param index="1">
              <value>
                <![CDATA[{Si_no=184, Test_data_id=CHIC_184, Flag_for_execution=DataErrorError, BusinessType=Ride, FirstName=Test, LastName=QA, PrimaryNumber=1234567890, EmailAddress=kavitha_b@solartis.net, TypeOfBusiness=Partnership, BusinessName=Ride SC, NumberOfYearsInBusiness=2, SSN_FEINChoice=SSN, SSN_FEIN_no=345235653, DescriptionOfOperation=Description of Operation , AddressLine1=Ashford Road, AddressLine2=, City=Chester, State=South Carolina, ZipCode=29706, MailingAddressChoice=, LiabilityLimitType=Split Limit, PrimaryLiabilityLimit=$100,000 / $300,000 / $50,000, EffectiveDate=09/10/2017, NumberOfVehicles=8, VIN=12345678901233400, Make=Make, Model=Model , Year=2003, SeatingCapacity=4, BodyType=Hatchback, VehicleValue=100027, RadiusOfOperation=50, BusinessUse=Retail, LossPayee1=Yes, LossPayee__Type=Leased, LossPayeeName=loss payee, VehicleNumber=Vehicle #1, DriverName=Driver1, DriverDOB=05/11/1989, Gender=Female, MaritalStatus=Married, LicenseNumber=12345, YearFirstLicensed=2016, YearsofExperience=23, Accident=Yes, NumberOfAccident=1, NumberOfTicket=0, AccidentType=Accident, AccDate=05/30/1995, AccPlace=Test City, ViolationDate=05/30/1995, AIName=AdditionalInsured, CarrierName=PC-Test, PolicyNo=CHIC-6528-02, PriorEffectiveDate=03/06/1996, PriorExpirationDate=03/06/1997, CoverageType=Both, SHFirstName=Test, SHLastName=SH, Salutation=Sr, Title=Title , QuoteType=New Business, EditLiabilityPremium=No, TotalLiabilityPremium=, AttachementName=CHIC_184, RenewalPrefix=9959, RenewalSuffix=04}]]>
              </value>
            </param>
            <param index="2">
              <value>
                <![CDATA[{Si_no=184, Test_data_id=CHIC_184, Flag_for_execution=null, QuoteNumber=null, PolicyNumber=null, LiabilityTotalPremium=null, LiabilityTotalPremium_exp=null, LiabilityTotalPremium_status=null, TotalPremium=null, TotalPremium_exp=null, TotalPremium_status=null, TotalDownPayment=null, TotalDownPayment_exp=null, TotalDownPayment_status=null, TotalMonthlyPayment=null, TotalMonthlyPayment_exp=null, TotalMonthlyPayment_status=null, AnalyserResult=null}]]>
              </value>
            </param>
          </params>
          <reporter-output>
          </reporter-output>
        </test-method> <!-- UITest -->
        <test-method status="PASS" signature="UITest(java.lang.Integer, java.lang.Object, java.lang.Object)[pri:0, instance:KeywordDrivenFramework.UIMainscript@4b9e13df]" name="UITest" duration-ms="2" started-at="2017-09-13T12:31:24Z" data-provider="UITestData" finished-at="2017-09-13T12:31:24Z">
          <params>
            <param index="0">
              <value>
                <![CDATA[185]]>
              </value>
            </param>
            <param index="1">
              <value>
                <![CDATA[{Si_no=185, Test_data_id=CHIC_185, Flag_for_execution=DataErrorError, BusinessType=Ride, FirstName=Test, LastName=QA, PrimaryNumber=1234567890, EmailAddress=kavitha_b@solartis.net, TypeOfBusiness=Partnership, BusinessName=Ride SC, NumberOfYearsInBusiness=2, SSN_FEINChoice=SSN, SSN_FEIN_no=345235654, DescriptionOfOperation=Description of Operation , AddressLine1=Ashford Road, AddressLine2=, City=Chester, State=South Carolina, ZipCode=29706, MailingAddressChoice=, LiabilityLimitType=Split Limit, PrimaryLiabilityLimit=$250,000 / $500,000 / $50,000, EffectiveDate=10/10/2017, NumberOfVehicles=1, VIN=12345678901233400, Make=Make, Model=Model , Year=2004, SeatingCapacity=5, BodyType=Hatchback, VehicleValue=100028, RadiusOfOperation=50, BusinessUse=Commercial, LossPayee1=Yes, LossPayee__Type=Financed, LossPayeeName=loss payee, VehicleNumber=Vehicle #1, DriverName=Driver1, DriverDOB=05/11/1989, Gender=Male, MaritalStatus=Married, LicenseNumber=12345, YearFirstLicensed=2016, YearsofExperience=23, Accident=Yes, NumberOfAccident=1, NumberOfTicket=0, AccidentType=Accident, AccDate=01/01/2015, AccPlace=Test City, ViolationDate=01/01/2015, AIName=AdditionalInsured, CarrierName=PC-Test, PolicyNo=CHIC-6528-01, PriorEffectiveDate=07/04/2014, PriorExpirationDate=07/04/2015, CoverageType=Liability, SHFirstName=Test, SHLastName=SH, Salutation=Jr, Title=Title , QuoteType=Renewal, EditLiabilityPremium=No, TotalLiabilityPremium=, AttachementName=CHIC_185, RenewalPrefix=9960, RenewalSuffix=04}]]>
              </value>
            </param>
            <param index="2">
              <value>
                <![CDATA[{Si_no=185, Test_data_id=CHIC_185, Flag_for_execution=null, QuoteNumber=null, PolicyNumber=null, LiabilityTotalPremium=null, LiabilityTotalPremium_exp=null, LiabilityTotalPremium_status=null, TotalPremium=null, TotalPremium_exp=null, TotalPremium_status=null, TotalDownPayment=null, TotalDownPayment_exp=null, TotalDownPayment_status=null, TotalMonthlyPayment=null, TotalMonthlyPayment_exp=null, TotalMonthlyPayment_status=null, AnalyserResult=null}]]>
              </value>
            </param>
          </params>
          <reporter-output>
          </reporter-output>
        </test-method> <!-- UITest -->
        <test-method status="PASS" signature="UITest(java.lang.Integer, java.lang.Object, java.lang.Object)[pri:0, instance:KeywordDrivenFramework.UIMainscript@4b9e13df]" name="UITest" duration-ms="3" started-at="2017-09-13T12:31:24Z" data-provider="UITestData" finished-at="2017-09-13T12:31:24Z">
          <params>
            <param index="0">
              <value>
                <![CDATA[186]]>
              </value>
            </param>
            <param index="1">
              <value>
                <![CDATA[{Si_no=186, Test_data_id=CHIC_186, Flag_for_execution=YCompleted, BusinessType=Limo, FirstName=Test, LastName=QA, PrimaryNumber=1234567890, EmailAddress=kavitha_b@solartis.net, TypeOfBusiness=Partnership, BusinessName=Limo SC, NumberOfYearsInBusiness=2, SSN_FEINChoice=SSN, SSN_FEIN_no=345235655, DescriptionOfOperation=Description of Operation , AddressLine1=Ashford Road, AddressLine2=, City=Chester, State=South Carolina, ZipCode=29706, MailingAddressChoice=, LiabilityLimitType=Combined Single Limit, PrimaryLiabilityLimit=$1,500,000, EffectiveDate=11/05/2017, NumberOfVehicles=2, VIN=12345678901233400, Make=Make, Model=Model , Year=2005, SeatingCapacity=6, BodyType=Hatchback, VehicleValue=100029, RadiusOfOperation=50, BusinessUse=Service, LossPayee1=Yes, LossPayee__Type=Leased, LossPayeeName=loss payee, VehicleNumber=Vehicle #1, DriverName=Driver1, DriverDOB=05/11/1989, Gender=Female, MaritalStatus=Married, LicenseNumber=12346, YearFirstLicensed=2016, YearsofExperience=23, Accident=Yes, NumberOfAccident=1, NumberOfTicket=0, AccidentType=Accident, AccDate=09/05/2016, AccPlace=Test City, ViolationDate=09/05/2016, AIName=AdditionalInsured, CarrierName=PC-Test, PolicyNo=CHIC-6528-02, PriorEffectiveDate=08/04/2015, PriorExpirationDate=08/04/2016, CoverageType=Physical Damage, SHFirstName=Test, SHLastName=SH, Salutation=Sr, Title=Title , QuoteType=New Business, EditLiabilityPremium=Yes, TotalLiabilityPremium=10000, AttachementName=CHIC_186, RenewalPrefix=9961, RenewalSuffix=04}]]>
              </value>
            </param>
            <param index="2">
              <value>
                <![CDATA[{Si_no=186, Test_data_id=CHIC_186, Flag_for_execution=null, QuoteNumber=null, PolicyNumber=null, LiabilityTotalPremium=null, LiabilityTotalPremium_exp=null, LiabilityTotalPremium_status=null, TotalPremium=null, TotalPremium_exp=null, TotalPremium_status=null, TotalDownPayment=null, TotalDownPayment_exp=null, TotalDownPayment_status=null, TotalMonthlyPayment=null, TotalMonthlyPayment_exp=null, TotalMonthlyPayment_status=null, AnalyserResult=null}]]>
              </value>
            </param>
          </params>
          <reporter-output>
          </reporter-output>
        </test-method> <!-- UITest -->
        <test-method status="PASS" signature="UITest(java.lang.Integer, java.lang.Object, java.lang.Object)[pri:0, instance:KeywordDrivenFramework.UIMainscript@4b9e13df]" name="UITest" duration-ms="2" started-at="2017-09-13T12:31:24Z" data-provider="UITestData" finished-at="2017-09-13T12:31:24Z">
          <params>
            <param index="0">
              <value>
                <![CDATA[187]]>
              </value>
            </param>
            <param index="1">
              <value>
                <![CDATA[{Si_no=187, Test_data_id=CHIC_187, Flag_for_execution=YCompleted, BusinessType=Limo, FirstName=Test, LastName=QA, PrimaryNumber=1234567890, EmailAddress=kavitha_b@solartis.net, TypeOfBusiness=Partnership, BusinessName=Limo SC, NumberOfYearsInBusiness=2, SSN_FEINChoice=SSN, SSN_FEIN_no=345235656, DescriptionOfOperation=Description of Operation , AddressLine1=Ashford Road, AddressLine2=, City=Chester, State=South Carolina, ZipCode=29706, MailingAddressChoice=, LiabilityLimitType=Split Limit, PrimaryLiabilityLimit=$25,000 / $50,000 / $25,000, EffectiveDate=12/01/2017, NumberOfVehicles=3, VIN=12345678901233400, Make=Make, Model=Model , Year=2006, SeatingCapacity=7, BodyType=Hatchback, VehicleValue=100030, RadiusOfOperation=50, BusinessUse=Retail, LossPayee1=Yes, LossPayee__Type=Financed, LossPayeeName=loss payee, VehicleNumber=Vehicle #1, DriverName=Driver1, DriverDOB=05/11/1989, Gender=Male, MaritalStatus=Married, LicenseNumber=12347, YearFirstLicensed=2016, YearsofExperience=23, Accident=Yes, NumberOfAccident=1, NumberOfTicket=0, AccidentType=Accident, AccDate=04/30/1995, AccPlace=Test City, ViolationDate=04/30/1995, AIName=AdditionalInsured, CarrierName=PC-Test, PolicyNo=CHIC-6528-01, PriorEffectiveDate=04/06/1996, PriorExpirationDate=04/06/1997, CoverageType=Both, SHFirstName=Test, SHLastName=SH, Salutation=Jr, Title=Title , QuoteType=New Business, EditLiabilityPremium=Yes, TotalLiabilityPremium=12000, AttachementName=CHIC_187, RenewalPrefix=9962, RenewalSuffix=04}]]>
              </value>
            </param>
            <param index="2">
              <value>
                <![CDATA[{Si_no=187, Test_data_id=CHIC_187, Flag_for_execution=null, QuoteNumber=null, PolicyNumber=null, LiabilityTotalPremium=null, LiabilityTotalPremium_exp=null, LiabilityTotalPremium_status=null, TotalPremium=null, TotalPremium_exp=null, TotalPremium_status=null, TotalDownPayment=null, TotalDownPayment_exp=null, TotalDownPayment_status=null, TotalMonthlyPayment=null, TotalMonthlyPayment_exp=null, TotalMonthlyPayment_status=null, AnalyserResult=null}]]>
              </value>
            </param>
          </params>
          <reporter-output>
          </reporter-output>
        </test-method> <!-- UITest -->
        <test-method status="PASS" signature="UITest(java.lang.Integer, java.lang.Object, java.lang.Object)[pri:0, instance:KeywordDrivenFramework.UIMainscript@4b9e13df]" name="UITest" duration-ms="4" started-at="2017-09-13T12:31:24Z" data-provider="UITestData" finished-at="2017-09-13T12:31:24Z">
          <params>
            <param index="0">
              <value>
                <![CDATA[188]]>
              </value>
            </param>
            <param index="1">
              <value>
                <![CDATA[{Si_no=188, Test_data_id=CHIC_188, Flag_for_execution=YCompleted, BusinessType=Limo, FirstName=Test, LastName=QA, PrimaryNumber=1234567906, EmailAddress=sabarinath_jv@solartis.net, TypeOfBusiness=Limited Liability Co., BusinessName=Limo SC, NumberOfYearsInBusiness=2, SSN_FEINChoice=SSN, SSN_FEIN_no=345235657, DescriptionOfOperation=Description of Operation , AddressLine1=Ashford Road, AddressLine2=, City=Chester, State=South Carolina, ZipCode=29706, MailingAddressChoice=, LiabilityLimitType=Split Limit, PrimaryLiabilityLimit=$50,000 / $100,000 / $25,000, EffectiveDate=09/30/2017, NumberOfVehicles=4, VIN=12345678901233400, Make=Make, Model=Model , Year=2007, SeatingCapacity=8, BodyType=Hatchback, VehicleValue=100031, RadiusOfOperation=50, BusinessUse=Commercial, LossPayee1=Yes, LossPayee__Type=Leased, LossPayeeName=loss payee, VehicleNumber=Vehicle #1, DriverName=Driver1, DriverDOB=05/11/1989, Gender=Female, MaritalStatus=Married, LicenseNumber=12348, YearFirstLicensed=2016, YearsofExperience=23, Accident=Yes, NumberOfAccident=1, NumberOfTicket=0, AccidentType=Accident, AccDate=06/05/1999, AccPlace=Test City, ViolationDate=06/05/1999, AIName=AdditionalInsured, CarrierName=PC-Test, PolicyNo=CHIC-6528-02, PriorEffectiveDate=08/04/2014, PriorExpirationDate=08/04/2015, CoverageType=Liability, SHFirstName=Test, SHLastName=SH, Salutation=Sr, Title=Title , QuoteType=New Business, EditLiabilityPremium=No, TotalLiabilityPremium=, AttachementName=CHIC_188, RenewalPrefix=9963, RenewalSuffix=04}]]>
              </value>
            </param>
            <param index="2">
              <value>
                <![CDATA[{Si_no=188, Test_data_id=CHIC_188, Flag_for_execution=null, QuoteNumber=null, PolicyNumber=null, LiabilityTotalPremium=null, LiabilityTotalPremium_exp=null, LiabilityTotalPremium_status=null, TotalPremium=null, TotalPremium_exp=null, TotalPremium_status=null, TotalDownPayment=null, TotalDownPayment_exp=null, TotalDownPayment_status=null, TotalMonthlyPayment=null, TotalMonthlyPayment_exp=null, TotalMonthlyPayment_status=null, AnalyserResult=null}]]>
              </value>
            </param>
          </params>
          <reporter-output>
          </reporter-output>
        </test-method> <!-- UITest -->
        <test-method status="PASS" signature="UITest(java.lang.Integer, java.lang.Object, java.lang.Object)[pri:0, instance:KeywordDrivenFramework.UIMainscript@4b9e13df]" name="UITest" duration-ms="2" started-at="2017-09-13T12:31:24Z" data-provider="UITestData" finished-at="2017-09-13T12:31:24Z">
          <params>
            <param index="0">
              <value>
                <![CDATA[189]]>
              </value>
            </param>
            <param index="1">
              <value>
                <![CDATA[{Si_no=189, Test_data_id=CHIC_189, Flag_for_execution=YCompleted, BusinessType=Limo, FirstName=Test, LastName=QA, PrimaryNumber=1234567906, EmailAddress=sabarinath_jv@solartis.net, TypeOfBusiness=Limited Liability Co., BusinessName=Limo SC, NumberOfYearsInBusiness=2, SSN_FEINChoice=SSN, SSN_FEIN_no=345235658, DescriptionOfOperation=Description of Operation , AddressLine1=Ashford Road, AddressLine2=, City=Chester, State=South Carolina, ZipCode=29706, MailingAddressChoice=, LiabilityLimitType=Split Limit, PrimaryLiabilityLimit=$100,000 / $300,000 / $50,000, EffectiveDate=09/25/2017, NumberOfVehicles=5, VIN=12345678901233400, Make=Make, Model=Model , Year=2008, SeatingCapacity=9, BodyType=Hatchback, VehicleValue=100032, RadiusOfOperation=50, BusinessUse=Service, LossPayee1=Yes, LossPayee__Type=Financed, LossPayeeName=loss payee, VehicleNumber=Vehicle #1, DriverName=Driver1, DriverDOB=05/11/1989, Gender=Male, MaritalStatus=Married, LicenseNumber=12349, YearFirstLicensed=2016, YearsofExperience=23, Accident=Yes, NumberOfAccident=1, NumberOfTicket=0, AccidentType=Accident, AccDate=02/08/2010, AccPlace=Test City, ViolationDate=02/08/2010, AIName=AdditionalInsured, CarrierName=PC-Test, PolicyNo=CHIC-6528-01, PriorEffectiveDate=09/04/2015, PriorExpirationDate=09/04/2016, CoverageType=Physical Damage, SHFirstName=Test, SHLastName=SH, Salutation=Jr, Title=Title , QuoteType=New Business, EditLiabilityPremium=Yes, TotalLiabilityPremium=19500, AttachementName=CHIC_189, RenewalPrefix=9964, RenewalSuffix=04}]]>
              </value>
            </param>
            <param index="2">
              <value>
                <![CDATA[{Si_no=189, Test_data_id=CHIC_189, Flag_for_execution=null, QuoteNumber=null, PolicyNumber=null, LiabilityTotalPremium=null, LiabilityTotalPremium_exp=null, LiabilityTotalPremium_status=null, TotalPremium=null, TotalPremium_exp=null, TotalPremium_status=null, TotalDownPayment=null, TotalDownPayment_exp=null, TotalDownPayment_status=null, TotalMonthlyPayment=null, TotalMonthlyPayment_exp=null, TotalMonthlyPayment_status=null, AnalyserResult=null}]]>
              </value>
            </param>
          </params>
          <reporter-output>
          </reporter-output>
        </test-method> <!-- UITest -->
        <test-method status="PASS" signature="UITest(java.lang.Integer, java.lang.Object, java.lang.Object)[pri:0, instance:KeywordDrivenFramework.UIMainscript@4b9e13df]" name="UITest" duration-ms="4" started-at="2017-09-13T12:31:24Z" data-provider="UITestData" finished-at="2017-09-13T12:31:24Z">
          <params>
            <param index="0">
              <value>
                <![CDATA[190]]>
              </value>
            </param>
            <param index="1">
              <value>
                <![CDATA[{Si_no=190, Test_data_id=CHIC_190, Flag_for_execution=YCompleted, BusinessType=Limo, FirstName=Test, LastName=QA, PrimaryNumber=1234567906, EmailAddress=sabarinath_jv@solartis.net, TypeOfBusiness=Limited Liability Co., BusinessName=Limo SC, NumberOfYearsInBusiness=2, SSN_FEINChoice=SSN, SSN_FEIN_no=345235659, DescriptionOfOperation=Description of Operation , AddressLine1=Ashford Road, AddressLine2=, City=Chester, State=South Carolina, ZipCode=29706, MailingAddressChoice=, LiabilityLimitType=Split Limit, PrimaryLiabilityLimit=$250,000 / $500,000 / $50,000, EffectiveDate=09/15/2017, NumberOfVehicles=6, VIN=12345678901233400, Make=Make, Model=Model , Year=2009, SeatingCapacity=10, BodyType=Hatchback, VehicleValue=100033, RadiusOfOperation=50, BusinessUse=Retail, LossPayee1=Yes, LossPayee__Type=Leased, LossPayeeName=loss payee, VehicleNumber=Vehicle #1, DriverName=Driver1, DriverDOB=05/11/1989, Gender=Female, MaritalStatus=Married, LicenseNumber=12350, YearFirstLicensed=2016, YearsofExperience=23, Accident=Yes, NumberOfAccident=1, NumberOfTicket=0, AccidentType=Accident, AccDate=02/01/2015, AccPlace=Test City, ViolationDate=02/01/2015, AIName=AdditionalInsured, CarrierName=PC-Test, PolicyNo=CHIC-6528-02, PriorEffectiveDate=05/06/1996, PriorExpirationDate=05/06/1997, CoverageType=Both, SHFirstName=Test, SHLastName=SH, Salutation=Sr, Title=Title , QuoteType=New Business, EditLiabilityPremium=Yes, TotalLiabilityPremium=12350, AttachementName=CHIC_190, RenewalPrefix=9965, RenewalSuffix=04}]]>
              </value>
            </param>
            <param index="2">
              <value>
                <![CDATA[{Si_no=190, Test_data_id=CHIC_190, Flag_for_execution=null, QuoteNumber=null, PolicyNumber=null, LiabilityTotalPremium=null, LiabilityTotalPremium_exp=null, LiabilityTotalPremium_status=null, TotalPremium=null, TotalPremium_exp=null, TotalPremium_status=null, TotalDownPayment=null, TotalDownPayment_exp=null, TotalDownPayment_status=null, TotalMonthlyPayment=null, TotalMonthlyPayment_exp=null, TotalMonthlyPayment_status=null, AnalyserResult=null}]]>
              </value>
            </param>
          </params>
          <reporter-output>
          </reporter-output>
        </test-method> <!-- UITest -->
        <test-method status="PASS" signature="close()[pri:0, instance:KeywordDrivenFramework.UIMainscript@4b9e13df]" name="close" is-config="true" duration-ms="0" started-at="2017-09-13T12:31:24Z" finished-at="2017-09-13T12:31:24Z">
          <reporter-output>
          </reporter-output>
        </test-method> <!-- close -->
      </class> <!-- KeywordDrivenFramework.UIMainscript -->
    </test> <!-- Default test -->
  </suite> <!-- Default suite -->
</testng-results>
