<?xml version="1.0" encoding="UTF-8"?>
<testng-results skipped="0" failed="4" ignored="0" total="10" passed="6">
  <reporter-output>
  </reporter-output>
  <suite name="Suite" duration-ms="4264278" started-at="2017-11-30T07:43:20Z" finished-at="2017-11-30T08:54:24Z">
    <groups>
    </groups>
    <test name="Test1" duration-ms="2245941" started-at="2017-11-30T07:43:20Z" finished-at="2017-11-30T08:20:46Z">
      <class name="com.selenium.Test.NITICSuite">
        <test-method status="PASS" signature="launchBrowser(java.lang.String, java.lang.String)[pri:0, instance:com.selenium.Test.NITICSuite@91161c7]" name="launchBrowser" is-config="true" duration-ms="3660" started-at="2017-11-30T13:13:20Z" finished-at="2017-11-30T13:13:23Z">
          <params>
            <param index="0">
              <value>
                <![CDATA[chrome]]>
              </value>
            </param>
            <param index="1">
              <value>
                <![CDATA[Y]]>
              </value>
            </param>
          </params>
          <reporter-output>
          </reporter-output>
        </test-method> <!-- launchBrowser -->
        <test-method status="PASS" signature="Login()[pri:0, instance:com.selenium.Test.NITICSuite@91161c7]" name="Login" duration-ms="12225" started-at="2017-11-30T13:13:23Z" finished-at="2017-11-30T13:13:35Z">
          <reporter-output>
          </reporter-output>
        </test-method> <!-- Login -->
        <test-method status="PASS" signature="TestCase1(java.lang.Integer, java.lang.Object, java.lang.Object)[pri:0, instance:com.selenium.Test.NITICSuite@91161c7]" name="TestCase1" duration-ms="119712" started-at="2017-11-30T13:13:36Z" data-provider="UITestData" depends-on-methods="com.selenium.Test.NITICSuite.Login" finished-at="2017-11-30T13:15:35Z">
          <params>
            <param index="0">
              <value>
                <![CDATA[1]]>
              </value>
            </param>
            <param index="1">
              <value>
                <![CDATA[{Si_no=1, Test_data_id=NITIC_01, Flag_for_execution=YCompleted, BusinessType=Business - Not for Hire, FirstName=Test, LastName=QA, PrimaryNumber=1234567890, EmailAddress=test@gmail.com, TypeOfBusiness=Corporation, BusinessName=NITIC, NumberOfYearsInBusiness=1, SSN_FEINChoice=SSN, SSN_FEIN_no=345235645, DescriptionOfOperation=Description of Operation , ICCFilling=Yes, MCNumber=123456789, AddressLine1=1645 Parkway, AddressLine2=Address2, City=Tampa, State=Florida, ZipCode=17050, MailingAddressChoice=, LiabilityLimitType=Combined Single Limit, PrimaryLiabilityLimit=$50,000, PremiumPerVehicle=1000, EffectiveDate=09/07/2017, NumberOfVehicles=1, VIN=12345678901233400, Make=Make, Model=Model , Year=2000, SeatingCapacity=3, BodyType=Tractor, VehicleValue=100001, RadiusCategory=Short, RadiusOfOperation=50, BusinessUse=Commercial, LossPayee1=Yes, LossPayee__Type=Leased, LossPayeeName=loss payee, VehicleNumber=Vehicle #1, DriverName=Driver1, DriverDOB=05/11/1989, Gender=Male, MaritalStatus=Married, LicenseNumber=12345, YearFirstLicensed=2016, YearsofExperience=23, Accident=Yes, NumberOfAccident=1, NumberOfTicket=0, AccidentType=Accident, AccDate=09/05/2016, AccPlace=Test City, ViolationDate=09/05/2016, AIName=AdditionalInsured, CarrierName=PC-Test, PolicyNo=CHIC-6528-02, PriorEffectiveDate=01/06/1996, PriorExpirationDate=01/06/1997, CoverageType=Physical Damage, SHFirstName=Test, SHLastName=SH, Salutation=Sr, Title=Title , QuoteType=New Business, EditLiabilityPremium=No, TotalLiabilityPremium=, AttachementName=CHIC_02, RenewalPrefix=9945, RenewalSuffix=03}]]>
              </value>
            </param>
            <param index="2">
              <value>
                <![CDATA[{Si_no=1, Test_data_id=NITIC_01, Flag_for_execution=Y, QuoteNumber=QNITIC-861, PolicyNumber=B3018-01, LiabilityTotalPremium=$1,200.00, LiabilityTotalPremium_exp=null, LiabilityTotalPremium_status=null, TotalPremium=$1,200.00, TotalPremium_exp=null, TotalPremium_status=null, TotalDownPayment=$366.67, TotalDownPayment_exp=null, TotalDownPayment_status=null, TotalMonthlyPayment=$83.33, TotalMonthlyPayment_exp=null, TotalMonthlyPayment_status=null, AnalyserResult=null}]]>
              </value>
            </param>
          </params>
          <reporter-output>
          </reporter-output>
        </test-method> <!-- TestCase1 -->
        <test-method status="PASS" signature="TestCase1(java.lang.Integer, java.lang.Object, java.lang.Object)[pri:0, instance:com.selenium.Test.NITICSuite@91161c7]" name="TestCase1" duration-ms="108481" started-at="2017-11-30T13:15:35Z" data-provider="UITestData" depends-on-methods="com.selenium.Test.NITICSuite.Login" finished-at="2017-11-30T13:17:24Z">
          <params>
            <param index="0">
              <value>
                <![CDATA[2]]>
              </value>
            </param>
            <param index="1">
              <value>
                <![CDATA[{Si_no=2, Test_data_id=NITIC_02, Flag_for_execution=YCompleted, BusinessType=Business - Not for Hire, FirstName=Test, LastName=QA, PrimaryNumber=1234567890, EmailAddress=test@gmail.com, TypeOfBusiness=Corporation, BusinessName=NITIC, NumberOfYearsInBusiness=1, SSN_FEINChoice=SSN, SSN_FEIN_no=345235645, DescriptionOfOperation=Description of Operation , ICCFilling=Yes, MCNumber=123456789, AddressLine1=1645 Parkway, AddressLine2=Address2, City=Tampa, State=Florida, ZipCode=17050, MailingAddressChoice=, LiabilityLimitType=Combined Single Limit, PrimaryLiabilityLimit=$50,000, PremiumPerVehicle=2000, EffectiveDate=09/07/2017, NumberOfVehicles=1, VIN=12345678901233400, Make=Make, Model=Model , Year=2000, SeatingCapacity=3, BodyType=Tractor, VehicleValue=100001, RadiusCategory=Short, RadiusOfOperation=50, BusinessUse=Commercial, LossPayee1=Yes, LossPayee__Type=Leased, LossPayeeName=loss payee, VehicleNumber=Vehicle #1, DriverName=Driver1, DriverDOB=05/11/1989, Gender=Female, MaritalStatus=Married, LicenseNumber=12345, YearFirstLicensed=2016, YearsofExperience=23, Accident=Yes, NumberOfAccident=1, NumberOfTicket=0, AccidentType=Accident, AccDate=09/05/2016, AccPlace=Test City, ViolationDate=09/05/2016, AIName=AdditionalInsured, CarrierName=PC-Test, PolicyNo=CHIC-6528-02, PriorEffectiveDate=01/06/1996, PriorExpirationDate=01/06/1997, CoverageType=Physical Damage, SHFirstName=Test, SHLastName=SH, Salutation=Sr, Title=Title , QuoteType=New Business, EditLiabilityPremium=No, TotalLiabilityPremium=, AttachementName=CHIC_02, RenewalPrefix=9945, RenewalSuffix=03}]]>
              </value>
            </param>
            <param index="2">
              <value>
                <![CDATA[{Si_no=2, Test_data_id=NITIC_02, Flag_for_execution=Y, QuoteNumber=QNITIC-862, PolicyNumber=B3019-01, LiabilityTotalPremium=$1,200.00, LiabilityTotalPremium_exp=null, LiabilityTotalPremium_status=null, TotalPremium=$1,200.00, TotalPremium_exp=null, TotalPremium_status=null, TotalDownPayment=$366.67, TotalDownPayment_exp=null, TotalDownPayment_status=null, TotalMonthlyPayment=$83.33, TotalMonthlyPayment_exp=null, TotalMonthlyPayment_status=null, AnalyserResult=null}]]>
              </value>
            </param>
          </params>
          <reporter-output>
          </reporter-output>
        </test-method> <!-- TestCase1 -->
        <test-method status="FAIL" signature="TestCase2(java.lang.Integer, java.lang.Object, java.lang.Object)[pri:0, instance:com.selenium.Test.NITICSuite@91161c7]" name="TestCase2" duration-ms="1000786" started-at="2017-11-30T13:17:24Z" data-provider="UITestData" depends-on-methods="com.selenium.Test.NITICSuite.Login" finished-at="2017-11-30T13:34:05Z">
          <params>
            <param index="0">
              <value>
                <![CDATA[1]]>
              </value>
            </param>
            <param index="1">
              <value>
                <![CDATA[{Si_no=1, Test_data_id=NITIC_01, Flag_for_execution=YCompleted, BusinessType=Business - Not for Hire, FirstName=Test, LastName=QA, PrimaryNumber=1234567890, EmailAddress=test@gmail.com, TypeOfBusiness=Corporation, BusinessName=NITIC, NumberOfYearsInBusiness=1, SSN_FEINChoice=SSN, SSN_FEIN_no=345235645, DescriptionOfOperation=Description of Operation , ICCFilling=Yes, MCNumber=123456789, AddressLine1=1645 Parkway, AddressLine2=Address2, City=Tampa, State=Florida, ZipCode=17050, MailingAddressChoice=, LiabilityLimitType=Combined Single Limit, PrimaryLiabilityLimit=$50,000, PremiumPerVehicle=1000, EffectiveDate=09/07/2017, NumberOfVehicles=1, VIN=12345678901233400, Make=Make, Model=Model , Year=2000, SeatingCapacity=3, BodyType=Tractor, VehicleValue=100001, RadiusCategory=Short, RadiusOfOperation=50, BusinessUse=Commercial, LossPayee1=Yes, LossPayee__Type=Leased, LossPayeeName=loss payee, VehicleNumber=Vehicle #1, DriverName=Driver1, DriverDOB=05/11/1989, Gender=Male, MaritalStatus=Married, LicenseNumber=12345, YearFirstLicensed=2016, YearsofExperience=23, Accident=Yes, NumberOfAccident=1, NumberOfTicket=0, AccidentType=Accident, AccDate=09/05/2016, AccPlace=Test City, ViolationDate=09/05/2016, AIName=AdditionalInsured, CarrierName=PC-Test, PolicyNo=CHIC-6528-02, PriorEffectiveDate=01/06/1996, PriorExpirationDate=01/06/1997, CoverageType=Physical Damage, SHFirstName=Test, SHLastName=SH, Salutation=Sr, Title=Title , QuoteType=New Business, EditLiabilityPremium=No, TotalLiabilityPremium=, AttachementName=CHIC_02, RenewalPrefix=9945, RenewalSuffix=03}]]>
              </value>
            </param>
            <param index="2">
              <value>
                <![CDATA[{Si_no=1, Test_data_id=NITIC_01, Flag_for_execution=Y, QuoteNumber=QNITIC-861, PolicyNumber=B3018-01, LiabilityTotalPremium=$1,200.00, LiabilityTotalPremium_exp=null, LiabilityTotalPremium_status=null, TotalPremium=$1,200.00, TotalPremium_exp=null, TotalPremium_status=null, TotalDownPayment=$366.67, TotalDownPayment_exp=null, TotalDownPayment_status=null, TotalMonthlyPayment=$83.33, TotalMonthlyPayment_exp=null, TotalMonthlyPayment_status=null, AnalyserResult=null}]]>
              </value>
            </param>
          </params>
          <exception class="org.openqa.selenium.TimeoutException">
            <message>
              <![CDATA[Timed out after 1000 seconds waiting for visibility of [[RemoteWebDriver: chrome on XP (fddcaaae-3537-4de0-8df2-acfda28640ed)] -> xpath: //a[contains(.,'Find Policy')]]
Build info: version: '3.0.1', revision: '1969d75', time: '2016-10-18 09:49:13 -0700'
System info: host: 'C1128', ip: '192.168.4.131', os.name: 'Windows 7', os.arch: 'amd64', os.version: '6.1', java.version: '1.8.0_73'
Driver info: org.openqa.selenium.remote.RemoteWebDriver
Capabilities [{applicationCacheEnabled=false, rotatable=false, mobileEmulationEnabled=false, networkConnectionEnabled=false, chrome={chromedriverVersion=2.33.506120 (e3e53437346286c0bc2d2dc9aa4915ba81d9023f), userDataDir=C:\Users\SASIRE~1.SOL\AppData\Local\Temp\scoped_dir25068_4718}, takesHeapSnapshot=true, pageLoadStrategy=normal, databaseEnabled=false, handlesAlerts=true, hasTouchScreen=false, version=62.0.3202.94, platform=XP, browserConnectionEnabled=false, nativeEvents=true, acceptSslCerts=true, webdriver.remote.sessionid=fddcaaae-3537-4de0-8df2-acfda28640ed, locationContextEnabled=true, webStorageEnabled=true, browserName=chrome, takesScreenshot=true, javascriptEnabled=true, cssSelectorsEnabled=true, setWindowRect=true, unexpectedAlertBehaviour=}]
Session ID: fddcaaae-3537-4de0-8df2-acfda28640ed]]>
            </message>
            <full-stacktrace>
              <![CDATA[org.openqa.selenium.TimeoutException: Timed out after 1000 seconds waiting for visibility of [[RemoteWebDriver: chrome on XP (fddcaaae-3537-4de0-8df2-acfda28640ed)] -> xpath: //a[contains(.,'Find Policy')]]
Build info: version: '3.0.1', revision: '1969d75', time: '2016-10-18 09:49:13 -0700'
System info: host: 'C1128', ip: '192.168.4.131', os.name: 'Windows 7', os.arch: 'amd64', os.version: '6.1', java.version: '1.8.0_73'
Driver info: org.openqa.selenium.remote.RemoteWebDriver
Capabilities [{applicationCacheEnabled=false, rotatable=false, mobileEmulationEnabled=false, networkConnectionEnabled=false, chrome={chromedriverVersion=2.33.506120 (e3e53437346286c0bc2d2dc9aa4915ba81d9023f), userDataDir=C:\Users\SASIRE~1.SOL\AppData\Local\Temp\scoped_dir25068_4718}, takesHeapSnapshot=true, pageLoadStrategy=normal, databaseEnabled=false, handlesAlerts=true, hasTouchScreen=false, version=62.0.3202.94, platform=XP, browserConnectionEnabled=false, nativeEvents=true, acceptSslCerts=true, webdriver.remote.sessionid=fddcaaae-3537-4de0-8df2-acfda28640ed, locationContextEnabled=true, webStorageEnabled=true, browserName=chrome, takesScreenshot=true, javascriptEnabled=true, cssSelectorsEnabled=true, setWindowRect=true, unexpectedAlertBehaviour=}]
Session ID: fddcaaae-3537-4de0-8df2-acfda28640ed
	at org.openqa.selenium.support.ui.WebDriverWait.timeoutException(WebDriverWait.java:80)
	at org.openqa.selenium.support.ui.FluentWait.until(FluentWait.java:261)
	at BasePage.BasePage.WaitWithVisibility(BasePage.java:17)
	at NITICPOM.HomePage.ClickFindPolicy(HomePage.java:141)
	at com.selenium.Test.NITICSuite.TestCase2(NITICSuite.java:204)
	at sun.reflect.NativeMethodAccessorImpl.invoke0(Native Method)
	at sun.reflect.NativeMethodAccessorImpl.invoke(NativeMethodAccessorImpl.java:62)
	at sun.reflect.DelegatingMethodAccessorImpl.invoke(DelegatingMethodAccessorImpl.java:43)
	at java.lang.reflect.Method.invoke(Method.java:497)
	at org.testng.internal.MethodInvocationHelper.invokeMethod(MethodInvocationHelper.java:104)
	at org.testng.internal.Invoker.invokeMethod(Invoker.java:645)
	at org.testng.internal.Invoker.invokeTestMethod(Invoker.java:851)
	at org.testng.internal.Invoker.invokeTestMethods(Invoker.java:1177)
	at org.testng.internal.TestMethodWorker.invokeTestMethods(TestMethodWorker.java:129)
	at org.testng.internal.TestMethodWorker.run(TestMethodWorker.java:112)
	at org.testng.TestRunner.privateRun(TestRunner.java:756)
	at org.testng.TestRunner.run(TestRunner.java:610)
	at org.testng.SuiteRunner.runTest(SuiteRunner.java:387)
	at org.testng.SuiteRunner.runSequentially(SuiteRunner.java:382)
	at org.testng.SuiteRunner.privateRun(SuiteRunner.java:340)
	at org.testng.SuiteRunner.run(SuiteRunner.java:289)
	at org.testng.SuiteRunnerWorker.runSuite(SuiteRunnerWorker.java:52)
	at org.testng.SuiteRunnerWorker.run(SuiteRunnerWorker.java:86)
	at org.testng.TestNG.runSuitesSequentially(TestNG.java:1293)
	at org.testng.TestNG.runSuitesLocally(TestNG.java:1218)
	at org.testng.TestNG.runSuites(TestNG.java:1133)
	at org.testng.TestNG.run(TestNG.java:1104)
	at org.testng.remote.AbstractRemoteTestNG.run(AbstractRemoteTestNG.java:132)
	at org.testng.remote.RemoteTestNG.initAndRun(RemoteTestNG.java:236)
	at org.testng.remote.RemoteTestNG.main(RemoteTestNG.java:81)
]]>
            </full-stacktrace>
          </exception> <!-- org.openqa.selenium.TimeoutException -->
          <reporter-output>
          </reporter-output>
        </test-method> <!-- TestCase2 -->
        <test-method status="FAIL" signature="TestCase2(java.lang.Integer, java.lang.Object, java.lang.Object)[pri:0, instance:com.selenium.Test.NITICSuite@91161c7]" name="TestCase2" duration-ms="1000860" started-at="2017-11-30T13:34:05Z" data-provider="UITestData" depends-on-methods="com.selenium.Test.NITICSuite.Login" finished-at="2017-11-30T13:50:46Z">
          <params>
            <param index="0">
              <value>
                <![CDATA[2]]>
              </value>
            </param>
            <param index="1">
              <value>
                <![CDATA[{Si_no=2, Test_data_id=NITIC_02, Flag_for_execution=YCompleted, BusinessType=Business - Not for Hire, FirstName=Test, LastName=QA, PrimaryNumber=1234567890, EmailAddress=test@gmail.com, TypeOfBusiness=Corporation, BusinessName=NITIC, NumberOfYearsInBusiness=1, SSN_FEINChoice=SSN, SSN_FEIN_no=345235645, DescriptionOfOperation=Description of Operation , ICCFilling=Yes, MCNumber=123456789, AddressLine1=1645 Parkway, AddressLine2=Address2, City=Tampa, State=Florida, ZipCode=17050, MailingAddressChoice=, LiabilityLimitType=Combined Single Limit, PrimaryLiabilityLimit=$50,000, PremiumPerVehicle=2000, EffectiveDate=09/07/2017, NumberOfVehicles=1, VIN=12345678901233400, Make=Make, Model=Model , Year=2000, SeatingCapacity=3, BodyType=Tractor, VehicleValue=100001, RadiusCategory=Short, RadiusOfOperation=50, BusinessUse=Commercial, LossPayee1=Yes, LossPayee__Type=Leased, LossPayeeName=loss payee, VehicleNumber=Vehicle #1, DriverName=Driver1, DriverDOB=05/11/1989, Gender=Female, MaritalStatus=Married, LicenseNumber=12345, YearFirstLicensed=2016, YearsofExperience=23, Accident=Yes, NumberOfAccident=1, NumberOfTicket=0, AccidentType=Accident, AccDate=09/05/2016, AccPlace=Test City, ViolationDate=09/05/2016, AIName=AdditionalInsured, CarrierName=PC-Test, PolicyNo=CHIC-6528-02, PriorEffectiveDate=01/06/1996, PriorExpirationDate=01/06/1997, CoverageType=Physical Damage, SHFirstName=Test, SHLastName=SH, Salutation=Sr, Title=Title , QuoteType=New Business, EditLiabilityPremium=No, TotalLiabilityPremium=, AttachementName=CHIC_02, RenewalPrefix=9945, RenewalSuffix=03}]]>
              </value>
            </param>
            <param index="2">
              <value>
                <![CDATA[{Si_no=2, Test_data_id=NITIC_02, Flag_for_execution=Y, QuoteNumber=QNITIC-862, PolicyNumber=B3019-01, LiabilityTotalPremium=$1,200.00, LiabilityTotalPremium_exp=null, LiabilityTotalPremium_status=null, TotalPremium=$1,200.00, TotalPremium_exp=null, TotalPremium_status=null, TotalDownPayment=$366.67, TotalDownPayment_exp=null, TotalDownPayment_status=null, TotalMonthlyPayment=$83.33, TotalMonthlyPayment_exp=null, TotalMonthlyPayment_status=null, AnalyserResult=null}]]>
              </value>
            </param>
          </params>
          <exception class="org.openqa.selenium.TimeoutException">
            <message>
              <![CDATA[Timed out after 1000 seconds waiting for visibility of [[RemoteWebDriver: chrome on XP (fddcaaae-3537-4de0-8df2-acfda28640ed)] -> xpath: //a[contains(.,'Find Policy')]]
Build info: version: '3.0.1', revision: '1969d75', time: '2016-10-18 09:49:13 -0700'
System info: host: 'C1128', ip: '192.168.4.131', os.name: 'Windows 7', os.arch: 'amd64', os.version: '6.1', java.version: '1.8.0_73'
Driver info: org.openqa.selenium.remote.RemoteWebDriver
Capabilities [{applicationCacheEnabled=false, rotatable=false, mobileEmulationEnabled=false, networkConnectionEnabled=false, chrome={chromedriverVersion=2.33.506120 (e3e53437346286c0bc2d2dc9aa4915ba81d9023f), userDataDir=C:\Users\SASIRE~1.SOL\AppData\Local\Temp\scoped_dir25068_4718}, takesHeapSnapshot=true, pageLoadStrategy=normal, databaseEnabled=false, handlesAlerts=true, hasTouchScreen=false, version=62.0.3202.94, platform=XP, browserConnectionEnabled=false, nativeEvents=true, acceptSslCerts=true, webdriver.remote.sessionid=fddcaaae-3537-4de0-8df2-acfda28640ed, locationContextEnabled=true, webStorageEnabled=true, browserName=chrome, takesScreenshot=true, javascriptEnabled=true, cssSelectorsEnabled=true, setWindowRect=true, unexpectedAlertBehaviour=}]
Session ID: fddcaaae-3537-4de0-8df2-acfda28640ed]]>
            </message>
            <full-stacktrace>
              <![CDATA[org.openqa.selenium.TimeoutException: Timed out after 1000 seconds waiting for visibility of [[RemoteWebDriver: chrome on XP (fddcaaae-3537-4de0-8df2-acfda28640ed)] -> xpath: //a[contains(.,'Find Policy')]]
Build info: version: '3.0.1', revision: '1969d75', time: '2016-10-18 09:49:13 -0700'
System info: host: 'C1128', ip: '192.168.4.131', os.name: 'Windows 7', os.arch: 'amd64', os.version: '6.1', java.version: '1.8.0_73'
Driver info: org.openqa.selenium.remote.RemoteWebDriver
Capabilities [{applicationCacheEnabled=false, rotatable=false, mobileEmulationEnabled=false, networkConnectionEnabled=false, chrome={chromedriverVersion=2.33.506120 (e3e53437346286c0bc2d2dc9aa4915ba81d9023f), userDataDir=C:\Users\SASIRE~1.SOL\AppData\Local\Temp\scoped_dir25068_4718}, takesHeapSnapshot=true, pageLoadStrategy=normal, databaseEnabled=false, handlesAlerts=true, hasTouchScreen=false, version=62.0.3202.94, platform=XP, browserConnectionEnabled=false, nativeEvents=true, acceptSslCerts=true, webdriver.remote.sessionid=fddcaaae-3537-4de0-8df2-acfda28640ed, locationContextEnabled=true, webStorageEnabled=true, browserName=chrome, takesScreenshot=true, javascriptEnabled=true, cssSelectorsEnabled=true, setWindowRect=true, unexpectedAlertBehaviour=}]
Session ID: fddcaaae-3537-4de0-8df2-acfda28640ed
	at org.openqa.selenium.support.ui.WebDriverWait.timeoutException(WebDriverWait.java:80)
	at org.openqa.selenium.support.ui.FluentWait.until(FluentWait.java:261)
	at BasePage.BasePage.WaitWithVisibility(BasePage.java:17)
	at NITICPOM.HomePage.ClickFindPolicy(HomePage.java:141)
	at com.selenium.Test.NITICSuite.TestCase2(NITICSuite.java:204)
	at sun.reflect.NativeMethodAccessorImpl.invoke0(Native Method)
	at sun.reflect.NativeMethodAccessorImpl.invoke(NativeMethodAccessorImpl.java:62)
	at sun.reflect.DelegatingMethodAccessorImpl.invoke(DelegatingMethodAccessorImpl.java:43)
	at java.lang.reflect.Method.invoke(Method.java:497)
	at org.testng.internal.MethodInvocationHelper.invokeMethod(MethodInvocationHelper.java:104)
	at org.testng.internal.Invoker.invokeMethod(Invoker.java:645)
	at org.testng.internal.Invoker.invokeTestMethod(Invoker.java:851)
	at org.testng.internal.Invoker.invokeTestMethods(Invoker.java:1177)
	at org.testng.internal.TestMethodWorker.invokeTestMethods(TestMethodWorker.java:129)
	at org.testng.internal.TestMethodWorker.run(TestMethodWorker.java:112)
	at org.testng.TestRunner.privateRun(TestRunner.java:756)
	at org.testng.TestRunner.run(TestRunner.java:610)
	at org.testng.SuiteRunner.runTest(SuiteRunner.java:387)
	at org.testng.SuiteRunner.runSequentially(SuiteRunner.java:382)
	at org.testng.SuiteRunner.privateRun(SuiteRunner.java:340)
	at org.testng.SuiteRunner.run(SuiteRunner.java:289)
	at org.testng.SuiteRunnerWorker.runSuite(SuiteRunnerWorker.java:52)
	at org.testng.SuiteRunnerWorker.run(SuiteRunnerWorker.java:86)
	at org.testng.TestNG.runSuitesSequentially(TestNG.java:1293)
	at org.testng.TestNG.runSuitesLocally(TestNG.java:1218)
	at org.testng.TestNG.runSuites(TestNG.java:1133)
	at org.testng.TestNG.run(TestNG.java:1104)
	at org.testng.remote.AbstractRemoteTestNG.run(AbstractRemoteTestNG.java:132)
	at org.testng.remote.RemoteTestNG.initAndRun(RemoteTestNG.java:236)
	at org.testng.remote.RemoteTestNG.main(RemoteTestNG.java:81)
]]>
            </full-stacktrace>
          </exception> <!-- org.openqa.selenium.TimeoutException -->
          <reporter-output>
          </reporter-output>
        </test-method> <!-- TestCase2 -->
      </class> <!-- com.selenium.Test.NITICSuite -->
    </test> <!-- Test1 -->
    <test name="Test2" duration-ms="2018179" started-at="2017-11-30T08:20:46Z" finished-at="2017-11-30T08:54:24Z">
      <class name="com.selenium.Test.NITICSuite">
        <test-method status="PASS" signature="loadconfig(java.lang.String, java.lang.String, java.lang.String, java.lang.String, java.lang.String, java.lang.String, java.lang.String, java.lang.String, java.lang.String, java.lang.String)[pri:0, instance:com.selenium.Test.NITICSuite@13deb50e]" name="loadconfig" is-config="true" duration-ms="243" started-at="2017-11-30T13:13:19Z" finished-at="2017-11-30T13:13:20Z">
          <params>
            <param index="0">
              <value>
                <![CDATA[NITIC]]>
              </value>
            </param>
            <param index="1">
              <value>
                <![CDATA[Quote]]>
              </value>
            </param>
            <param index="2">
              <value>
                <![CDATA[QA]]>
              </value>
            </param>
            <param index="3">
              <value>
                <![CDATA[Y]]>
              </value>
            </param>
            <param index="4">
              <value>
                <![CDATA[com.mysql.jdbc.Driver]]>
              </value>
            </param>
            <param index="5">
              <value>
                <![CDATA[jdbc:mysql://192.168.35.2:3391/SeleniumConfig]]>
              </value>
            </param>
            <param index="6">
              <value>
                <![CDATA[root]]>
              </value>
            </param>
            <param index="7">
              <value>
                <![CDATA[password]]>
              </value>
            </param>
            <param index="8">
              <value>
                <![CDATA[chrome]]>
              </value>
            </param>
            <param index="9">
              <value>
                <![CDATA[ActualOnly]]>
              </value>
            </param>
          </params>
          <reporter-output>
          </reporter-output>
        </test-method> <!-- loadconfig -->
        <test-method status="PASS" signature="launchBrowser(java.lang.String, java.lang.String)[pri:0, instance:com.selenium.Test.NITICSuite@13deb50e]" name="launchBrowser" is-config="true" duration-ms="3875" started-at="2017-11-30T13:50:46Z" finished-at="2017-11-30T13:50:50Z">
          <params>
            <param index="0">
              <value>
                <![CDATA[chrome]]>
              </value>
            </param>
            <param index="1">
              <value>
                <![CDATA[Y]]>
              </value>
            </param>
          </params>
          <reporter-output>
          </reporter-output>
        </test-method> <!-- launchBrowser -->
        <test-method status="PASS" signature="Login()[pri:0, instance:com.selenium.Test.NITICSuite@13deb50e]" name="Login" duration-ms="13759" started-at="2017-11-30T13:50:50Z" finished-at="2017-11-30T13:51:03Z">
          <reporter-output>
          </reporter-output>
        </test-method> <!-- Login -->
        <test-method status="PASS" signature="TestCase1(java.lang.Integer, java.lang.Object, java.lang.Object)[pri:0, instance:com.selenium.Test.NITICSuite@13deb50e]" name="TestCase1" duration-ms="18" started-at="2017-11-30T13:51:03Z" data-provider="UITestData" depends-on-methods="com.selenium.Test.NITICSuite.Login" finished-at="2017-11-30T13:51:03Z">
          <params>
            <param index="0">
              <value>
                <![CDATA[1]]>
              </value>
            </param>
            <param index="1">
              <value>
                <![CDATA[{Si_no=1, Test_data_id=NITIC_01, Flag_for_execution=YCompleted, BusinessType=Business - Not for Hire, FirstName=Test, LastName=QA, PrimaryNumber=1234567890, EmailAddress=test@gmail.com, TypeOfBusiness=Corporation, BusinessName=NITIC, NumberOfYearsInBusiness=1, SSN_FEINChoice=SSN, SSN_FEIN_no=345235645, DescriptionOfOperation=Description of Operation , ICCFilling=Yes, MCNumber=123456789, AddressLine1=1645 Parkway, AddressLine2=Address2, City=Tampa, State=Florida, ZipCode=17050, MailingAddressChoice=, LiabilityLimitType=Combined Single Limit, PrimaryLiabilityLimit=$50,000, PremiumPerVehicle=1000, EffectiveDate=09/07/2017, NumberOfVehicles=1, VIN=12345678901233400, Make=Make, Model=Model , Year=2000, SeatingCapacity=3, BodyType=Tractor, VehicleValue=100001, RadiusCategory=Short, RadiusOfOperation=50, BusinessUse=Commercial, LossPayee1=Yes, LossPayee__Type=Leased, LossPayeeName=loss payee, VehicleNumber=Vehicle #1, DriverName=Driver1, DriverDOB=05/11/1989, Gender=Male, MaritalStatus=Married, LicenseNumber=12345, YearFirstLicensed=2016, YearsofExperience=23, Accident=Yes, NumberOfAccident=1, NumberOfTicket=0, AccidentType=Accident, AccDate=09/05/2016, AccPlace=Test City, ViolationDate=09/05/2016, AIName=AdditionalInsured, CarrierName=PC-Test, PolicyNo=CHIC-6528-02, PriorEffectiveDate=01/06/1996, PriorExpirationDate=01/06/1997, CoverageType=Physical Damage, SHFirstName=Test, SHLastName=SH, Salutation=Sr, Title=Title , QuoteType=New Business, EditLiabilityPremium=No, TotalLiabilityPremium=, AttachementName=CHIC_02, RenewalPrefix=9945, RenewalSuffix=03}]]>
              </value>
            </param>
            <param index="2">
              <value>
                <![CDATA[{Si_no=1, Test_data_id=NITIC_01, Flag_for_execution=Y, QuoteNumber=QNITIC-861, PolicyNumber=B3018-01, LiabilityTotalPremium=$1,200.00, LiabilityTotalPremium_exp=null, LiabilityTotalPremium_status=null, TotalPremium=$1,200.00, TotalPremium_exp=null, TotalPremium_status=null, TotalDownPayment=$366.67, TotalDownPayment_exp=null, TotalDownPayment_status=null, TotalMonthlyPayment=$83.33, TotalMonthlyPayment_exp=null, TotalMonthlyPayment_status=null, AnalyserResult=null}]]>
              </value>
            </param>
          </params>
          <reporter-output>
          </reporter-output>
        </test-method> <!-- TestCase1 -->
        <test-method status="PASS" signature="TestCase1(java.lang.Integer, java.lang.Object, java.lang.Object)[pri:0, instance:com.selenium.Test.NITICSuite@13deb50e]" name="TestCase1" duration-ms="11" started-at="2017-11-30T13:51:03Z" data-provider="UITestData" depends-on-methods="com.selenium.Test.NITICSuite.Login" finished-at="2017-11-30T13:51:03Z">
          <params>
            <param index="0">
              <value>
                <![CDATA[2]]>
              </value>
            </param>
            <param index="1">
              <value>
                <![CDATA[{Si_no=2, Test_data_id=NITIC_02, Flag_for_execution=YCompleted, BusinessType=Business - Not for Hire, FirstName=Test, LastName=QA, PrimaryNumber=1234567890, EmailAddress=test@gmail.com, TypeOfBusiness=Corporation, BusinessName=NITIC, NumberOfYearsInBusiness=1, SSN_FEINChoice=SSN, SSN_FEIN_no=345235645, DescriptionOfOperation=Description of Operation , ICCFilling=Yes, MCNumber=123456789, AddressLine1=1645 Parkway, AddressLine2=Address2, City=Tampa, State=Florida, ZipCode=17050, MailingAddressChoice=, LiabilityLimitType=Combined Single Limit, PrimaryLiabilityLimit=$50,000, PremiumPerVehicle=2000, EffectiveDate=09/07/2017, NumberOfVehicles=1, VIN=12345678901233400, Make=Make, Model=Model , Year=2000, SeatingCapacity=3, BodyType=Tractor, VehicleValue=100001, RadiusCategory=Short, RadiusOfOperation=50, BusinessUse=Commercial, LossPayee1=Yes, LossPayee__Type=Leased, LossPayeeName=loss payee, VehicleNumber=Vehicle #1, DriverName=Driver1, DriverDOB=05/11/1989, Gender=Female, MaritalStatus=Married, LicenseNumber=12345, YearFirstLicensed=2016, YearsofExperience=23, Accident=Yes, NumberOfAccident=1, NumberOfTicket=0, AccidentType=Accident, AccDate=09/05/2016, AccPlace=Test City, ViolationDate=09/05/2016, AIName=AdditionalInsured, CarrierName=PC-Test, PolicyNo=CHIC-6528-02, PriorEffectiveDate=01/06/1996, PriorExpirationDate=01/06/1997, CoverageType=Physical Damage, SHFirstName=Test, SHLastName=SH, Salutation=Sr, Title=Title , QuoteType=New Business, EditLiabilityPremium=No, TotalLiabilityPremium=, AttachementName=CHIC_02, RenewalPrefix=9945, RenewalSuffix=03}]]>
              </value>
            </param>
            <param index="2">
              <value>
                <![CDATA[{Si_no=2, Test_data_id=NITIC_02, Flag_for_execution=Y, QuoteNumber=QNITIC-862, PolicyNumber=B3019-01, LiabilityTotalPremium=$1,200.00, LiabilityTotalPremium_exp=null, LiabilityTotalPremium_status=null, TotalPremium=$1,200.00, TotalPremium_exp=null, TotalPremium_status=null, TotalDownPayment=$366.67, TotalDownPayment_exp=null, TotalDownPayment_status=null, TotalMonthlyPayment=$83.33, TotalMonthlyPayment_exp=null, TotalMonthlyPayment_status=null, AnalyserResult=null}]]>
              </value>
            </param>
          </params>
          <reporter-output>
          </reporter-output>
        </test-method> <!-- TestCase1 -->
        <test-method status="FAIL" signature="TestCase2(java.lang.Integer, java.lang.Object, java.lang.Object)[pri:0, instance:com.selenium.Test.NITICSuite@13deb50e]" name="TestCase2" duration-ms="1000205" started-at="2017-11-30T13:51:03Z" data-provider="UITestData" depends-on-methods="com.selenium.Test.NITICSuite.Login" finished-at="2017-11-30T14:07:44Z">
          <params>
            <param index="0">
              <value>
                <![CDATA[1]]>
              </value>
            </param>
            <param index="1">
              <value>
                <![CDATA[{Si_no=1, Test_data_id=NITIC_01, Flag_for_execution=YCompleted, BusinessType=Business - Not for Hire, FirstName=Test, LastName=QA, PrimaryNumber=1234567890, EmailAddress=test@gmail.com, TypeOfBusiness=Corporation, BusinessName=NITIC, NumberOfYearsInBusiness=1, SSN_FEINChoice=SSN, SSN_FEIN_no=345235645, DescriptionOfOperation=Description of Operation , ICCFilling=Yes, MCNumber=123456789, AddressLine1=1645 Parkway, AddressLine2=Address2, City=Tampa, State=Florida, ZipCode=17050, MailingAddressChoice=, LiabilityLimitType=Combined Single Limit, PrimaryLiabilityLimit=$50,000, PremiumPerVehicle=1000, EffectiveDate=09/07/2017, NumberOfVehicles=1, VIN=12345678901233400, Make=Make, Model=Model , Year=2000, SeatingCapacity=3, BodyType=Tractor, VehicleValue=100001, RadiusCategory=Short, RadiusOfOperation=50, BusinessUse=Commercial, LossPayee1=Yes, LossPayee__Type=Leased, LossPayeeName=loss payee, VehicleNumber=Vehicle #1, DriverName=Driver1, DriverDOB=05/11/1989, Gender=Male, MaritalStatus=Married, LicenseNumber=12345, YearFirstLicensed=2016, YearsofExperience=23, Accident=Yes, NumberOfAccident=1, NumberOfTicket=0, AccidentType=Accident, AccDate=09/05/2016, AccPlace=Test City, ViolationDate=09/05/2016, AIName=AdditionalInsured, CarrierName=PC-Test, PolicyNo=CHIC-6528-02, PriorEffectiveDate=01/06/1996, PriorExpirationDate=01/06/1997, CoverageType=Physical Damage, SHFirstName=Test, SHLastName=SH, Salutation=Sr, Title=Title , QuoteType=New Business, EditLiabilityPremium=No, TotalLiabilityPremium=, AttachementName=CHIC_02, RenewalPrefix=9945, RenewalSuffix=03}]]>
              </value>
            </param>
            <param index="2">
              <value>
                <![CDATA[{Si_no=1, Test_data_id=NITIC_01, Flag_for_execution=Y, QuoteNumber=QNITIC-861, PolicyNumber=B3018-01, LiabilityTotalPremium=$1,200.00, LiabilityTotalPremium_exp=null, LiabilityTotalPremium_status=null, TotalPremium=$1,200.00, TotalPremium_exp=null, TotalPremium_status=null, TotalDownPayment=$366.67, TotalDownPayment_exp=null, TotalDownPayment_status=null, TotalMonthlyPayment=$83.33, TotalMonthlyPayment_exp=null, TotalMonthlyPayment_status=null, AnalyserResult=null}]]>
              </value>
            </param>
          </params>
          <exception class="org.openqa.selenium.TimeoutException">
            <message>
              <![CDATA[Timed out after 1000 seconds waiting for visibility of [[RemoteWebDriver: chrome on XP (d0bde43e-630b-4e74-a5a3-7dcb1482b319)] -> xpath: //a[contains(.,'Find Policy')]]
Build info: version: '3.0.1', revision: '1969d75', time: '2016-10-18 09:49:13 -0700'
System info: host: 'C1128', ip: '192.168.4.131', os.name: 'Windows 7', os.arch: 'amd64', os.version: '6.1', java.version: '1.8.0_73'
Driver info: org.openqa.selenium.remote.RemoteWebDriver
Capabilities [{applicationCacheEnabled=false, rotatable=false, mobileEmulationEnabled=false, networkConnectionEnabled=false, chrome={chromedriverVersion=2.33.506120 (e3e53437346286c0bc2d2dc9aa4915ba81d9023f), userDataDir=C:\Users\SASIRE~1.SOL\AppData\Local\Temp\scoped_dir27772_31360}, takesHeapSnapshot=true, pageLoadStrategy=normal, databaseEnabled=false, handlesAlerts=true, hasTouchScreen=false, version=62.0.3202.94, platform=XP, browserConnectionEnabled=false, nativeEvents=true, acceptSslCerts=true, webdriver.remote.sessionid=d0bde43e-630b-4e74-a5a3-7dcb1482b319, locationContextEnabled=true, webStorageEnabled=true, browserName=chrome, takesScreenshot=true, javascriptEnabled=true, cssSelectorsEnabled=true, setWindowRect=true, unexpectedAlertBehaviour=}]
Session ID: d0bde43e-630b-4e74-a5a3-7dcb1482b319]]>
            </message>
            <full-stacktrace>
              <![CDATA[org.openqa.selenium.TimeoutException: Timed out after 1000 seconds waiting for visibility of [[RemoteWebDriver: chrome on XP (d0bde43e-630b-4e74-a5a3-7dcb1482b319)] -> xpath: //a[contains(.,'Find Policy')]]
Build info: version: '3.0.1', revision: '1969d75', time: '2016-10-18 09:49:13 -0700'
System info: host: 'C1128', ip: '192.168.4.131', os.name: 'Windows 7', os.arch: 'amd64', os.version: '6.1', java.version: '1.8.0_73'
Driver info: org.openqa.selenium.remote.RemoteWebDriver
Capabilities [{applicationCacheEnabled=false, rotatable=false, mobileEmulationEnabled=false, networkConnectionEnabled=false, chrome={chromedriverVersion=2.33.506120 (e3e53437346286c0bc2d2dc9aa4915ba81d9023f), userDataDir=C:\Users\SASIRE~1.SOL\AppData\Local\Temp\scoped_dir27772_31360}, takesHeapSnapshot=true, pageLoadStrategy=normal, databaseEnabled=false, handlesAlerts=true, hasTouchScreen=false, version=62.0.3202.94, platform=XP, browserConnectionEnabled=false, nativeEvents=true, acceptSslCerts=true, webdriver.remote.sessionid=d0bde43e-630b-4e74-a5a3-7dcb1482b319, locationContextEnabled=true, webStorageEnabled=true, browserName=chrome, takesScreenshot=true, javascriptEnabled=true, cssSelectorsEnabled=true, setWindowRect=true, unexpectedAlertBehaviour=}]
Session ID: d0bde43e-630b-4e74-a5a3-7dcb1482b319
	at org.openqa.selenium.support.ui.WebDriverWait.timeoutException(WebDriverWait.java:80)
	at org.openqa.selenium.support.ui.FluentWait.until(FluentWait.java:261)
	at BasePage.BasePage.WaitWithVisibility(BasePage.java:17)
	at NITICPOM.HomePage.ClickFindPolicy(HomePage.java:141)
	at com.selenium.Test.NITICSuite.TestCase2(NITICSuite.java:204)
	at sun.reflect.NativeMethodAccessorImpl.invoke0(Native Method)
	at sun.reflect.NativeMethodAccessorImpl.invoke(NativeMethodAccessorImpl.java:62)
	at sun.reflect.DelegatingMethodAccessorImpl.invoke(DelegatingMethodAccessorImpl.java:43)
	at java.lang.reflect.Method.invoke(Method.java:497)
	at org.testng.internal.MethodInvocationHelper.invokeMethod(MethodInvocationHelper.java:104)
	at org.testng.internal.Invoker.invokeMethod(Invoker.java:645)
	at org.testng.internal.Invoker.invokeTestMethod(Invoker.java:851)
	at org.testng.internal.Invoker.invokeTestMethods(Invoker.java:1177)
	at org.testng.internal.TestMethodWorker.invokeTestMethods(TestMethodWorker.java:129)
	at org.testng.internal.TestMethodWorker.run(TestMethodWorker.java:112)
	at org.testng.TestRunner.privateRun(TestRunner.java:756)
	at org.testng.TestRunner.run(TestRunner.java:610)
	at org.testng.SuiteRunner.runTest(SuiteRunner.java:387)
	at org.testng.SuiteRunner.runSequentially(SuiteRunner.java:382)
	at org.testng.SuiteRunner.privateRun(SuiteRunner.java:340)
	at org.testng.SuiteRunner.run(SuiteRunner.java:289)
	at org.testng.SuiteRunnerWorker.runSuite(SuiteRunnerWorker.java:52)
	at org.testng.SuiteRunnerWorker.run(SuiteRunnerWorker.java:86)
	at org.testng.TestNG.runSuitesSequentially(TestNG.java:1293)
	at org.testng.TestNG.runSuitesLocally(TestNG.java:1218)
	at org.testng.TestNG.runSuites(TestNG.java:1133)
	at org.testng.TestNG.run(TestNG.java:1104)
	at org.testng.remote.AbstractRemoteTestNG.run(AbstractRemoteTestNG.java:132)
	at org.testng.remote.RemoteTestNG.initAndRun(RemoteTestNG.java:236)
	at org.testng.remote.RemoteTestNG.main(RemoteTestNG.java:81)
]]>
            </full-stacktrace>
          </exception> <!-- org.openqa.selenium.TimeoutException -->
          <reporter-output>
          </reporter-output>
        </test-method> <!-- TestCase2 -->
        <test-method status="FAIL" signature="TestCase2(java.lang.Integer, java.lang.Object, java.lang.Object)[pri:0, instance:com.selenium.Test.NITICSuite@13deb50e]" name="TestCase2" duration-ms="1000273" started-at="2017-11-30T14:07:44Z" data-provider="UITestData" depends-on-methods="com.selenium.Test.NITICSuite.Login" finished-at="2017-11-30T14:24:24Z">
          <params>
            <param index="0">
              <value>
                <![CDATA[2]]>
              </value>
            </param>
            <param index="1">
              <value>
                <![CDATA[{Si_no=2, Test_data_id=NITIC_02, Flag_for_execution=YCompleted, BusinessType=Business - Not for Hire, FirstName=Test, LastName=QA, PrimaryNumber=1234567890, EmailAddress=test@gmail.com, TypeOfBusiness=Corporation, BusinessName=NITIC, NumberOfYearsInBusiness=1, SSN_FEINChoice=SSN, SSN_FEIN_no=345235645, DescriptionOfOperation=Description of Operation , ICCFilling=Yes, MCNumber=123456789, AddressLine1=1645 Parkway, AddressLine2=Address2, City=Tampa, State=Florida, ZipCode=17050, MailingAddressChoice=, LiabilityLimitType=Combined Single Limit, PrimaryLiabilityLimit=$50,000, PremiumPerVehicle=2000, EffectiveDate=09/07/2017, NumberOfVehicles=1, VIN=12345678901233400, Make=Make, Model=Model , Year=2000, SeatingCapacity=3, BodyType=Tractor, VehicleValue=100001, RadiusCategory=Short, RadiusOfOperation=50, BusinessUse=Commercial, LossPayee1=Yes, LossPayee__Type=Leased, LossPayeeName=loss payee, VehicleNumber=Vehicle #1, DriverName=Driver1, DriverDOB=05/11/1989, Gender=Female, MaritalStatus=Married, LicenseNumber=12345, YearFirstLicensed=2016, YearsofExperience=23, Accident=Yes, NumberOfAccident=1, NumberOfTicket=0, AccidentType=Accident, AccDate=09/05/2016, AccPlace=Test City, ViolationDate=09/05/2016, AIName=AdditionalInsured, CarrierName=PC-Test, PolicyNo=CHIC-6528-02, PriorEffectiveDate=01/06/1996, PriorExpirationDate=01/06/1997, CoverageType=Physical Damage, SHFirstName=Test, SHLastName=SH, Salutation=Sr, Title=Title , QuoteType=New Business, EditLiabilityPremium=No, TotalLiabilityPremium=, AttachementName=CHIC_02, RenewalPrefix=9945, RenewalSuffix=03}]]>
              </value>
            </param>
            <param index="2">
              <value>
                <![CDATA[{Si_no=2, Test_data_id=NITIC_02, Flag_for_execution=Y, QuoteNumber=QNITIC-862, PolicyNumber=B3019-01, LiabilityTotalPremium=$1,200.00, LiabilityTotalPremium_exp=null, LiabilityTotalPremium_status=null, TotalPremium=$1,200.00, TotalPremium_exp=null, TotalPremium_status=null, TotalDownPayment=$366.67, TotalDownPayment_exp=null, TotalDownPayment_status=null, TotalMonthlyPayment=$83.33, TotalMonthlyPayment_exp=null, TotalMonthlyPayment_status=null, AnalyserResult=null}]]>
              </value>
            </param>
          </params>
          <exception class="org.openqa.selenium.TimeoutException">
            <message>
              <![CDATA[Timed out after 1000 seconds waiting for visibility of [[RemoteWebDriver: chrome on XP (d0bde43e-630b-4e74-a5a3-7dcb1482b319)] -> xpath: //a[contains(.,'Find Policy')]]
Build info: version: '3.0.1', revision: '1969d75', time: '2016-10-18 09:49:13 -0700'
System info: host: 'C1128', ip: '192.168.4.131', os.name: 'Windows 7', os.arch: 'amd64', os.version: '6.1', java.version: '1.8.0_73'
Driver info: org.openqa.selenium.remote.RemoteWebDriver
Capabilities [{applicationCacheEnabled=false, rotatable=false, mobileEmulationEnabled=false, networkConnectionEnabled=false, chrome={chromedriverVersion=2.33.506120 (e3e53437346286c0bc2d2dc9aa4915ba81d9023f), userDataDir=C:\Users\SASIRE~1.SOL\AppData\Local\Temp\scoped_dir27772_31360}, takesHeapSnapshot=true, pageLoadStrategy=normal, databaseEnabled=false, handlesAlerts=true, hasTouchScreen=false, version=62.0.3202.94, platform=XP, browserConnectionEnabled=false, nativeEvents=true, acceptSslCerts=true, webdriver.remote.sessionid=d0bde43e-630b-4e74-a5a3-7dcb1482b319, locationContextEnabled=true, webStorageEnabled=true, browserName=chrome, takesScreenshot=true, javascriptEnabled=true, cssSelectorsEnabled=true, setWindowRect=true, unexpectedAlertBehaviour=}]
Session ID: d0bde43e-630b-4e74-a5a3-7dcb1482b319]]>
            </message>
            <full-stacktrace>
              <![CDATA[org.openqa.selenium.TimeoutException: Timed out after 1000 seconds waiting for visibility of [[RemoteWebDriver: chrome on XP (d0bde43e-630b-4e74-a5a3-7dcb1482b319)] -> xpath: //a[contains(.,'Find Policy')]]
Build info: version: '3.0.1', revision: '1969d75', time: '2016-10-18 09:49:13 -0700'
System info: host: 'C1128', ip: '192.168.4.131', os.name: 'Windows 7', os.arch: 'amd64', os.version: '6.1', java.version: '1.8.0_73'
Driver info: org.openqa.selenium.remote.RemoteWebDriver
Capabilities [{applicationCacheEnabled=false, rotatable=false, mobileEmulationEnabled=false, networkConnectionEnabled=false, chrome={chromedriverVersion=2.33.506120 (e3e53437346286c0bc2d2dc9aa4915ba81d9023f), userDataDir=C:\Users\SASIRE~1.SOL\AppData\Local\Temp\scoped_dir27772_31360}, takesHeapSnapshot=true, pageLoadStrategy=normal, databaseEnabled=false, handlesAlerts=true, hasTouchScreen=false, version=62.0.3202.94, platform=XP, browserConnectionEnabled=false, nativeEvents=true, acceptSslCerts=true, webdriver.remote.sessionid=d0bde43e-630b-4e74-a5a3-7dcb1482b319, locationContextEnabled=true, webStorageEnabled=true, browserName=chrome, takesScreenshot=true, javascriptEnabled=true, cssSelectorsEnabled=true, setWindowRect=true, unexpectedAlertBehaviour=}]
Session ID: d0bde43e-630b-4e74-a5a3-7dcb1482b319
	at org.openqa.selenium.support.ui.WebDriverWait.timeoutException(WebDriverWait.java:80)
	at org.openqa.selenium.support.ui.FluentWait.until(FluentWait.java:261)
	at BasePage.BasePage.WaitWithVisibility(BasePage.java:17)
	at NITICPOM.HomePage.ClickFindPolicy(HomePage.java:141)
	at com.selenium.Test.NITICSuite.TestCase2(NITICSuite.java:204)
	at sun.reflect.NativeMethodAccessorImpl.invoke0(Native Method)
	at sun.reflect.NativeMethodAccessorImpl.invoke(NativeMethodAccessorImpl.java:62)
	at sun.reflect.DelegatingMethodAccessorImpl.invoke(DelegatingMethodAccessorImpl.java:43)
	at java.lang.reflect.Method.invoke(Method.java:497)
	at org.testng.internal.MethodInvocationHelper.invokeMethod(MethodInvocationHelper.java:104)
	at org.testng.internal.Invoker.invokeMethod(Invoker.java:645)
	at org.testng.internal.Invoker.invokeTestMethod(Invoker.java:851)
	at org.testng.internal.Invoker.invokeTestMethods(Invoker.java:1177)
	at org.testng.internal.TestMethodWorker.invokeTestMethods(TestMethodWorker.java:129)
	at org.testng.internal.TestMethodWorker.run(TestMethodWorker.java:112)
	at org.testng.TestRunner.privateRun(TestRunner.java:756)
	at org.testng.TestRunner.run(TestRunner.java:610)
	at org.testng.SuiteRunner.runTest(SuiteRunner.java:387)
	at org.testng.SuiteRunner.runSequentially(SuiteRunner.java:382)
	at org.testng.SuiteRunner.privateRun(SuiteRunner.java:340)
	at org.testng.SuiteRunner.run(SuiteRunner.java:289)
	at org.testng.SuiteRunnerWorker.runSuite(SuiteRunnerWorker.java:52)
	at org.testng.SuiteRunnerWorker.run(SuiteRunnerWorker.java:86)
	at org.testng.TestNG.runSuitesSequentially(TestNG.java:1293)
	at org.testng.TestNG.runSuitesLocally(TestNG.java:1218)
	at org.testng.TestNG.runSuites(TestNG.java:1133)
	at org.testng.TestNG.run(TestNG.java:1104)
	at org.testng.remote.AbstractRemoteTestNG.run(AbstractRemoteTestNG.java:132)
	at org.testng.remote.RemoteTestNG.initAndRun(RemoteTestNG.java:236)
	at org.testng.remote.RemoteTestNG.main(RemoteTestNG.java:81)
]]>
            </full-stacktrace>
          </exception> <!-- org.openqa.selenium.TimeoutException -->
          <reporter-output>
          </reporter-output>
        </test-method> <!-- TestCase2 -->
      </class> <!-- com.selenium.Test.NITICSuite -->
    </test> <!-- Test2 -->
  </suite> <!-- Suite -->
</testng-results>
