<?xml version="1.0" encoding="UTF-8"?>
<testng-results skipped="0" failed="0" ignored="0" total="1" passed="1">
  <reporter-output>
  </reporter-output>
  <suite name="Suite" duration-ms="10436" started-at="2018-01-17T06:26:47Z" finished-at="2018-01-17T06:26:57Z">
    <groups>
    </groups>
    <test name="Open" duration-ms="10436" started-at="2018-01-17T06:26:47Z" finished-at="2018-01-17T06:26:57Z">
      <class name="KeywordDrivenFramework.KeywordDrivenFramework.OpenBrowser">
        <test-method status="PASS" signature="setUp(java.lang.String, java.lang.String, java.lang.String)[pri:0, instance:KeywordDrivenFramework.KeywordDrivenFramework.OpenBrowser@604ed9f0]" name="setUp" is-config="true" duration-ms="10393" started-at="2018-01-17T11:56:47Z" finished-at="2018-01-17T11:56:57Z">
          <params>
            <param index="0">
              <value>
                <![CDATA[chrome]]>
              </value>
            </param>
            <param index="1">
              <value>
                <![CDATA[Remote]]>
              </value>
            </param>
            <param index="2">
              <value>
                <![CDATA[Y]]>
              </value>
            </param>
          </params>
          <reporter-output>
          </reporter-output>
        </test-method> <!-- setUp -->
        <test-method status="PASS" signature="Hello()[pri:0, instance:KeywordDrivenFramework.KeywordDrivenFramework.OpenBrowser@604ed9f0]" name="Hello" duration-ms="10" started-at="2018-01-17T11:56:57Z" finished-at="2018-01-17T11:56:57Z">
          <reporter-output>
          </reporter-output>
        </test-method> <!-- Hello -->
        <test-method status="PASS" signature="tearDown()[pri:0, instance:KeywordDrivenFramework.KeywordDrivenFramework.OpenBrowser@604ed9f0]" name="tearDown" is-config="true" duration-ms="0" started-at="2018-01-17T11:56:57Z" finished-at="2018-01-17T11:56:57Z">
          <reporter-output>
          </reporter-output>
        </test-method> <!-- tearDown -->
      </class> <!-- KeywordDrivenFramework.KeywordDrivenFramework.OpenBrowser -->
    </test> <!-- Open -->
  </suite> <!-- Suite -->
</testng-results>
