<?xml version="1.0" encoding="UTF-8"?>
<testng-results skipped="1" failed="0" ignored="0" total="1" passed="0">
  <reporter-output>
  </reporter-output>
  <suite name="Parallel test suite" duration-ms="666" started-at="2017-11-07T07:47:31Z" finished-at="2017-11-07T07:47:32Z">
    <groups>
    </groups>
    <test name="ChromeTest1" duration-ms="666" started-at="2017-11-07T07:47:31Z" finished-at="2017-11-07T07:47:32Z">
      <class name="com.selenium.Test.UIMainscript">
        <test-method status="PASS" signature="loadconfig(java.lang.String, java.lang.String, java.lang.String, java.lang.String, java.lang.String, java.lang.String, java.lang.String, java.lang.String, java.lang.String, java.lang.String)[pri:0, instance:com.selenium.Test.UIMainscript@3ffc5af1]" name="loadconfig" is-config="true" duration-ms="215" started-at="2017-11-07T13:17:31Z" finished-at="2017-11-07T13:17:31Z">
          <params>
            <param index="0">
              <value>
                <![CDATA[STARR-ASSIST]]>
              </value>
            </param>
            <param index="1">
              <value>
                <![CDATA[Quote]]>
              </value>
            </param>
            <param index="2">
              <value>
                <![CDATA[QA]]>
              </value>
            </param>
            <param index="3">
              <value>
                <![CDATA[C28]]>
              </value>
            </param>
            <param index="4">
              <value>
                <![CDATA[com.mysql.jdbc.Driver]]>
              </value>
            </param>
            <param index="5">
              <value>
                <![CDATA[jdbc:mysql://192.168.35.2:3391/SeleniumConfig]]>
              </value>
            </param>
            <param index="6">
              <value>
                <![CDATA[root]]>
              </value>
            </param>
            <param index="7">
              <value>
                <![CDATA[password]]>
              </value>
            </param>
            <param index="8">
              <value>
                <![CDATA[chrome]]>
              </value>
            </param>
            <param index="9">
              <value>
                <![CDATA[ActualOnly]]>
              </value>
            </param>
          </params>
          <reporter-output>
          </reporter-output>
        </test-method> <!-- loadconfig -->
        <test-method status="FAIL" signature="launchBrowser(java.lang.String)[pri:0, instance:com.selenium.Test.UIMainscript@3ffc5af1]" name="launchBrowser" is-config="true" duration-ms="0" started-at="2017-11-07T13:17:31Z" finished-at="2017-11-07T13:17:31Z">
          <params>
            <param index="0">
              <value>
                <![CDATA[chrome]]>
              </value>
            </param>
          </params>
          <exception class="org.openqa.selenium.SessionNotCreatedException">
            <message>
              <![CDATA[Unable to create new remote session. desired capabilities = Capabilities [{browserName=chrome, version=, platform=WINDOWS}], required capabilities = Capabilities [{}]
Build info: version: '3.0.1', revision: '1969d75', time: '2016-10-18 09:49:13 -0700'
System info: host: 'C1128', ip: '192.168.4.131', os.name: 'Windows 7', os.arch: 'amd64', os.version: '6.1', java.version: '1.8.0_73'
Driver info: driver.version: RemoteWebDriver]]>
            </message>
            <full-stacktrace>
              <![CDATA[org.openqa.selenium.SessionNotCreatedException: Unable to create new remote session. desired capabilities = Capabilities [{browserName=chrome, version=, platform=WINDOWS}], required capabilities = Capabilities [{}]
Build info: version: '3.0.1', revision: '1969d75', time: '2016-10-18 09:49:13 -0700'
System info: host: 'C1128', ip: '192.168.4.131', os.name: 'Windows 7', os.arch: 'amd64', os.version: '6.1', java.version: '1.8.0_73'
Driver info: driver.version: RemoteWebDriver
	at org.openqa.selenium.remote.ProtocolHandshake.createSession(ProtocolHandshake.java:91)
	at org.openqa.selenium.remote.HttpCommandExecutor.execute(HttpCommandExecutor.java:141)
	at org.openqa.selenium.remote.RemoteWebDriver.execute(RemoteWebDriver.java:601)
	at org.openqa.selenium.remote.RemoteWebDriver.startSession(RemoteWebDriver.java:241)
	at org.openqa.selenium.remote.RemoteWebDriver.<init>(RemoteWebDriver.java:128)
	at org.openqa.selenium.remote.RemoteWebDriver.<init>(RemoteWebDriver.java:155)
	at com.selenium.SupportingClasses.browserLaunching.launch_browser(browserLaunching.java:41)
	at com.selenium.DriverPackage.BaseDriverScript.launchBrowser(BaseDriverScript.java:52)
	at com.selenium.Test.UIMainscript.launchBrowser(UIMainscript.java:74)
	at sun.reflect.NativeMethodAccessorImpl.invoke0(Native Method)
	at sun.reflect.NativeMethodAccessorImpl.invoke(NativeMethodAccessorImpl.java:62)
	at sun.reflect.DelegatingMethodAccessorImpl.invoke(DelegatingMethodAccessorImpl.java:43)
	at java.lang.reflect.Method.invoke(Method.java:497)
	at org.testng.internal.MethodInvocationHelper.invokeMethod(MethodInvocationHelper.java:104)
	at org.testng.internal.Invoker.invokeConfigurationMethod(Invoker.java:515)
	at org.testng.internal.Invoker.invokeConfigurations(Invoker.java:217)
	at org.testng.internal.Invoker.invokeConfigurations(Invoker.java:144)
	at org.testng.TestRunner.beforeRun(TestRunner.java:634)
	at org.testng.TestRunner.run(TestRunner.java:602)
	at org.testng.SuiteRunner.runTest(SuiteRunner.java:387)
	at org.testng.SuiteRunner.access$000(SuiteRunner.java:39)
	at org.testng.SuiteRunner$SuiteWorker.run(SuiteRunner.java:421)
	at org.testng.internal.thread.ThreadUtil$2.call(ThreadUtil.java:64)
	at java.util.concurrent.FutureTask.run(FutureTask.java:266)
	at java.util.concurrent.ThreadPoolExecutor.runWorker(ThreadPoolExecutor.java:1142)
	at java.util.concurrent.ThreadPoolExecutor$Worker.run(ThreadPoolExecutor.java:617)
	at java.lang.Thread.run(Thread.java:745)
]]>
            </full-stacktrace>
          </exception> <!-- org.openqa.selenium.SessionNotCreatedException -->
          <reporter-output>
          </reporter-output>
        </test-method> <!-- launchBrowser -->
        <test-method status="SKIP" signature="Login()[pri:0, instance:com.selenium.Test.UIMainscript@3ffc5af1]" name="Login" duration-ms="1" started-at="2017-11-07T13:17:32Z" finished-at="2017-11-07T13:17:32Z">
          <exception class="org.openqa.selenium.SessionNotCreatedException">
            <message>
              <![CDATA[Unable to create new remote session. desired capabilities = Capabilities [{browserName=chrome, version=, platform=WINDOWS}], required capabilities = Capabilities [{}]
Build info: version: '3.0.1', revision: '1969d75', time: '2016-10-18 09:49:13 -0700'
System info: host: 'C1128', ip: '192.168.4.131', os.name: 'Windows 7', os.arch: 'amd64', os.version: '6.1', java.version: '1.8.0_73'
Driver info: driver.version: RemoteWebDriver]]>
            </message>
            <full-stacktrace>
              <![CDATA[org.openqa.selenium.SessionNotCreatedException: Unable to create new remote session. desired capabilities = Capabilities [{browserName=chrome, version=, platform=WINDOWS}], required capabilities = Capabilities [{}]
Build info: version: '3.0.1', revision: '1969d75', time: '2016-10-18 09:49:13 -0700'
System info: host: 'C1128', ip: '192.168.4.131', os.name: 'Windows 7', os.arch: 'amd64', os.version: '6.1', java.version: '1.8.0_73'
Driver info: driver.version: RemoteWebDriver
	at org.openqa.selenium.remote.ProtocolHandshake.createSession(ProtocolHandshake.java:91)
	at org.openqa.selenium.remote.HttpCommandExecutor.execute(HttpCommandExecutor.java:141)
	at org.openqa.selenium.remote.RemoteWebDriver.execute(RemoteWebDriver.java:601)
	at org.openqa.selenium.remote.RemoteWebDriver.startSession(RemoteWebDriver.java:241)
	at org.openqa.selenium.remote.RemoteWebDriver.<init>(RemoteWebDriver.java:128)
	at org.openqa.selenium.remote.RemoteWebDriver.<init>(RemoteWebDriver.java:155)
	at com.selenium.SupportingClasses.browserLaunching.launch_browser(browserLaunching.java:41)
	at com.selenium.DriverPackage.BaseDriverScript.launchBrowser(BaseDriverScript.java:52)
	at com.selenium.Test.UIMainscript.launchBrowser(UIMainscript.java:74)
	at sun.reflect.NativeMethodAccessorImpl.invoke0(Native Method)
	at sun.reflect.NativeMethodAccessorImpl.invoke(NativeMethodAccessorImpl.java:62)
	at sun.reflect.DelegatingMethodAccessorImpl.invoke(DelegatingMethodAccessorImpl.java:43)
	at java.lang.reflect.Method.invoke(Method.java:497)
	at org.testng.internal.MethodInvocationHelper.invokeMethod(MethodInvocationHelper.java:104)
	at org.testng.internal.Invoker.invokeConfigurationMethod(Invoker.java:515)
	at org.testng.internal.Invoker.invokeConfigurations(Invoker.java:217)
	at org.testng.internal.Invoker.invokeConfigurations(Invoker.java:144)
	at org.testng.TestRunner.beforeRun(TestRunner.java:634)
	at org.testng.TestRunner.run(TestRunner.java:602)
	at org.testng.SuiteRunner.runTest(SuiteRunner.java:387)
	at org.testng.SuiteRunner.access$000(SuiteRunner.java:39)
	at org.testng.SuiteRunner$SuiteWorker.run(SuiteRunner.java:421)
	at org.testng.internal.thread.ThreadUtil$2.call(ThreadUtil.java:64)
	at java.util.concurrent.FutureTask.run(FutureTask.java:266)
	at java.util.concurrent.ThreadPoolExecutor.runWorker(ThreadPoolExecutor.java:1142)
	at java.util.concurrent.ThreadPoolExecutor$Worker.run(ThreadPoolExecutor.java:617)
	at java.lang.Thread.run(Thread.java:745)
]]>
            </full-stacktrace>
          </exception> <!-- org.openqa.selenium.SessionNotCreatedException -->
          <reporter-output>
          </reporter-output>
        </test-method> <!-- Login -->
        <test-method status="SKIP" signature="close()[pri:0, instance:com.selenium.Test.UIMainscript@3ffc5af1]" name="close" is-config="true" duration-ms="0" started-at="2017-11-07T13:17:32Z" finished-at="2017-11-07T13:17:32Z">
          <reporter-output>
          </reporter-output>
        </test-method> <!-- close -->
      </class> <!-- com.selenium.Test.UIMainscript -->
    </test> <!-- ChromeTest1 -->
  </suite> <!-- Parallel test suite -->
</testng-results>
