<?xml version="1.0" encoding="UTF-8"?>
<testng-results skipped="0" failed="1" total="3" passed="2">
  <reporter-output>
  </reporter-output>
  <suite name="Suite" duration-ms="522839" started-at="2017-12-06T12:24:39Z" finished-at="2017-12-06T12:33:22Z">
    <groups>
    </groups>
    <test name="Test1" duration-ms="522839" started-at="2017-12-06T12:24:39Z" finished-at="2017-12-06T12:33:22Z">
      <class name="com.selenium.Test.NITICSuite">
        <test-method status="PASS" signature="loadconfig(java.lang.String, java.lang.String, java.lang.String, java.lang.String, java.lang.String, java.lang.String, java.lang.String, java.lang.String, java.lang.String, java.lang.String)[pri:0, instance:com.selenium.Test.NITICSuite@47f37ef1]" name="loadconfig" is-config="true" duration-ms="455" started-at="2017-12-06T17:54:39Z" finished-at="2017-12-06T17:54:39Z">
          <params>
            <param index="0">
              <value>
                <![CDATA[NITIC]]>
              </value>
            </param>
            <param index="1">
              <value>
                <![CDATA[Quote]]>
              </value>
            </param>
            <param index="2">
              <value>
                <![CDATA[QA]]>
              </value>
            </param>
            <param index="3">
              <value>
                <![CDATA[Y]]>
              </value>
            </param>
            <param index="4">
              <value>
                <![CDATA[com.mysql.jdbc.Driver]]>
              </value>
            </param>
            <param index="5">
              <value>
                <![CDATA[jdbc:mysql://192.168.35.2:3391/SeleniumConfig]]>
              </value>
            </param>
            <param index="6">
              <value>
                <![CDATA[root]]>
              </value>
            </param>
            <param index="7">
              <value>
                <![CDATA[password]]>
              </value>
            </param>
            <param index="8">
              <value>
                <![CDATA[chrome]]>
              </value>
            </param>
            <param index="9">
              <value>
                <![CDATA[ActualOnly]]>
              </value>
            </param>
          </params>
          <reporter-output>
          </reporter-output>
        </test-method> <!-- loadconfig -->
        <test-method status="PASS" signature="launchBrowser(java.lang.String, java.lang.String)[pri:0, instance:com.selenium.Test.NITICSuite@47f37ef1]" name="launchBrowser" is-config="true" duration-ms="5525" started-at="2017-12-06T17:54:39Z" finished-at="2017-12-06T17:54:45Z">
          <params>
            <param index="0">
              <value>
                <![CDATA[chrome]]>
              </value>
            </param>
            <param index="1">
              <value>
                <![CDATA[Y]]>
              </value>
            </param>
          </params>
          <reporter-output>
          </reporter-output>
        </test-method> <!-- launchBrowser -->
        <test-method status="PASS" signature="Login()[pri:0, instance:com.selenium.Test.NITICSuite@47f37ef1]" name="Login" duration-ms="12895" started-at="2017-12-06T17:54:45Z" finished-at="2017-12-06T17:54:58Z">
          <reporter-output>
          </reporter-output>
        </test-method> <!-- Login -->
        <test-method status="FAIL" signature="TestCase1(java.lang.Integer, java.lang.Object, java.lang.Object)[pri:0, instance:com.selenium.Test.NITICSuite@47f37ef1]" name="TestCase1" duration-ms="504016" started-at="2017-12-06T17:54:58Z" data-provider="UITestData" depends-on-methods="com.selenium.Test.NITICSuite.Login" finished-at="2017-12-06T18:03:22Z">
          <params>
            <param index="0">
              <value>
                <![CDATA[1]]>
              </value>
            </param>
            <param index="1">
              <value>
                <![CDATA[{Si_no=1, Test_data_id=NITIC_01, Flag_for_execution=Y, BusinessType=Business - Not for Hire, FirstName=Test, LastName=QA, PrimaryNumber=1234567890, EmailAddress=test@gmail.com, TypeOfBusiness=Corporation, BusinessName=NITIC, NumberOfYearsInBusiness=1, SSN_FEINChoice=SSN, SSN_FEIN_no=345235645, DescriptionOfOperation=Description of Operation , ICCFilling=Yes, MCNumber=123456789, AddressLine1=1645 Parkway, AddressLine2=Address2, City=Tampa, State=Florida, ZipCode=17050, MailingAddressChoice=, LiabilityLimitType=Combined Single Limit, PrimaryLiabilityLimit=$50,000, PremiumPerVehicle=1000, EffectiveDate=09/07/2017, NumberOfVehicles=1, VIN=12345678901233400, Make=Make, Model=Model , Year=2000, SeatingCapacity=3, BodyType=Tractor, VehicleValue=100001, RadiusCategory=Short, RadiusOfOperation=50, BusinessUse=Commercial, LossPayee1=Yes, LossPayee__Type=Leased, LossPayeeName=loss payee, VehicleNumber=Vehicle #1, DriverName=Driver1, DriverDOB=05/11/1989, Gender=Male, MaritalStatus=Married, LicenseNumber=12345, YearFirstLicensed=2016, YearsofExperience=23, Accident=Yes, NumberOfAccident=1, NumberOfTicket=0, AccidentType=Accident, AccDate=09/05/2016, AccPlace=Test City, ViolationDate=09/05/2016, AIName=AdditionalInsured, CarrierName=PC-Test, PolicyNo=CHIC-6528-02, PriorEffectiveDate=01/06/1996, PriorExpirationDate=01/06/1997, CoverageType=Physical Damage, SHFirstName=Test, SHLastName=SH, Salutation=Sr, Title=Title , QuoteType=New Business, EditLiabilityPremium=No, TotalLiabilityPremium=, AttachementName=CHIC_02, RenewalPrefix=9945, RenewalSuffix=03}]]>
              </value>
            </param>
            <param index="2">
              <value>
                <![CDATA[{Si_no=1, Test_data_id=NITIC_01, Flag_for_execution=Y, QuoteNumber=QNITIC-939, PolicyNumber=B3036-01, LiabilityTotalPremium=$1,200.00, LiabilityTotalPremium_exp=null, LiabilityTotalPremium_status=null, TotalPremium=$1,200.00, TotalPremium_exp=null, TotalPremium_status=null, TotalDownPayment=$366.67, TotalDownPayment_exp=null, TotalDownPayment_status=null, TotalMonthlyPayment=$83.33, TotalMonthlyPayment_exp=null, TotalMonthlyPayment_status=null, AnalyserResult=null}]]>
              </value>
            </param>
          </params>
          <exception class="org.openqa.selenium.WebDriverException">
            <message>
              <![CDATA[Build info: version: '3.0.1', revision: '1969d75', time: '2016-10-18 09:49:13 -0700'
System info: host: 'Automation3PC', ip: '192.168.4.93', os.name: 'Windows 7', os.arch: 'amd64', os.version: '6.1', java.version: '1.8.0_121'
Driver info: org.openqa.selenium.remote.RemoteWebDriver
Capabilities [{applicationCacheEnabled=false, rotatable=false, mobileEmulationEnabled=false, networkConnectionEnabled=false, chrome={chromedriverVersion=2.32.498550 (9dec58e66c31bcc53a9ce3c7226f0c1c5810906a), userDataDir=C:\Users\RAJAPR~1.SOL\AppData\Local\Temp\scoped_dir6224_9928}, takesHeapSnapshot=true, pageLoadStrategy=normal, databaseEnabled=false, handlesAlerts=true, hasTouchScreen=false, version=62.0.3202.94, platform=XP, browserConnectionEnabled=false, nativeEvents=true, acceptSslCerts=true, webdriver.remote.sessionid=5f9cfaad-11a4-4b12-b586-3039dc828172, locationContextEnabled=true, webStorageEnabled=true, browserName=chrome, takesScreenshot=true, javascriptEnabled=true, cssSelectorsEnabled=true, setWindowRect=true, unexpectedAlertBehaviour=}]
Session ID: 5f9cfaad-11a4-4b12-b586-3039dc828172
*** Element info: {Using=id, value=PolicyHeaderTile:PolicyHeaderForm:Object__Policy__PolicyNumber}]]>
            </message>
            <full-stacktrace>
              <![CDATA[org.openqa.selenium.WebDriverException: Build info: version: '3.0.1', revision: '1969d75', time: '2016-10-18 09:49:13 -0700'
System info: host: 'Automation3PC', ip: '192.168.4.93', os.name: 'Windows 7', os.arch: 'amd64', os.version: '6.1', java.version: '1.8.0_121'
Driver info: org.openqa.selenium.remote.RemoteWebDriver
Capabilities [{applicationCacheEnabled=false, rotatable=false, mobileEmulationEnabled=false, networkConnectionEnabled=false, chrome={chromedriverVersion=2.32.498550 (9dec58e66c31bcc53a9ce3c7226f0c1c5810906a), userDataDir=C:\Users\RAJAPR~1.SOL\AppData\Local\Temp\scoped_dir6224_9928}, takesHeapSnapshot=true, pageLoadStrategy=normal, databaseEnabled=false, handlesAlerts=true, hasTouchScreen=false, version=62.0.3202.94, platform=XP, browserConnectionEnabled=false, nativeEvents=true, acceptSslCerts=true, webdriver.remote.sessionid=5f9cfaad-11a4-4b12-b586-3039dc828172, locationContextEnabled=true, webStorageEnabled=true, browserName=chrome, takesScreenshot=true, javascriptEnabled=true, cssSelectorsEnabled=true, setWindowRect=true, unexpectedAlertBehaviour=}]
Session ID: 5f9cfaad-11a4-4b12-b586-3039dc828172
*** Element info: {Using=id, value=PolicyHeaderTile:PolicyHeaderForm:Object__Policy__PolicyNumber}
	at sun.reflect.NativeConstructorAccessorImpl.newInstance0(Native Method)
	at sun.reflect.NativeConstructorAccessorImpl.newInstance(NativeConstructorAccessorImpl.java:62)
	at sun.reflect.DelegatingConstructorAccessorImpl.newInstance(DelegatingConstructorAccessorImpl.java:45)
	at java.lang.reflect.Constructor.newInstance(Constructor.java:423)
	at org.openqa.selenium.remote.ErrorHandler.createThrowable(ErrorHandler.java:216)
	at org.openqa.selenium.remote.ErrorHandler.throwIfResponseFailed(ErrorHandler.java:168)
	at org.openqa.selenium.remote.RemoteWebDriver.execute(RemoteWebDriver.java:635)
	at org.openqa.selenium.remote.RemoteWebDriver.findElement(RemoteWebDriver.java:368)
	at org.openqa.selenium.remote.RemoteWebDriver.findElementById(RemoteWebDriver.java:417)
	at org.openqa.selenium.By$ById.findElement(By.java:218)
	at org.openqa.selenium.remote.RemoteWebDriver.findElement(RemoteWebDriver.java:360)
	at org.openqa.selenium.support.pagefactory.DefaultElementLocator.findElement(DefaultElementLocator.java:69)
	at org.openqa.selenium.support.pagefactory.internal.LocatingElementHandler.invoke(LocatingElementHandler.java:38)
	at com.sun.proxy.$Proxy8.isDisplayed(Unknown Source)
	at org.openqa.selenium.support.ui.ExpectedConditions.elementIfVisible(ExpectedConditions.java:302)
	at org.openqa.selenium.support.ui.ExpectedConditions.access$100(ExpectedConditions.java:41)
	at org.openqa.selenium.support.ui.ExpectedConditions$10.apply(ExpectedConditions.java:288)
	at org.openqa.selenium.support.ui.ExpectedConditions$10.apply(ExpectedConditions.java:285)
	at org.openqa.selenium.support.ui.FluentWait.until(FluentWait.java:238)
	at BasePage.BasePage.WaitWithVisibility(BasePage.java:30)
	at NITICPOM.PolicySummaryPage.getPolicyNumber(PolicySummaryPage.java:45)
	at com.selenium.Test.NITICSuite.TestCase1(NITICSuite.java:183)
	at sun.reflect.NativeMethodAccessorImpl.invoke0(Native Method)
	at sun.reflect.NativeMethodAccessorImpl.invoke(NativeMethodAccessorImpl.java:62)
	at sun.reflect.DelegatingMethodAccessorImpl.invoke(DelegatingMethodAccessorImpl.java:43)
	at java.lang.reflect.Method.invoke(Method.java:498)
	at org.testng.internal.MethodInvocationHelper.invokeMethod(MethodInvocationHelper.java:84)
	at org.testng.internal.Invoker.invokeMethod(Invoker.java:714)
	at org.testng.internal.Invoker.invokeTestMethod(Invoker.java:901)
	at org.testng.internal.Invoker.invokeTestMethods(Invoker.java:1231)
	at org.testng.internal.TestMethodWorker.invokeTestMethods(TestMethodWorker.java:127)
	at org.testng.internal.TestMethodWorker.run(TestMethodWorker.java:111)
	at org.testng.TestRunner.privateRun(TestRunner.java:767)
	at org.testng.TestRunner.run(TestRunner.java:617)
	at org.testng.SuiteRunner.runTest(SuiteRunner.java:334)
	at org.testng.SuiteRunner.runSequentially(SuiteRunner.java:329)
	at org.testng.SuiteRunner.privateRun(SuiteRunner.java:291)
	at org.testng.SuiteRunner.run(SuiteRunner.java:240)
	at org.testng.SuiteRunnerWorker.runSuite(SuiteRunnerWorker.java:52)
	at org.testng.SuiteRunnerWorker.run(SuiteRunnerWorker.java:86)
	at org.testng.TestNG.runSuitesSequentially(TestNG.java:1224)
	at org.testng.TestNG.runSuitesLocally(TestNG.java:1149)
	at org.testng.TestNG.run(TestNG.java:1057)
	at org.testng.remote.RemoteTestNG.run(RemoteTestNG.java:111)
	at org.testng.remote.RemoteTestNG.initAndRun(RemoteTestNG.java:204)
	at org.testng.remote.RemoteTestNG.main(RemoteTestNG.java:175)
Caused by: java.lang.NullPointerException
	at org.openqa.selenium.support.events.EventFiringWebDriver.extractInterfaces(EventFiringWebDriver.java:119)
	at org.openqa.selenium.support.events.EventFiringWebDriver.access$1(EventFiringWebDriver.java:113)
	at org.openqa.selenium.support.events.EventFiringWebDriver$EventFiringWebElement.<init>(EventFiringWebDriver.java:328)
	at org.openqa.selenium.support.events.EventFiringWebDriver$EventFiringWebElement.<init>(EventFiringWebDriver.java:325)
	at org.openqa.selenium.support.events.EventFiringWebDriver.createWebElement(EventFiringWebDriver.java:290)
	at org.openqa.selenium.support.events.EventFiringWebDriver.findElement(EventFiringWebDriver.java:190)
	at org.openqa.selenium.remote.server.handler.FindElement.call(FindElement.java:48)
	at org.openqa.selenium.remote.server.handler.FindElement.call(FindElement.java:1)
	at java.util.concurrent.FutureTask.run(FutureTask.java:266)
	at org.openqa.selenium.remote.server.DefaultSession$1.run(DefaultSession.java:176)
	at java.util.concurrent.ThreadPoolExecutor.runWorker(ThreadPoolExecutor.java:1142)
	at java.util.concurrent.ThreadPoolExecutor$Worker.run(ThreadPoolExecutor.java:617)
	at java.lang.Thread.run(Thread.java:745)
]]>
            </full-stacktrace>
          </exception> <!-- org.openqa.selenium.WebDriverException -->
          <reporter-output>
          </reporter-output>
        </test-method> <!-- TestCase1 -->
        <test-method status="PASS" signature="TestCase1(java.lang.Integer, java.lang.Object, java.lang.Object)[pri:0, instance:com.selenium.Test.NITICSuite@47f37ef1]" name="TestCase1" duration-ms="25" started-at="2017-12-06T18:03:22Z" data-provider="UITestData" depends-on-methods="com.selenium.Test.NITICSuite.Login" finished-at="2017-12-06T18:03:22Z">
          <params>
            <param index="0">
              <value>
                <![CDATA[2]]>
              </value>
            </param>
            <param index="1">
              <value>
                <![CDATA[{Si_no=2, Test_data_id=NITIC_02, Flag_for_execution=YCompleted, BusinessType=Business - Not for Hire, FirstName=Test, LastName=QA, PrimaryNumber=1234567890, EmailAddress=test@gmail.com, TypeOfBusiness=Corporation, BusinessName=NITIC, NumberOfYearsInBusiness=1, SSN_FEINChoice=SSN, SSN_FEIN_no=345235645, DescriptionOfOperation=Description of Operation , ICCFilling=Yes, MCNumber=123456789, AddressLine1=1645 Parkway, AddressLine2=Address2, City=Tampa, State=Florida, ZipCode=17050, MailingAddressChoice=, LiabilityLimitType=Combined Single Limit, PrimaryLiabilityLimit=$50,000, PremiumPerVehicle=2000, EffectiveDate=09/07/2017, NumberOfVehicles=1, VIN=12345678901233400, Make=Make, Model=Model , Year=2000, SeatingCapacity=3, BodyType=Tractor, VehicleValue=100001, RadiusCategory=Short, RadiusOfOperation=50, BusinessUse=Commercial, LossPayee1=Yes, LossPayee__Type=Leased, LossPayeeName=loss payee, VehicleNumber=Vehicle #1, DriverName=Driver1, DriverDOB=05/11/1989, Gender=Female, MaritalStatus=Married, LicenseNumber=12345, YearFirstLicensed=2016, YearsofExperience=23, Accident=Yes, NumberOfAccident=1, NumberOfTicket=0, AccidentType=Accident, AccDate=09/05/2016, AccPlace=Test City, ViolationDate=09/05/2016, AIName=AdditionalInsured, CarrierName=PC-Test, PolicyNo=CHIC-6528-02, PriorEffectiveDate=01/06/1996, PriorExpirationDate=01/06/1997, CoverageType=Physical Damage, SHFirstName=Test, SHLastName=SH, Salutation=Sr, Title=Title , QuoteType=New Business, EditLiabilityPremium=No, TotalLiabilityPremium=, AttachementName=CHIC_02, RenewalPrefix=9945, RenewalSuffix=03}]]>
              </value>
            </param>
            <param index="2">
              <value>
                <![CDATA[{Si_no=2, Test_data_id=NITIC_02, Flag_for_execution=Completed, QuoteNumber=QNITIC-922, PolicyNumber=B3035-01, LiabilityTotalPremium=$1,200.00, LiabilityTotalPremium_exp=null, LiabilityTotalPremium_status=null, TotalPremium=$1,200.00, TotalPremium_exp=null, TotalPremium_status=null, TotalDownPayment=$366.67, TotalDownPayment_exp=null, TotalDownPayment_status=null, TotalMonthlyPayment=$83.33, TotalMonthlyPayment_exp=null, TotalMonthlyPayment_status=null, AnalyserResult=null}]]>
              </value>
            </param>
          </params>
          <reporter-output>
          </reporter-output>
        </test-method> <!-- TestCase1 -->
      </class> <!-- com.selenium.Test.NITICSuite -->
    </test> <!-- Test1 -->
  </suite> <!-- Suite -->
</testng-results>
