<?xml version="1.0" encoding="UTF-8"?>
<testng-results skipped="0" failed="1" ignored="0" total="3" passed="2">
  <reporter-output>
  </reporter-output>
  <suite name="Suite" duration-ms="155200" started-at="2017-12-05T13:10:41Z" finished-at="2017-12-05T13:13:17Z">
    <groups>
    </groups>
    <test name="Test1" duration-ms="155200" started-at="2017-12-05T13:10:41Z" finished-at="2017-12-05T13:13:17Z">
      <class name="com.selenium.Test.NITICSuite">
        <test-method status="PASS" signature="loadconfig(java.lang.String, java.lang.String, java.lang.String, java.lang.String, java.lang.String, java.lang.String, java.lang.String, java.lang.String, java.lang.String, java.lang.String)[pri:0, instance:com.selenium.Test.NITICSuite@91161c7]" name="loadconfig" is-config="true" duration-ms="247" started-at="2017-12-05T18:40:41Z" finished-at="2017-12-05T18:40:41Z">
          <params>
            <param index="0">
              <value>
                <![CDATA[NITIC]]>
              </value>
            </param>
            <param index="1">
              <value>
                <![CDATA[Quote]]>
              </value>
            </param>
            <param index="2">
              <value>
                <![CDATA[QA]]>
              </value>
            </param>
            <param index="3">
              <value>
                <![CDATA[Y]]>
              </value>
            </param>
            <param index="4">
              <value>
                <![CDATA[com.mysql.jdbc.Driver]]>
              </value>
            </param>
            <param index="5">
              <value>
                <![CDATA[jdbc:mysql://192.168.35.2:3391/SeleniumConfig]]>
              </value>
            </param>
            <param index="6">
              <value>
                <![CDATA[root]]>
              </value>
            </param>
            <param index="7">
              <value>
                <![CDATA[password]]>
              </value>
            </param>
            <param index="8">
              <value>
                <![CDATA[chrome]]>
              </value>
            </param>
            <param index="9">
              <value>
                <![CDATA[ActualOnly]]>
              </value>
            </param>
          </params>
          <reporter-output>
          </reporter-output>
        </test-method> <!-- loadconfig -->
        <test-method status="PASS" signature="launchBrowser(java.lang.String, java.lang.String)[pri:0, instance:com.selenium.Test.NITICSuite@91161c7]" name="launchBrowser" is-config="true" duration-ms="2602" started-at="2017-12-05T18:40:41Z" finished-at="2017-12-05T18:40:44Z">
          <params>
            <param index="0">
              <value>
                <![CDATA[chrome]]>
              </value>
            </param>
            <param index="1">
              <value>
                <![CDATA[Y]]>
              </value>
            </param>
          </params>
          <reporter-output>
          </reporter-output>
        </test-method> <!-- launchBrowser -->
        <test-method status="PASS" signature="Login()[pri:0, instance:com.selenium.Test.NITICSuite@91161c7]" name="Login" duration-ms="12069" started-at="2017-12-05T18:40:44Z" finished-at="2017-12-05T18:40:56Z">
          <reporter-output>
          </reporter-output>
        </test-method> <!-- Login -->
        <test-method status="FAIL" signature="TestCase1(java.lang.Integer, java.lang.Object, java.lang.Object)[pri:0, instance:com.selenium.Test.NITICSuite@91161c7]" name="TestCase1" duration-ms="140314" started-at="2017-12-05T18:40:56Z" data-provider="UITestData" depends-on-methods="com.selenium.Test.NITICSuite.Login" finished-at="2017-12-05T18:43:17Z">
          <params>
            <param index="0">
              <value>
                <![CDATA[1]]>
              </value>
            </param>
            <param index="1">
              <value>
                <![CDATA[{Si_no=1, Test_data_id=NITIC_01, Flag_for_execution=Y, BusinessType=Business - Not for Hire, FirstName=Test, LastName=QA, PrimaryNumber=1234567890, EmailAddress=test@gmail.com, TypeOfBusiness=Corporation, BusinessName=NITIC, NumberOfYearsInBusiness=1, SSN_FEINChoice=SSN, SSN_FEIN_no=345235645, DescriptionOfOperation=Description of Operation , ICCFilling=Yes, MCNumber=123456789, AddressLine1=1645 Parkway, AddressLine2=Address2, City=Tampa, State=Florida, ZipCode=17050, MailingAddressChoice=, LiabilityLimitType=Combined Single Limit, PrimaryLiabilityLimit=$50,000, PremiumPerVehicle=1000, EffectiveDate=09/07/2017, NumberOfVehicles=1, VIN=12345678901233400, Make=Make, Model=Model , Year=2000, SeatingCapacity=3, BodyType=Tractor, VehicleValue=100001, RadiusCategory=Short, RadiusOfOperation=50, BusinessUse=Commercial, LossPayee1=Yes, LossPayee__Type=Leased, LossPayeeName=loss payee, VehicleNumber=Vehicle #1, DriverName=Driver1, DriverDOB=05/11/1989, Gender=Male, MaritalStatus=Married, LicenseNumber=12345, YearFirstLicensed=2016, YearsofExperience=23, Accident=Yes, NumberOfAccident=1, NumberOfTicket=0, AccidentType=Accident, AccDate=09/05/2016, AccPlace=Test City, ViolationDate=09/05/2016, AIName=AdditionalInsured, CarrierName=PC-Test, PolicyNo=CHIC-6528-02, PriorEffectiveDate=01/06/1996, PriorExpirationDate=01/06/1997, CoverageType=Physical Damage, SHFirstName=Test, SHLastName=SH, Salutation=Sr, Title=Title , QuoteType=New Business, EditLiabilityPremium=No, TotalLiabilityPremium=, AttachementName=CHIC_02, RenewalPrefix=9945, RenewalSuffix=03}]]>
              </value>
            </param>
            <param index="2">
              <value>
                <![CDATA[{Si_no=1, Test_data_id=NITIC_01, Flag_for_execution=Y, QuoteNumber=QNITIC-928, PolicyNumber=B3034-01, LiabilityTotalPremium=$1,200.00, LiabilityTotalPremium_exp=null, LiabilityTotalPremium_status=null, TotalPremium=$1,200.00, TotalPremium_exp=null, TotalPremium_status=null, TotalDownPayment=$366.67, TotalDownPayment_exp=null, TotalDownPayment_status=null, TotalMonthlyPayment=$83.33, TotalMonthlyPayment_exp=null, TotalMonthlyPayment_status=null, AnalyserResult=null}]]>
              </value>
            </param>
          </params>
          <exception class="org.openqa.selenium.NoSuchElementException">
            <message>
              <![CDATA[Element cannot be found (WARNING: The server did not provide any stacktrace information)
Command duration or timeout: 18.18 seconds
For documentation on this error, please visit: http://seleniumhq.org/exceptions/no_such_element.html
Build info: version: '3.0.1', revision: '1969d75', time: '2016-10-18 09:49:13 -0700'
System info: host: 'C1128', ip: '192.168.4.131', os.name: 'Windows 7', os.arch: 'amd64', os.version: '6.1', java.version: '1.8.0_73'
Driver info: org.openqa.selenium.winium.WiniumDriver
Capabilities [{app=C:\Windows\System32\openfiles.exe, args=, innerPort=9998, debugConnectToRunningApp=false, keyboardSimulator=1, launchDelay=0, platform=ANY}]
Session ID: AwesomeSession
*** Element info: {Using=name, value=File name:}]]>
            </message>
            <full-stacktrace>
              <![CDATA[org.openqa.selenium.NoSuchElementException: Element cannot be found (WARNING: The server did not provide any stacktrace information)
Command duration or timeout: 18.18 seconds
For documentation on this error, please visit: http://seleniumhq.org/exceptions/no_such_element.html
Build info: version: '3.0.1', revision: '1969d75', time: '2016-10-18 09:49:13 -0700'
System info: host: 'C1128', ip: '192.168.4.131', os.name: 'Windows 7', os.arch: 'amd64', os.version: '6.1', java.version: '1.8.0_73'
Driver info: org.openqa.selenium.winium.WiniumDriver
Capabilities [{app=C:\Windows\System32\openfiles.exe, args=, innerPort=9998, debugConnectToRunningApp=false, keyboardSimulator=1, launchDelay=0, platform=ANY}]
Session ID: AwesomeSession
*** Element info: {Using=name, value=File name:}
	at sun.reflect.NativeConstructorAccessorImpl.newInstance0(Native Method)
	at sun.reflect.NativeConstructorAccessorImpl.newInstance(NativeConstructorAccessorImpl.java:62)
	at sun.reflect.DelegatingConstructorAccessorImpl.newInstance(DelegatingConstructorAccessorImpl.java:45)
	at java.lang.reflect.Constructor.newInstance(Constructor.java:422)
	at org.openqa.selenium.remote.ErrorHandler.createThrowable(ErrorHandler.java:216)
	at org.openqa.selenium.remote.ErrorHandler.throwIfResponseFailed(ErrorHandler.java:168)
	at org.openqa.selenium.remote.RemoteWebDriver.execute(RemoteWebDriver.java:635)
	at org.openqa.selenium.remote.RemoteWebDriver.findElement(RemoteWebDriver.java:368)
	at org.openqa.selenium.remote.RemoteWebDriver.findElementByName(RemoteWebDriver.java:449)
	at NITICPOM.DocumentsPage.uploadFileusingWinium(DocumentsPage.java:192)
	at NITICPOM.DocumentsPage.AttachFile(DocumentsPage.java:147)
	at com.selenium.Test.NITICSuite.TestCase1(NITICSuite.java:178)
	at sun.reflect.NativeMethodAccessorImpl.invoke0(Native Method)
	at sun.reflect.NativeMethodAccessorImpl.invoke(NativeMethodAccessorImpl.java:62)
	at sun.reflect.DelegatingMethodAccessorImpl.invoke(DelegatingMethodAccessorImpl.java:43)
	at java.lang.reflect.Method.invoke(Method.java:497)
	at org.testng.internal.MethodInvocationHelper.invokeMethod(MethodInvocationHelper.java:104)
	at org.testng.internal.Invoker.invokeMethod(Invoker.java:645)
	at org.testng.internal.Invoker.invokeTestMethod(Invoker.java:851)
	at org.testng.internal.Invoker.invokeTestMethods(Invoker.java:1177)
	at org.testng.internal.TestMethodWorker.invokeTestMethods(TestMethodWorker.java:129)
	at org.testng.internal.TestMethodWorker.run(TestMethodWorker.java:112)
	at org.testng.TestRunner.privateRun(TestRunner.java:756)
	at org.testng.TestRunner.run(TestRunner.java:610)
	at org.testng.SuiteRunner.runTest(SuiteRunner.java:387)
	at org.testng.SuiteRunner.runSequentially(SuiteRunner.java:382)
	at org.testng.SuiteRunner.privateRun(SuiteRunner.java:340)
	at org.testng.SuiteRunner.run(SuiteRunner.java:289)
	at org.testng.SuiteRunnerWorker.runSuite(SuiteRunnerWorker.java:52)
	at org.testng.SuiteRunnerWorker.run(SuiteRunnerWorker.java:86)
	at org.testng.TestNG.runSuitesSequentially(TestNG.java:1293)
	at org.testng.TestNG.runSuitesLocally(TestNG.java:1218)
	at org.testng.TestNG.runSuites(TestNG.java:1133)
	at org.testng.TestNG.run(TestNG.java:1104)
	at org.testng.remote.AbstractRemoteTestNG.run(AbstractRemoteTestNG.java:132)
	at org.testng.remote.RemoteTestNG.initAndRun(RemoteTestNG.java:236)
	at org.testng.remote.RemoteTestNG.main(RemoteTestNG.java:81)
]]>
            </full-stacktrace>
          </exception> <!-- org.openqa.selenium.NoSuchElementException -->
          <reporter-output>
          </reporter-output>
        </test-method> <!-- TestCase1 -->
        <test-method status="PASS" signature="TestCase1(java.lang.Integer, java.lang.Object, java.lang.Object)[pri:0, instance:com.selenium.Test.NITICSuite@91161c7]" name="TestCase1" duration-ms="15" started-at="2017-12-05T18:43:17Z" data-provider="UITestData" depends-on-methods="com.selenium.Test.NITICSuite.Login" finished-at="2017-12-05T18:43:17Z">
          <params>
            <param index="0">
              <value>
                <![CDATA[2]]>
              </value>
            </param>
            <param index="1">
              <value>
                <![CDATA[{Si_no=2, Test_data_id=NITIC_02, Flag_for_execution=YCompleted, BusinessType=Business - Not for Hire, FirstName=Test, LastName=QA, PrimaryNumber=1234567890, EmailAddress=test@gmail.com, TypeOfBusiness=Corporation, BusinessName=NITIC, NumberOfYearsInBusiness=1, SSN_FEINChoice=SSN, SSN_FEIN_no=345235645, DescriptionOfOperation=Description of Operation , ICCFilling=Yes, MCNumber=123456789, AddressLine1=1645 Parkway, AddressLine2=Address2, City=Tampa, State=Florida, ZipCode=17050, MailingAddressChoice=, LiabilityLimitType=Combined Single Limit, PrimaryLiabilityLimit=$50,000, PremiumPerVehicle=2000, EffectiveDate=09/07/2017, NumberOfVehicles=1, VIN=12345678901233400, Make=Make, Model=Model , Year=2000, SeatingCapacity=3, BodyType=Tractor, VehicleValue=100001, RadiusCategory=Short, RadiusOfOperation=50, BusinessUse=Commercial, LossPayee1=Yes, LossPayee__Type=Leased, LossPayeeName=loss payee, VehicleNumber=Vehicle #1, DriverName=Driver1, DriverDOB=05/11/1989, Gender=Female, MaritalStatus=Married, LicenseNumber=12345, YearFirstLicensed=2016, YearsofExperience=23, Accident=Yes, NumberOfAccident=1, NumberOfTicket=0, AccidentType=Accident, AccDate=09/05/2016, AccPlace=Test City, ViolationDate=09/05/2016, AIName=AdditionalInsured, CarrierName=PC-Test, PolicyNo=CHIC-6528-02, PriorEffectiveDate=01/06/1996, PriorExpirationDate=01/06/1997, CoverageType=Physical Damage, SHFirstName=Test, SHLastName=SH, Salutation=Sr, Title=Title , QuoteType=New Business, EditLiabilityPremium=No, TotalLiabilityPremium=, AttachementName=CHIC_02, RenewalPrefix=9945, RenewalSuffix=03}]]>
              </value>
            </param>
            <param index="2">
              <value>
                <![CDATA[{Si_no=2, Test_data_id=NITIC_02, Flag_for_execution=Completed, QuoteNumber=QNITIC-922, PolicyNumber=B3035-01, LiabilityTotalPremium=$1,200.00, LiabilityTotalPremium_exp=null, LiabilityTotalPremium_status=null, TotalPremium=$1,200.00, TotalPremium_exp=null, TotalPremium_status=null, TotalDownPayment=$366.67, TotalDownPayment_exp=null, TotalDownPayment_status=null, TotalMonthlyPayment=$83.33, TotalMonthlyPayment_exp=null, TotalMonthlyPayment_status=null, AnalyserResult=null}]]>
              </value>
            </param>
          </params>
          <reporter-output>
          </reporter-output>
        </test-method> <!-- TestCase1 -->
      </class> <!-- com.selenium.Test.NITICSuite -->
    </test> <!-- Test1 -->
  </suite> <!-- Suite -->
</testng-results>
