<?xml version="1.0" encoding="UTF-8"?>
<testng-results skipped="0" failed="2" ignored="0" total="6" passed="4">
  <reporter-output>
  </reporter-output>
  <suite name="Suite" duration-ms="29213" started-at="2017-11-10T12:11:10Z" finished-at="2017-11-10T12:11:39Z">
    <groups>
    </groups>
    <test name="Test2" duration-ms="29092" started-at="2017-11-10T12:11:10Z" finished-at="2017-11-10T12:11:39Z">
      <class name="com.selenium.Test.StarrAssistSuite">
        <test-method status="PASS" signature="loadconfig(java.lang.String, java.lang.String, java.lang.String, java.lang.String, java.lang.String, java.lang.String, java.lang.String, java.lang.String, java.lang.String, java.lang.String)[pri:0, instance:com.selenium.Test.StarrAssistSuite@5700d6b1]" name="loadconfig" is-config="true" duration-ms="219" started-at="2017-11-10T17:41:09Z" finished-at="2017-11-10T17:41:10Z">
          <params>
            <param index="0">
              <value>
                <![CDATA[STARR-ASSIST]]>
              </value>
            </param>
            <param index="1">
              <value>
                <![CDATA[Quote]]>
              </value>
            </param>
            <param index="2">
              <value>
                <![CDATA[QA]]>
              </value>
            </param>
            <param index="3">
              <value>
                <![CDATA[C28]]>
              </value>
            </param>
            <param index="4">
              <value>
                <![CDATA[com.mysql.jdbc.Driver]]>
              </value>
            </param>
            <param index="5">
              <value>
                <![CDATA[jdbc:mysql://192.168.35.2:3391/SeleniumConfig]]>
              </value>
            </param>
            <param index="6">
              <value>
                <![CDATA[root]]>
              </value>
            </param>
            <param index="7">
              <value>
                <![CDATA[password]]>
              </value>
            </param>
            <param index="8">
              <value>
                <![CDATA[chrome]]>
              </value>
            </param>
            <param index="9">
              <value>
                <![CDATA[ActualOnly]]>
              </value>
            </param>
          </params>
          <reporter-output>
          </reporter-output>
        </test-method> <!-- loadconfig -->
        <test-method status="PASS" signature="launchBrowser(java.lang.String)[pri:0, instance:com.selenium.Test.StarrAssistSuite@5700d6b1]" name="launchBrowser" is-config="true" duration-ms="3121" started-at="2017-11-10T17:41:10Z" finished-at="2017-11-10T17:41:13Z">
          <params>
            <param index="0">
              <value>
                <![CDATA[chrome]]>
              </value>
            </param>
          </params>
          <reporter-output>
          </reporter-output>
        </test-method> <!-- launchBrowser -->
        <test-method status="PASS" signature="Login()[pri:0, instance:com.selenium.Test.StarrAssistSuite@5700d6b1]" name="Login" duration-ms="10754" started-at="2017-11-10T17:41:13Z" finished-at="2017-11-10T17:41:23Z">
          <reporter-output>
          </reporter-output>
        </test-method> <!-- Login -->
        <test-method status="PASS" signature="TestCase1(java.lang.String, java.lang.String)[pri:0, instance:com.selenium.Test.StarrAssistSuite@5700d6b1]" name="TestCase1" duration-ms="13561" started-at="2017-11-10T17:41:23Z" data-provider="sampleData" depends-on-methods="com.selenium.Test.StarrAssistSuite.Login" finished-at="2017-11-10T17:41:37Z">
          <params>
            <param index="0">
              <value>
                <![CDATA[Alabama]]>
              </value>
            </param>
            <param index="1">
              <value>
                <![CDATA[CAT 70]]>
              </value>
            </param>
          </params>
          <reporter-output>
          </reporter-output>
        </test-method> <!-- TestCase1 -->
        <test-method status="FAIL" signature="TestCase1(java.lang.String, java.lang.String)[pri:0, instance:com.selenium.Test.StarrAssistSuite@5700d6b1]" name="TestCase1" duration-ms="685" started-at="2017-11-10T17:41:37Z" data-provider="sampleData" depends-on-methods="com.selenium.Test.StarrAssistSuite.Login" finished-at="2017-11-10T17:41:38Z">
          <params>
            <param index="0">
              <value>
                <![CDATA[Alaska]]>
              </value>
            </param>
            <param index="1">
              <value>
                <![CDATA[CAT 70]]>
              </value>
            </param>
          </params>
          <exception class="org.openqa.selenium.WebDriverException">
            <message>
              <![CDATA[unknown error: Element <a id="MenuBar:QuoteFlowLink" href="#" onclick="jsf.util.chain(this,event,'PrimeFaces.ab({s:this,e:\'action\',p:\'MenuBar:QuoteFlowLink\'});','PrimeFaces.ab({s:this,e:\'action\',p:\'MenuBar:QuoteFlowLink\'});','PrimeFaces.ab({s:this,e:\'action\',p:\'MenuBar:QuoteFlowLink\'});','PrimeFaces.ab({s:this,e:\'action\',p:\'MenuBar:QuoteFlowLink\'});','PrimeFaces.ab({s:this,e:\'action\',p:\'MenuBar:QuoteFlowLink\'});','PrimeFaces.ab({s:this,e:\'action\',p:\'MenuBar:QuoteFlowLink\'});','PrimeFaces.ab({s:this,e:\'action\',p:\'MenuBar:QuoteFlowLink\'});','PrimeFaces.ab({s:this,e:\'action\',p:\'MenuBar:QuoteFlowLink\'});','PrimeFaces.ab({s:this,e:\'action\',p:\'MenuBar:QuoteFlowLink\'});','PrimeFaces.ab({s:this,e:\'action\',p:\'MenuBar:QuoteFlowLink\'});');return false" class="header_menu_item">...</a> is not clickable at point (513, 27). Other element would receive the click: <div id="uiblock_modal" class="ui-widget-overlay" style="width: 1195px; height: 1176px; z-index: 1005;"></div>
  (Session info: chrome=61.0.3163.100)
  (Driver info: chromedriver=2.32.498550 (9dec58e66c31bcc53a9ce3c7226f0c1c5810906a),platform=Windows NT 6.1.7601 SP1 x86_64) (WARNING: The server did not provide any stacktrace information)
Command duration or timeout: 56 milliseconds
Build info: version: '2.53.0', revision: '35ae25b', time: '2016-03-15 17:00:58'
System info: host: 'C1128', ip: '192.168.4.131', os.name: 'Windows 7', os.arch: 'amd64', os.version: '6.1', java.version: '1.8.0_73'
Driver info: org.openqa.selenium.chrome.ChromeDriver
Capabilities [{applicationCacheEnabled=false, rotatable=false, mobileEmulationEnabled=false, networkConnectionEnabled=false, chrome={chromedriverVersion=2.32.498550 (9dec58e66c31bcc53a9ce3c7226f0c1c5810906a), userDataDir=C:\Users\SASIRE~1.SOL\AppData\Local\Temp\scoped_dir11564_22230}, takesHeapSnapshot=true, pageLoadStrategy=normal, databaseEnabled=false, handlesAlerts=true, hasTouchScreen=false, version=61.0.3163.100, platform=XP, browserConnectionEnabled=false, nativeEvents=true, acceptSslCerts=true, locationContextEnabled=true, webStorageEnabled=true, browserName=chrome, takesScreenshot=true, javascriptEnabled=true, cssSelectorsEnabled=true, setWindowRect=true, unexpectedAlertBehaviour=}]
Session ID: 8327e6efdeadc8659883a94656ae6fad
Command duration or timeout: 318 milliseconds
Build info: version: '3.0.1', revision: '1969d75', time: '2016-10-18 09:49:13 -0700'
System info: host: 'C1128', ip: '192.168.4.131', os.name: 'Windows 7', os.arch: 'amd64', os.version: '6.1', java.version: '1.8.0_73'
Driver info: org.openqa.selenium.remote.RemoteWebDriver
Capabilities [{applicationCacheEnabled=false, rotatable=false, mobileEmulationEnabled=false, networkConnectionEnabled=false, chrome={chromedriverVersion=2.32.498550 (9dec58e66c31bcc53a9ce3c7226f0c1c5810906a), userDataDir=C:\Users\SASIRE~1.SOL\AppData\Local\Temp\scoped_dir11564_22230}, takesHeapSnapshot=true, pageLoadStrategy=normal, databaseEnabled=false, handlesAlerts=true, hasTouchScreen=false, version=61.0.3163.100, platform=XP, browserConnectionEnabled=false, nativeEvents=true, acceptSslCerts=true, webdriver.remote.sessionid=5b2170ae-8c70-4946-87e6-a6b8f847c75d, locationContextEnabled=true, webStorageEnabled=true, browserName=chrome, takesScreenshot=true, javascriptEnabled=true, cssSelectorsEnabled=true, setWindowRect=true, unexpectedAlertBehaviour=}]
Session ID: 5b2170ae-8c70-4946-87e6-a6b8f847c75d]]>
            </message>
            <full-stacktrace>
              <![CDATA[org.openqa.selenium.WebDriverException: unknown error: Element <a id="MenuBar:QuoteFlowLink" href="#" onclick="jsf.util.chain(this,event,'PrimeFaces.ab({s:this,e:\'action\',p:\'MenuBar:QuoteFlowLink\'});','PrimeFaces.ab({s:this,e:\'action\',p:\'MenuBar:QuoteFlowLink\'});','PrimeFaces.ab({s:this,e:\'action\',p:\'MenuBar:QuoteFlowLink\'});','PrimeFaces.ab({s:this,e:\'action\',p:\'MenuBar:QuoteFlowLink\'});','PrimeFaces.ab({s:this,e:\'action\',p:\'MenuBar:QuoteFlowLink\'});','PrimeFaces.ab({s:this,e:\'action\',p:\'MenuBar:QuoteFlowLink\'});','PrimeFaces.ab({s:this,e:\'action\',p:\'MenuBar:QuoteFlowLink\'});','PrimeFaces.ab({s:this,e:\'action\',p:\'MenuBar:QuoteFlowLink\'});','PrimeFaces.ab({s:this,e:\'action\',p:\'MenuBar:QuoteFlowLink\'});','PrimeFaces.ab({s:this,e:\'action\',p:\'MenuBar:QuoteFlowLink\'});');return false" class="header_menu_item">...</a> is not clickable at point (513, 27). Other element would receive the click: <div id="uiblock_modal" class="ui-widget-overlay" style="width: 1195px; height: 1176px; z-index: 1005;"></div>
  (Session info: chrome=61.0.3163.100)
  (Driver info: chromedriver=2.32.498550 (9dec58e66c31bcc53a9ce3c7226f0c1c5810906a),platform=Windows NT 6.1.7601 SP1 x86_64) (WARNING: The server did not provide any stacktrace information)
Command duration or timeout: 56 milliseconds
Build info: version: '2.53.0', revision: '35ae25b', time: '2016-03-15 17:00:58'
System info: host: 'C1128', ip: '192.168.4.131', os.name: 'Windows 7', os.arch: 'amd64', os.version: '6.1', java.version: '1.8.0_73'
Driver info: org.openqa.selenium.chrome.ChromeDriver
Capabilities [{applicationCacheEnabled=false, rotatable=false, mobileEmulationEnabled=false, networkConnectionEnabled=false, chrome={chromedriverVersion=2.32.498550 (9dec58e66c31bcc53a9ce3c7226f0c1c5810906a), userDataDir=C:\Users\SASIRE~1.SOL\AppData\Local\Temp\scoped_dir11564_22230}, takesHeapSnapshot=true, pageLoadStrategy=normal, databaseEnabled=false, handlesAlerts=true, hasTouchScreen=false, version=61.0.3163.100, platform=XP, browserConnectionEnabled=false, nativeEvents=true, acceptSslCerts=true, locationContextEnabled=true, webStorageEnabled=true, browserName=chrome, takesScreenshot=true, javascriptEnabled=true, cssSelectorsEnabled=true, setWindowRect=true, unexpectedAlertBehaviour=}]
Session ID: 8327e6efdeadc8659883a94656ae6fad
Command duration or timeout: 318 milliseconds
Build info: version: '3.0.1', revision: '1969d75', time: '2016-10-18 09:49:13 -0700'
System info: host: 'C1128', ip: '192.168.4.131', os.name: 'Windows 7', os.arch: 'amd64', os.version: '6.1', java.version: '1.8.0_73'
Driver info: org.openqa.selenium.remote.RemoteWebDriver
Capabilities [{applicationCacheEnabled=false, rotatable=false, mobileEmulationEnabled=false, networkConnectionEnabled=false, chrome={chromedriverVersion=2.32.498550 (9dec58e66c31bcc53a9ce3c7226f0c1c5810906a), userDataDir=C:\Users\SASIRE~1.SOL\AppData\Local\Temp\scoped_dir11564_22230}, takesHeapSnapshot=true, pageLoadStrategy=normal, databaseEnabled=false, handlesAlerts=true, hasTouchScreen=false, version=61.0.3163.100, platform=XP, browserConnectionEnabled=false, nativeEvents=true, acceptSslCerts=true, webdriver.remote.sessionid=5b2170ae-8c70-4946-87e6-a6b8f847c75d, locationContextEnabled=true, webStorageEnabled=true, browserName=chrome, takesScreenshot=true, javascriptEnabled=true, cssSelectorsEnabled=true, setWindowRect=true, unexpectedAlertBehaviour=}]
Session ID: 5b2170ae-8c70-4946-87e6-a6b8f847c75d
	at sun.reflect.NativeConstructorAccessorImpl.newInstance0(Native Method)
	at sun.reflect.NativeConstructorAccessorImpl.newInstance(NativeConstructorAccessorImpl.java:62)
	at sun.reflect.DelegatingConstructorAccessorImpl.newInstance(DelegatingConstructorAccessorImpl.java:45)
	at java.lang.reflect.Constructor.newInstance(Constructor.java:422)
	at org.openqa.selenium.remote.ErrorHandler.createThrowable(ErrorHandler.java:216)
	at org.openqa.selenium.remote.ErrorHandler.throwIfResponseFailed(ErrorHandler.java:168)
	at org.openqa.selenium.remote.RemoteWebDriver.execute(RemoteWebDriver.java:635)
	at org.openqa.selenium.remote.RemoteWebElement.execute(RemoteWebElement.java:274)
	at org.openqa.selenium.remote.RemoteWebElement.click(RemoteWebElement.java:84)
	at sun.reflect.NativeMethodAccessorImpl.invoke0(Native Method)
	at sun.reflect.NativeMethodAccessorImpl.invoke(NativeMethodAccessorImpl.java:62)
	at sun.reflect.DelegatingMethodAccessorImpl.invoke(DelegatingMethodAccessorImpl.java:43)
	at java.lang.reflect.Method.invoke(Method.java:497)
	at org.openqa.selenium.support.pagefactory.internal.LocatingElementHandler.invoke(LocatingElementHandler.java:51)
	at com.sun.proxy.$Proxy10.click(Unknown Source)
	at StarrAssistPOM.HomePage.ClickGetAQuote(HomePage.java:37)
	at com.selenium.Test.StarrAssistSuite.TestCase1(StarrAssistSuite.java:105)
	at sun.reflect.NativeMethodAccessorImpl.invoke0(Native Method)
	at sun.reflect.NativeMethodAccessorImpl.invoke(NativeMethodAccessorImpl.java:62)
	at sun.reflect.DelegatingMethodAccessorImpl.invoke(DelegatingMethodAccessorImpl.java:43)
	at java.lang.reflect.Method.invoke(Method.java:497)
	at org.testng.internal.MethodInvocationHelper.invokeMethod(MethodInvocationHelper.java:104)
	at org.testng.internal.Invoker.invokeMethod(Invoker.java:645)
	at org.testng.internal.Invoker.invokeTestMethod(Invoker.java:851)
	at org.testng.internal.Invoker.invokeTestMethods(Invoker.java:1177)
	at org.testng.internal.TestMethodWorker.invokeTestMethods(TestMethodWorker.java:129)
	at org.testng.internal.TestMethodWorker.run(TestMethodWorker.java:112)
	at org.testng.TestRunner.privateRun(TestRunner.java:756)
	at org.testng.TestRunner.run(TestRunner.java:610)
	at org.testng.SuiteRunner.runTest(SuiteRunner.java:387)
	at org.testng.SuiteRunner.access$000(SuiteRunner.java:39)
	at org.testng.SuiteRunner$SuiteWorker.run(SuiteRunner.java:421)
	at org.testng.internal.thread.ThreadUtil$2.call(ThreadUtil.java:64)
	at java.util.concurrent.FutureTask.run(FutureTask.java:266)
	at java.util.concurrent.ThreadPoolExecutor.runWorker(ThreadPoolExecutor.java:1142)
	at java.util.concurrent.ThreadPoolExecutor$Worker.run(ThreadPoolExecutor.java:617)
	at java.lang.Thread.run(Thread.java:745)
Caused by: org.openqa.selenium.remote.ScreenshotException: Screen shot has been taken
Build info: version: '3.0.1', revision: '1969d75', time: '2016-10-18 09:49:13 -0700'
System info: host: 'C1128', ip: '192.168.4.131', os.name: 'Windows 7', os.arch: 'amd64', os.version: '6.1', java.version: '1.8.0_73'
Driver info: driver.version: RemoteWebDriver
	at org.openqa.selenium.remote.ErrorHandler.throwIfResponseFailed(ErrorHandler.java:142)
	... 31 more
Caused by: org.openqa.selenium.WebDriverException: unknown error: Element <a id="MenuBar:QuoteFlowLink" href="#" onclick="jsf.util.chain(this,event,'PrimeFaces.ab({s:this,e:\'action\',p:\'MenuBar:QuoteFlowLink\'});','PrimeFaces.ab({s:this,e:\'action\',p:\'MenuBar:QuoteFlowLink\'});','PrimeFaces.ab({s:this,e:\'action\',p:\'MenuBar:QuoteFlowLink\'});','PrimeFaces.ab({s:this,e:\'action\',p:\'MenuBar:QuoteFlowLink\'});','PrimeFaces.ab({s:this,e:\'action\',p:\'MenuBar:QuoteFlowLink\'});','PrimeFaces.ab({s:this,e:\'action\',p:\'MenuBar:QuoteFlowLink\'});','PrimeFaces.ab({s:this,e:\'action\',p:\'MenuBar:QuoteFlowLink\'});','PrimeFaces.ab({s:this,e:\'action\',p:\'MenuBar:QuoteFlowLink\'});','PrimeFaces.ab({s:this,e:\'action\',p:\'MenuBar:QuoteFlowLink\'});','PrimeFaces.ab({s:this,e:\'action\',p:\'MenuBar:QuoteFlowLink\'});');return false" class="header_menu_item">...</a> is not clickable at point (513, 27). Other element would receive the click: <div id="uiblock_modal" class="ui-widget-overlay" style="width: 1195px; height: 1176px; z-index: 1005;"></div>
  (Session info: chrome=61.0.3163.100)
  (Driver info: chromedriver=2.32.498550 (9dec58e66c31bcc53a9ce3c7226f0c1c5810906a),platform=Windows NT 6.1.7601 SP1 x86_64) (WARNING: The server did not provide any stacktrace information)
Command duration or timeout: 56 milliseconds
Build info: version: '2.53.0', revision: '35ae25b', time: '2016-03-15 17:00:58'
System info: host: 'C1128', ip: '192.168.4.131', os.name: 'Windows 7', os.arch: 'amd64', os.version: '6.1', java.version: '1.8.0_73'
Driver info: org.openqa.selenium.chrome.ChromeDriver
Capabilities [{applicationCacheEnabled=false, rotatable=false, mobileEmulationEnabled=false, networkConnectionEnabled=false, chrome={chromedriverVersion=2.32.498550 (9dec58e66c31bcc53a9ce3c7226f0c1c5810906a), userDataDir=C:\Users\SASIRE~1.SOL\AppData\Local\Temp\scoped_dir11564_22230}, takesHeapSnapshot=true, pageLoadStrategy=normal, databaseEnabled=false, handlesAlerts=true, hasTouchScreen=false, version=61.0.3163.100, platform=XP, browserConnectionEnabled=false, nativeEvents=true, acceptSslCerts=true, locationContextEnabled=true, webStorageEnabled=true, browserName=chrome, takesScreenshot=true, javascriptEnabled=true, cssSelectorsEnabled=true, setWindowRect=true, unexpectedAlertBehaviour=}]
Session ID: 8327e6efdeadc8659883a94656ae6fad
Build info: version: '3.0.1', revision: '1969d75', time: '2016-10-18 09:49:13 -0700'
System info: host: 'C1128', ip: '192.168.4.131', os.name: 'Windows 7', os.arch: 'amd64', os.version: '6.1', java.version: '1.8.0_73'
Driver info: driver.version: RemoteWebDriver
	at sun.reflect.NativeConstructorAccessorImpl.newInstance0(Native Method)
	at sun.reflect.NativeConstructorAccessorImpl.newInstance(NativeConstructorAccessorImpl.java:62)
	at sun.reflect.DelegatingConstructorAccessorImpl.newInstance(DelegatingConstructorAccessorImpl.java:45)
	at java.lang.reflect.Constructor.newInstance(Constructor.java:422)
	at org.openqa.selenium.remote.ErrorHandler.createThrowable(ErrorHandler.java:206)
	at org.openqa.selenium.remote.ErrorHandler.throwIfResponseFailed(ErrorHandler.java:158)
	at org.openqa.selenium.remote.RemoteWebDriver.execute(RemoteWebDriver.java:678)
	at org.openqa.selenium.remote.RemoteWebElement.execute(RemoteWebElement.java:327)
	at org.openqa.selenium.remote.RemoteWebElement.click(RemoteWebElement.java:85)
	at sun.reflect.GeneratedMethodAccessor19.invoke(Unknown Source)
	at sun.reflect.DelegatingMethodAccessorImpl.invoke(DelegatingMethodAccessorImpl.java:43)
	at java.lang.reflect.Method.invoke(Method.java:497)
	at org.openqa.selenium.support.events.EventFiringWebDriver$EventFiringWebElement$1.invoke(EventFiringWebDriver.java:335)
	at com.sun.proxy.$Proxy2.click(Unknown Source)
	at org.openqa.selenium.support.events.EventFiringWebDriver$EventFiringWebElement.click(EventFiringWebDriver.java:348)
	at sun.reflect.GeneratedMethodAccessor19.invoke(Unknown Source)
	at sun.reflect.DelegatingMethodAccessorImpl.invoke(DelegatingMethodAccessorImpl.java:43)
	at java.lang.reflect.Method.invoke(Method.java:497)
	at org.openqa.selenium.remote.server.KnownElements$1.invoke(KnownElements.java:64)
	at com.sun.proxy.$Proxy3.click(Unknown Source)
	at org.openqa.selenium.remote.server.handler.ClickElement.call(ClickElement.java:30)
	at org.openqa.selenium.remote.server.handler.ClickElement.call(ClickElement.java:1)
	at java.util.concurrent.FutureTask.run(FutureTask.java:266)
	at org.openqa.selenium.remote.server.DefaultSession$1.run(DefaultSession.java:176)
	... 3 more
]]>
            </full-stacktrace>
          </exception> <!-- org.openqa.selenium.WebDriverException -->
          <reporter-output>
          </reporter-output>
        </test-method> <!-- TestCase1 -->
        <test-method status="PASS" signature="close()[pri:0, instance:com.selenium.Test.StarrAssistSuite@5700d6b1]" name="close" is-config="true" duration-ms="958" started-at="2017-11-10T17:41:38Z" finished-at="2017-11-10T17:41:39Z">
          <reporter-output>
          </reporter-output>
        </test-method> <!-- close -->
      </class> <!-- com.selenium.Test.StarrAssistSuite -->
    </test> <!-- Test2 -->
    <test name="Test1" duration-ms="29213" started-at="2017-11-10T12:11:10Z" finished-at="2017-11-10T12:11:39Z">
      <class name="com.selenium.Test.StarrAssistSuite">
        <test-method status="PASS" signature="launchBrowser(java.lang.String)[pri:0, instance:com.selenium.Test.StarrAssistSuite@754ba872]" name="launchBrowser" is-config="true" duration-ms="2653" started-at="2017-11-10T17:41:10Z" finished-at="2017-11-10T17:41:12Z">
          <params>
            <param index="0">
              <value>
                <![CDATA[chrome]]>
              </value>
            </param>
          </params>
          <reporter-output>
          </reporter-output>
        </test-method> <!-- launchBrowser -->
        <test-method status="PASS" signature="Login()[pri:0, instance:com.selenium.Test.StarrAssistSuite@754ba872]" name="Login" duration-ms="10412" started-at="2017-11-10T17:41:12Z" finished-at="2017-11-10T17:41:23Z">
          <reporter-output>
          </reporter-output>
        </test-method> <!-- Login -->
        <test-method status="PASS" signature="TestCase1(java.lang.String, java.lang.String)[pri:0, instance:com.selenium.Test.StarrAssistSuite@754ba872]" name="TestCase1" duration-ms="14170" started-at="2017-11-10T17:41:23Z" data-provider="sampleData" depends-on-methods="com.selenium.Test.StarrAssistSuite.Login" finished-at="2017-11-10T17:41:37Z">
          <params>
            <param index="0">
              <value>
                <![CDATA[Alabama]]>
              </value>
            </param>
            <param index="1">
              <value>
                <![CDATA[CAT 70]]>
              </value>
            </param>
          </params>
          <reporter-output>
          </reporter-output>
        </test-method> <!-- TestCase1 -->
        <test-method status="FAIL" signature="TestCase1(java.lang.String, java.lang.String)[pri:0, instance:com.selenium.Test.StarrAssistSuite@754ba872]" name="TestCase1" duration-ms="1176" started-at="2017-11-10T17:41:37Z" data-provider="sampleData" depends-on-methods="com.selenium.Test.StarrAssistSuite.Login" finished-at="2017-11-10T17:41:38Z">
          <params>
            <param index="0">
              <value>
                <![CDATA[Alaska]]>
              </value>
            </param>
            <param index="1">
              <value>
                <![CDATA[CAT 70]]>
              </value>
            </param>
          </params>
          <exception class="org.openqa.selenium.WebDriverException">
            <message>
              <![CDATA[unknown error: Element <a id="MenuBar:QuoteFlowLink" href="#" onclick="jsf.util.chain(this,event,'PrimeFaces.ab({s:this,e:\'action\',p:\'MenuBar:QuoteFlowLink\'});','PrimeFaces.ab({s:this,e:\'action\',p:\'MenuBar:QuoteFlowLink\'});','PrimeFaces.ab({s:this,e:\'action\',p:\'MenuBar:QuoteFlowLink\'});','PrimeFaces.ab({s:this,e:\'action\',p:\'MenuBar:QuoteFlowLink\'});','PrimeFaces.ab({s:this,e:\'action\',p:\'MenuBar:QuoteFlowLink\'});','PrimeFaces.ab({s:this,e:\'action\',p:\'MenuBar:QuoteFlowLink\'});','PrimeFaces.ab({s:this,e:\'action\',p:\'MenuBar:QuoteFlowLink\'});','PrimeFaces.ab({s:this,e:\'action\',p:\'MenuBar:QuoteFlowLink\'});','PrimeFaces.ab({s:this,e:\'action\',p:\'MenuBar:QuoteFlowLink\'});','PrimeFaces.ab({s:this,e:\'action\',p:\'MenuBar:QuoteFlowLink\'});');return false" class="header_menu_item">...</a> is not clickable at point (514, 27). Other element would receive the click: <div id="uiblock_modal" class="ui-widget-overlay" style="width: 1195px; height: 1181px; z-index: 1005;"></div>
  (Session info: chrome=62.0.3202.89)
  (Driver info: chromedriver=2.32.498550 (9dec58e66c31bcc53a9ce3c7226f0c1c5810906a),platform=Windows NT 6.1.7600 x86_64) (WARNING: The server did not provide any stacktrace information)
Command duration or timeout: 63 milliseconds
Build info: version: '2.53.0', revision: '35ae25b', time: '2016-03-15 17:00:58'
System info: host: 'Automation3PC', ip: '192.168.4.93', os.name: 'Windows 7', os.arch: 'amd64', os.version: '6.1', java.version: '1.7.0_79'
Session ID: f11584783242cbe08858c8e045b35070
Driver info: org.openqa.selenium.chrome.ChromeDriver
Capabilities [{platform=XP, acceptSslCerts=true, javascriptEnabled=true, browserName=chrome, chrome={userDataDir=C:\Users\AUTOMA~1\AppData\Local\Temp\scoped_dir2040_22520, chromedriverVersion=2.32.498550 (9dec58e66c31bcc53a9ce3c7226f0c1c5810906a)}, networkConnectionEnabled=false, unexpectedAlertBehaviour=, rotatable=false, setWindowRect=true, locationContextEnabled=true, mobileEmulationEnabled=false, pageLoadStrategy=normal, version=62.0.3202.89, takesHeapSnapshot=true, cssSelectorsEnabled=true, databaseEnabled=false, handlesAlerts=true, browserConnectionEnabled=false, webStorageEnabled=true, nativeEvents=true, hasTouchScreen=false, applicationCacheEnabled=false, takesScreenshot=true}]
Command duration or timeout: 676 milliseconds
Build info: version: '3.0.1', revision: '1969d75', time: '2016-10-18 09:49:13 -0700'
System info: host: 'C1128', ip: '192.168.4.131', os.name: 'Windows 7', os.arch: 'amd64', os.version: '6.1', java.version: '1.8.0_73'
Driver info: org.openqa.selenium.remote.RemoteWebDriver
Capabilities [{applicationCacheEnabled=false, rotatable=false, networkConnectionEnabled=false, mobileEmulationEnabled=false, chrome={chromedriverVersion=2.32.498550 (9dec58e66c31bcc53a9ce3c7226f0c1c5810906a), userDataDir=C:\Users\AUTOMA~1\AppData\Local\Temp\scoped_dir2040_22520}, takesHeapSnapshot=true, pageLoadStrategy=normal, databaseEnabled=false, handlesAlerts=true, hasTouchScreen=false, version=62.0.3202.89, platform=XP, browserConnectionEnabled=false, nativeEvents=true, acceptSslCerts=true, webdriver.remote.sessionid=afafc661-f073-4b29-8807-364a9f46ba5d, locationContextEnabled=true, webStorageEnabled=true, browserName=chrome, takesScreenshot=true, javascriptEnabled=true, setWindowRect=true, cssSelectorsEnabled=true, unexpectedAlertBehaviour=}]
Session ID: afafc661-f073-4b29-8807-364a9f46ba5d]]>
            </message>
            <full-stacktrace>
              <![CDATA[org.openqa.selenium.WebDriverException: unknown error: Element <a id="MenuBar:QuoteFlowLink" href="#" onclick="jsf.util.chain(this,event,'PrimeFaces.ab({s:this,e:\'action\',p:\'MenuBar:QuoteFlowLink\'});','PrimeFaces.ab({s:this,e:\'action\',p:\'MenuBar:QuoteFlowLink\'});','PrimeFaces.ab({s:this,e:\'action\',p:\'MenuBar:QuoteFlowLink\'});','PrimeFaces.ab({s:this,e:\'action\',p:\'MenuBar:QuoteFlowLink\'});','PrimeFaces.ab({s:this,e:\'action\',p:\'MenuBar:QuoteFlowLink\'});','PrimeFaces.ab({s:this,e:\'action\',p:\'MenuBar:QuoteFlowLink\'});','PrimeFaces.ab({s:this,e:\'action\',p:\'MenuBar:QuoteFlowLink\'});','PrimeFaces.ab({s:this,e:\'action\',p:\'MenuBar:QuoteFlowLink\'});','PrimeFaces.ab({s:this,e:\'action\',p:\'MenuBar:QuoteFlowLink\'});','PrimeFaces.ab({s:this,e:\'action\',p:\'MenuBar:QuoteFlowLink\'});');return false" class="header_menu_item">...</a> is not clickable at point (514, 27). Other element would receive the click: <div id="uiblock_modal" class="ui-widget-overlay" style="width: 1195px; height: 1181px; z-index: 1005;"></div>
  (Session info: chrome=62.0.3202.89)
  (Driver info: chromedriver=2.32.498550 (9dec58e66c31bcc53a9ce3c7226f0c1c5810906a),platform=Windows NT 6.1.7600 x86_64) (WARNING: The server did not provide any stacktrace information)
Command duration or timeout: 63 milliseconds
Build info: version: '2.53.0', revision: '35ae25b', time: '2016-03-15 17:00:58'
System info: host: 'Automation3PC', ip: '192.168.4.93', os.name: 'Windows 7', os.arch: 'amd64', os.version: '6.1', java.version: '1.7.0_79'
Session ID: f11584783242cbe08858c8e045b35070
Driver info: org.openqa.selenium.chrome.ChromeDriver
Capabilities [{platform=XP, acceptSslCerts=true, javascriptEnabled=true, browserName=chrome, chrome={userDataDir=C:\Users\AUTOMA~1\AppData\Local\Temp\scoped_dir2040_22520, chromedriverVersion=2.32.498550 (9dec58e66c31bcc53a9ce3c7226f0c1c5810906a)}, networkConnectionEnabled=false, unexpectedAlertBehaviour=, rotatable=false, setWindowRect=true, locationContextEnabled=true, mobileEmulationEnabled=false, pageLoadStrategy=normal, version=62.0.3202.89, takesHeapSnapshot=true, cssSelectorsEnabled=true, databaseEnabled=false, handlesAlerts=true, browserConnectionEnabled=false, webStorageEnabled=true, nativeEvents=true, hasTouchScreen=false, applicationCacheEnabled=false, takesScreenshot=true}]
Command duration or timeout: 676 milliseconds
Build info: version: '3.0.1', revision: '1969d75', time: '2016-10-18 09:49:13 -0700'
System info: host: 'C1128', ip: '192.168.4.131', os.name: 'Windows 7', os.arch: 'amd64', os.version: '6.1', java.version: '1.8.0_73'
Driver info: org.openqa.selenium.remote.RemoteWebDriver
Capabilities [{applicationCacheEnabled=false, rotatable=false, networkConnectionEnabled=false, mobileEmulationEnabled=false, chrome={chromedriverVersion=2.32.498550 (9dec58e66c31bcc53a9ce3c7226f0c1c5810906a), userDataDir=C:\Users\AUTOMA~1\AppData\Local\Temp\scoped_dir2040_22520}, takesHeapSnapshot=true, pageLoadStrategy=normal, databaseEnabled=false, handlesAlerts=true, hasTouchScreen=false, version=62.0.3202.89, platform=XP, browserConnectionEnabled=false, nativeEvents=true, acceptSslCerts=true, webdriver.remote.sessionid=afafc661-f073-4b29-8807-364a9f46ba5d, locationContextEnabled=true, webStorageEnabled=true, browserName=chrome, takesScreenshot=true, javascriptEnabled=true, setWindowRect=true, cssSelectorsEnabled=true, unexpectedAlertBehaviour=}]
Session ID: afafc661-f073-4b29-8807-364a9f46ba5d
	at sun.reflect.NativeConstructorAccessorImpl.newInstance0(Native Method)
	at sun.reflect.NativeConstructorAccessorImpl.newInstance(NativeConstructorAccessorImpl.java:62)
	at sun.reflect.DelegatingConstructorAccessorImpl.newInstance(DelegatingConstructorAccessorImpl.java:45)
	at java.lang.reflect.Constructor.newInstance(Constructor.java:422)
	at org.openqa.selenium.remote.ErrorHandler.createThrowable(ErrorHandler.java:216)
	at org.openqa.selenium.remote.ErrorHandler.throwIfResponseFailed(ErrorHandler.java:168)
	at org.openqa.selenium.remote.RemoteWebDriver.execute(RemoteWebDriver.java:635)
	at org.openqa.selenium.remote.RemoteWebElement.execute(RemoteWebElement.java:274)
	at org.openqa.selenium.remote.RemoteWebElement.click(RemoteWebElement.java:84)
	at sun.reflect.NativeMethodAccessorImpl.invoke0(Native Method)
	at sun.reflect.NativeMethodAccessorImpl.invoke(NativeMethodAccessorImpl.java:62)
	at sun.reflect.DelegatingMethodAccessorImpl.invoke(DelegatingMethodAccessorImpl.java:43)
	at java.lang.reflect.Method.invoke(Method.java:497)
	at org.openqa.selenium.support.pagefactory.internal.LocatingElementHandler.invoke(LocatingElementHandler.java:51)
	at com.sun.proxy.$Proxy10.click(Unknown Source)
	at StarrAssistPOM.HomePage.ClickGetAQuote(HomePage.java:37)
	at com.selenium.Test.StarrAssistSuite.TestCase1(StarrAssistSuite.java:105)
	at sun.reflect.NativeMethodAccessorImpl.invoke0(Native Method)
	at sun.reflect.NativeMethodAccessorImpl.invoke(NativeMethodAccessorImpl.java:62)
	at sun.reflect.DelegatingMethodAccessorImpl.invoke(DelegatingMethodAccessorImpl.java:43)
	at java.lang.reflect.Method.invoke(Method.java:497)
	at org.testng.internal.MethodInvocationHelper.invokeMethod(MethodInvocationHelper.java:104)
	at org.testng.internal.Invoker.invokeMethod(Invoker.java:645)
	at org.testng.internal.Invoker.invokeTestMethod(Invoker.java:851)
	at org.testng.internal.Invoker.invokeTestMethods(Invoker.java:1177)
	at org.testng.internal.TestMethodWorker.invokeTestMethods(TestMethodWorker.java:129)
	at org.testng.internal.TestMethodWorker.run(TestMethodWorker.java:112)
	at org.testng.TestRunner.privateRun(TestRunner.java:756)
	at org.testng.TestRunner.run(TestRunner.java:610)
	at org.testng.SuiteRunner.runTest(SuiteRunner.java:387)
	at org.testng.SuiteRunner.access$000(SuiteRunner.java:39)
	at org.testng.SuiteRunner$SuiteWorker.run(SuiteRunner.java:421)
	at org.testng.internal.thread.ThreadUtil$2.call(ThreadUtil.java:64)
	at java.util.concurrent.FutureTask.run(FutureTask.java:266)
	at java.util.concurrent.ThreadPoolExecutor.runWorker(ThreadPoolExecutor.java:1142)
	at java.util.concurrent.ThreadPoolExecutor$Worker.run(ThreadPoolExecutor.java:617)
	at java.lang.Thread.run(Thread.java:745)
Caused by: org.openqa.selenium.remote.ScreenshotException: Screen shot has been taken
Build info: version: '3.0.1', revision: '1969d75', time: '2016-10-18 09:49:13 -0700'
System info: host: 'C1128', ip: '192.168.4.131', os.name: 'Windows 7', os.arch: 'amd64', os.version: '6.1', java.version: '1.8.0_73'
Driver info: driver.version: RemoteWebDriver
	at org.openqa.selenium.remote.ErrorHandler.throwIfResponseFailed(ErrorHandler.java:142)
	... 31 more
Caused by: org.openqa.selenium.WebDriverException: unknown error: Element <a id="MenuBar:QuoteFlowLink" href="#" onclick="jsf.util.chain(this,event,'PrimeFaces.ab({s:this,e:\'action\',p:\'MenuBar:QuoteFlowLink\'});','PrimeFaces.ab({s:this,e:\'action\',p:\'MenuBar:QuoteFlowLink\'});','PrimeFaces.ab({s:this,e:\'action\',p:\'MenuBar:QuoteFlowLink\'});','PrimeFaces.ab({s:this,e:\'action\',p:\'MenuBar:QuoteFlowLink\'});','PrimeFaces.ab({s:this,e:\'action\',p:\'MenuBar:QuoteFlowLink\'});','PrimeFaces.ab({s:this,e:\'action\',p:\'MenuBar:QuoteFlowLink\'});','PrimeFaces.ab({s:this,e:\'action\',p:\'MenuBar:QuoteFlowLink\'});','PrimeFaces.ab({s:this,e:\'action\',p:\'MenuBar:QuoteFlowLink\'});','PrimeFaces.ab({s:this,e:\'action\',p:\'MenuBar:QuoteFlowLink\'});','PrimeFaces.ab({s:this,e:\'action\',p:\'MenuBar:QuoteFlowLink\'});');return false" class="header_menu_item">...</a> is not clickable at point (514, 27). Other element would receive the click: <div id="uiblock_modal" class="ui-widget-overlay" style="width: 1195px; height: 1181px; z-index: 1005;"></div>
  (Session info: chrome=62.0.3202.89)
  (Driver info: chromedriver=2.32.498550 (9dec58e66c31bcc53a9ce3c7226f0c1c5810906a),platform=Windows NT 6.1.7600 x86_64) (WARNING: The server did not provide any stacktrace information)
Command duration or timeout: 63 milliseconds
Build info: version: '2.53.0', revision: '35ae25b', time: '2016-03-15 17:00:58'
System info: host: 'Automation3PC', ip: '192.168.4.93', os.name: 'Windows 7', os.arch: 'amd64', os.version: '6.1', java.version: '1.7.0_79'
Session ID: f11584783242cbe08858c8e045b35070
Driver info: org.openqa.selenium.chrome.ChromeDriver
Capabilities [{platform=XP, acceptSslCerts=true, javascriptEnabled=true, browserName=chrome, chrome={userDataDir=C:\Users\AUTOMA~1\AppData\Local\Temp\scoped_dir2040_22520, chromedriverVersion=2.32.498550 (9dec58e66c31bcc53a9ce3c7226f0c1c5810906a)}, networkConnectionEnabled=false, unexpectedAlertBehaviour=, rotatable=false, setWindowRect=true, locationContextEnabled=true, mobileEmulationEnabled=false, pageLoadStrategy=normal, version=62.0.3202.89, takesHeapSnapshot=true, cssSelectorsEnabled=true, databaseEnabled=false, handlesAlerts=true, browserConnectionEnabled=false, webStorageEnabled=true, nativeEvents=true, hasTouchScreen=false, applicationCacheEnabled=false, takesScreenshot=true}]
Build info: version: '3.0.1', revision: '1969d75', time: '2016-10-18 09:49:13 -0700'
System info: host: 'C1128', ip: '192.168.4.131', os.name: 'Windows 7', os.arch: 'amd64', os.version: '6.1', java.version: '1.8.0_73'
Driver info: driver.version: RemoteWebDriver
	at sun.reflect.NativeConstructorAccessorImpl.newInstance0(Native Method)
	at sun.reflect.NativeConstructorAccessorImpl.newInstance(Unknown Source)
	at sun.reflect.DelegatingConstructorAccessorImpl.newInstance(Unknown Source)
	at java.lang.reflect.Constructor.newInstance(Unknown Source)
	at org.openqa.selenium.remote.ErrorHandler.createThrowable(ErrorHandler.java:206)
	at org.openqa.selenium.remote.ErrorHandler.throwIfResponseFailed(ErrorHandler.java:158)
	at org.openqa.selenium.remote.RemoteWebDriver.execute(RemoteWebDriver.java:678)
	at org.openqa.selenium.remote.RemoteWebElement.execute(RemoteWebElement.java:327)
	at org.openqa.selenium.remote.RemoteWebElement.click(RemoteWebElement.java:85)
	at sun.reflect.GeneratedMethodAccessor19.invoke(Unknown Source)
	at sun.reflect.DelegatingMethodAccessorImpl.invoke(Unknown Source)
	at java.lang.reflect.Method.invoke(Unknown Source)
	at org.openqa.selenium.support.events.EventFiringWebDriver$EventFiringWebElement$1.invoke(EventFiringWebDriver.java:335)
	at com.sun.proxy.$Proxy2.click(Unknown Source)
	at org.openqa.selenium.support.events.EventFiringWebDriver$EventFiringWebElement.click(EventFiringWebDriver.java:348)
	at sun.reflect.GeneratedMethodAccessor19.invoke(Unknown Source)
	at sun.reflect.DelegatingMethodAccessorImpl.invoke(Unknown Source)
	at java.lang.reflect.Method.invoke(Unknown Source)
	at org.openqa.selenium.remote.server.KnownElements$1.invoke(KnownElements.java:64)
	at com.sun.proxy.$Proxy3.click(Unknown Source)
	at org.openqa.selenium.remote.server.handler.ClickElement.call(ClickElement.java:30)
	at org.openqa.selenium.remote.server.handler.ClickElement.call(ClickElement.java:1)
	at java.util.concurrent.FutureTask.run(Unknown Source)
	at org.openqa.selenium.remote.server.DefaultSession$1.run(DefaultSession.java:176)
	at java.util.concurrent.ThreadPoolExecutor.runWorker(Unknown Source)
	at java.util.concurrent.ThreadPoolExecutor$Worker.run(Unknown Source)
	at java.lang.Thread.run(Unknown Source)
]]>
            </full-stacktrace>
          </exception> <!-- org.openqa.selenium.WebDriverException -->
          <reporter-output>
          </reporter-output>
        </test-method> <!-- TestCase1 -->
        <test-method status="PASS" signature="close()[pri:0, instance:com.selenium.Test.StarrAssistSuite@754ba872]" name="close" is-config="true" duration-ms="774" started-at="2017-11-10T17:41:38Z" finished-at="2017-11-10T17:41:39Z">
          <reporter-output>
          </reporter-output>
        </test-method> <!-- close -->
      </class> <!-- com.selenium.Test.StarrAssistSuite -->
    </test> <!-- Test1 -->
  </suite> <!-- Suite -->
</testng-results>
