<?xml version="1.0" encoding="UTF-8"?>
<testng-results skipped="0" failed="0" ignored="0" total="1" passed="1">
  <reporter-output>
  </reporter-output>
  <suite name="Suite" duration-ms="9875" started-at="2018-01-30T10:36:12Z" finished-at="2018-01-30T10:36:22Z">
    <groups>
    </groups>
    <test name="Test" duration-ms="9875" started-at="2018-01-30T10:36:12Z" finished-at="2018-01-30T10:36:22Z">
      <class name="selenide.LoginSelenide">
        <test-method status="PASS" signature="login()[pri:0, instance:selenide.LoginSelenide@3c0ecd4b]" name="login" duration-ms="9859" started-at="2018-01-30T16:06:12Z" finished-at="2018-01-30T16:06:22Z">
          <reporter-output>
          </reporter-output>
        </test-method> <!-- login -->
      </class> <!-- selenide.LoginSelenide -->
    </test> <!-- Test -->
  </suite> <!-- Suite -->
</testng-results>
