<?xml version="1.0" encoding="UTF-8"?>
<testng-results skipped="1" failed="0" ignored="2" total="4" passed="1">
  <reporter-output>
  </reporter-output>
  <suite name="Parallel test suite" duration-ms="13369" started-at="2017-10-13T09:16:41Z" finished-at="2017-10-13T09:16:55Z">
    <groups>
    </groups>
    <test name="ChromeTest1" duration-ms="279" started-at="2017-10-13T09:16:41Z" finished-at="2017-10-13T09:16:41Z">
      <class name="com.selenium.Test.UIMainscript">
        <test-method status="FAIL" signature="loadconfig(java.lang.String, java.lang.String, java.lang.String, java.lang.String, java.lang.String, java.lang.String, java.lang.String, java.lang.String, java.lang.String, java.lang.String)[pri:0, instance:com.selenium.Test.UIMainscript@5e5792a0]" name="loadconfig" is-config="true" duration-ms="0" started-at="2017-10-13T14:46:41Z" finished-at="2017-10-13T14:46:41Z">
          <params>
            <param index="0">
              <value>
                <![CDATA[CHIC]]>
              </value>
            </param>
            <param index="1">
              <value>
                <![CDATA[Quote]]>
              </value>
            </param>
            <param index="2">
              <value>
                <![CDATA[UAT]]>
              </value>
            </param>
            <param index="3">
              <value>
                <![CDATA[Y]]>
              </value>
            </param>
            <param index="4">
              <value>
                <![CDATA[com.mysql.jdbc.Driver]]>
              </value>
            </param>
            <param index="5">
              <value>
                <![CDATA[jdbc:mysql://192.168.35.2:3391/SeleniumConfig]]>
              </value>
            </param>
            <param index="6">
              <value>
                <![CDATA[root]]>
              </value>
            </param>
            <param index="7">
              <value>
                <![CDATA[password]]>
              </value>
            </param>
            <param index="8">
              <value>
                <![CDATA[chrome]]>
              </value>
            </param>
            <param index="9">
              <value>
                <![CDATA[ActualOnly]]>
              </value>
            </param>
          </params>
          <exception class="com.selenium.exception.PropertiesHandleException">
            <message>
              <![CDATA[ERROR IN RETRIVING DATA FROM -- RootFolder]]>
            </message>
            <full-stacktrace>
              <![CDATA[com.selenium.exception.PropertiesHandleException: ERROR IN RETRIVING DATA FROM -- RootFolder
	at com.selenium.Configuration.PropertiesHandle.RdmsValue(PropertiesHandle.java:117)
	at com.selenium.Configuration.PropertiesHandle.ScreenshotPath(PropertiesHandle.java:191)
	at com.selenium.Configuration.PropertiesHandle.WriteProperty(PropertiesHandle.java:80)
	at com.selenium.Configuration.PropertiesHandle.<init>(PropertiesHandle.java:50)
	at com.selenium.Test.UIMainscript.loadconfig(UIMainscript.java:80)
	at sun.reflect.NativeMethodAccessorImpl.invoke0(Native Method)
	at sun.reflect.NativeMethodAccessorImpl.invoke(NativeMethodAccessorImpl.java:62)
	at sun.reflect.DelegatingMethodAccessorImpl.invoke(DelegatingMethodAccessorImpl.java:43)
	at java.lang.reflect.Method.invoke(Method.java:497)
	at org.testng.internal.MethodInvocationHelper.invokeMethod(MethodInvocationHelper.java:104)
	at org.testng.internal.Invoker.invokeConfigurationMethod(Invoker.java:515)
	at org.testng.internal.Invoker.invokeConfigurations(Invoker.java:217)
	at org.testng.internal.Invoker.invokeConfigurations(Invoker.java:144)
	at org.testng.TestRunner.beforeRun(TestRunner.java:634)
	at org.testng.TestRunner.run(TestRunner.java:602)
	at org.testng.SuiteRunner.runTest(SuiteRunner.java:387)
	at org.testng.SuiteRunner.access$000(SuiteRunner.java:39)
	at org.testng.SuiteRunner$SuiteWorker.run(SuiteRunner.java:421)
	at org.testng.internal.thread.ThreadUtil$2.call(ThreadUtil.java:64)
	at java.util.concurrent.FutureTask.run(FutureTask.java:266)
	at java.util.concurrent.ThreadPoolExecutor.runWorker(ThreadPoolExecutor.java:1142)
	at java.util.concurrent.ThreadPoolExecutor$Worker.run(ThreadPoolExecutor.java:617)
	at java.lang.Thread.run(Thread.java:745)
Caused by: com.selenium.exception.DatabaseException: PROBLEM WITH RESULT-SET OBTAINED FROM DB
	at com.selenium.SupportingClasses.DatabaseOperation.GetDataObjects(DatabaseOperation.java:118)
	at com.selenium.Configuration.PropertiesHandle.RdmsValue(PropertiesHandle.java:107)
	... 22 more
Caused by: com.mysql.jdbc.exceptions.jdbc4.CommunicationsException: Communications link failure

Last packet sent to the server was 5 ms ago.
	at sun.reflect.NativeConstructorAccessorImpl.newInstance0(Native Method)
	at sun.reflect.NativeConstructorAccessorImpl.newInstance(NativeConstructorAccessorImpl.java:62)
	at sun.reflect.DelegatingConstructorAccessorImpl.newInstance(DelegatingConstructorAccessorImpl.java:45)
	at java.lang.reflect.Constructor.newInstance(Constructor.java:422)
	at com.mysql.jdbc.Util.handleNewInstance(Util.java:406)
	at com.mysql.jdbc.SQLError.createCommunicationsException(SQLError.java:1074)
	at com.mysql.jdbc.MysqlIO.reuseAndReadPacket(MysqlIO.java:2985)
	at com.mysql.jdbc.MysqlIO.reuseAndReadPacket(MysqlIO.java:2871)
	at com.mysql.jdbc.MysqlIO.checkErrorPacket(MysqlIO.java:3414)
	at com.mysql.jdbc.MysqlIO.sendCommand(MysqlIO.java:1936)
	at com.mysql.jdbc.MysqlIO.sqlQueryDirect(MysqlIO.java:2060)
	at com.mysql.jdbc.ConnectionImpl.execSQL(ConnectionImpl.java:2536)
	at com.mysql.jdbc.ConnectionImpl.execSQL(ConnectionImpl.java:2465)
	at com.mysql.jdbc.StatementImpl.executeQuery(StatementImpl.java:1383)
	at com.selenium.SupportingClasses.DatabaseOperation.GetDataObjects(DatabaseOperation.java:99)
	... 23 more
Caused by: java.net.SocketException: Socket closed
	at java.net.SocketInputStream.socketRead0(Native Method)
	at java.net.SocketInputStream.socketRead(SocketInputStream.java:116)
	at java.net.SocketInputStream.read(SocketInputStream.java:170)
	at java.net.SocketInputStream.read(SocketInputStream.java:141)
	at com.mysql.jdbc.util.ReadAheadInputStream.fill(ReadAheadInputStream.java:113)
	at com.mysql.jdbc.util.ReadAheadInputStream.readFromUnderlyingStreamIfNecessary(ReadAheadInputStream.java:160)
	at com.mysql.jdbc.util.ReadAheadInputStream.read(ReadAheadInputStream.java:188)
	at com.mysql.jdbc.MysqlIO.readFully(MysqlIO.java:2428)
	at com.mysql.jdbc.MysqlIO.reuseAndReadPacket(MysqlIO.java:2882)
	... 31 more
]]>
            </full-stacktrace>
          </exception> <!-- com.selenium.exception.PropertiesHandleException -->
          <reporter-output>
          </reporter-output>
        </test-method> <!-- loadconfig -->
        <test-method status="SKIP" signature="Login()[pri:0, instance:com.selenium.Test.UIMainscript@5e5792a0]" name="Login" duration-ms="2" started-at="2017-10-13T14:46:41Z" finished-at="2017-10-13T14:46:41Z">
          <exception class="com.selenium.exception.PropertiesHandleException">
            <message>
              <![CDATA[ERROR IN RETRIVING DATA FROM -- RootFolder]]>
            </message>
            <full-stacktrace>
              <![CDATA[com.selenium.exception.PropertiesHandleException: ERROR IN RETRIVING DATA FROM -- RootFolder
	at com.selenium.Configuration.PropertiesHandle.RdmsValue(PropertiesHandle.java:117)
	at com.selenium.Configuration.PropertiesHandle.ScreenshotPath(PropertiesHandle.java:191)
	at com.selenium.Configuration.PropertiesHandle.WriteProperty(PropertiesHandle.java:80)
	at com.selenium.Configuration.PropertiesHandle.<init>(PropertiesHandle.java:50)
	at com.selenium.Test.UIMainscript.loadconfig(UIMainscript.java:80)
	at sun.reflect.NativeMethodAccessorImpl.invoke0(Native Method)
	at sun.reflect.NativeMethodAccessorImpl.invoke(NativeMethodAccessorImpl.java:62)
	at sun.reflect.DelegatingMethodAccessorImpl.invoke(DelegatingMethodAccessorImpl.java:43)
	at java.lang.reflect.Method.invoke(Method.java:497)
	at org.testng.internal.MethodInvocationHelper.invokeMethod(MethodInvocationHelper.java:104)
	at org.testng.internal.Invoker.invokeConfigurationMethod(Invoker.java:515)
	at org.testng.internal.Invoker.invokeConfigurations(Invoker.java:217)
	at org.testng.internal.Invoker.invokeConfigurations(Invoker.java:144)
	at org.testng.TestRunner.beforeRun(TestRunner.java:634)
	at org.testng.TestRunner.run(TestRunner.java:602)
	at org.testng.SuiteRunner.runTest(SuiteRunner.java:387)
	at org.testng.SuiteRunner.access$000(SuiteRunner.java:39)
	at org.testng.SuiteRunner$SuiteWorker.run(SuiteRunner.java:421)
	at org.testng.internal.thread.ThreadUtil$2.call(ThreadUtil.java:64)
	at java.util.concurrent.FutureTask.run(FutureTask.java:266)
	at java.util.concurrent.ThreadPoolExecutor.runWorker(ThreadPoolExecutor.java:1142)
	at java.util.concurrent.ThreadPoolExecutor$Worker.run(ThreadPoolExecutor.java:617)
	at java.lang.Thread.run(Thread.java:745)
Caused by: com.selenium.exception.DatabaseException: PROBLEM WITH RESULT-SET OBTAINED FROM DB
	at com.selenium.SupportingClasses.DatabaseOperation.GetDataObjects(DatabaseOperation.java:118)
	at com.selenium.Configuration.PropertiesHandle.RdmsValue(PropertiesHandle.java:107)
	... 22 more
Caused by: com.mysql.jdbc.exceptions.jdbc4.CommunicationsException: Communications link failure

Last packet sent to the server was 5 ms ago.
	at sun.reflect.NativeConstructorAccessorImpl.newInstance0(Native Method)
	at sun.reflect.NativeConstructorAccessorImpl.newInstance(NativeConstructorAccessorImpl.java:62)
	at sun.reflect.DelegatingConstructorAccessorImpl.newInstance(DelegatingConstructorAccessorImpl.java:45)
	at java.lang.reflect.Constructor.newInstance(Constructor.java:422)
	at com.mysql.jdbc.Util.handleNewInstance(Util.java:406)
	at com.mysql.jdbc.SQLError.createCommunicationsException(SQLError.java:1074)
	at com.mysql.jdbc.MysqlIO.reuseAndReadPacket(MysqlIO.java:2985)
	at com.mysql.jdbc.MysqlIO.reuseAndReadPacket(MysqlIO.java:2871)
	at com.mysql.jdbc.MysqlIO.checkErrorPacket(MysqlIO.java:3414)
	at com.mysql.jdbc.MysqlIO.sendCommand(MysqlIO.java:1936)
	at com.mysql.jdbc.MysqlIO.sqlQueryDirect(MysqlIO.java:2060)
	at com.mysql.jdbc.ConnectionImpl.execSQL(ConnectionImpl.java:2536)
	at com.mysql.jdbc.ConnectionImpl.execSQL(ConnectionImpl.java:2465)
	at com.mysql.jdbc.StatementImpl.executeQuery(StatementImpl.java:1383)
	at com.selenium.SupportingClasses.DatabaseOperation.GetDataObjects(DatabaseOperation.java:99)
	... 23 more
Caused by: java.net.SocketException: Socket closed
	at java.net.SocketInputStream.socketRead0(Native Method)
	at java.net.SocketInputStream.socketRead(SocketInputStream.java:116)
	at java.net.SocketInputStream.read(SocketInputStream.java:170)
	at java.net.SocketInputStream.read(SocketInputStream.java:141)
	at com.mysql.jdbc.util.ReadAheadInputStream.fill(ReadAheadInputStream.java:113)
	at com.mysql.jdbc.util.ReadAheadInputStream.readFromUnderlyingStreamIfNecessary(ReadAheadInputStream.java:160)
	at com.mysql.jdbc.util.ReadAheadInputStream.read(ReadAheadInputStream.java:188)
	at com.mysql.jdbc.MysqlIO.readFully(MysqlIO.java:2428)
	at com.mysql.jdbc.MysqlIO.reuseAndReadPacket(MysqlIO.java:2882)
	... 31 more
]]>
            </full-stacktrace>
          </exception> <!-- com.selenium.exception.PropertiesHandleException -->
          <reporter-output>
          </reporter-output>
        </test-method> <!-- Login -->
        <test-method status="SKIP" signature="close()[pri:0, instance:com.selenium.Test.UIMainscript@5e5792a0]" name="close" is-config="true" duration-ms="0" started-at="2017-10-13T14:46:41Z" finished-at="2017-10-13T14:46:41Z">
          <reporter-output>
          </reporter-output>
        </test-method> <!-- close -->
      </class> <!-- com.selenium.Test.UIMainscript -->
    </test> <!-- ChromeTest1 -->
    <test name="ChromeTest2" duration-ms="13369" started-at="2017-10-13T09:16:41Z" finished-at="2017-10-13T09:16:55Z">
      <class name="com.selenium.Test.UIMainscript">
        <test-method status="PASS" signature="loadconfig(java.lang.String, java.lang.String, java.lang.String, java.lang.String, java.lang.String, java.lang.String, java.lang.String, java.lang.String, java.lang.String, java.lang.String)[pri:0, instance:com.selenium.Test.UIMainscript@39c0f4a]" name="loadconfig" is-config="true" duration-ms="5818" started-at="2017-10-13T14:46:41Z" finished-at="2017-10-13T14:46:47Z">
          <params>
            <param index="0">
              <value>
                <![CDATA[STARR-ASSIST]]>
              </value>
            </param>
            <param index="1">
              <value>
                <![CDATA[Quote]]>
              </value>
            </param>
            <param index="2">
              <value>
                <![CDATA[UAT]]>
              </value>
            </param>
            <param index="3">
              <value>
                <![CDATA[Y]]>
              </value>
            </param>
            <param index="4">
              <value>
                <![CDATA[com.mysql.jdbc.Driver]]>
              </value>
            </param>
            <param index="5">
              <value>
                <![CDATA[jdbc:mysql://192.168.35.2:3391/SeleniumConfig]]>
              </value>
            </param>
            <param index="6">
              <value>
                <![CDATA[root]]>
              </value>
            </param>
            <param index="7">
              <value>
                <![CDATA[password]]>
              </value>
            </param>
            <param index="8">
              <value>
                <![CDATA[Chrome]]>
              </value>
            </param>
            <param index="9">
              <value>
                <![CDATA[ActualOnly]]>
              </value>
            </param>
          </params>
          <reporter-output>
          </reporter-output>
        </test-method> <!-- loadconfig -->
        <test-method status="PASS" signature="Login()[pri:0, instance:com.selenium.Test.UIMainscript@39c0f4a]" name="Login" duration-ms="7547" started-at="2017-10-13T14:46:47Z" finished-at="2017-10-13T14:46:55Z">
          <reporter-output>
          </reporter-output>
        </test-method> <!-- Login -->
        <test-method status="PASS" signature="close()[pri:0, instance:com.selenium.Test.UIMainscript@39c0f4a]" name="close" is-config="true" duration-ms="1" started-at="2017-10-13T14:46:55Z" finished-at="2017-10-13T14:46:55Z">
          <reporter-output>
          </reporter-output>
        </test-method> <!-- close -->
      </class> <!-- com.selenium.Test.UIMainscript -->
    </test> <!-- ChromeTest2 -->
  </suite> <!-- Parallel test suite -->
</testng-results>
