<?xml version="1.0" encoding="UTF-8"?>
<testsuite name="Test1"
           tests="4"
           failures="0"
           errors="0"
           skipped="0"
           time="0.018">
  <properties />
  
  
            <testcase name="Test2" time="0.010" classname="PojoCases.CheckPriority" />
                <testcase name="Test2" time="0.008" classname="PojoCases.CheckPriority" />
                <testcase name="Test1" time="0.000" classname="PojoCases.CheckPriority" />
                <testcase name="Test1" time="0.000" classname="PojoCases.CheckPriority" />
      
</testsuite>
