<?xml version="1.0" encoding="UTF-8"?>
<!-- Generated by org.testng.reporters.JUnitXMLReporter -->
<testsuite hostname="C1128" ignored="0" name="Test1" tests="5" failures="2" timestamp="30 Nov 2017 08:20:46 GMT" time="2245.941" errors="0">
  <testcase name="Login" time="12.225" classname="com.selenium.Test.NITICSuite"/>
  <testcase name="TestCase1" time="119.712" classname="com.selenium.Test.NITICSuite"/>
  <testcase name="TestCase1" time="108.481" classname="com.selenium.Test.NITICSuite"/>
  <testcase name="TestCase2" time="1000.786" classname="com.selenium.Test.NITICSuite">
    <failure type="org.openqa.selenium.TimeoutException" message="Timed out after 1000 seconds waiting for visibility of [[RemoteWebDriver: chrome on XP (fddcaaae-3537-4de0-8df2-acfda28640ed)] -&amp;gt; xpath: //a[contains(.,&amp;apos;Find Policy&amp;apos;)]]
Build info: version: &amp;apos;3.0.1&amp;apos;, revision: &amp;apos;1969d75&amp;apos;, time: &amp;apos;2016-10-18 09:49:13 -0700&amp;apos;
System info: host: &amp;apos;C1128&amp;apos;, ip: &amp;apos;192.168.4.131&amp;apos;, os.name: &amp;apos;Windows 7&amp;apos;, os.arch: &amp;apos;amd64&amp;apos;, os.version: &amp;apos;6.1&amp;apos;, java.version: &amp;apos;1.8.0_73&amp;apos;
Driver info: org.openqa.selenium.remote.RemoteWebDriver
Capabilities [{applicationCacheEnabled=false, rotatable=false, mobileEmulationEnabled=false, networkConnectionEnabled=false, chrome={chromedriverVersion=2.33.506120 (e3e53437346286c0bc2d2dc9aa4915ba81d9023f), userDataDir=C:\Users\SASIRE~1.SOL\AppData\Local\Temp\scoped_dir25068_4718}, takesHeapSnapshot=true, pageLoadStrategy=normal, databaseEnabled=false, handlesAlerts=true, hasTouchScreen=false, version=62.0.3202.94, platform=XP, browserConnectionEnabled=false, nativeEvents=true, acceptSslCerts=true, webdriver.remote.sessionid=fddcaaae-3537-4de0-8df2-acfda28640ed, locationContextEnabled=true, webStorageEnabled=true, browserName=chrome, takesScreenshot=true, javascriptEnabled=true, cssSelectorsEnabled=true, setWindowRect=true, unexpectedAlertBehaviour=}]
Session ID: fddcaaae-3537-4de0-8df2-acfda28640ed">
      <![CDATA[org.openqa.selenium.TimeoutException: Timed out after 1000 seconds waiting for visibility of [[RemoteWebDriver: chrome on XP (fddcaaae-3537-4de0-8df2-acfda28640ed)] -> xpath: //a[contains(.,'Find Policy')]]
Build info: version: '3.0.1', revision: '1969d75', time: '2016-10-18 09:49:13 -0700'
System info: host: 'C1128', ip: '192.168.4.131', os.name: 'Windows 7', os.arch: 'amd64', os.version: '6.1', java.version: '1.8.0_73'
Driver info: org.openqa.selenium.remote.RemoteWebDriver
Capabilities [{applicationCacheEnabled=false, rotatable=false, mobileEmulationEnabled=false, networkConnectionEnabled=false, chrome={chromedriverVersion=2.33.506120 (e3e53437346286c0bc2d2dc9aa4915ba81d9023f), userDataDir=C:\Users\SASIRE~1.SOL\AppData\Local\Temp\scoped_dir25068_4718}, takesHeapSnapshot=true, pageLoadStrategy=normal, databaseEnabled=false, handlesAlerts=true, hasTouchScreen=false, version=62.0.3202.94, platform=XP, browserConnectionEnabled=false, nativeEvents=true, acceptSslCerts=true, webdriver.remote.sessionid=fddcaaae-3537-4de0-8df2-acfda28640ed, locationContextEnabled=true, webStorageEnabled=true, browserName=chrome, takesScreenshot=true, javascriptEnabled=true, cssSelectorsEnabled=true, setWindowRect=true, unexpectedAlertBehaviour=}]
Session ID: fddcaaae-3537-4de0-8df2-acfda28640ed
	at org.openqa.selenium.support.ui.WebDriverWait.timeoutException(WebDriverWait.java:80)
	at org.openqa.selenium.support.ui.FluentWait.until(FluentWait.java:261)
	at BasePage.BasePage.WaitWithVisibility(BasePage.java:17)
	at NITICPOM.HomePage.ClickFindPolicy(HomePage.java:141)
	at com.selenium.Test.NITICSuite.TestCase2(NITICSuite.java:204)
... Removed 25 stack frames]]>
    </failure>
  </testcase> <!-- TestCase2 -->
  <testcase name="TestCase2" time="1000.86" classname="com.selenium.Test.NITICSuite">
    <failure type="org.openqa.selenium.TimeoutException" message="Timed out after 1000 seconds waiting for visibility of [[RemoteWebDriver: chrome on XP (fddcaaae-3537-4de0-8df2-acfda28640ed)] -&amp;gt; xpath: //a[contains(.,&amp;apos;Find Policy&amp;apos;)]]
Build info: version: &amp;apos;3.0.1&amp;apos;, revision: &amp;apos;1969d75&amp;apos;, time: &amp;apos;2016-10-18 09:49:13 -0700&amp;apos;
System info: host: &amp;apos;C1128&amp;apos;, ip: &amp;apos;192.168.4.131&amp;apos;, os.name: &amp;apos;Windows 7&amp;apos;, os.arch: &amp;apos;amd64&amp;apos;, os.version: &amp;apos;6.1&amp;apos;, java.version: &amp;apos;1.8.0_73&amp;apos;
Driver info: org.openqa.selenium.remote.RemoteWebDriver
Capabilities [{applicationCacheEnabled=false, rotatable=false, mobileEmulationEnabled=false, networkConnectionEnabled=false, chrome={chromedriverVersion=2.33.506120 (e3e53437346286c0bc2d2dc9aa4915ba81d9023f), userDataDir=C:\Users\SASIRE~1.SOL\AppData\Local\Temp\scoped_dir25068_4718}, takesHeapSnapshot=true, pageLoadStrategy=normal, databaseEnabled=false, handlesAlerts=true, hasTouchScreen=false, version=62.0.3202.94, platform=XP, browserConnectionEnabled=false, nativeEvents=true, acceptSslCerts=true, webdriver.remote.sessionid=fddcaaae-3537-4de0-8df2-acfda28640ed, locationContextEnabled=true, webStorageEnabled=true, browserName=chrome, takesScreenshot=true, javascriptEnabled=true, cssSelectorsEnabled=true, setWindowRect=true, unexpectedAlertBehaviour=}]
Session ID: fddcaaae-3537-4de0-8df2-acfda28640ed">
      <![CDATA[org.openqa.selenium.TimeoutException: Timed out after 1000 seconds waiting for visibility of [[RemoteWebDriver: chrome on XP (fddcaaae-3537-4de0-8df2-acfda28640ed)] -> xpath: //a[contains(.,'Find Policy')]]
Build info: version: '3.0.1', revision: '1969d75', time: '2016-10-18 09:49:13 -0700'
System info: host: 'C1128', ip: '192.168.4.131', os.name: 'Windows 7', os.arch: 'amd64', os.version: '6.1', java.version: '1.8.0_73'
Driver info: org.openqa.selenium.remote.RemoteWebDriver
Capabilities [{applicationCacheEnabled=false, rotatable=false, mobileEmulationEnabled=false, networkConnectionEnabled=false, chrome={chromedriverVersion=2.33.506120 (e3e53437346286c0bc2d2dc9aa4915ba81d9023f), userDataDir=C:\Users\SASIRE~1.SOL\AppData\Local\Temp\scoped_dir25068_4718}, takesHeapSnapshot=true, pageLoadStrategy=normal, databaseEnabled=false, handlesAlerts=true, hasTouchScreen=false, version=62.0.3202.94, platform=XP, browserConnectionEnabled=false, nativeEvents=true, acceptSslCerts=true, webdriver.remote.sessionid=fddcaaae-3537-4de0-8df2-acfda28640ed, locationContextEnabled=true, webStorageEnabled=true, browserName=chrome, takesScreenshot=true, javascriptEnabled=true, cssSelectorsEnabled=true, setWindowRect=true, unexpectedAlertBehaviour=}]
Session ID: fddcaaae-3537-4de0-8df2-acfda28640ed
	at org.openqa.selenium.support.ui.WebDriverWait.timeoutException(WebDriverWait.java:80)
	at org.openqa.selenium.support.ui.FluentWait.until(FluentWait.java:261)
	at BasePage.BasePage.WaitWithVisibility(BasePage.java:17)
	at NITICPOM.HomePage.ClickFindPolicy(HomePage.java:141)
	at com.selenium.Test.NITICSuite.TestCase2(NITICSuite.java:204)
... Removed 25 stack frames]]>
    </failure>
  </testcase> <!-- TestCase2 -->
</testsuite> <!-- Test1 -->
