<?xml version="1.0" encoding="UTF-8"?>
<!-- Generated by org.testng.reporters.JUnitXMLReporter -->
<testsuite hostname="C1128" ignored="0" name="Test1" tests="3" failures="1" timestamp="10 Nov 2017 12:11:39 GMT" time="29.213" errors="0">
  <testcase name="Login" time="10.412" classname="com.selenium.Test.StarrAssistSuite"/>
  <testcase name="TestCase1" time="14.17" classname="com.selenium.Test.StarrAssistSuite"/>
  <testcase name="TestCase1" time="1.176" classname="com.selenium.Test.StarrAssistSuite">
    <failure type="org.openqa.selenium.WebDriverException" message="unknown error: Element &amp;lt;a id=&amp;quot;MenuBar:QuoteFlowLink&amp;quot; href=&amp;quot;#&amp;quot; onclick=&amp;quot;jsf.util.chain(this,event,&amp;apos;PrimeFaces.ab({s:this,e:\&amp;apos;action\&amp;apos;,p:\&amp;apos;MenuBar:QuoteFlowLink\&amp;apos;});&amp;apos;,&amp;apos;PrimeFaces.ab({s:this,e:\&amp;apos;action\&amp;apos;,p:\&amp;apos;MenuBar:QuoteFlowLink\&amp;apos;});&amp;apos;,&amp;apos;PrimeFaces.ab({s:this,e:\&amp;apos;action\&amp;apos;,p:\&amp;apos;MenuBar:QuoteFlowLink\&amp;apos;});&amp;apos;,&amp;apos;PrimeFaces.ab({s:this,e:\&amp;apos;action\&amp;apos;,p:\&amp;apos;MenuBar:QuoteFlowLink\&amp;apos;});&amp;apos;,&amp;apos;PrimeFaces.ab({s:this,e:\&amp;apos;action\&amp;apos;,p:\&amp;apos;MenuBar:QuoteFlowLink\&amp;apos;});&amp;apos;,&amp;apos;PrimeFaces.ab({s:this,e:\&amp;apos;action\&amp;apos;,p:\&amp;apos;MenuBar:QuoteFlowLink\&amp;apos;});&amp;apos;,&amp;apos;PrimeFaces.ab({s:this,e:\&amp;apos;action\&amp;apos;,p:\&amp;apos;MenuBar:QuoteFlowLink\&amp;apos;});&amp;apos;,&amp;apos;PrimeFaces.ab({s:this,e:\&amp;apos;action\&amp;apos;,p:\&amp;apos;MenuBar:QuoteFlowLink\&amp;apos;});&amp;apos;,&amp;apos;PrimeFaces.ab({s:this,e:\&amp;apos;action\&amp;apos;,p:\&amp;apos;MenuBar:QuoteFlowLink\&amp;apos;});&amp;apos;,&amp;apos;PrimeFaces.ab({s:this,e:\&amp;apos;action\&amp;apos;,p:\&amp;apos;MenuBar:QuoteFlowLink\&amp;apos;});&amp;apos;);return false&amp;quot; class=&amp;quot;header_menu_item&amp;quot;&amp;gt;...&amp;lt;/a&amp;gt; is not clickable at point (514, 27). Other element would receive the click: &amp;lt;div id=&amp;quot;uiblock_modal&amp;quot; class=&amp;quot;ui-widget-overlay&amp;quot; style=&amp;quot;width: 1195px; height: 1181px; z-index: 1005;&amp;quot;&amp;gt;&amp;lt;/div&amp;gt;
  (Session info: chrome=62.0.3202.89)
  (Driver info: chromedriver=2.32.498550 (9dec58e66c31bcc53a9ce3c7226f0c1c5810906a),platform=Windows NT 6.1.7600 x86_64) (WARNING: The server did not provide any stacktrace information)
Command duration or timeout: 63 milliseconds
Build info: version: &amp;apos;2.53.0&amp;apos;, revision: &amp;apos;35ae25b&amp;apos;, time: &amp;apos;2016-03-15 17:00:58&amp;apos;
System info: host: &amp;apos;Automation3PC&amp;apos;, ip: &amp;apos;192.168.4.93&amp;apos;, os.name: &amp;apos;Windows 7&amp;apos;, os.arch: &amp;apos;amd64&amp;apos;, os.version: &amp;apos;6.1&amp;apos;, java.version: &amp;apos;1.7.0_79&amp;apos;
Session ID: f11584783242cbe08858c8e045b35070
Driver info: org.openqa.selenium.chrome.ChromeDriver
Capabilities [{platform=XP, acceptSslCerts=true, javascriptEnabled=true, browserName=chrome, chrome={userDataDir=C:\Users\AUTOMA~1\AppData\Local\Temp\scoped_dir2040_22520, chromedriverVersion=2.32.498550 (9dec58e66c31bcc53a9ce3c7226f0c1c5810906a)}, networkConnectionEnabled=false, unexpectedAlertBehaviour=, rotatable=false, setWindowRect=true, locationContextEnabled=true, mobileEmulationEnabled=false, pageLoadStrategy=normal, version=62.0.3202.89, takesHeapSnapshot=true, cssSelectorsEnabled=true, databaseEnabled=false, handlesAlerts=true, browserConnectionEnabled=false, webStorageEnabled=true, nativeEvents=true, hasTouchScreen=false, applicationCacheEnabled=false, takesScreenshot=true}]
Command duration or timeout: 676 milliseconds
Build info: version: &amp;apos;3.0.1&amp;apos;, revision: &amp;apos;1969d75&amp;apos;, time: &amp;apos;2016-10-18 09:49:13 -0700&amp;apos;
System info: host: &amp;apos;C1128&amp;apos;, ip: &amp;apos;192.168.4.131&amp;apos;, os.name: &amp;apos;Windows 7&amp;apos;, os.arch: &amp;apos;amd64&amp;apos;, os.version: &amp;apos;6.1&amp;apos;, java.version: &amp;apos;1.8.0_73&amp;apos;
Driver info: org.openqa.selenium.remote.RemoteWebDriver
Capabilities [{applicationCacheEnabled=false, rotatable=false, networkConnectionEnabled=false, mobileEmulationEnabled=false, chrome={chromedriverVersion=2.32.498550 (9dec58e66c31bcc53a9ce3c7226f0c1c5810906a), userDataDir=C:\Users\AUTOMA~1\AppData\Local\Temp\scoped_dir2040_22520}, takesHeapSnapshot=true, pageLoadStrategy=normal, databaseEnabled=false, handlesAlerts=true, hasTouchScreen=false, version=62.0.3202.89, platform=XP, browserConnectionEnabled=false, nativeEvents=true, acceptSslCerts=true, webdriver.remote.sessionid=afafc661-f073-4b29-8807-364a9f46ba5d, locationContextEnabled=true, webStorageEnabled=true, browserName=chrome, takesScreenshot=true, javascriptEnabled=true, setWindowRect=true, cssSelectorsEnabled=true, unexpectedAlertBehaviour=}]
Session ID: afafc661-f073-4b29-8807-364a9f46ba5d">
      <![CDATA[org.openqa.selenium.WebDriverException: unknown error: Element <a id="MenuBar:QuoteFlowLink" href="#" onclick="jsf.util.chain(this,event,'PrimeFaces.ab({s:this,e:\'action\',p:\'MenuBar:QuoteFlowLink\'});','PrimeFaces.ab({s:this,e:\'action\',p:\'MenuBar:QuoteFlowLink\'});','PrimeFaces.ab({s:this,e:\'action\',p:\'MenuBar:QuoteFlowLink\'});','PrimeFaces.ab({s:this,e:\'action\',p:\'MenuBar:QuoteFlowLink\'});','PrimeFaces.ab({s:this,e:\'action\',p:\'MenuBar:QuoteFlowLink\'});','PrimeFaces.ab({s:this,e:\'action\',p:\'MenuBar:QuoteFlowLink\'});','PrimeFaces.ab({s:this,e:\'action\',p:\'MenuBar:QuoteFlowLink\'});','PrimeFaces.ab({s:this,e:\'action\',p:\'MenuBar:QuoteFlowLink\'});','PrimeFaces.ab({s:this,e:\'action\',p:\'MenuBar:QuoteFlowLink\'});','PrimeFaces.ab({s:this,e:\'action\',p:\'MenuBar:QuoteFlowLink\'});');return false" class="header_menu_item">...</a> is not clickable at point (514, 27). Other element would receive the click: <div id="uiblock_modal" class="ui-widget-overlay" style="width: 1195px; height: 1181px; z-index: 1005;"></div>
  (Session info: chrome=62.0.3202.89)
  (Driver info: chromedriver=2.32.498550 (9dec58e66c31bcc53a9ce3c7226f0c1c5810906a),platform=Windows NT 6.1.7600 x86_64) (WARNING: The server did not provide any stacktrace information)
Command duration or timeout: 63 milliseconds
Build info: version: '2.53.0', revision: '35ae25b', time: '2016-03-15 17:00:58'
System info: host: 'Automation3PC', ip: '192.168.4.93', os.name: 'Windows 7', os.arch: 'amd64', os.version: '6.1', java.version: '1.7.0_79'
Session ID: f11584783242cbe08858c8e045b35070
Driver info: org.openqa.selenium.chrome.ChromeDriver
Capabilities [{platform=XP, acceptSslCerts=true, javascriptEnabled=true, browserName=chrome, chrome={userDataDir=C:\Users\AUTOMA~1\AppData\Local\Temp\scoped_dir2040_22520, chromedriverVersion=2.32.498550 (9dec58e66c31bcc53a9ce3c7226f0c1c5810906a)}, networkConnectionEnabled=false, unexpectedAlertBehaviour=, rotatable=false, setWindowRect=true, locationContextEnabled=true, mobileEmulationEnabled=false, pageLoadStrategy=normal, version=62.0.3202.89, takesHeapSnapshot=true, cssSelectorsEnabled=true, databaseEnabled=false, handlesAlerts=true, browserConnectionEnabled=false, webStorageEnabled=true, nativeEvents=true, hasTouchScreen=false, applicationCacheEnabled=false, takesScreenshot=true}]
Command duration or timeout: 676 milliseconds
Build info: version: '3.0.1', revision: '1969d75', time: '2016-10-18 09:49:13 -0700'
System info: host: 'C1128', ip: '192.168.4.131', os.name: 'Windows 7', os.arch: 'amd64', os.version: '6.1', java.version: '1.8.0_73'
Driver info: org.openqa.selenium.remote.RemoteWebDriver
Capabilities [{applicationCacheEnabled=false, rotatable=false, networkConnectionEnabled=false, mobileEmulationEnabled=false, chrome={chromedriverVersion=2.32.498550 (9dec58e66c31bcc53a9ce3c7226f0c1c5810906a), userDataDir=C:\Users\AUTOMA~1\AppData\Local\Temp\scoped_dir2040_22520}, takesHeapSnapshot=true, pageLoadStrategy=normal, databaseEnabled=false, handlesAlerts=true, hasTouchScreen=false, version=62.0.3202.89, platform=XP, browserConnectionEnabled=false, nativeEvents=true, acceptSslCerts=true, webdriver.remote.sessionid=afafc661-f073-4b29-8807-364a9f46ba5d, locationContextEnabled=true, webStorageEnabled=true, browserName=chrome, takesScreenshot=true, javascriptEnabled=true, setWindowRect=true, cssSelectorsEnabled=true, unexpectedAlertBehaviour=}]
Session ID: afafc661-f073-4b29-8807-364a9f46ba5d
	at sun.reflect.NativeConstructorAccessorImpl.newInstance0(Native Method)
	at sun.reflect.NativeConstructorAccessorImpl.newInstance(NativeConstructorAccessorImpl.java:62)
	at sun.reflect.DelegatingConstructorAccessorImpl.newInstance(DelegatingConstructorAccessorImpl.java:45)
	at java.lang.reflect.Constructor.newInstance(Constructor.java:422)
	at org.openqa.selenium.remote.ErrorHandler.createThrowable(ErrorHandler.java:216)
	at org.openqa.selenium.remote.ErrorHandler.throwIfResponseFailed(ErrorHandler.java:168)
	at org.openqa.selenium.remote.RemoteWebDriver.execute(RemoteWebDriver.java:635)
	at org.openqa.selenium.remote.RemoteWebElement.execute(RemoteWebElement.java:274)
	at org.openqa.selenium.remote.RemoteWebElement.click(RemoteWebElement.java:84)
	at sun.reflect.NativeMethodAccessorImpl.invoke0(Native Method)
	at sun.reflect.NativeMethodAccessorImpl.invoke(NativeMethodAccessorImpl.java:62)
	at sun.reflect.DelegatingMethodAccessorImpl.invoke(DelegatingMethodAccessorImpl.java:43)
	at java.lang.reflect.Method.invoke(Method.java:497)
	at org.openqa.selenium.support.pagefactory.internal.LocatingElementHandler.invoke(LocatingElementHandler.java:51)
	at com.sun.proxy.$Proxy10.click(Unknown Source)
	at StarrAssistPOM.HomePage.ClickGetAQuote(HomePage.java:37)
	at com.selenium.Test.StarrAssistSuite.TestCase1(StarrAssistSuite.java:105)
	at sun.reflect.NativeMethodAccessorImpl.invoke0(Native Method)
	at sun.reflect.NativeMethodAccessorImpl.invoke(NativeMethodAccessorImpl.java:62)
	at sun.reflect.DelegatingMethodAccessorImpl.invoke(DelegatingMethodAccessorImpl.java:43)
	at java.lang.reflect.Method.invoke(Method.java:497)
	at org.testng.internal.MethodInvocationHelper.invokeMethod(MethodInvocationHelper.java:104)
	at org.testng.internal.Invoker.invokeMethod(Invoker.java:645)
	at org.testng.internal.Invoker.invokeTestMethod(Invoker.java:851)
	at org.testng.internal.Invoker.invokeTestMethods(Invoker.java:1177)
	at org.testng.internal.TestMethodWorker.invokeTestMethods(TestMethodWorker.java:129)
	at org.testng.internal.TestMethodWorker.run(TestMethodWorker.java:112)
	at org.testng.TestRunner.privateRun(TestRunner.java:756)
	at org.testng.TestRunner.run(TestRunner.java:610)
	at org.testng.SuiteRunner.runTest(SuiteRunner.java:387)
	at org.testng.SuiteRunner.access$000(SuiteRunner.java:39)
	at org.testng.SuiteRunner$SuiteWorker.run(SuiteRunner.java:421)
	at org.testng.internal.thread.ThreadUtil$2.call(ThreadUtil.java:64)
	at java.util.concurrent.FutureTask.run(FutureTask.java:266)
	at java.util.concurrent.ThreadPoolExecutor.runWorker(ThreadPoolExecutor.java:1142)
	at java.util.concurrent.ThreadPoolExecutor$Worker.run(ThreadPoolExecutor.java:617)
	at java.lang.Thread.run(Thread.java:745)
Caused by: org.openqa.selenium.remote.ScreenshotException: Screen shot has been taken
Build info: version: '3.0.1', revision: '1969d75', time: '2016-10-18 09:49:13 -0700'
System info: host: 'C1128', ip: '192.168.4.131', os.name: 'Windows 7', os.arch: 'amd64', os.version: '6.1', java.version: '1.8.0_73'
Driver info: driver.version: RemoteWebDriver
	at org.openqa.selenium.remote.ErrorHandler.throwIfResponseFailed(ErrorHandler.java:142)
	... 31 more
Caused by: org.openqa.selenium.WebDriverException: unknown error: Element <a id="MenuBar:QuoteFlowLink" href="#" onclick="jsf.util.chain(this,event,'PrimeFaces.ab({s:this,e:\'action\',p:\'MenuBar:QuoteFlowLink\'});','PrimeFaces.ab({s:this,e:\'action\',p:\'MenuBar:QuoteFlowLink\'});','PrimeFaces.ab({s:this,e:\'action\',p:\'MenuBar:QuoteFlowLink\'});','PrimeFaces.ab({s:this,e:\'action\',p:\'MenuBar:QuoteFlowLink\'});','PrimeFaces.ab({s:this,e:\'action\',p:\'MenuBar:QuoteFlowLink\'});','PrimeFaces.ab({s:this,e:\'action\',p:\'MenuBar:QuoteFlowLink\'});','PrimeFaces.ab({s:this,e:\'action\',p:\'MenuBar:QuoteFlowLink\'});','PrimeFaces.ab({s:this,e:\'action\',p:\'MenuBar:QuoteFlowLink\'});','PrimeFaces.ab({s:this,e:\'action\',p:\'MenuBar:QuoteFlowLink\'});','PrimeFaces.ab({s:this,e:\'action\',p:\'MenuBar:QuoteFlowLink\'});');return false" class="header_menu_item">...</a> is not clickable at point (514, 27). Other element would receive the click: <div id="uiblock_modal" class="ui-widget-overlay" style="width: 1195px; height: 1181px; z-index: 1005;"></div>
  (Session info: chrome=62.0.3202.89)
  (Driver info: chromedriver=2.32.498550 (9dec58e66c31bcc53a9ce3c7226f0c1c5810906a),platform=Windows NT 6.1.7600 x86_64) (WARNING: The server did not provide any stacktrace information)
Command duration or timeout: 63 milliseconds
Build info: version: '2.53.0', revision: '35ae25b', time: '2016-03-15 17:00:58'
System info: host: 'Automation3PC', ip: '192.168.4.93', os.name: 'Windows 7', os.arch: 'amd64', os.version: '6.1', java.version: '1.7.0_79'
Session ID: f11584783242cbe08858c8e045b35070
Driver info: org.openqa.selenium.chrome.ChromeDriver
Capabilities [{platform=XP, acceptSslCerts=true, javascriptEnabled=true, browserName=chrome, chrome={userDataDir=C:\Users\AUTOMA~1\AppData\Local\Temp\scoped_dir2040_22520, chromedriverVersion=2.32.498550 (9dec58e66c31bcc53a9ce3c7226f0c1c5810906a)}, networkConnectionEnabled=false, unexpectedAlertBehaviour=, rotatable=false, setWindowRect=true, locationContextEnabled=true, mobileEmulationEnabled=false, pageLoadStrategy=normal, version=62.0.3202.89, takesHeapSnapshot=true, cssSelectorsEnabled=true, databaseEnabled=false, handlesAlerts=true, browserConnectionEnabled=false, webStorageEnabled=true, nativeEvents=true, hasTouchScreen=false, applicationCacheEnabled=false, takesScreenshot=true}]
Build info: version: '3.0.1', revision: '1969d75', time: '2016-10-18 09:49:13 -0700'
System info: host: 'C1128', ip: '192.168.4.131', os.name: 'Windows 7', os.arch: 'amd64', os.version: '6.1', java.version: '1.8.0_73'
Driver info: driver.version: RemoteWebDriver
	at sun.reflect.NativeConstructorAccessorImpl.newInstance0(Native Method)
	at sun.reflect.NativeConstructorAccessorImpl.newInstance(Unknown Source)
	at sun.reflect.DelegatingConstructorAccessorImpl.newInstance(Unknown Source)
	at java.lang.reflect.Constructor.newInstance(Unknown Source)
	at org.openqa.selenium.remote.ErrorHandler.createThrowable(ErrorHandler.java:206)
	at org.openqa.selenium.remote.ErrorHandler.throwIfResponseFailed(ErrorHandler.java:158)
	at org.openqa.selenium.remote.RemoteWebDriver.execute(RemoteWebDriver.java:678)
	at org.openqa.selenium.remote.RemoteWebElement.execute(RemoteWebElement.java:327)
	at org.openqa.selenium.remote.RemoteWebElement.click(RemoteWebElement.java:85)
	at sun.reflect.GeneratedMethodAccessor19.invoke(Unknown Source)
	at sun.reflect.DelegatingMethodAccessorImpl.invoke(Unknown Source)
	at java.lang.reflect.Method.invoke(Unknown Source)
	at org.openqa.selenium.support.events.EventFiringWebDriver$EventFiringWebElement$1.invoke(EventFiringWebDriver.java:335)
	at com.sun.proxy.$Proxy2.click(Unknown Source)
	at org.openqa.selenium.support.events.EventFiringWebDriver$EventFiringWebElement.click(EventFiringWebDriver.java:348)
	at sun.reflect.GeneratedMethodAccessor19.invoke(Unknown Source)
	at sun.reflect.DelegatingMethodAccessorImpl.invoke(Unknown Source)
	at java.lang.reflect.Method.invoke(Unknown Source)
	at org.openqa.selenium.remote.server.KnownElements$1.invoke(KnownElements.java:64)
	at com.sun.proxy.$Proxy3.click(Unknown Source)
	at org.openqa.selenium.remote.server.handler.ClickElement.call(ClickElement.java:30)
	at org.openqa.selenium.remote.server.handler.ClickElement.call(ClickElement.java:1)
	at java.util.concurrent.FutureTask.run(Unknown Source)
	at org.openqa.selenium.remote.server.DefaultSession$1.run(DefaultSession.java:176)
	at java.util.concurrent.ThreadPoolExecutor.runWorker(Unknown Source)
	at java.util.concurrent.ThreadPoolExecutor$Worker.run(Unknown Source)
	at java.lang.Thread.run(Unknown Source)
]]>
    </failure>
  </testcase> <!-- TestCase1 -->
</testsuite> <!-- Test1 -->
