<?xml version="1.0" encoding="UTF-8"?>
<!-- Generated by org.testng.reporters.JUnitXMLReporter -->
<testsuite hostname="C1128" ignored="0" name="Test1" tests="3" failures="0" timestamp="15 Dec 2017 10:06:11 GMT" time="20.572" errors="0">
  <testcase name="Login" time="16.86" classname="KeywordDrivenFramework.KeywordDrivenFramework.NITICCreateQuoteTest"/>
  <testcase name="createQuote" time="0.0" classname="KeywordDrivenFramework.KeywordDrivenFramework.NITICCreateQuoteTest"/>
  <testcase name="createQuote" time="0.001" classname="KeywordDrivenFramework.KeywordDrivenFramework.NITICCreateQuoteTest"/>
</testsuite> <!-- Test1 -->
