<?xml version="1.0" encoding="UTF-8"?>
<!-- Generated by org.testng.reporters.JUnitXMLReporter -->
<testsuite hostname="C1128" ignored="0" name="Test2" tests="412" failures="2" timestamp="15 Nov 2017 05:32:49 GMT" time="143.695" errors="0">
  <testcase name="Login" time="57.507" classname="com.selenium.Test.StarrAssistSuite"/>
  <testcase name="UITest" time="0.021" classname="com.selenium.Test.StarrAssistSuite"/>
  <testcase name="UITest" time="0.004" classname="com.selenium.Test.StarrAssistSuite"/>
  <testcase name="UITest" time="37.228" classname="com.selenium.Test.StarrAssistSuite">
    <failure type="org.openqa.selenium.WebDriverException" message="unknown error: keys should be a string
  (Session info: chrome=61.0.3163.100)
  (Driver info: chromedriver=2.32.498550 (9dec58e66c31bcc53a9ce3c7226f0c1c5810906a),platform=Windows NT 6.1.7601 SP1 x86_64) (WARNING: The server did not provide any stacktrace information)
Command duration or timeout: 59 milliseconds
Build info: version: &amp;apos;2.53.0&amp;apos;, revision: &amp;apos;35ae25b&amp;apos;, time: &amp;apos;2016-03-15 17:00:58&amp;apos;
System info: host: &amp;apos;C1128&amp;apos;, ip: &amp;apos;192.168.4.131&amp;apos;, os.name: &amp;apos;Windows 7&amp;apos;, os.arch: &amp;apos;amd64&amp;apos;, os.version: &amp;apos;6.1&amp;apos;, java.version: &amp;apos;1.8.0_73&amp;apos;
Driver info: org.openqa.selenium.chrome.ChromeDriver
Capabilities [{applicationCacheEnabled=false, rotatable=false, mobileEmulationEnabled=false, networkConnectionEnabled=false, chrome={chromedriverVersion=2.32.498550 (9dec58e66c31bcc53a9ce3c7226f0c1c5810906a), userDataDir=C:\Users\SASIRE~1.SOL\AppData\Local\Temp\scoped_dir18024_19854}, takesHeapSnapshot=true, pageLoadStrategy=normal, databaseEnabled=false, handlesAlerts=true, hasTouchScreen=false, version=61.0.3163.100, platform=XP, browserConnectionEnabled=false, nativeEvents=true, acceptSslCerts=true, locationContextEnabled=true, webStorageEnabled=true, browserName=chrome, takesScreenshot=true, javascriptEnabled=true, cssSelectorsEnabled=true, setWindowRect=true, unexpectedAlertBehaviour=}]
Session ID: 9c47639ca036a2be68817ca960648def
Command duration or timeout: 353 milliseconds
Build info: version: &amp;apos;3.0.1&amp;apos;, revision: &amp;apos;1969d75&amp;apos;, time: &amp;apos;2016-10-18 09:49:13 -0700&amp;apos;
System info: host: &amp;apos;C1128&amp;apos;, ip: &amp;apos;192.168.4.131&amp;apos;, os.name: &amp;apos;Windows 7&amp;apos;, os.arch: &amp;apos;amd64&amp;apos;, os.version: &amp;apos;6.1&amp;apos;, java.version: &amp;apos;1.8.0_73&amp;apos;
Driver info: org.openqa.selenium.remote.RemoteWebDriver
Capabilities [{applicationCacheEnabled=false, rotatable=false, mobileEmulationEnabled=false, networkConnectionEnabled=false, chrome={chromedriverVersion=2.32.498550 (9dec58e66c31bcc53a9ce3c7226f0c1c5810906a), userDataDir=C:\Users\SASIRE~1.SOL\AppData\Local\Temp\scoped_dir18024_19854}, takesHeapSnapshot=true, pageLoadStrategy=normal, databaseEnabled=false, handlesAlerts=true, hasTouchScreen=false, version=61.0.3163.100, platform=XP, browserConnectionEnabled=false, nativeEvents=true, acceptSslCerts=true, webdriver.remote.sessionid=0dc80974-b0f7-4318-a32a-674adcb0b967, locationContextEnabled=true, webStorageEnabled=true, browserName=chrome, takesScreenshot=true, javascriptEnabled=true, cssSelectorsEnabled=true, setWindowRect=true, unexpectedAlertBehaviour=}]
Session ID: 0dc80974-b0f7-4318-a32a-674adcb0b967">
      <![CDATA[org.openqa.selenium.WebDriverException: unknown error: keys should be a string
  (Session info: chrome=61.0.3163.100)
  (Driver info: chromedriver=2.32.498550 (9dec58e66c31bcc53a9ce3c7226f0c1c5810906a),platform=Windows NT 6.1.7601 SP1 x86_64) (WARNING: The server did not provide any stacktrace information)
Command duration or timeout: 59 milliseconds
Build info: version: '2.53.0', revision: '35ae25b', time: '2016-03-15 17:00:58'
System info: host: 'C1128', ip: '192.168.4.131', os.name: 'Windows 7', os.arch: 'amd64', os.version: '6.1', java.version: '1.8.0_73'
Driver info: org.openqa.selenium.chrome.ChromeDriver
Capabilities [{applicationCacheEnabled=false, rotatable=false, mobileEmulationEnabled=false, networkConnectionEnabled=false, chrome={chromedriverVersion=2.32.498550 (9dec58e66c31bcc53a9ce3c7226f0c1c5810906a), userDataDir=C:\Users\SASIRE~1.SOL\AppData\Local\Temp\scoped_dir18024_19854}, takesHeapSnapshot=true, pageLoadStrategy=normal, databaseEnabled=false, handlesAlerts=true, hasTouchScreen=false, version=61.0.3163.100, platform=XP, browserConnectionEnabled=false, nativeEvents=true, acceptSslCerts=true, locationContextEnabled=true, webStorageEnabled=true, browserName=chrome, takesScreenshot=true, javascriptEnabled=true, cssSelectorsEnabled=true, setWindowRect=true, unexpectedAlertBehaviour=}]
Session ID: 9c47639ca036a2be68817ca960648def
Command duration or timeout: 353 milliseconds
Build info: version: '3.0.1', revision: '1969d75', time: '2016-10-18 09:49:13 -0700'
System info: host: 'C1128', ip: '192.168.4.131', os.name: 'Windows 7', os.arch: 'amd64', os.version: '6.1', java.version: '1.8.0_73'
Driver info: org.openqa.selenium.remote.RemoteWebDriver
Capabilities [{applicationCacheEnabled=false, rotatable=false, mobileEmulationEnabled=false, networkConnectionEnabled=false, chrome={chromedriverVersion=2.32.498550 (9dec58e66c31bcc53a9ce3c7226f0c1c5810906a), userDataDir=C:\Users\SASIRE~1.SOL\AppData\Local\Temp\scoped_dir18024_19854}, takesHeapSnapshot=true, pageLoadStrategy=normal, databaseEnabled=false, handlesAlerts=true, hasTouchScreen=false, version=61.0.3163.100, platform=XP, browserConnectionEnabled=false, nativeEvents=true, acceptSslCerts=true, webdriver.remote.sessionid=0dc80974-b0f7-4318-a32a-674adcb0b967, locationContextEnabled=true, webStorageEnabled=true, browserName=chrome, takesScreenshot=true, javascriptEnabled=true, cssSelectorsEnabled=true, setWindowRect=true, unexpectedAlertBehaviour=}]
Session ID: 0dc80974-b0f7-4318-a32a-674adcb0b967
	at sun.reflect.NativeConstructorAccessorImpl.newInstance0(Native Method)
	at sun.reflect.NativeConstructorAccessorImpl.newInstance(NativeConstructorAccessorImpl.java:62)
	at sun.reflect.DelegatingConstructorAccessorImpl.newInstance(DelegatingConstructorAccessorImpl.java:45)
	at java.lang.reflect.Constructor.newInstance(Constructor.java:422)
	at org.openqa.selenium.remote.ErrorHandler.createThrowable(ErrorHandler.java:216)
	at org.openqa.selenium.remote.ErrorHandler.throwIfResponseFailed(ErrorHandler.java:168)
	at org.openqa.selenium.remote.RemoteWebDriver.execute(RemoteWebDriver.java:635)
	at org.openqa.selenium.remote.RemoteWebElement.execute(RemoteWebElement.java:274)
	at org.openqa.selenium.remote.RemoteWebElement.sendKeys(RemoteWebElement.java:98)
	at sun.reflect.NativeMethodAccessorImpl.invoke0(Native Method)
	at sun.reflect.NativeMethodAccessorImpl.invoke(NativeMethodAccessorImpl.java:62)
	at sun.reflect.DelegatingMethodAccessorImpl.invoke(DelegatingMethodAccessorImpl.java:43)
	at java.lang.reflect.Method.invoke(Method.java:497)
	at org.openqa.selenium.support.pagefactory.internal.LocatingElementHandler.invoke(LocatingElementHandler.java:51)
	at com.sun.proxy.$Proxy9.sendKeys(Unknown Source)
	at StarrAssistPOM.GetAQuotePage.setDepaturedate(GetAQuotePage.java:97)
	at com.selenium.Test.StarrAssistSuite.UITest(StarrAssistSuite.java:146)
	at sun.reflect.NativeMethodAccessorImpl.invoke0(Native Method)
	at sun.reflect.NativeMethodAccessorImpl.invoke(NativeMethodAccessorImpl.java:62)
	at sun.reflect.DelegatingMethodAccessorImpl.invoke(DelegatingMethodAccessorImpl.java:43)
	at java.lang.reflect.Method.invoke(Method.java:497)
	at org.testng.internal.MethodInvocationHelper.invokeMethod(MethodInvocationHelper.java:104)
	at org.testng.internal.Invoker.invokeMethod(Invoker.java:645)
	at org.testng.internal.Invoker.invokeTestMethod(Invoker.java:851)
	at org.testng.internal.Invoker.invokeTestMethods(Invoker.java:1177)
	at org.testng.internal.TestMethodWorker.invokeTestMethods(TestMethodWorker.java:129)
	at org.testng.internal.TestMethodWorker.run(TestMethodWorker.java:112)
	at org.testng.TestRunner.privateRun(TestRunner.java:756)
	at org.testng.TestRunner.run(TestRunner.java:610)
	at org.testng.SuiteRunner.runTest(SuiteRunner.java:387)
	at org.testng.SuiteRunner.access$000(SuiteRunner.java:39)
	at org.testng.SuiteRunner$SuiteWorker.run(SuiteRunner.java:421)
	at org.testng.internal.thread.ThreadUtil$2.call(ThreadUtil.java:64)
	at java.util.concurrent.FutureTask.run(FutureTask.java:266)
	at java.util.concurrent.ThreadPoolExecutor.runWorker(ThreadPoolExecutor.java:1142)
	at java.util.concurrent.ThreadPoolExecutor$Worker.run(ThreadPoolExecutor.java:617)
	at java.lang.Thread.run(Thread.java:745)
Caused by: org.openqa.selenium.remote.ScreenshotException: Screen shot has been taken
Build info: version: '3.0.1', revision: '1969d75', time: '2016-10-18 09:49:13 -0700'
System info: host: 'C1128', ip: '192.168.4.131', os.name: 'Windows 7', os.arch: 'amd64', os.version: '6.1', java.version: '1.8.0_73'
Driver info: driver.version: RemoteWebDriver
	at org.openqa.selenium.remote.ErrorHandler.throwIfResponseFailed(ErrorHandler.java:142)
	... 31 more
Caused by: org.openqa.selenium.WebDriverException: unknown error: keys should be a string
  (Session info: chrome=61.0.3163.100)
  (Driver info: chromedriver=2.32.498550 (9dec58e66c31bcc53a9ce3c7226f0c1c5810906a),platform=Windows NT 6.1.7601 SP1 x86_64) (WARNING: The server did not provide any stacktrace information)
Command duration or timeout: 59 milliseconds
Build info: version: '2.53.0', revision: '35ae25b', time: '2016-03-15 17:00:58'
System info: host: 'C1128', ip: '192.168.4.131', os.name: 'Windows 7', os.arch: 'amd64', os.version: '6.1', java.version: '1.8.0_73'
Driver info: org.openqa.selenium.chrome.ChromeDriver
Capabilities [{applicationCacheEnabled=false, rotatable=false, mobileEmulationEnabled=false, networkConnectionEnabled=false, chrome={chromedriverVersion=2.32.498550 (9dec58e66c31bcc53a9ce3c7226f0c1c5810906a), userDataDir=C:\Users\SASIRE~1.SOL\AppData\Local\Temp\scoped_dir18024_19854}, takesHeapSnapshot=true, pageLoadStrategy=normal, databaseEnabled=false, handlesAlerts=true, hasTouchScreen=false, version=61.0.3163.100, platform=XP, browserConnectionEnabled=false, nativeEvents=true, acceptSslCerts=true, locationContextEnabled=true, webStorageEnabled=true, browserName=chrome, takesScreenshot=true, javascriptEnabled=true, cssSelectorsEnabled=true, setWindowRect=true, unexpectedAlertBehaviour=}]
Session ID: 9c47639ca036a2be68817ca960648def
Build info: version: '3.0.1', revision: '1969d75', time: '2016-10-18 09:49:13 -0700'
System info: host: 'C1128', ip: '192.168.4.131', os.name: 'Windows 7', os.arch: 'amd64', os.version: '6.1', java.version: '1.8.0_73'
Driver info: driver.version: RemoteWebDriver
	at sun.reflect.NativeConstructorAccessorImpl.newInstance0(Native Method)
	at sun.reflect.NativeConstructorAccessorImpl.newInstance(NativeConstructorAccessorImpl.java:62)
	at sun.reflect.DelegatingConstructorAccessorImpl.newInstance(DelegatingConstructorAccessorImpl.java:45)
	at java.lang.reflect.Constructor.newInstance(Constructor.java:422)
	at org.openqa.selenium.remote.ErrorHandler.createThrowable(ErrorHandler.java:206)
	at org.openqa.selenium.remote.ErrorHandler.throwIfResponseFailed(ErrorHandler.java:158)
	at org.openqa.selenium.remote.RemoteWebDriver.execute(RemoteWebDriver.java:678)
	at org.openqa.selenium.remote.RemoteWebElement.execute(RemoteWebElement.java:327)
	at org.openqa.selenium.remote.RemoteWebElement.sendKeys(RemoteWebElement.java:122)
	at sun.reflect.GeneratedMethodAccessor12.invoke(Unknown Source)
	at sun.reflect.DelegatingMethodAccessorImpl.invoke(DelegatingMethodAccessorImpl.java:43)
	at java.lang.reflect.Method.invoke(Method.java:497)
	at org.openqa.selenium.support.events.EventFiringWebDriver$EventFiringWebElement$1.invoke(EventFiringWebDriver.java:335)
	at com.sun.proxy.$Proxy2.sendKeys(Unknown Source)
	at org.openqa.selenium.support.events.EventFiringWebDriver$EventFiringWebElement.sendKeys(EventFiringWebDriver.java:358)
	at sun.reflect.GeneratedMethodAccessor12.invoke(Unknown Source)
	at sun.reflect.DelegatingMethodAccessorImpl.invoke(DelegatingMethodAccessorImpl.java:43)
	at java.lang.reflect.Method.invoke(Method.java:497)
	at org.openqa.selenium.remote.server.KnownElements$1.invoke(KnownElements.java:64)
	at com.sun.proxy.$Proxy3.sendKeys(Unknown Source)
	at org.openqa.selenium.remote.server.handler.SendKeys.call(SendKeys.java:50)
	at org.openqa.selenium.remote.server.handler.SendKeys.call(SendKeys.java:1)
	at java.util.concurrent.FutureTask.run(FutureTask.java:266)
	at org.openqa.selenium.remote.server.DefaultSession$1.run(DefaultSession.java:176)
	... 3 more
]]>
    </failure>
  </testcase> <!-- UITest -->
  <testcase name="UITest" time="42.701" classname="com.selenium.Test.StarrAssistSuite">
    <failure type="org.openqa.selenium.WebDriverException" message="unknown error: keys should be a string
  (Session info: chrome=61.0.3163.100)
  (Driver info: chromedriver=2.32.498550 (9dec58e66c31bcc53a9ce3c7226f0c1c5810906a),platform=Windows NT 6.1.7601 SP1 x86_64) (WARNING: The server did not provide any stacktrace information)
Command duration or timeout: 57 milliseconds
Build info: version: &amp;apos;2.53.0&amp;apos;, revision: &amp;apos;35ae25b&amp;apos;, time: &amp;apos;2016-03-15 17:00:58&amp;apos;
System info: host: &amp;apos;C1128&amp;apos;, ip: &amp;apos;192.168.4.131&amp;apos;, os.name: &amp;apos;Windows 7&amp;apos;, os.arch: &amp;apos;amd64&amp;apos;, os.version: &amp;apos;6.1&amp;apos;, java.version: &amp;apos;1.8.0_73&amp;apos;
Driver info: org.openqa.selenium.chrome.ChromeDriver
Capabilities [{applicationCacheEnabled=false, rotatable=false, mobileEmulationEnabled=false, networkConnectionEnabled=false, chrome={chromedriverVersion=2.32.498550 (9dec58e66c31bcc53a9ce3c7226f0c1c5810906a), userDataDir=C:\Users\SASIRE~1.SOL\AppData\Local\Temp\scoped_dir18024_19854}, takesHeapSnapshot=true, pageLoadStrategy=normal, databaseEnabled=false, handlesAlerts=true, hasTouchScreen=false, version=61.0.3163.100, platform=XP, browserConnectionEnabled=false, nativeEvents=true, acceptSslCerts=true, locationContextEnabled=true, webStorageEnabled=true, browserName=chrome, takesScreenshot=true, javascriptEnabled=true, cssSelectorsEnabled=true, setWindowRect=true, unexpectedAlertBehaviour=}]
Session ID: 9c47639ca036a2be68817ca960648def
Command duration or timeout: 347 milliseconds
Build info: version: &amp;apos;3.0.1&amp;apos;, revision: &amp;apos;1969d75&amp;apos;, time: &amp;apos;2016-10-18 09:49:13 -0700&amp;apos;
System info: host: &amp;apos;C1128&amp;apos;, ip: &amp;apos;192.168.4.131&amp;apos;, os.name: &amp;apos;Windows 7&amp;apos;, os.arch: &amp;apos;amd64&amp;apos;, os.version: &amp;apos;6.1&amp;apos;, java.version: &amp;apos;1.8.0_73&amp;apos;
Driver info: org.openqa.selenium.remote.RemoteWebDriver
Capabilities [{applicationCacheEnabled=false, rotatable=false, mobileEmulationEnabled=false, networkConnectionEnabled=false, chrome={chromedriverVersion=2.32.498550 (9dec58e66c31bcc53a9ce3c7226f0c1c5810906a), userDataDir=C:\Users\SASIRE~1.SOL\AppData\Local\Temp\scoped_dir18024_19854}, takesHeapSnapshot=true, pageLoadStrategy=normal, databaseEnabled=false, handlesAlerts=true, hasTouchScreen=false, version=61.0.3163.100, platform=XP, browserConnectionEnabled=false, nativeEvents=true, acceptSslCerts=true, webdriver.remote.sessionid=0dc80974-b0f7-4318-a32a-674adcb0b967, locationContextEnabled=true, webStorageEnabled=true, browserName=chrome, takesScreenshot=true, javascriptEnabled=true, cssSelectorsEnabled=true, setWindowRect=true, unexpectedAlertBehaviour=}]
Session ID: 0dc80974-b0f7-4318-a32a-674adcb0b967">
      <![CDATA[org.openqa.selenium.WebDriverException: unknown error: keys should be a string
  (Session info: chrome=61.0.3163.100)
  (Driver info: chromedriver=2.32.498550 (9dec58e66c31bcc53a9ce3c7226f0c1c5810906a),platform=Windows NT 6.1.7601 SP1 x86_64) (WARNING: The server did not provide any stacktrace information)
Command duration or timeout: 57 milliseconds
Build info: version: '2.53.0', revision: '35ae25b', time: '2016-03-15 17:00:58'
System info: host: 'C1128', ip: '192.168.4.131', os.name: 'Windows 7', os.arch: 'amd64', os.version: '6.1', java.version: '1.8.0_73'
Driver info: org.openqa.selenium.chrome.ChromeDriver
Capabilities [{applicationCacheEnabled=false, rotatable=false, mobileEmulationEnabled=false, networkConnectionEnabled=false, chrome={chromedriverVersion=2.32.498550 (9dec58e66c31bcc53a9ce3c7226f0c1c5810906a), userDataDir=C:\Users\SASIRE~1.SOL\AppData\Local\Temp\scoped_dir18024_19854}, takesHeapSnapshot=true, pageLoadStrategy=normal, databaseEnabled=false, handlesAlerts=true, hasTouchScreen=false, version=61.0.3163.100, platform=XP, browserConnectionEnabled=false, nativeEvents=true, acceptSslCerts=true, locationContextEnabled=true, webStorageEnabled=true, browserName=chrome, takesScreenshot=true, javascriptEnabled=true, cssSelectorsEnabled=true, setWindowRect=true, unexpectedAlertBehaviour=}]
Session ID: 9c47639ca036a2be68817ca960648def
Command duration or timeout: 347 milliseconds
Build info: version: '3.0.1', revision: '1969d75', time: '2016-10-18 09:49:13 -0700'
System info: host: 'C1128', ip: '192.168.4.131', os.name: 'Windows 7', os.arch: 'amd64', os.version: '6.1', java.version: '1.8.0_73'
Driver info: org.openqa.selenium.remote.RemoteWebDriver
Capabilities [{applicationCacheEnabled=false, rotatable=false, mobileEmulationEnabled=false, networkConnectionEnabled=false, chrome={chromedriverVersion=2.32.498550 (9dec58e66c31bcc53a9ce3c7226f0c1c5810906a), userDataDir=C:\Users\SASIRE~1.SOL\AppData\Local\Temp\scoped_dir18024_19854}, takesHeapSnapshot=true, pageLoadStrategy=normal, databaseEnabled=false, handlesAlerts=true, hasTouchScreen=false, version=61.0.3163.100, platform=XP, browserConnectionEnabled=false, nativeEvents=true, acceptSslCerts=true, webdriver.remote.sessionid=0dc80974-b0f7-4318-a32a-674adcb0b967, locationContextEnabled=true, webStorageEnabled=true, browserName=chrome, takesScreenshot=true, javascriptEnabled=true, cssSelectorsEnabled=true, setWindowRect=true, unexpectedAlertBehaviour=}]
Session ID: 0dc80974-b0f7-4318-a32a-674adcb0b967
	at sun.reflect.NativeConstructorAccessorImpl.newInstance0(Native Method)
	at sun.reflect.NativeConstructorAccessorImpl.newInstance(NativeConstructorAccessorImpl.java:62)
	at sun.reflect.DelegatingConstructorAccessorImpl.newInstance(DelegatingConstructorAccessorImpl.java:45)
	at java.lang.reflect.Constructor.newInstance(Constructor.java:422)
	at org.openqa.selenium.remote.ErrorHandler.createThrowable(ErrorHandler.java:216)
	at org.openqa.selenium.remote.ErrorHandler.throwIfResponseFailed(ErrorHandler.java:168)
	at org.openqa.selenium.remote.RemoteWebDriver.execute(RemoteWebDriver.java:635)
	at org.openqa.selenium.remote.RemoteWebElement.execute(RemoteWebElement.java:274)
	at org.openqa.selenium.remote.RemoteWebElement.sendKeys(RemoteWebElement.java:98)
	at sun.reflect.NativeMethodAccessorImpl.invoke0(Native Method)
	at sun.reflect.NativeMethodAccessorImpl.invoke(NativeMethodAccessorImpl.java:62)
	at sun.reflect.DelegatingMethodAccessorImpl.invoke(DelegatingMethodAccessorImpl.java:43)
	at java.lang.reflect.Method.invoke(Method.java:497)
	at org.openqa.selenium.support.pagefactory.internal.LocatingElementHandler.invoke(LocatingElementHandler.java:51)
	at com.sun.proxy.$Proxy9.sendKeys(Unknown Source)
	at StarrAssistPOM.GetAQuotePage.setDepaturedate(GetAQuotePage.java:97)
	at com.selenium.Test.StarrAssistSuite.UITest(StarrAssistSuite.java:146)
	at sun.reflect.NativeMethodAccessorImpl.invoke0(Native Method)
	at sun.reflect.NativeMethodAccessorImpl.invoke(NativeMethodAccessorImpl.java:62)
	at sun.reflect.DelegatingMethodAccessorImpl.invoke(DelegatingMethodAccessorImpl.java:43)
	at java.lang.reflect.Method.invoke(Method.java:497)
	at org.testng.internal.MethodInvocationHelper.invokeMethod(MethodInvocationHelper.java:104)
	at org.testng.internal.Invoker.invokeMethod(Invoker.java:645)
	at org.testng.internal.Invoker.invokeTestMethod(Invoker.java:851)
	at org.testng.internal.Invoker.invokeTestMethods(Invoker.java:1177)
	at org.testng.internal.TestMethodWorker.invokeTestMethods(TestMethodWorker.java:129)
	at org.testng.internal.TestMethodWorker.run(TestMethodWorker.java:112)
	at org.testng.TestRunner.privateRun(TestRunner.java:756)
	at org.testng.TestRunner.run(TestRunner.java:610)
	at org.testng.SuiteRunner.runTest(SuiteRunner.java:387)
	at org.testng.SuiteRunner.access$000(SuiteRunner.java:39)
	at org.testng.SuiteRunner$SuiteWorker.run(SuiteRunner.java:421)
	at org.testng.internal.thread.ThreadUtil$2.call(ThreadUtil.java:64)
	at java.util.concurrent.FutureTask.run(FutureTask.java:266)
	at java.util.concurrent.ThreadPoolExecutor.runWorker(ThreadPoolExecutor.java:1142)
	at java.util.concurrent.ThreadPoolExecutor$Worker.run(ThreadPoolExecutor.java:617)
	at java.lang.Thread.run(Thread.java:745)
Caused by: org.openqa.selenium.remote.ScreenshotException: Screen shot has been taken
Build info: version: '3.0.1', revision: '1969d75', time: '2016-10-18 09:49:13 -0700'
System info: host: 'C1128', ip: '192.168.4.131', os.name: 'Windows 7', os.arch: 'amd64', os.version: '6.1', java.version: '1.8.0_73'
Driver info: driver.version: RemoteWebDriver
	at org.openqa.selenium.remote.ErrorHandler.throwIfResponseFailed(ErrorHandler.java:142)
	... 31 more
Caused by: org.openqa.selenium.WebDriverException: unknown error: keys should be a string
  (Session info: chrome=61.0.3163.100)
  (Driver info: chromedriver=2.32.498550 (9dec58e66c31bcc53a9ce3c7226f0c1c5810906a),platform=Windows NT 6.1.7601 SP1 x86_64) (WARNING: The server did not provide any stacktrace information)
Command duration or timeout: 57 milliseconds
Build info: version: '2.53.0', revision: '35ae25b', time: '2016-03-15 17:00:58'
System info: host: 'C1128', ip: '192.168.4.131', os.name: 'Windows 7', os.arch: 'amd64', os.version: '6.1', java.version: '1.8.0_73'
Driver info: org.openqa.selenium.chrome.ChromeDriver
Capabilities [{applicationCacheEnabled=false, rotatable=false, mobileEmulationEnabled=false, networkConnectionEnabled=false, chrome={chromedriverVersion=2.32.498550 (9dec58e66c31bcc53a9ce3c7226f0c1c5810906a), userDataDir=C:\Users\SASIRE~1.SOL\AppData\Local\Temp\scoped_dir18024_19854}, takesHeapSnapshot=true, pageLoadStrategy=normal, databaseEnabled=false, handlesAlerts=true, hasTouchScreen=false, version=61.0.3163.100, platform=XP, browserConnectionEnabled=false, nativeEvents=true, acceptSslCerts=true, locationContextEnabled=true, webStorageEnabled=true, browserName=chrome, takesScreenshot=true, javascriptEnabled=true, cssSelectorsEnabled=true, setWindowRect=true, unexpectedAlertBehaviour=}]
Session ID: 9c47639ca036a2be68817ca960648def
Build info: version: '3.0.1', revision: '1969d75', time: '2016-10-18 09:49:13 -0700'
System info: host: 'C1128', ip: '192.168.4.131', os.name: 'Windows 7', os.arch: 'amd64', os.version: '6.1', java.version: '1.8.0_73'
Driver info: driver.version: RemoteWebDriver
	at sun.reflect.NativeConstructorAccessorImpl.newInstance0(Native Method)
	at sun.reflect.NativeConstructorAccessorImpl.newInstance(NativeConstructorAccessorImpl.java:62)
	at sun.reflect.DelegatingConstructorAccessorImpl.newInstance(DelegatingConstructorAccessorImpl.java:45)
	at java.lang.reflect.Constructor.newInstance(Constructor.java:422)
	at org.openqa.selenium.remote.ErrorHandler.createThrowable(ErrorHandler.java:206)
	at org.openqa.selenium.remote.ErrorHandler.throwIfResponseFailed(ErrorHandler.java:158)
	at org.openqa.selenium.remote.RemoteWebDriver.execute(RemoteWebDriver.java:678)
	at org.openqa.selenium.remote.RemoteWebElement.execute(RemoteWebElement.java:327)
	at org.openqa.selenium.remote.RemoteWebElement.sendKeys(RemoteWebElement.java:122)
	at sun.reflect.GeneratedMethodAccessor12.invoke(Unknown Source)
	at sun.reflect.DelegatingMethodAccessorImpl.invoke(DelegatingMethodAccessorImpl.java:43)
	at java.lang.reflect.Method.invoke(Method.java:497)
	at org.openqa.selenium.support.events.EventFiringWebDriver$EventFiringWebElement$1.invoke(EventFiringWebDriver.java:335)
	at com.sun.proxy.$Proxy2.sendKeys(Unknown Source)
	at org.openqa.selenium.support.events.EventFiringWebDriver$EventFiringWebElement.sendKeys(EventFiringWebDriver.java:358)
	at sun.reflect.GeneratedMethodAccessor12.invoke(Unknown Source)
	at sun.reflect.DelegatingMethodAccessorImpl.invoke(DelegatingMethodAccessorImpl.java:43)
	at java.lang.reflect.Method.invoke(Method.java:497)
	at org.openqa.selenium.remote.server.KnownElements$1.invoke(KnownElements.java:64)
	at com.sun.proxy.$Proxy3.sendKeys(Unknown Source)
	at org.openqa.selenium.remote.server.handler.SendKeys.call(SendKeys.java:50)
	at org.openqa.selenium.remote.server.handler.SendKeys.call(SendKeys.java:1)
	at java.util.concurrent.FutureTask.run(FutureTask.java:266)
	at org.openqa.selenium.remote.server.DefaultSession$1.run(DefaultSession.java:176)
	... 3 more
]]>
    </failure>
  </testcase> <!-- UITest -->
  <testcase name="UITest" time="0.005" classname="com.selenium.Test.StarrAssistSuite"/>
  <testcase name="UITest" time="0.005" classname="com.selenium.Test.StarrAssistSuite"/>
  <testcase name="UITest" time="0.006" classname="com.selenium.Test.StarrAssistSuite"/>
  <testcase name="UITest" time="0.005" classname="com.selenium.Test.StarrAssistSuite"/>
  <testcase name="UITest" time="0.007" classname="com.selenium.Test.StarrAssistSuite"/>
  <testcase name="UITest" time="0.005" classname="com.selenium.Test.StarrAssistSuite"/>
  <testcase name="UITest" time="0.003" classname="com.selenium.Test.StarrAssistSuite"/>
  <testcase name="UITest" time="0.004" classname="com.selenium.Test.StarrAssistSuite"/>
  <testcase name="UITest" time="0.01" classname="com.selenium.Test.StarrAssistSuite"/>
  <testcase name="UITest" time="0.009" classname="com.selenium.Test.StarrAssistSuite"/>
  <testcase name="UITest" time="0.004" classname="com.selenium.Test.StarrAssistSuite"/>
  <testcase name="UITest" time="0.003" classname="com.selenium.Test.StarrAssistSuite"/>
  <testcase name="UITest" time="0.009" classname="com.selenium.Test.StarrAssistSuite"/>
  <testcase name="UITest" time="0.011" classname="com.selenium.Test.StarrAssistSuite"/>
  <testcase name="UITest" time="0.008" classname="com.selenium.Test.StarrAssistSuite"/>
  <testcase name="UITest" time="0.009" classname="com.selenium.Test.StarrAssistSuite"/>
  <testcase name="UITest" time="0.003" classname="com.selenium.Test.StarrAssistSuite"/>
  <testcase name="UITest" time="0.003" classname="com.selenium.Test.StarrAssistSuite"/>
  <testcase name="UITest" time="0.003" classname="com.selenium.Test.StarrAssistSuite"/>
  <testcase name="UITest" time="0.004" classname="com.selenium.Test.StarrAssistSuite"/>
  <testcase name="UITest" time="0.003" classname="com.selenium.Test.StarrAssistSuite"/>
  <testcase name="UITest" time="0.003" classname="com.selenium.Test.StarrAssistSuite"/>
  <testcase name="UITest" time="0.003" classname="com.selenium.Test.StarrAssistSuite"/>
  <testcase name="UITest" time="0.003" classname="com.selenium.Test.StarrAssistSuite"/>
  <testcase name="UITest" time="0.004" classname="com.selenium.Test.StarrAssistSuite"/>
  <testcase name="UITest" time="0.009" classname="com.selenium.Test.StarrAssistSuite"/>
  <testcase name="UITest" time="0.003" classname="com.selenium.Test.StarrAssistSuite"/>
  <testcase name="UITest" time="0.003" classname="com.selenium.Test.StarrAssistSuite"/>
  <testcase name="UITest" time="0.004" classname="com.selenium.Test.StarrAssistSuite"/>
  <testcase name="UITest" time="0.004" classname="com.selenium.Test.StarrAssistSuite"/>
  <testcase name="UITest" time="0.008" classname="com.selenium.Test.StarrAssistSuite"/>
  <testcase name="UITest" time="0.009" classname="com.selenium.Test.StarrAssistSuite"/>
  <testcase name="UITest" time="0.003" classname="com.selenium.Test.StarrAssistSuite"/>
  <testcase name="UITest" time="0.004" classname="com.selenium.Test.StarrAssistSuite"/>
  <testcase name="UITest" time="0.003" classname="com.selenium.Test.StarrAssistSuite"/>
  <testcase name="UITest" time="0.004" classname="com.selenium.Test.StarrAssistSuite"/>
  <testcase name="UITest" time="0.004" classname="com.selenium.Test.StarrAssistSuite"/>
  <testcase name="UITest" time="0.002" classname="com.selenium.Test.StarrAssistSuite"/>
  <testcase name="UITest" time="0.003" classname="com.selenium.Test.StarrAssistSuite"/>
  <testcase name="UITest" time="0.002" classname="com.selenium.Test.StarrAssistSuite"/>
  <testcase name="UITest" time="0.003" classname="com.selenium.Test.StarrAssistSuite"/>
  <testcase name="UITest" time="0.002" classname="com.selenium.Test.StarrAssistSuite"/>
  <testcase name="UITest" time="0.003" classname="com.selenium.Test.StarrAssistSuite"/>
  <testcase name="UITest" time="0.005" classname="com.selenium.Test.StarrAssistSuite"/>
  <testcase name="UITest" time="0.003" classname="com.selenium.Test.StarrAssistSuite"/>
  <testcase name="UITest" time="0.003" classname="com.selenium.Test.StarrAssistSuite"/>
  <testcase name="UITest" time="0.003" classname="com.selenium.Test.StarrAssistSuite"/>
  <testcase name="UITest" time="0.002" classname="com.selenium.Test.StarrAssistSuite"/>
  <testcase name="UITest" time="0.006" classname="com.selenium.Test.StarrAssistSuite"/>
  <testcase name="UITest" time="0.009" classname="com.selenium.Test.StarrAssistSuite"/>
  <testcase name="UITest" time="0.008" classname="com.selenium.Test.StarrAssistSuite"/>
  <testcase name="UITest" time="0.004" classname="com.selenium.Test.StarrAssistSuite"/>
  <testcase name="UITest" time="0.003" classname="com.selenium.Test.StarrAssistSuite"/>
  <testcase name="UITest" time="0.003" classname="com.selenium.Test.StarrAssistSuite"/>
  <testcase name="UITest" time="0.003" classname="com.selenium.Test.StarrAssistSuite"/>
  <testcase name="UITest" time="0.008" classname="com.selenium.Test.StarrAssistSuite"/>
  <testcase name="UITest" time="0.003" classname="com.selenium.Test.StarrAssistSuite"/>
  <testcase name="UITest" time="0.003" classname="com.selenium.Test.StarrAssistSuite"/>
  <testcase name="UITest" time="0.003" classname="com.selenium.Test.StarrAssistSuite"/>
  <testcase name="UITest" time="0.004" classname="com.selenium.Test.StarrAssistSuite"/>
  <testcase name="UITest" time="0.003" classname="com.selenium.Test.StarrAssistSuite"/>
  <testcase name="UITest" time="0.003" classname="com.selenium.Test.StarrAssistSuite"/>
  <testcase name="UITest" time="0.004" classname="com.selenium.Test.StarrAssistSuite"/>
  <testcase name="UITest" time="0.002" classname="com.selenium.Test.StarrAssistSuite"/>
  <testcase name="UITest" time="0.004" classname="com.selenium.Test.StarrAssistSuite"/>
  <testcase name="UITest" time="0.003" classname="com.selenium.Test.StarrAssistSuite"/>
  <testcase name="UITest" time="0.003" classname="com.selenium.Test.StarrAssistSuite"/>
  <testcase name="UITest" time="0.003" classname="com.selenium.Test.StarrAssistSuite"/>
  <testcase name="UITest" time="0.003" classname="com.selenium.Test.StarrAssistSuite"/>
  <testcase name="UITest" time="0.003" classname="com.selenium.Test.StarrAssistSuite"/>
  <testcase name="UITest" time="0.003" classname="com.selenium.Test.StarrAssistSuite"/>
  <testcase name="UITest" time="0.012" classname="com.selenium.Test.StarrAssistSuite"/>
  <testcase name="UITest" time="0.002" classname="com.selenium.Test.StarrAssistSuite"/>
  <testcase name="UITest" time="0.003" classname="com.selenium.Test.StarrAssistSuite"/>
  <testcase name="UITest" time="0.003" classname="com.selenium.Test.StarrAssistSuite"/>
  <testcase name="UITest" time="0.003" classname="com.selenium.Test.StarrAssistSuite"/>
  <testcase name="UITest" time="0.002" classname="com.selenium.Test.StarrAssistSuite"/>
  <testcase name="UITest" time="0.003" classname="com.selenium.Test.StarrAssistSuite"/>
  <testcase name="UITest" time="0.002" classname="com.selenium.Test.StarrAssistSuite"/>
  <testcase name="UITest" time="0.003" classname="com.selenium.Test.StarrAssistSuite"/>
  <testcase name="UITest" time="0.003" classname="com.selenium.Test.StarrAssistSuite"/>
  <testcase name="UITest" time="0.003" classname="com.selenium.Test.StarrAssistSuite"/>
  <testcase name="UITest" time="0.003" classname="com.selenium.Test.StarrAssistSuite"/>
  <testcase name="UITest" time="0.002" classname="com.selenium.Test.StarrAssistSuite"/>
  <testcase name="UITest" time="0.002" classname="com.selenium.Test.StarrAssistSuite"/>
  <testcase name="UITest" time="0.006" classname="com.selenium.Test.StarrAssistSuite"/>
  <testcase name="UITest" time="0.003" classname="com.selenium.Test.StarrAssistSuite"/>
  <testcase name="UITest" time="0.003" classname="com.selenium.Test.StarrAssistSuite"/>
  <testcase name="UITest" time="0.002" classname="com.selenium.Test.StarrAssistSuite"/>
  <testcase name="UITest" time="0.002" classname="com.selenium.Test.StarrAssistSuite"/>
  <testcase name="UITest" time="0.003" classname="com.selenium.Test.StarrAssistSuite"/>
  <testcase name="UITest" time="0.003" classname="com.selenium.Test.StarrAssistSuite"/>
  <testcase name="UITest" time="0.004" classname="com.selenium.Test.StarrAssistSuite"/>
  <testcase name="UITest" time="0.003" classname="com.selenium.Test.StarrAssistSuite"/>
  <testcase name="UITest" time="0.006" classname="com.selenium.Test.StarrAssistSuite"/>
  <testcase name="UITest" time="0.005" classname="com.selenium.Test.StarrAssistSuite"/>
  <testcase name="UITest" time="0.004" classname="com.selenium.Test.StarrAssistSuite"/>
  <testcase name="UITest" time="0.003" classname="com.selenium.Test.StarrAssistSuite"/>
  <testcase name="UITest" time="0.004" classname="com.selenium.Test.StarrAssistSuite"/>
  <testcase name="UITest" time="0.006" classname="com.selenium.Test.StarrAssistSuite"/>
  <testcase name="UITest" time="0.011" classname="com.selenium.Test.StarrAssistSuite"/>
  <testcase name="UITest" time="0.008" classname="com.selenium.Test.StarrAssistSuite"/>
  <testcase name="UITest" time="0.004" classname="com.selenium.Test.StarrAssistSuite"/>
  <testcase name="UITest" time="0.005" classname="com.selenium.Test.StarrAssistSuite"/>
  <testcase name="UITest" time="0.003" classname="com.selenium.Test.StarrAssistSuite"/>
  <testcase name="UITest" time="0.003" classname="com.selenium.Test.StarrAssistSuite"/>
  <testcase name="UITest" time="0.004" classname="com.selenium.Test.StarrAssistSuite"/>
  <testcase name="UITest" time="0.005" classname="com.selenium.Test.StarrAssistSuite"/>
  <testcase name="UITest" time="0.003" classname="com.selenium.Test.StarrAssistSuite"/>
  <testcase name="UITest" time="0.006" classname="com.selenium.Test.StarrAssistSuite"/>
  <testcase name="UITest" time="0.003" classname="com.selenium.Test.StarrAssistSuite"/>
  <testcase name="UITest" time="0.003" classname="com.selenium.Test.StarrAssistSuite"/>
  <testcase name="UITest" time="0.008" classname="com.selenium.Test.StarrAssistSuite"/>
  <testcase name="UITest" time="0.009" classname="com.selenium.Test.StarrAssistSuite"/>
  <testcase name="UITest" time="0.011" classname="com.selenium.Test.StarrAssistSuite"/>
  <testcase name="UITest" time="0.004" classname="com.selenium.Test.StarrAssistSuite"/>
  <testcase name="UITest" time="0.005" classname="com.selenium.Test.StarrAssistSuite"/>
  <testcase name="UITest" time="0.008" classname="com.selenium.Test.StarrAssistSuite"/>
  <testcase name="UITest" time="0.011" classname="com.selenium.Test.StarrAssistSuite"/>
  <testcase name="UITest" time="0.006" classname="com.selenium.Test.StarrAssistSuite"/>
  <testcase name="UITest" time="0.009" classname="com.selenium.Test.StarrAssistSuite"/>
  <testcase name="UITest" time="0.009" classname="com.selenium.Test.StarrAssistSuite"/>
  <testcase name="UITest" time="0.003" classname="com.selenium.Test.StarrAssistSuite"/>
  <testcase name="UITest" time="0.003" classname="com.selenium.Test.StarrAssistSuite"/>
  <testcase name="UITest" time="0.003" classname="com.selenium.Test.StarrAssistSuite"/>
  <testcase name="UITest" time="0.004" classname="com.selenium.Test.StarrAssistSuite"/>
  <testcase name="UITest" time="0.004" classname="com.selenium.Test.StarrAssistSuite"/>
  <testcase name="UITest" time="0.003" classname="com.selenium.Test.StarrAssistSuite"/>
  <testcase name="UITest" time="0.002" classname="com.selenium.Test.StarrAssistSuite"/>
  <testcase name="UITest" time="0.003" classname="com.selenium.Test.StarrAssistSuite"/>
  <testcase name="UITest" time="0.003" classname="com.selenium.Test.StarrAssistSuite"/>
  <testcase name="UITest" time="0.003" classname="com.selenium.Test.StarrAssistSuite"/>
  <testcase name="UITest" time="0.004" classname="com.selenium.Test.StarrAssistSuite"/>
  <testcase name="UITest" time="0.003" classname="com.selenium.Test.StarrAssistSuite"/>
  <testcase name="UITest" time="0.002" classname="com.selenium.Test.StarrAssistSuite"/>
  <testcase name="UITest" time="0.003" classname="com.selenium.Test.StarrAssistSuite"/>
  <testcase name="UITest" time="0.003" classname="com.selenium.Test.StarrAssistSuite"/>
  <testcase name="UITest" time="0.002" classname="com.selenium.Test.StarrAssistSuite"/>
  <testcase name="UITest" time="0.007" classname="com.selenium.Test.StarrAssistSuite"/>
  <testcase name="UITest" time="0.003" classname="com.selenium.Test.StarrAssistSuite"/>
  <testcase name="UITest" time="0.004" classname="com.selenium.Test.StarrAssistSuite"/>
  <testcase name="UITest" time="0.003" classname="com.selenium.Test.StarrAssistSuite"/>
  <testcase name="UITest" time="0.005" classname="com.selenium.Test.StarrAssistSuite"/>
  <testcase name="UITest" time="0.002" classname="com.selenium.Test.StarrAssistSuite"/>
  <testcase name="UITest" time="0.003" classname="com.selenium.Test.StarrAssistSuite"/>
  <testcase name="UITest" time="0.002" classname="com.selenium.Test.StarrAssistSuite"/>
  <testcase name="UITest" time="0.002" classname="com.selenium.Test.StarrAssistSuite"/>
  <testcase name="UITest" time="0.002" classname="com.selenium.Test.StarrAssistSuite"/>
  <testcase name="UITest" time="0.002" classname="com.selenium.Test.StarrAssistSuite"/>
  <testcase name="UITest" time="0.002" classname="com.selenium.Test.StarrAssistSuite"/>
  <testcase name="UITest" time="0.002" classname="com.selenium.Test.StarrAssistSuite"/>
  <testcase name="UITest" time="0.002" classname="com.selenium.Test.StarrAssistSuite"/>
  <testcase name="UITest" time="0.002" classname="com.selenium.Test.StarrAssistSuite"/>
  <testcase name="UITest" time="0.003" classname="com.selenium.Test.StarrAssistSuite"/>
  <testcase name="UITest" time="0.003" classname="com.selenium.Test.StarrAssistSuite"/>
  <testcase name="UITest" time="0.002" classname="com.selenium.Test.StarrAssistSuite"/>
  <testcase name="UITest" time="0.003" classname="com.selenium.Test.StarrAssistSuite"/>
  <testcase name="UITest" time="0.002" classname="com.selenium.Test.StarrAssistSuite"/>
  <testcase name="UITest" time="0.002" classname="com.selenium.Test.StarrAssistSuite"/>
  <testcase name="UITest" time="0.003" classname="com.selenium.Test.StarrAssistSuite"/>
  <testcase name="UITest" time="0.003" classname="com.selenium.Test.StarrAssistSuite"/>
  <testcase name="UITest" time="0.003" classname="com.selenium.Test.StarrAssistSuite"/>
  <testcase name="UITest" time="0.003" classname="com.selenium.Test.StarrAssistSuite"/>
  <testcase name="UITest" time="0.003" classname="com.selenium.Test.StarrAssistSuite"/>
  <testcase name="UITest" time="0.002" classname="com.selenium.Test.StarrAssistSuite"/>
  <testcase name="UITest" time="0.002" classname="com.selenium.Test.StarrAssistSuite"/>
  <testcase name="UITest" time="0.003" classname="com.selenium.Test.StarrAssistSuite"/>
  <testcase name="UITest" time="0.003" classname="com.selenium.Test.StarrAssistSuite"/>
  <testcase name="UITest" time="0.002" classname="com.selenium.Test.StarrAssistSuite"/>
  <testcase name="UITest" time="0.004" classname="com.selenium.Test.StarrAssistSuite"/>
  <testcase name="UITest" time="0.003" classname="com.selenium.Test.StarrAssistSuite"/>
  <testcase name="UITest" time="0.003" classname="com.selenium.Test.StarrAssistSuite"/>
  <testcase name="UITest" time="0.003" classname="com.selenium.Test.StarrAssistSuite"/>
  <testcase name="UITest" time="0.002" classname="com.selenium.Test.StarrAssistSuite"/>
  <testcase name="UITest" time="0.002" classname="com.selenium.Test.StarrAssistSuite"/>
  <testcase name="UITest" time="0.002" classname="com.selenium.Test.StarrAssistSuite"/>
  <testcase name="UITest" time="0.002" classname="com.selenium.Test.StarrAssistSuite"/>
  <testcase name="UITest" time="0.002" classname="com.selenium.Test.StarrAssistSuite"/>
  <testcase name="UITest" time="0.002" classname="com.selenium.Test.StarrAssistSuite"/>
  <testcase name="UITest" time="0.002" classname="com.selenium.Test.StarrAssistSuite"/>
  <testcase name="UITest" time="0.003" classname="com.selenium.Test.StarrAssistSuite"/>
  <testcase name="UITest" time="0.002" classname="com.selenium.Test.StarrAssistSuite"/>
  <testcase name="UITest" time="0.002" classname="com.selenium.Test.StarrAssistSuite"/>
  <testcase name="UITest" time="0.003" classname="com.selenium.Test.StarrAssistSuite"/>
  <testcase name="UITest" time="0.003" classname="com.selenium.Test.StarrAssistSuite"/>
  <testcase name="UITest" time="0.004" classname="com.selenium.Test.StarrAssistSuite"/>
  <testcase name="UITest" time="0.002" classname="com.selenium.Test.StarrAssistSuite"/>
  <testcase name="UITest" time="0.002" classname="com.selenium.Test.StarrAssistSuite"/>
  <testcase name="UITest" time="0.003" classname="com.selenium.Test.StarrAssistSuite"/>
  <testcase name="UITest" time="0.003" classname="com.selenium.Test.StarrAssistSuite"/>
  <testcase name="UITest" time="0.002" classname="com.selenium.Test.StarrAssistSuite"/>
  <testcase name="UITest" time="0.003" classname="com.selenium.Test.StarrAssistSuite"/>
  <testcase name="UITest" time="0.009" classname="com.selenium.Test.StarrAssistSuite"/>
  <testcase name="UITest" time="0.003" classname="com.selenium.Test.StarrAssistSuite"/>
  <testcase name="UITest" time="0.002" classname="com.selenium.Test.StarrAssistSuite"/>
  <testcase name="UITest" time="0.002" classname="com.selenium.Test.StarrAssistSuite"/>
  <testcase name="UITest" time="0.003" classname="com.selenium.Test.StarrAssistSuite"/>
  <testcase name="UITest" time="0.003" classname="com.selenium.Test.StarrAssistSuite"/>
  <testcase name="UITest" time="0.002" classname="com.selenium.Test.StarrAssistSuite"/>
  <testcase name="UITest" time="0.002" classname="com.selenium.Test.StarrAssistSuite"/>
  <testcase name="UITest" time="0.002" classname="com.selenium.Test.StarrAssistSuite"/>
  <testcase name="UITest" time="0.003" classname="com.selenium.Test.StarrAssistSuite"/>
  <testcase name="UITest" time="0.003" classname="com.selenium.Test.StarrAssistSuite"/>
  <testcase name="UITest" time="0.002" classname="com.selenium.Test.StarrAssistSuite"/>
  <testcase name="UITest" time="0.002" classname="com.selenium.Test.StarrAssistSuite"/>
  <testcase name="UITest" time="0.006" classname="com.selenium.Test.StarrAssistSuite"/>
  <testcase name="UITest" time="0.003" classname="com.selenium.Test.StarrAssistSuite"/>
  <testcase name="UITest" time="0.003" classname="com.selenium.Test.StarrAssistSuite"/>
  <testcase name="UITest" time="0.002" classname="com.selenium.Test.StarrAssistSuite"/>
  <testcase name="UITest" time="0.004" classname="com.selenium.Test.StarrAssistSuite"/>
  <testcase name="UITest" time="0.002" classname="com.selenium.Test.StarrAssistSuite"/>
  <testcase name="UITest" time="0.003" classname="com.selenium.Test.StarrAssistSuite"/>
  <testcase name="UITest" time="0.003" classname="com.selenium.Test.StarrAssistSuite"/>
  <testcase name="UITest" time="0.002" classname="com.selenium.Test.StarrAssistSuite"/>
  <testcase name="UITest" time="0.002" classname="com.selenium.Test.StarrAssistSuite"/>
  <testcase name="UITest" time="0.003" classname="com.selenium.Test.StarrAssistSuite"/>
  <testcase name="UITest" time="0.003" classname="com.selenium.Test.StarrAssistSuite"/>
  <testcase name="UITest" time="0.002" classname="com.selenium.Test.StarrAssistSuite"/>
  <testcase name="UITest" time="0.002" classname="com.selenium.Test.StarrAssistSuite"/>
  <testcase name="UITest" time="0.002" classname="com.selenium.Test.StarrAssistSuite"/>
  <testcase name="UITest" time="0.003" classname="com.selenium.Test.StarrAssistSuite"/>
  <testcase name="UITest" time="0.005" classname="com.selenium.Test.StarrAssistSuite"/>
  <testcase name="UITest" time="0.003" classname="com.selenium.Test.StarrAssistSuite"/>
  <testcase name="UITest" time="0.005" classname="com.selenium.Test.StarrAssistSuite"/>
  <testcase name="UITest" time="0.004" classname="com.selenium.Test.StarrAssistSuite"/>
  <testcase name="UITest" time="0.008" classname="com.selenium.Test.StarrAssistSuite"/>
  <testcase name="UITest" time="0.008" classname="com.selenium.Test.StarrAssistSuite"/>
  <testcase name="UITest" time="0.003" classname="com.selenium.Test.StarrAssistSuite"/>
  <testcase name="UITest" time="0.003" classname="com.selenium.Test.StarrAssistSuite"/>
  <testcase name="UITest" time="0.002" classname="com.selenium.Test.StarrAssistSuite"/>
  <testcase name="UITest" time="0.003" classname="com.selenium.Test.StarrAssistSuite"/>
  <testcase name="UITest" time="0.003" classname="com.selenium.Test.StarrAssistSuite"/>
  <testcase name="UITest" time="0.002" classname="com.selenium.Test.StarrAssistSuite"/>
  <testcase name="UITest" time="0.003" classname="com.selenium.Test.StarrAssistSuite"/>
  <testcase name="UITest" time="0.003" classname="com.selenium.Test.StarrAssistSuite"/>
  <testcase name="UITest" time="0.002" classname="com.selenium.Test.StarrAssistSuite"/>
  <testcase name="UITest" time="0.002" classname="com.selenium.Test.StarrAssistSuite"/>
  <testcase name="UITest" time="0.002" classname="com.selenium.Test.StarrAssistSuite"/>
  <testcase name="UITest" time="0.003" classname="com.selenium.Test.StarrAssistSuite"/>
  <testcase name="UITest" time="0.005" classname="com.selenium.Test.StarrAssistSuite"/>
  <testcase name="UITest" time="0.002" classname="com.selenium.Test.StarrAssistSuite"/>
  <testcase name="UITest" time="0.002" classname="com.selenium.Test.StarrAssistSuite"/>
  <testcase name="UITest" time="0.004" classname="com.selenium.Test.StarrAssistSuite"/>
  <testcase name="UITest" time="0.003" classname="com.selenium.Test.StarrAssistSuite"/>
  <testcase name="UITest" time="0.003" classname="com.selenium.Test.StarrAssistSuite"/>
  <testcase name="UITest" time="0.01" classname="com.selenium.Test.StarrAssistSuite"/>
  <testcase name="UITest" time="0.006" classname="com.selenium.Test.StarrAssistSuite"/>
  <testcase name="UITest" time="0.009" classname="com.selenium.Test.StarrAssistSuite"/>
  <testcase name="UITest" time="0.009" classname="com.selenium.Test.StarrAssistSuite"/>
  <testcase name="UITest" time="0.003" classname="com.selenium.Test.StarrAssistSuite"/>
  <testcase name="UITest" time="0.003" classname="com.selenium.Test.StarrAssistSuite"/>
  <testcase name="UITest" time="0.003" classname="com.selenium.Test.StarrAssistSuite"/>
  <testcase name="UITest" time="0.003" classname="com.selenium.Test.StarrAssistSuite"/>
  <testcase name="UITest" time="0.002" classname="com.selenium.Test.StarrAssistSuite"/>
  <testcase name="UITest" time="0.003" classname="com.selenium.Test.StarrAssistSuite"/>
  <testcase name="UITest" time="0.003" classname="com.selenium.Test.StarrAssistSuite"/>
  <testcase name="UITest" time="0.002" classname="com.selenium.Test.StarrAssistSuite"/>
  <testcase name="UITest" time="0.003" classname="com.selenium.Test.StarrAssistSuite"/>
  <testcase name="UITest" time="0.003" classname="com.selenium.Test.StarrAssistSuite"/>
  <testcase name="UITest" time="0.002" classname="com.selenium.Test.StarrAssistSuite"/>
  <testcase name="UITest" time="0.002" classname="com.selenium.Test.StarrAssistSuite"/>
  <testcase name="UITest" time="0.003" classname="com.selenium.Test.StarrAssistSuite"/>
  <testcase name="UITest" time="0.002" classname="com.selenium.Test.StarrAssistSuite"/>
  <testcase name="UITest" time="0.003" classname="com.selenium.Test.StarrAssistSuite"/>
  <testcase name="UITest" time="0.002" classname="com.selenium.Test.StarrAssistSuite"/>
  <testcase name="UITest" time="0.003" classname="com.selenium.Test.StarrAssistSuite"/>
  <testcase name="UITest" time="0.003" classname="com.selenium.Test.StarrAssistSuite"/>
  <testcase name="UITest" time="0.004" classname="com.selenium.Test.StarrAssistSuite"/>
  <testcase name="UITest" time="0.003" classname="com.selenium.Test.StarrAssistSuite"/>
  <testcase name="UITest" time="0.003" classname="com.selenium.Test.StarrAssistSuite"/>
  <testcase name="UITest" time="0.007" classname="com.selenium.Test.StarrAssistSuite"/>
  <testcase name="UITest" time="0.003" classname="com.selenium.Test.StarrAssistSuite"/>
  <testcase name="UITest" time="0.003" classname="com.selenium.Test.StarrAssistSuite"/>
  <testcase name="UITest" time="0.002" classname="com.selenium.Test.StarrAssistSuite"/>
  <testcase name="UITest" time="0.002" classname="com.selenium.Test.StarrAssistSuite"/>
  <testcase name="UITest" time="0.003" classname="com.selenium.Test.StarrAssistSuite"/>
  <testcase name="UITest" time="0.002" classname="com.selenium.Test.StarrAssistSuite"/>
  <testcase name="UITest" time="0.004" classname="com.selenium.Test.StarrAssistSuite"/>
  <testcase name="UITest" time="0.003" classname="com.selenium.Test.StarrAssistSuite"/>
  <testcase name="UITest" time="0.003" classname="com.selenium.Test.StarrAssistSuite"/>
  <testcase name="UITest" time="0.003" classname="com.selenium.Test.StarrAssistSuite"/>
  <testcase name="UITest" time="0.002" classname="com.selenium.Test.StarrAssistSuite"/>
  <testcase name="UITest" time="0.003" classname="com.selenium.Test.StarrAssistSuite"/>
  <testcase name="UITest" time="0.002" classname="com.selenium.Test.StarrAssistSuite"/>
  <testcase name="UITest" time="0.002" classname="com.selenium.Test.StarrAssistSuite"/>
  <testcase name="UITest" time="0.004" classname="com.selenium.Test.StarrAssistSuite"/>
  <testcase name="UITest" time="0.008" classname="com.selenium.Test.StarrAssistSuite"/>
  <testcase name="UITest" time="0.005" classname="com.selenium.Test.StarrAssistSuite"/>
  <testcase name="UITest" time="0.003" classname="com.selenium.Test.StarrAssistSuite"/>
  <testcase name="UITest" time="0.004" classname="com.selenium.Test.StarrAssistSuite"/>
  <testcase name="UITest" time="0.008" classname="com.selenium.Test.StarrAssistSuite"/>
  <testcase name="UITest" time="0.002" classname="com.selenium.Test.StarrAssistSuite"/>
  <testcase name="UITest" time="0.002" classname="com.selenium.Test.StarrAssistSuite"/>
  <testcase name="UITest" time="0.003" classname="com.selenium.Test.StarrAssistSuite"/>
  <testcase name="UITest" time="0.003" classname="com.selenium.Test.StarrAssistSuite"/>
  <testcase name="UITest" time="0.003" classname="com.selenium.Test.StarrAssistSuite"/>
  <testcase name="UITest" time="0.004" classname="com.selenium.Test.StarrAssistSuite"/>
  <testcase name="UITest" time="0.003" classname="com.selenium.Test.StarrAssistSuite"/>
  <testcase name="UITest" time="0.003" classname="com.selenium.Test.StarrAssistSuite"/>
  <testcase name="UITest" time="0.003" classname="com.selenium.Test.StarrAssistSuite"/>
  <testcase name="UITest" time="0.003" classname="com.selenium.Test.StarrAssistSuite"/>
  <testcase name="UITest" time="0.003" classname="com.selenium.Test.StarrAssistSuite"/>
  <testcase name="UITest" time="0.004" classname="com.selenium.Test.StarrAssistSuite"/>
  <testcase name="UITest" time="0.003" classname="com.selenium.Test.StarrAssistSuite"/>
  <testcase name="UITest" time="0.003" classname="com.selenium.Test.StarrAssistSuite"/>
  <testcase name="UITest" time="0.003" classname="com.selenium.Test.StarrAssistSuite"/>
  <testcase name="UITest" time="0.003" classname="com.selenium.Test.StarrAssistSuite"/>
  <testcase name="UITest" time="0.003" classname="com.selenium.Test.StarrAssistSuite"/>
  <testcase name="UITest" time="0.003" classname="com.selenium.Test.StarrAssistSuite"/>
  <testcase name="UITest" time="0.003" classname="com.selenium.Test.StarrAssistSuite"/>
  <testcase name="UITest" time="0.002" classname="com.selenium.Test.StarrAssistSuite"/>
  <testcase name="UITest" time="0.002" classname="com.selenium.Test.StarrAssistSuite"/>
  <testcase name="UITest" time="0.002" classname="com.selenium.Test.StarrAssistSuite"/>
  <testcase name="UITest" time="0.003" classname="com.selenium.Test.StarrAssistSuite"/>
  <testcase name="UITest" time="0.003" classname="com.selenium.Test.StarrAssistSuite"/>
  <testcase name="UITest" time="0.002" classname="com.selenium.Test.StarrAssistSuite"/>
  <testcase name="UITest" time="0.003" classname="com.selenium.Test.StarrAssistSuite"/>
  <testcase name="UITest" time="0.002" classname="com.selenium.Test.StarrAssistSuite"/>
  <testcase name="UITest" time="0.002" classname="com.selenium.Test.StarrAssistSuite"/>
  <testcase name="UITest" time="0.003" classname="com.selenium.Test.StarrAssistSuite"/>
  <testcase name="UITest" time="0.003" classname="com.selenium.Test.StarrAssistSuite"/>
  <testcase name="UITest" time="0.003" classname="com.selenium.Test.StarrAssistSuite"/>
  <testcase name="UITest" time="0.003" classname="com.selenium.Test.StarrAssistSuite"/>
  <testcase name="UITest" time="0.002" classname="com.selenium.Test.StarrAssistSuite"/>
  <testcase name="UITest" time="0.004" classname="com.selenium.Test.StarrAssistSuite"/>
  <testcase name="UITest" time="0.003" classname="com.selenium.Test.StarrAssistSuite"/>
  <testcase name="UITest" time="0.002" classname="com.selenium.Test.StarrAssistSuite"/>
  <testcase name="UITest" time="0.002" classname="com.selenium.Test.StarrAssistSuite"/>
  <testcase name="UITest" time="0.003" classname="com.selenium.Test.StarrAssistSuite"/>
  <testcase name="UITest" time="0.003" classname="com.selenium.Test.StarrAssistSuite"/>
  <testcase name="UITest" time="0.002" classname="com.selenium.Test.StarrAssistSuite"/>
  <testcase name="UITest" time="0.002" classname="com.selenium.Test.StarrAssistSuite"/>
  <testcase name="UITest" time="0.002" classname="com.selenium.Test.StarrAssistSuite"/>
  <testcase name="UITest" time="0.003" classname="com.selenium.Test.StarrAssistSuite"/>
  <testcase name="UITest" time="0.002" classname="com.selenium.Test.StarrAssistSuite"/>
  <testcase name="UITest" time="0.003" classname="com.selenium.Test.StarrAssistSuite"/>
  <testcase name="UITest" time="0.003" classname="com.selenium.Test.StarrAssistSuite"/>
  <testcase name="UITest" time="0.002" classname="com.selenium.Test.StarrAssistSuite"/>
  <testcase name="UITest" time="0.003" classname="com.selenium.Test.StarrAssistSuite"/>
  <testcase name="UITest" time="0.003" classname="com.selenium.Test.StarrAssistSuite"/>
  <testcase name="UITest" time="0.004" classname="com.selenium.Test.StarrAssistSuite"/>
  <testcase name="UITest" time="0.002" classname="com.selenium.Test.StarrAssistSuite"/>
  <testcase name="UITest" time="0.003" classname="com.selenium.Test.StarrAssistSuite"/>
  <testcase name="UITest" time="0.003" classname="com.selenium.Test.StarrAssistSuite"/>
  <testcase name="UITest" time="0.003" classname="com.selenium.Test.StarrAssistSuite"/>
  <testcase name="UITest" time="0.002" classname="com.selenium.Test.StarrAssistSuite"/>
  <testcase name="UITest" time="0.003" classname="com.selenium.Test.StarrAssistSuite"/>
  <testcase name="UITest" time="0.003" classname="com.selenium.Test.StarrAssistSuite"/>
  <testcase name="UITest" time="0.006" classname="com.selenium.Test.StarrAssistSuite"/>
  <testcase name="UITest" time="0.003" classname="com.selenium.Test.StarrAssistSuite"/>
  <testcase name="UITest" time="0.003" classname="com.selenium.Test.StarrAssistSuite"/>
  <testcase name="UITest" time="0.002" classname="com.selenium.Test.StarrAssistSuite"/>
  <testcase name="UITest" time="0.003" classname="com.selenium.Test.StarrAssistSuite"/>
  <testcase name="UITest" time="0.004" classname="com.selenium.Test.StarrAssistSuite"/>
  <testcase name="UITest" time="0.006" classname="com.selenium.Test.StarrAssistSuite"/>
  <testcase name="UITest" time="0.003" classname="com.selenium.Test.StarrAssistSuite"/>
  <testcase name="UITest" time="0.002" classname="com.selenium.Test.StarrAssistSuite"/>
  <testcase name="UITest" time="0.002" classname="com.selenium.Test.StarrAssistSuite"/>
  <testcase name="UITest" time="0.003" classname="com.selenium.Test.StarrAssistSuite"/>
  <testcase name="UITest" time="0.003" classname="com.selenium.Test.StarrAssistSuite"/>
  <testcase name="UITest" time="0.003" classname="com.selenium.Test.StarrAssistSuite"/>
  <testcase name="UITest" time="0.003" classname="com.selenium.Test.StarrAssistSuite"/>
  <testcase name="UITest" time="0.002" classname="com.selenium.Test.StarrAssistSuite"/>
  <testcase name="UITest" time="0.003" classname="com.selenium.Test.StarrAssistSuite"/>
  <testcase name="UITest" time="0.003" classname="com.selenium.Test.StarrAssistSuite"/>
  <testcase name="UITest" time="0.009" classname="com.selenium.Test.StarrAssistSuite"/>
  <testcase name="UITest" time="0.002" classname="com.selenium.Test.StarrAssistSuite"/>
  <testcase name="UITest" time="0.002" classname="com.selenium.Test.StarrAssistSuite"/>
  <testcase name="UITest" time="0.003" classname="com.selenium.Test.StarrAssistSuite"/>
  <testcase name="UITest" time="0.003" classname="com.selenium.Test.StarrAssistSuite"/>
  <testcase name="UITest" time="0.003" classname="com.selenium.Test.StarrAssistSuite"/>
  <testcase name="UITest" time="0.003" classname="com.selenium.Test.StarrAssistSuite"/>
  <testcase name="UITest" time="0.004" classname="com.selenium.Test.StarrAssistSuite"/>
  <testcase name="UITest" time="0.003" classname="com.selenium.Test.StarrAssistSuite"/>
  <testcase name="UITest" time="0.003" classname="com.selenium.Test.StarrAssistSuite"/>
  <testcase name="UITest" time="0.003" classname="com.selenium.Test.StarrAssistSuite"/>
  <testcase name="UITest" time="0.003" classname="com.selenium.Test.StarrAssistSuite"/>
  <testcase name="UITest" time="0.003" classname="com.selenium.Test.StarrAssistSuite"/>
  <testcase name="UITest" time="0.003" classname="com.selenium.Test.StarrAssistSuite"/>
  <testcase name="UITest" time="0.002" classname="com.selenium.Test.StarrAssistSuite"/>
  <testcase name="UITest" time="0.002" classname="com.selenium.Test.StarrAssistSuite"/>
  <testcase name="UITest" time="0.003" classname="com.selenium.Test.StarrAssistSuite"/>
  <testcase name="UITest" time="0.008" classname="com.selenium.Test.StarrAssistSuite"/>
  <testcase name="UITest" time="0.002" classname="com.selenium.Test.StarrAssistSuite"/>
  <testcase name="UITest" time="0.002" classname="com.selenium.Test.StarrAssistSuite"/>
  <testcase name="UITest" time="0.003" classname="com.selenium.Test.StarrAssistSuite"/>
  <testcase name="UITest" time="0.002" classname="com.selenium.Test.StarrAssistSuite"/>
  <testcase name="UITest" time="0.003" classname="com.selenium.Test.StarrAssistSuite"/>
  <testcase name="UITest" time="0.002" classname="com.selenium.Test.StarrAssistSuite"/>
  <testcase name="UITest" time="0.003" classname="com.selenium.Test.StarrAssistSuite"/>
  <testcase name="UITest" time="0.009" classname="com.selenium.Test.StarrAssistSuite"/>
  <testcase name="UITest" time="0.003" classname="com.selenium.Test.StarrAssistSuite"/>
  <testcase name="UITest" time="0.003" classname="com.selenium.Test.StarrAssistSuite"/>
  <testcase name="UITest" time="0.004" classname="com.selenium.Test.StarrAssistSuite"/>
  <testcase name="UITest" time="0.003" classname="com.selenium.Test.StarrAssistSuite"/>
  <testcase name="UITest" time="0.003" classname="com.selenium.Test.StarrAssistSuite"/>
  <testcase name="UITest" time="0.003" classname="com.selenium.Test.StarrAssistSuite"/>
  <testcase name="UITest" time="0.002" classname="com.selenium.Test.StarrAssistSuite"/>
  <testcase name="UITest" time="0.003" classname="com.selenium.Test.StarrAssistSuite"/>
  <testcase name="UITest" time="0.008" classname="com.selenium.Test.StarrAssistSuite"/>
  <testcase name="UITest" time="0.003" classname="com.selenium.Test.StarrAssistSuite"/>
  <testcase name="UITest" time="0.002" classname="com.selenium.Test.StarrAssistSuite"/>
  <testcase name="UITest" time="0.003" classname="com.selenium.Test.StarrAssistSuite"/>
  <testcase name="UITest" time="0.002" classname="com.selenium.Test.StarrAssistSuite"/>
  <testcase name="UITest" time="0.008" classname="com.selenium.Test.StarrAssistSuite"/>
  <testcase name="UITest" time="0.003" classname="com.selenium.Test.StarrAssistSuite"/>
  <testcase name="UITest" time="0.003" classname="com.selenium.Test.StarrAssistSuite"/>
</testsuite> <!-- Test2 -->
