<?xml version="1.0" encoding="UTF-8"?>
<!-- Generated by org.testng.reporters.JUnitXMLReporter -->
<testsuite hostname="C1128" ignored="0" name="Test1" tests="2" failures="0" timestamp="11 Jan 2018 13:43:59 GMT" time="0.035" errors="0">
  <testcase name="@BeforeSuite loadConfig" time="0.0" classname="KeywordDrivenFramework.KeywordDrivenFramework.NITICCreateQuoteTest">
    <failure type="com.selenium.exception.DatabaseException" message="ERROR IN DB - URL / USERNAME / PASSWORD">
      <![CDATA[com.selenium.exception.DatabaseException: ERROR IN DB - URL / USERNAME / PASSWORD
	at com.selenium.SupportingClasses.DatabaseOperation.ConnectionSetup(DatabaseOperation.java:74)
	at KeywordDrivenFramework.KeywordDrivenFramework.NITICCreateQuoteTest.loadConfig(NITICCreateQuoteTest.java:55)
Caused by: com.mysql.jdbc.exceptions.jdbc4.MySQLSyntaxErrorException: Unknown database 'NITIC'
	at com.mysql.jdbc.Util.handleNewInstance(Util.java:406)
	at com.mysql.jdbc.Util.getInstance(Util.java:381)
	at com.mysql.jdbc.SQLError.createSQLException(SQLError.java:1030)
	at com.mysql.jdbc.SQLError.createSQLException(SQLError.java:956)
	at com.mysql.jdbc.MysqlIO.checkErrorPacket(MysqlIO.java:3491)
	at com.mysql.jdbc.MysqlIO.checkErrorPacket(MysqlIO.java:3423)
	at com.mysql.jdbc.MysqlIO.checkErrorPacket(MysqlIO.java:910)
	at com.mysql.jdbc.MysqlIO.secureAuth411(MysqlIO.java:3923)
	at com.mysql.jdbc.MysqlIO.doHandshake(MysqlIO.java:1273)
	at com.mysql.jdbc.ConnectionImpl.createNewIO(ConnectionImpl.java:2031)
	at com.mysql.jdbc.ConnectionImpl.<init>(ConnectionImpl.java:718)
	at com.mysql.jdbc.JDBC4Connection.<init>(JDBC4Connection.java:46)
	at com.mysql.jdbc.Util.handleNewInstance(Util.java:406)
	at com.mysql.jdbc.ConnectionImpl.getInstance(ConnectionImpl.java:302)
	at com.mysql.jdbc.NonRegisteringDriver.connect(NonRegisteringDriver.java:282)
	at java.sql.DriverManager.getConnection(DriverManager.java:664)
	at java.sql.DriverManager.getConnection(DriverManager.java:247)
	at com.selenium.SupportingClasses.DatabaseOperation.ConnectionSetup(DatabaseOperation.java:70)
	... 20 more
... Removed 27 stack frames]]>
    </failure>
  </testcase> <!-- @BeforeSuite loadConfig -->
  <testcase name="@BeforeTest setUp" time="0.0" classname="com.selenium.Test.BaseSuite">
    <skipped/>
  </testcase> <!-- @BeforeTest setUp -->
  <testcase name="@AfterClass tearDown" time="0.0" classname="com.selenium.Test.BaseSuite">
    <skipped/>
  </testcase> <!-- @AfterClass tearDown -->
  <testcase name="Login" time="0.001" classname="KeywordDrivenFramework.KeywordDrivenFramework.NITICCreateQuoteTest">
    <skipped/>
  </testcase> <!-- Login -->
  <testcase name="createQuote" time="0.0" classname="KeywordDrivenFramework.KeywordDrivenFramework.NITICCreateQuoteTest">
    <skipped/>
  </testcase> <!-- createQuote -->
</testsuite> <!-- Test1 -->
