<?xml version="1.0" encoding="UTF-8"?>
<!-- Generated by org.testng.reporters.JUnitXMLReporter -->
<testsuite hostname="C1128" ignored="0" name="Test1" tests="412" failures="2" timestamp="15 Nov 2017 06:15:14 GMT" time="1678.697" errors="0">
  <testcase name="Login" time="25.172" classname="com.selenium.Test.StarrAssistSuite"/>
  <testcase name="UITest" time="1036.801" classname="com.selenium.Test.StarrAssistSuite">
    <failure type="org.openqa.selenium.TimeoutException" message="Timed out after 1000 seconds waiting for visibility of all [[[RemoteWebDriver: chrome on XP (457c7a24-9d99-4b49-b3c5-cf25487a1318)] -&amp;gt; xpath: //div/div/img[@class=&amp;apos;loading_icon&amp;apos;]]]
Build info: version: &amp;apos;3.0.1&amp;apos;, revision: &amp;apos;1969d75&amp;apos;, time: &amp;apos;2016-10-18 09:49:13 -0700&amp;apos;
System info: host: &amp;apos;C1128&amp;apos;, ip: &amp;apos;192.168.4.131&amp;apos;, os.name: &amp;apos;Windows 7&amp;apos;, os.arch: &amp;apos;amd64&amp;apos;, os.version: &amp;apos;6.1&amp;apos;, java.version: &amp;apos;1.8.0_73&amp;apos;
Driver info: org.openqa.selenium.remote.RemoteWebDriver
Capabilities [{applicationCacheEnabled=false, rotatable=false, mobileEmulationEnabled=false, networkConnectionEnabled=false, chrome={chromedriverVersion=2.32.498550 (9dec58e66c31bcc53a9ce3c7226f0c1c5810906a), userDataDir=C:\Users\SASIRE~1.SOL\AppData\Local\Temp\scoped_dir13012_20051}, takesHeapSnapshot=true, pageLoadStrategy=normal, databaseEnabled=false, handlesAlerts=true, hasTouchScreen=false, version=61.0.3163.100, platform=XP, browserConnectionEnabled=false, nativeEvents=true, acceptSslCerts=true, webdriver.remote.sessionid=457c7a24-9d99-4b49-b3c5-cf25487a1318, locationContextEnabled=true, webStorageEnabled=true, browserName=chrome, takesScreenshot=true, javascriptEnabled=true, cssSelectorsEnabled=true, setWindowRect=true, unexpectedAlertBehaviour=}]
Session ID: 457c7a24-9d99-4b49-b3c5-cf25487a1318">
      <![CDATA[org.openqa.selenium.TimeoutException: Timed out after 1000 seconds waiting for visibility of all [[[RemoteWebDriver: chrome on XP (457c7a24-9d99-4b49-b3c5-cf25487a1318)] -> xpath: //div/div/img[@class='loading_icon']]]
Build info: version: '3.0.1', revision: '1969d75', time: '2016-10-18 09:49:13 -0700'
System info: host: 'C1128', ip: '192.168.4.131', os.name: 'Windows 7', os.arch: 'amd64', os.version: '6.1', java.version: '1.8.0_73'
Driver info: org.openqa.selenium.remote.RemoteWebDriver
Capabilities [{applicationCacheEnabled=false, rotatable=false, mobileEmulationEnabled=false, networkConnectionEnabled=false, chrome={chromedriverVersion=2.32.498550 (9dec58e66c31bcc53a9ce3c7226f0c1c5810906a), userDataDir=C:\Users\SASIRE~1.SOL\AppData\Local\Temp\scoped_dir13012_20051}, takesHeapSnapshot=true, pageLoadStrategy=normal, databaseEnabled=false, handlesAlerts=true, hasTouchScreen=false, version=61.0.3163.100, platform=XP, browserConnectionEnabled=false, nativeEvents=true, acceptSslCerts=true, webdriver.remote.sessionid=457c7a24-9d99-4b49-b3c5-cf25487a1318, locationContextEnabled=true, webStorageEnabled=true, browserName=chrome, takesScreenshot=true, javascriptEnabled=true, cssSelectorsEnabled=true, setWindowRect=true, unexpectedAlertBehaviour=}]
Session ID: 457c7a24-9d99-4b49-b3c5-cf25487a1318
	at org.openqa.selenium.support.ui.WebDriverWait.timeoutException(WebDriverWait.java:80)
	at org.openqa.selenium.support.ui.FluentWait.until(FluentWait.java:261)
	at StarrAssistPOM.GetAQuotePage.waitForLoading(GetAQuotePage.java:217)
	at StarrAssistPOM.GetAQuotePage.setDepaturedate(GetAQuotePage.java:101)
	at com.selenium.Test.StarrAssistSuite.UITest(StarrAssistSuite.java:146)
	at sun.reflect.NativeMethodAccessorImpl.invoke0(Native Method)
	at sun.reflect.NativeMethodAccessorImpl.invoke(NativeMethodAccessorImpl.java:62)
	at sun.reflect.DelegatingMethodAccessorImpl.invoke(DelegatingMethodAccessorImpl.java:43)
	at java.lang.reflect.Method.invoke(Method.java:497)
	at org.testng.internal.MethodInvocationHelper.invokeMethod(MethodInvocationHelper.java:104)
	at org.testng.internal.Invoker.invokeMethod(Invoker.java:645)
	at org.testng.internal.Invoker.invokeTestMethod(Invoker.java:851)
	at org.testng.internal.Invoker.invokeTestMethods(Invoker.java:1177)
	at org.testng.internal.TestMethodWorker.invokeTestMethods(TestMethodWorker.java:129)
	at org.testng.internal.TestMethodWorker.run(TestMethodWorker.java:112)
	at org.testng.TestRunner.privateRun(TestRunner.java:756)
	at org.testng.TestRunner.run(TestRunner.java:610)
	at org.testng.SuiteRunner.runTest(SuiteRunner.java:387)
	at org.testng.SuiteRunner.access$000(SuiteRunner.java:39)
	at org.testng.SuiteRunner$SuiteWorker.run(SuiteRunner.java:421)
	at org.testng.internal.thread.ThreadUtil$2.call(ThreadUtil.java:64)
	at java.util.concurrent.FutureTask.run(FutureTask.java:266)
	at java.util.concurrent.ThreadPoolExecutor.runWorker(ThreadPoolExecutor.java:1142)
	at java.util.concurrent.ThreadPoolExecutor$Worker.run(ThreadPoolExecutor.java:617)
	at java.lang.Thread.run(Thread.java:745)
]]>
    </failure>
  </testcase> <!-- UITest -->
  <testcase name="UITest" time="610.757" classname="com.selenium.Test.StarrAssistSuite">
    <failure type="org.openqa.selenium.WebDriverException" message="Build info: version: &amp;apos;3.0.1&amp;apos;, revision: &amp;apos;1969d75&amp;apos;, time: &amp;apos;2016-10-18 09:49:13 -0700&amp;apos;
System info: host: &amp;apos;C1128&amp;apos;, ip: &amp;apos;192.168.4.131&amp;apos;, os.name: &amp;apos;Windows 7&amp;apos;, os.arch: &amp;apos;amd64&amp;apos;, os.version: &amp;apos;6.1&amp;apos;, java.version: &amp;apos;1.8.0_73&amp;apos;
Driver info: org.openqa.selenium.remote.RemoteWebDriver
Capabilities [{applicationCacheEnabled=false, rotatable=false, mobileEmulationEnabled=false, networkConnectionEnabled=false, chrome={chromedriverVersion=2.32.498550 (9dec58e66c31bcc53a9ce3c7226f0c1c5810906a), userDataDir=C:\Users\SASIRE~1.SOL\AppData\Local\Temp\scoped_dir13012_20051}, takesHeapSnapshot=true, pageLoadStrategy=normal, databaseEnabled=false, handlesAlerts=true, hasTouchScreen=false, version=61.0.3163.100, platform=XP, browserConnectionEnabled=false, nativeEvents=true, acceptSslCerts=true, webdriver.remote.sessionid=457c7a24-9d99-4b49-b3c5-cf25487a1318, locationContextEnabled=true, webStorageEnabled=true, browserName=chrome, takesScreenshot=true, javascriptEnabled=true, cssSelectorsEnabled=true, setWindowRect=true, unexpectedAlertBehaviour=}]
Session ID: 457c7a24-9d99-4b49-b3c5-cf25487a1318
*** Element info: {Using=xpath, value=//div/div/img[@class=&amp;apos;loading_icon&amp;apos;]}">
      <![CDATA[org.openqa.selenium.WebDriverException: Build info: version: '3.0.1', revision: '1969d75', time: '2016-10-18 09:49:13 -0700'
System info: host: 'C1128', ip: '192.168.4.131', os.name: 'Windows 7', os.arch: 'amd64', os.version: '6.1', java.version: '1.8.0_73'
Driver info: org.openqa.selenium.remote.RemoteWebDriver
Capabilities [{applicationCacheEnabled=false, rotatable=false, mobileEmulationEnabled=false, networkConnectionEnabled=false, chrome={chromedriverVersion=2.32.498550 (9dec58e66c31bcc53a9ce3c7226f0c1c5810906a), userDataDir=C:\Users\SASIRE~1.SOL\AppData\Local\Temp\scoped_dir13012_20051}, takesHeapSnapshot=true, pageLoadStrategy=normal, databaseEnabled=false, handlesAlerts=true, hasTouchScreen=false, version=61.0.3163.100, platform=XP, browserConnectionEnabled=false, nativeEvents=true, acceptSslCerts=true, webdriver.remote.sessionid=457c7a24-9d99-4b49-b3c5-cf25487a1318, locationContextEnabled=true, webStorageEnabled=true, browserName=chrome, takesScreenshot=true, javascriptEnabled=true, cssSelectorsEnabled=true, setWindowRect=true, unexpectedAlertBehaviour=}]
Session ID: 457c7a24-9d99-4b49-b3c5-cf25487a1318
*** Element info: {Using=xpath, value=//div/div/img[@class='loading_icon']}
	at sun.reflect.NativeConstructorAccessorImpl.newInstance0(Native Method)
	at sun.reflect.NativeConstructorAccessorImpl.newInstance(NativeConstructorAccessorImpl.java:62)
	at sun.reflect.DelegatingConstructorAccessorImpl.newInstance(DelegatingConstructorAccessorImpl.java:45)
	at java.lang.reflect.Constructor.newInstance(Constructor.java:422)
	at org.openqa.selenium.remote.ErrorHandler.createThrowable(ErrorHandler.java:216)
	at org.openqa.selenium.remote.ErrorHandler.throwIfResponseFailed(ErrorHandler.java:168)
	at org.openqa.selenium.remote.RemoteWebDriver.execute(RemoteWebDriver.java:635)
	at org.openqa.selenium.remote.RemoteWebDriver.findElements(RemoteWebDriver.java:393)
	at org.openqa.selenium.remote.RemoteWebDriver.findElementsByXPath(RemoteWebDriver.java:477)
	at org.openqa.selenium.By$ByXPath.findElements(By.java:356)
	at org.openqa.selenium.remote.RemoteWebDriver.findElements(RemoteWebDriver.java:356)
	at org.openqa.selenium.support.pagefactory.DefaultElementLocator.findElements(DefaultElementLocator.java:85)
	at org.openqa.selenium.support.pagefactory.internal.LocatingElementListHandler.invoke(LocatingElementListHandler.java:36)
	at com.sun.proxy.$Proxy10.iterator(Unknown Source)
	at org.openqa.selenium.support.ui.ExpectedConditions$9.apply(ExpectedConditions.java:260)
	at org.openqa.selenium.support.ui.ExpectedConditions$9.apply(ExpectedConditions.java:257)
	at org.openqa.selenium.support.ui.FluentWait.until(FluentWait.java:238)
	at StarrAssistPOM.GetAQuotePage.waitForLoading(GetAQuotePage.java:217)
	at StarrAssistPOM.GetAQuotePage.setDepaturedate(GetAQuotePage.java:101)
	at com.selenium.Test.StarrAssistSuite.UITest(StarrAssistSuite.java:146)
	at sun.reflect.NativeMethodAccessorImpl.invoke0(Native Method)
	at sun.reflect.NativeMethodAccessorImpl.invoke(NativeMethodAccessorImpl.java:62)
	at sun.reflect.DelegatingMethodAccessorImpl.invoke(DelegatingMethodAccessorImpl.java:43)
	at java.lang.reflect.Method.invoke(Method.java:497)
	at org.testng.internal.MethodInvocationHelper.invokeMethod(MethodInvocationHelper.java:104)
	at org.testng.internal.Invoker.invokeMethod(Invoker.java:645)
	at org.testng.internal.Invoker.invokeTestMethod(Invoker.java:851)
	at org.testng.internal.Invoker.invokeTestMethods(Invoker.java:1177)
	at org.testng.internal.TestMethodWorker.invokeTestMethods(TestMethodWorker.java:129)
	at org.testng.internal.TestMethodWorker.run(TestMethodWorker.java:112)
	at org.testng.TestRunner.privateRun(TestRunner.java:756)
	at org.testng.TestRunner.run(TestRunner.java:610)
	at org.testng.SuiteRunner.runTest(SuiteRunner.java:387)
	at org.testng.SuiteRunner.access$000(SuiteRunner.java:39)
	at org.testng.SuiteRunner$SuiteWorker.run(SuiteRunner.java:421)
	at org.testng.internal.thread.ThreadUtil$2.call(ThreadUtil.java:64)
	at java.util.concurrent.FutureTask.run(FutureTask.java:266)
	at java.util.concurrent.ThreadPoolExecutor.runWorker(ThreadPoolExecutor.java:1142)
	at java.util.concurrent.ThreadPoolExecutor$Worker.run(ThreadPoolExecutor.java:617)
	at java.lang.Thread.run(Thread.java:745)
Caused by: org.openqa.selenium.remote.ScreenshotException: Screen shot has been taken
Build info: version: '3.0.1', revision: '1969d75', time: '2016-10-18 09:49:13 -0700'
System info: host: 'C1128', ip: '192.168.4.131', os.name: 'Windows 7', os.arch: 'amd64', os.version: '6.1', java.version: '1.8.0_73'
Driver info: driver.version: RemoteWebDriver
	at org.openqa.selenium.remote.ErrorHandler.throwIfResponseFailed(ErrorHandler.java:142)
	... 34 more
Caused by: java.lang.NullPointerException
	at org.openqa.selenium.remote.RemoteWebDriver.findElements(RemoteWebDriver.java:397)
	at org.openqa.selenium.remote.RemoteWebDriver.findElementsByXPath(RemoteWebDriver.java:504)
	at org.openqa.selenium.By$ByXPath.findElements(By.java:356)
	at org.openqa.selenium.remote.RemoteWebDriver.findElements(RemoteWebDriver.java:351)
	at sun.reflect.GeneratedMethodAccessor15.invoke(Unknown Source)
	at sun.reflect.DelegatingMethodAccessorImpl.invoke(DelegatingMethodAccessorImpl.java:43)
	at java.lang.reflect.Method.invoke(Method.java:497)
	at org.openqa.selenium.support.events.EventFiringWebDriver$2.invoke(EventFiringWebDriver.java:103)
	at com.sun.proxy.$Proxy1.findElements(Unknown Source)
	at org.openqa.selenium.support.events.EventFiringWebDriver.findElements(EventFiringWebDriver.java:177)
	at org.openqa.selenium.remote.server.handler.FindElements.call(FindElements.java:50)
	at org.openqa.selenium.remote.server.handler.FindElements.call(FindElements.java:1)
	at java.util.concurrent.FutureTask.run(FutureTask.java:266)
	at org.openqa.selenium.remote.server.DefaultSession$1.run(DefaultSession.java:176)
	... 3 more
]]>
    </failure>
  </testcase> <!-- UITest -->
  <testcase name="UITest" time="0.01" classname="com.selenium.Test.StarrAssistSuite"/>
  <testcase name="UITest" time="0.005" classname="com.selenium.Test.StarrAssistSuite"/>
  <testcase name="UITest" time="0.007" classname="com.selenium.Test.StarrAssistSuite"/>
  <testcase name="UITest" time="0.006" classname="com.selenium.Test.StarrAssistSuite"/>
  <testcase name="UITest" time="0.003" classname="com.selenium.Test.StarrAssistSuite"/>
  <testcase name="UITest" time="0.003" classname="com.selenium.Test.StarrAssistSuite"/>
  <testcase name="UITest" time="0.003" classname="com.selenium.Test.StarrAssistSuite"/>
  <testcase name="UITest" time="0.003" classname="com.selenium.Test.StarrAssistSuite"/>
  <testcase name="UITest" time="0.003" classname="com.selenium.Test.StarrAssistSuite"/>
  <testcase name="UITest" time="0.003" classname="com.selenium.Test.StarrAssistSuite"/>
  <testcase name="UITest" time="0.003" classname="com.selenium.Test.StarrAssistSuite"/>
  <testcase name="UITest" time="0.003" classname="com.selenium.Test.StarrAssistSuite"/>
  <testcase name="UITest" time="0.003" classname="com.selenium.Test.StarrAssistSuite"/>
  <testcase name="UITest" time="0.009" classname="com.selenium.Test.StarrAssistSuite"/>
  <testcase name="UITest" time="0.009" classname="com.selenium.Test.StarrAssistSuite"/>
  <testcase name="UITest" time="0.009" classname="com.selenium.Test.StarrAssistSuite"/>
  <testcase name="UITest" time="0.009" classname="com.selenium.Test.StarrAssistSuite"/>
  <testcase name="UITest" time="0.003" classname="com.selenium.Test.StarrAssistSuite"/>
  <testcase name="UITest" time="0.005" classname="com.selenium.Test.StarrAssistSuite"/>
  <testcase name="UITest" time="0.009" classname="com.selenium.Test.StarrAssistSuite"/>
  <testcase name="UITest" time="0.004" classname="com.selenium.Test.StarrAssistSuite"/>
  <testcase name="UITest" time="0.003" classname="com.selenium.Test.StarrAssistSuite"/>
  <testcase name="UITest" time="0.003" classname="com.selenium.Test.StarrAssistSuite"/>
  <testcase name="UITest" time="0.003" classname="com.selenium.Test.StarrAssistSuite"/>
  <testcase name="UITest" time="0.01" classname="com.selenium.Test.StarrAssistSuite"/>
  <testcase name="UITest" time="0.009" classname="com.selenium.Test.StarrAssistSuite"/>
  <testcase name="UITest" time="0.005" classname="com.selenium.Test.StarrAssistSuite"/>
  <testcase name="UITest" time="0.002" classname="com.selenium.Test.StarrAssistSuite"/>
  <testcase name="UITest" time="0.003" classname="com.selenium.Test.StarrAssistSuite"/>
  <testcase name="UITest" time="0.003" classname="com.selenium.Test.StarrAssistSuite"/>
  <testcase name="UITest" time="0.003" classname="com.selenium.Test.StarrAssistSuite"/>
  <testcase name="UITest" time="0.003" classname="com.selenium.Test.StarrAssistSuite"/>
  <testcase name="UITest" time="0.003" classname="com.selenium.Test.StarrAssistSuite"/>
  <testcase name="UITest" time="0.003" classname="com.selenium.Test.StarrAssistSuite"/>
  <testcase name="UITest" time="0.003" classname="com.selenium.Test.StarrAssistSuite"/>
  <testcase name="UITest" time="0.004" classname="com.selenium.Test.StarrAssistSuite"/>
  <testcase name="UITest" time="0.005" classname="com.selenium.Test.StarrAssistSuite"/>
  <testcase name="UITest" time="0.003" classname="com.selenium.Test.StarrAssistSuite"/>
  <testcase name="UITest" time="0.003" classname="com.selenium.Test.StarrAssistSuite"/>
  <testcase name="UITest" time="0.003" classname="com.selenium.Test.StarrAssistSuite"/>
  <testcase name="UITest" time="0.003" classname="com.selenium.Test.StarrAssistSuite"/>
  <testcase name="UITest" time="0.003" classname="com.selenium.Test.StarrAssistSuite"/>
  <testcase name="UITest" time="0.003" classname="com.selenium.Test.StarrAssistSuite"/>
  <testcase name="UITest" time="0.004" classname="com.selenium.Test.StarrAssistSuite"/>
  <testcase name="UITest" time="0.003" classname="com.selenium.Test.StarrAssistSuite"/>
  <testcase name="UITest" time="0.003" classname="com.selenium.Test.StarrAssistSuite"/>
  <testcase name="UITest" time="0.002" classname="com.selenium.Test.StarrAssistSuite"/>
  <testcase name="UITest" time="0.003" classname="com.selenium.Test.StarrAssistSuite"/>
  <testcase name="UITest" time="0.003" classname="com.selenium.Test.StarrAssistSuite"/>
  <testcase name="UITest" time="0.003" classname="com.selenium.Test.StarrAssistSuite"/>
  <testcase name="UITest" time="0.004" classname="com.selenium.Test.StarrAssistSuite"/>
  <testcase name="UITest" time="0.003" classname="com.selenium.Test.StarrAssistSuite"/>
  <testcase name="UITest" time="0.003" classname="com.selenium.Test.StarrAssistSuite"/>
  <testcase name="UITest" time="0.002" classname="com.selenium.Test.StarrAssistSuite"/>
  <testcase name="UITest" time="0.003" classname="com.selenium.Test.StarrAssistSuite"/>
  <testcase name="UITest" time="0.003" classname="com.selenium.Test.StarrAssistSuite"/>
  <testcase name="UITest" time="0.003" classname="com.selenium.Test.StarrAssistSuite"/>
  <testcase name="UITest" time="0.004" classname="com.selenium.Test.StarrAssistSuite"/>
  <testcase name="UITest" time="0.003" classname="com.selenium.Test.StarrAssistSuite"/>
  <testcase name="UITest" time="0.003" classname="com.selenium.Test.StarrAssistSuite"/>
  <testcase name="UITest" time="0.003" classname="com.selenium.Test.StarrAssistSuite"/>
  <testcase name="UITest" time="0.003" classname="com.selenium.Test.StarrAssistSuite"/>
  <testcase name="UITest" time="0.006" classname="com.selenium.Test.StarrAssistSuite"/>
  <testcase name="UITest" time="0.003" classname="com.selenium.Test.StarrAssistSuite"/>
  <testcase name="UITest" time="0.002" classname="com.selenium.Test.StarrAssistSuite"/>
  <testcase name="UITest" time="0.003" classname="com.selenium.Test.StarrAssistSuite"/>
  <testcase name="UITest" time="0.003" classname="com.selenium.Test.StarrAssistSuite"/>
  <testcase name="UITest" time="0.003" classname="com.selenium.Test.StarrAssistSuite"/>
  <testcase name="UITest" time="0.003" classname="com.selenium.Test.StarrAssistSuite"/>
  <testcase name="UITest" time="0.003" classname="com.selenium.Test.StarrAssistSuite"/>
  <testcase name="UITest" time="0.002" classname="com.selenium.Test.StarrAssistSuite"/>
  <testcase name="UITest" time="0.002" classname="com.selenium.Test.StarrAssistSuite"/>
  <testcase name="UITest" time="0.002" classname="com.selenium.Test.StarrAssistSuite"/>
  <testcase name="UITest" time="0.003" classname="com.selenium.Test.StarrAssistSuite"/>
  <testcase name="UITest" time="0.003" classname="com.selenium.Test.StarrAssistSuite"/>
  <testcase name="UITest" time="0.003" classname="com.selenium.Test.StarrAssistSuite"/>
  <testcase name="UITest" time="0.002" classname="com.selenium.Test.StarrAssistSuite"/>
  <testcase name="UITest" time="0.002" classname="com.selenium.Test.StarrAssistSuite"/>
  <testcase name="UITest" time="0.002" classname="com.selenium.Test.StarrAssistSuite"/>
  <testcase name="UITest" time="0.002" classname="com.selenium.Test.StarrAssistSuite"/>
  <testcase name="UITest" time="0.002" classname="com.selenium.Test.StarrAssistSuite"/>
  <testcase name="UITest" time="0.003" classname="com.selenium.Test.StarrAssistSuite"/>
  <testcase name="UITest" time="0.003" classname="com.selenium.Test.StarrAssistSuite"/>
  <testcase name="UITest" time="0.003" classname="com.selenium.Test.StarrAssistSuite"/>
  <testcase name="UITest" time="0.003" classname="com.selenium.Test.StarrAssistSuite"/>
  <testcase name="UITest" time="0.007" classname="com.selenium.Test.StarrAssistSuite"/>
  <testcase name="UITest" time="0.003" classname="com.selenium.Test.StarrAssistSuite"/>
  <testcase name="UITest" time="0.006" classname="com.selenium.Test.StarrAssistSuite"/>
  <testcase name="UITest" time="0.008" classname="com.selenium.Test.StarrAssistSuite"/>
  <testcase name="UITest" time="0.002" classname="com.selenium.Test.StarrAssistSuite"/>
  <testcase name="UITest" time="0.003" classname="com.selenium.Test.StarrAssistSuite"/>
  <testcase name="UITest" time="0.003" classname="com.selenium.Test.StarrAssistSuite"/>
  <testcase name="UITest" time="0.009" classname="com.selenium.Test.StarrAssistSuite"/>
  <testcase name="UITest" time="0.009" classname="com.selenium.Test.StarrAssistSuite"/>
  <testcase name="UITest" time="0.009" classname="com.selenium.Test.StarrAssistSuite"/>
  <testcase name="UITest" time="0.009" classname="com.selenium.Test.StarrAssistSuite"/>
  <testcase name="UITest" time="0.009" classname="com.selenium.Test.StarrAssistSuite"/>
  <testcase name="UITest" time="0.004" classname="com.selenium.Test.StarrAssistSuite"/>
  <testcase name="UITest" time="0.002" classname="com.selenium.Test.StarrAssistSuite"/>
  <testcase name="UITest" time="0.002" classname="com.selenium.Test.StarrAssistSuite"/>
  <testcase name="UITest" time="0.003" classname="com.selenium.Test.StarrAssistSuite"/>
  <testcase name="UITest" time="0.003" classname="com.selenium.Test.StarrAssistSuite"/>
  <testcase name="UITest" time="0.003" classname="com.selenium.Test.StarrAssistSuite"/>
  <testcase name="UITest" time="0.003" classname="com.selenium.Test.StarrAssistSuite"/>
  <testcase name="UITest" time="0.006" classname="com.selenium.Test.StarrAssistSuite"/>
  <testcase name="UITest" time="0.009" classname="com.selenium.Test.StarrAssistSuite"/>
  <testcase name="UITest" time="0.009" classname="com.selenium.Test.StarrAssistSuite"/>
  <testcase name="UITest" time="0.009" classname="com.selenium.Test.StarrAssistSuite"/>
  <testcase name="UITest" time="0.009" classname="com.selenium.Test.StarrAssistSuite"/>
  <testcase name="UITest" time="0.003" classname="com.selenium.Test.StarrAssistSuite"/>
  <testcase name="UITest" time="0.009" classname="com.selenium.Test.StarrAssistSuite"/>
  <testcase name="UITest" time="0.003" classname="com.selenium.Test.StarrAssistSuite"/>
  <testcase name="UITest" time="0.003" classname="com.selenium.Test.StarrAssistSuite"/>
  <testcase name="UITest" time="0.003" classname="com.selenium.Test.StarrAssistSuite"/>
  <testcase name="UITest" time="0.002" classname="com.selenium.Test.StarrAssistSuite"/>
  <testcase name="UITest" time="0.004" classname="com.selenium.Test.StarrAssistSuite"/>
  <testcase name="UITest" time="0.007" classname="com.selenium.Test.StarrAssistSuite"/>
  <testcase name="UITest" time="0.002" classname="com.selenium.Test.StarrAssistSuite"/>
  <testcase name="UITest" time="0.006" classname="com.selenium.Test.StarrAssistSuite"/>
  <testcase name="UITest" time="0.002" classname="com.selenium.Test.StarrAssistSuite"/>
  <testcase name="UITest" time="0.002" classname="com.selenium.Test.StarrAssistSuite"/>
  <testcase name="UITest" time="0.003" classname="com.selenium.Test.StarrAssistSuite"/>
  <testcase name="UITest" time="0.003" classname="com.selenium.Test.StarrAssistSuite"/>
  <testcase name="UITest" time="0.002" classname="com.selenium.Test.StarrAssistSuite"/>
  <testcase name="UITest" time="0.002" classname="com.selenium.Test.StarrAssistSuite"/>
  <testcase name="UITest" time="0.002" classname="com.selenium.Test.StarrAssistSuite"/>
  <testcase name="UITest" time="0.003" classname="com.selenium.Test.StarrAssistSuite"/>
  <testcase name="UITest" time="0.003" classname="com.selenium.Test.StarrAssistSuite"/>
  <testcase name="UITest" time="0.003" classname="com.selenium.Test.StarrAssistSuite"/>
  <testcase name="UITest" time="0.003" classname="com.selenium.Test.StarrAssistSuite"/>
  <testcase name="UITest" time="0.003" classname="com.selenium.Test.StarrAssistSuite"/>
  <testcase name="UITest" time="0.002" classname="com.selenium.Test.StarrAssistSuite"/>
  <testcase name="UITest" time="0.002" classname="com.selenium.Test.StarrAssistSuite"/>
  <testcase name="UITest" time="0.003" classname="com.selenium.Test.StarrAssistSuite"/>
  <testcase name="UITest" time="0.003" classname="com.selenium.Test.StarrAssistSuite"/>
  <testcase name="UITest" time="0.003" classname="com.selenium.Test.StarrAssistSuite"/>
  <testcase name="UITest" time="0.002" classname="com.selenium.Test.StarrAssistSuite"/>
  <testcase name="UITest" time="0.002" classname="com.selenium.Test.StarrAssistSuite"/>
  <testcase name="UITest" time="0.003" classname="com.selenium.Test.StarrAssistSuite"/>
  <testcase name="UITest" time="0.003" classname="com.selenium.Test.StarrAssistSuite"/>
  <testcase name="UITest" time="0.002" classname="com.selenium.Test.StarrAssistSuite"/>
  <testcase name="UITest" time="0.002" classname="com.selenium.Test.StarrAssistSuite"/>
  <testcase name="UITest" time="0.003" classname="com.selenium.Test.StarrAssistSuite"/>
  <testcase name="UITest" time="0.002" classname="com.selenium.Test.StarrAssistSuite"/>
  <testcase name="UITest" time="0.003" classname="com.selenium.Test.StarrAssistSuite"/>
  <testcase name="UITest" time="0.002" classname="com.selenium.Test.StarrAssistSuite"/>
  <testcase name="UITest" time="0.003" classname="com.selenium.Test.StarrAssistSuite"/>
  <testcase name="UITest" time="0.004" classname="com.selenium.Test.StarrAssistSuite"/>
  <testcase name="UITest" time="0.003" classname="com.selenium.Test.StarrAssistSuite"/>
  <testcase name="UITest" time="0.003" classname="com.selenium.Test.StarrAssistSuite"/>
  <testcase name="UITest" time="0.003" classname="com.selenium.Test.StarrAssistSuite"/>
  <testcase name="UITest" time="0.002" classname="com.selenium.Test.StarrAssistSuite"/>
  <testcase name="UITest" time="0.003" classname="com.selenium.Test.StarrAssistSuite"/>
  <testcase name="UITest" time="0.002" classname="com.selenium.Test.StarrAssistSuite"/>
  <testcase name="UITest" time="0.002" classname="com.selenium.Test.StarrAssistSuite"/>
  <testcase name="UITest" time="0.003" classname="com.selenium.Test.StarrAssistSuite"/>
  <testcase name="UITest" time="0.003" classname="com.selenium.Test.StarrAssistSuite"/>
  <testcase name="UITest" time="0.002" classname="com.selenium.Test.StarrAssistSuite"/>
  <testcase name="UITest" time="0.003" classname="com.selenium.Test.StarrAssistSuite"/>
  <testcase name="UITest" time="0.003" classname="com.selenium.Test.StarrAssistSuite"/>
  <testcase name="UITest" time="0.003" classname="com.selenium.Test.StarrAssistSuite"/>
  <testcase name="UITest" time="0.003" classname="com.selenium.Test.StarrAssistSuite"/>
  <testcase name="UITest" time="0.003" classname="com.selenium.Test.StarrAssistSuite"/>
  <testcase name="UITest" time="0.002" classname="com.selenium.Test.StarrAssistSuite"/>
  <testcase name="UITest" time="0.002" classname="com.selenium.Test.StarrAssistSuite"/>
  <testcase name="UITest" time="0.004" classname="com.selenium.Test.StarrAssistSuite"/>
  <testcase name="UITest" time="0.003" classname="com.selenium.Test.StarrAssistSuite"/>
  <testcase name="UITest" time="0.003" classname="com.selenium.Test.StarrAssistSuite"/>
  <testcase name="UITest" time="0.002" classname="com.selenium.Test.StarrAssistSuite"/>
  <testcase name="UITest" time="0.003" classname="com.selenium.Test.StarrAssistSuite"/>
  <testcase name="UITest" time="0.003" classname="com.selenium.Test.StarrAssistSuite"/>
  <testcase name="UITest" time="0.002" classname="com.selenium.Test.StarrAssistSuite"/>
  <testcase name="UITest" time="0.003" classname="com.selenium.Test.StarrAssistSuite"/>
  <testcase name="UITest" time="0.002" classname="com.selenium.Test.StarrAssistSuite"/>
  <testcase name="UITest" time="0.003" classname="com.selenium.Test.StarrAssistSuite"/>
  <testcase name="UITest" time="0.004" classname="com.selenium.Test.StarrAssistSuite"/>
  <testcase name="UITest" time="0.002" classname="com.selenium.Test.StarrAssistSuite"/>
  <testcase name="UITest" time="0.003" classname="com.selenium.Test.StarrAssistSuite"/>
  <testcase name="UITest" time="0.003" classname="com.selenium.Test.StarrAssistSuite"/>
  <testcase name="UITest" time="0.005" classname="com.selenium.Test.StarrAssistSuite"/>
  <testcase name="UITest" time="0.01" classname="com.selenium.Test.StarrAssistSuite"/>
  <testcase name="UITest" time="0.005" classname="com.selenium.Test.StarrAssistSuite"/>
  <testcase name="UITest" time="0.004" classname="com.selenium.Test.StarrAssistSuite"/>
  <testcase name="UITest" time="0.002" classname="com.selenium.Test.StarrAssistSuite"/>
  <testcase name="UITest" time="0.003" classname="com.selenium.Test.StarrAssistSuite"/>
  <testcase name="UITest" time="0.003" classname="com.selenium.Test.StarrAssistSuite"/>
  <testcase name="UITest" time="0.002" classname="com.selenium.Test.StarrAssistSuite"/>
  <testcase name="UITest" time="0.003" classname="com.selenium.Test.StarrAssistSuite"/>
  <testcase name="UITest" time="0.002" classname="com.selenium.Test.StarrAssistSuite"/>
  <testcase name="UITest" time="0.003" classname="com.selenium.Test.StarrAssistSuite"/>
  <testcase name="UITest" time="0.003" classname="com.selenium.Test.StarrAssistSuite"/>
  <testcase name="UITest" time="0.003" classname="com.selenium.Test.StarrAssistSuite"/>
  <testcase name="UITest" time="0.002" classname="com.selenium.Test.StarrAssistSuite"/>
  <testcase name="UITest" time="0.004" classname="com.selenium.Test.StarrAssistSuite"/>
  <testcase name="UITest" time="0.005" classname="com.selenium.Test.StarrAssistSuite"/>
  <testcase name="UITest" time="0.003" classname="com.selenium.Test.StarrAssistSuite"/>
  <testcase name="UITest" time="0.002" classname="com.selenium.Test.StarrAssistSuite"/>
  <testcase name="UITest" time="0.003" classname="com.selenium.Test.StarrAssistSuite"/>
  <testcase name="UITest" time="0.002" classname="com.selenium.Test.StarrAssistSuite"/>
  <testcase name="UITest" time="0.002" classname="com.selenium.Test.StarrAssistSuite"/>
  <testcase name="UITest" time="0.002" classname="com.selenium.Test.StarrAssistSuite"/>
  <testcase name="UITest" time="0.003" classname="com.selenium.Test.StarrAssistSuite"/>
  <testcase name="UITest" time="0.002" classname="com.selenium.Test.StarrAssistSuite"/>
  <testcase name="UITest" time="0.003" classname="com.selenium.Test.StarrAssistSuite"/>
  <testcase name="UITest" time="0.002" classname="com.selenium.Test.StarrAssistSuite"/>
  <testcase name="UITest" time="0.008" classname="com.selenium.Test.StarrAssistSuite"/>
  <testcase name="UITest" time="0.005" classname="com.selenium.Test.StarrAssistSuite"/>
  <testcase name="UITest" time="0.003" classname="com.selenium.Test.StarrAssistSuite"/>
  <testcase name="UITest" time="0.002" classname="com.selenium.Test.StarrAssistSuite"/>
  <testcase name="UITest" time="0.002" classname="com.selenium.Test.StarrAssistSuite"/>
  <testcase name="UITest" time="0.003" classname="com.selenium.Test.StarrAssistSuite"/>
  <testcase name="UITest" time="0.002" classname="com.selenium.Test.StarrAssistSuite"/>
  <testcase name="UITest" time="0.002" classname="com.selenium.Test.StarrAssistSuite"/>
  <testcase name="UITest" time="0.002" classname="com.selenium.Test.StarrAssistSuite"/>
  <testcase name="UITest" time="0.002" classname="com.selenium.Test.StarrAssistSuite"/>
  <testcase name="UITest" time="0.003" classname="com.selenium.Test.StarrAssistSuite"/>
  <testcase name="UITest" time="0.003" classname="com.selenium.Test.StarrAssistSuite"/>
  <testcase name="UITest" time="0.002" classname="com.selenium.Test.StarrAssistSuite"/>
  <testcase name="UITest" time="0.002" classname="com.selenium.Test.StarrAssistSuite"/>
  <testcase name="UITest" time="0.002" classname="com.selenium.Test.StarrAssistSuite"/>
  <testcase name="UITest" time="0.002" classname="com.selenium.Test.StarrAssistSuite"/>
  <testcase name="UITest" time="0.002" classname="com.selenium.Test.StarrAssistSuite"/>
  <testcase name="UITest" time="0.002" classname="com.selenium.Test.StarrAssistSuite"/>
  <testcase name="UITest" time="0.009" classname="com.selenium.Test.StarrAssistSuite"/>
  <testcase name="UITest" time="0.005" classname="com.selenium.Test.StarrAssistSuite"/>
  <testcase name="UITest" time="0.003" classname="com.selenium.Test.StarrAssistSuite"/>
  <testcase name="UITest" time="0.003" classname="com.selenium.Test.StarrAssistSuite"/>
  <testcase name="UITest" time="0.003" classname="com.selenium.Test.StarrAssistSuite"/>
  <testcase name="UITest" time="0.003" classname="com.selenium.Test.StarrAssistSuite"/>
  <testcase name="UITest" time="0.005" classname="com.selenium.Test.StarrAssistSuite"/>
  <testcase name="UITest" time="0.002" classname="com.selenium.Test.StarrAssistSuite"/>
  <testcase name="UITest" time="0.002" classname="com.selenium.Test.StarrAssistSuite"/>
  <testcase name="UITest" time="0.003" classname="com.selenium.Test.StarrAssistSuite"/>
  <testcase name="UITest" time="0.002" classname="com.selenium.Test.StarrAssistSuite"/>
  <testcase name="UITest" time="0.002" classname="com.selenium.Test.StarrAssistSuite"/>
  <testcase name="UITest" time="0.002" classname="com.selenium.Test.StarrAssistSuite"/>
  <testcase name="UITest" time="0.003" classname="com.selenium.Test.StarrAssistSuite"/>
  <testcase name="UITest" time="0.003" classname="com.selenium.Test.StarrAssistSuite"/>
  <testcase name="UITest" time="0.003" classname="com.selenium.Test.StarrAssistSuite"/>
  <testcase name="UITest" time="0.002" classname="com.selenium.Test.StarrAssistSuite"/>
  <testcase name="UITest" time="0.002" classname="com.selenium.Test.StarrAssistSuite"/>
  <testcase name="UITest" time="0.003" classname="com.selenium.Test.StarrAssistSuite"/>
  <testcase name="UITest" time="0.003" classname="com.selenium.Test.StarrAssistSuite"/>
  <testcase name="UITest" time="0.002" classname="com.selenium.Test.StarrAssistSuite"/>
  <testcase name="UITest" time="0.003" classname="com.selenium.Test.StarrAssistSuite"/>
  <testcase name="UITest" time="0.002" classname="com.selenium.Test.StarrAssistSuite"/>
  <testcase name="UITest" time="0.002" classname="com.selenium.Test.StarrAssistSuite"/>
  <testcase name="UITest" time="0.003" classname="com.selenium.Test.StarrAssistSuite"/>
  <testcase name="UITest" time="0.003" classname="com.selenium.Test.StarrAssistSuite"/>
  <testcase name="UITest" time="0.018" classname="com.selenium.Test.StarrAssistSuite"/>
  <testcase name="UITest" time="0.002" classname="com.selenium.Test.StarrAssistSuite"/>
  <testcase name="UITest" time="0.003" classname="com.selenium.Test.StarrAssistSuite"/>
  <testcase name="UITest" time="0.002" classname="com.selenium.Test.StarrAssistSuite"/>
  <testcase name="UITest" time="0.007" classname="com.selenium.Test.StarrAssistSuite"/>
  <testcase name="UITest" time="0.003" classname="com.selenium.Test.StarrAssistSuite"/>
  <testcase name="UITest" time="0.002" classname="com.selenium.Test.StarrAssistSuite"/>
  <testcase name="UITest" time="0.002" classname="com.selenium.Test.StarrAssistSuite"/>
  <testcase name="UITest" time="0.003" classname="com.selenium.Test.StarrAssistSuite"/>
  <testcase name="UITest" time="0.002" classname="com.selenium.Test.StarrAssistSuite"/>
  <testcase name="UITest" time="0.003" classname="com.selenium.Test.StarrAssistSuite"/>
  <testcase name="UITest" time="0.002" classname="com.selenium.Test.StarrAssistSuite"/>
  <testcase name="UITest" time="0.002" classname="com.selenium.Test.StarrAssistSuite"/>
  <testcase name="UITest" time="0.002" classname="com.selenium.Test.StarrAssistSuite"/>
  <testcase name="UITest" time="0.002" classname="com.selenium.Test.StarrAssistSuite"/>
  <testcase name="UITest" time="0.002" classname="com.selenium.Test.StarrAssistSuite"/>
  <testcase name="UITest" time="0.002" classname="com.selenium.Test.StarrAssistSuite"/>
  <testcase name="UITest" time="0.002" classname="com.selenium.Test.StarrAssistSuite"/>
  <testcase name="UITest" time="0.002" classname="com.selenium.Test.StarrAssistSuite"/>
  <testcase name="UITest" time="0.002" classname="com.selenium.Test.StarrAssistSuite"/>
  <testcase name="UITest" time="0.002" classname="com.selenium.Test.StarrAssistSuite"/>
  <testcase name="UITest" time="0.002" classname="com.selenium.Test.StarrAssistSuite"/>
  <testcase name="UITest" time="0.002" classname="com.selenium.Test.StarrAssistSuite"/>
  <testcase name="UITest" time="0.002" classname="com.selenium.Test.StarrAssistSuite"/>
  <testcase name="UITest" time="0.003" classname="com.selenium.Test.StarrAssistSuite"/>
  <testcase name="UITest" time="0.003" classname="com.selenium.Test.StarrAssistSuite"/>
  <testcase name="UITest" time="0.003" classname="com.selenium.Test.StarrAssistSuite"/>
  <testcase name="UITest" time="0.002" classname="com.selenium.Test.StarrAssistSuite"/>
  <testcase name="UITest" time="0.002" classname="com.selenium.Test.StarrAssistSuite"/>
  <testcase name="UITest" time="0.003" classname="com.selenium.Test.StarrAssistSuite"/>
  <testcase name="UITest" time="0.003" classname="com.selenium.Test.StarrAssistSuite"/>
  <testcase name="UITest" time="0.003" classname="com.selenium.Test.StarrAssistSuite"/>
  <testcase name="UITest" time="0.003" classname="com.selenium.Test.StarrAssistSuite"/>
  <testcase name="UITest" time="0.003" classname="com.selenium.Test.StarrAssistSuite"/>
  <testcase name="UITest" time="0.003" classname="com.selenium.Test.StarrAssistSuite"/>
  <testcase name="UITest" time="0.002" classname="com.selenium.Test.StarrAssistSuite"/>
  <testcase name="UITest" time="0.002" classname="com.selenium.Test.StarrAssistSuite"/>
  <testcase name="UITest" time="0.003" classname="com.selenium.Test.StarrAssistSuite"/>
  <testcase name="UITest" time="0.003" classname="com.selenium.Test.StarrAssistSuite"/>
  <testcase name="UITest" time="0.002" classname="com.selenium.Test.StarrAssistSuite"/>
  <testcase name="UITest" time="0.003" classname="com.selenium.Test.StarrAssistSuite"/>
  <testcase name="UITest" time="0.003" classname="com.selenium.Test.StarrAssistSuite"/>
  <testcase name="UITest" time="0.002" classname="com.selenium.Test.StarrAssistSuite"/>
  <testcase name="UITest" time="0.003" classname="com.selenium.Test.StarrAssistSuite"/>
  <testcase name="UITest" time="0.002" classname="com.selenium.Test.StarrAssistSuite"/>
  <testcase name="UITest" time="0.003" classname="com.selenium.Test.StarrAssistSuite"/>
  <testcase name="UITest" time="0.002" classname="com.selenium.Test.StarrAssistSuite"/>
  <testcase name="UITest" time="0.003" classname="com.selenium.Test.StarrAssistSuite"/>
  <testcase name="UITest" time="0.003" classname="com.selenium.Test.StarrAssistSuite"/>
  <testcase name="UITest" time="0.002" classname="com.selenium.Test.StarrAssistSuite"/>
  <testcase name="UITest" time="0.002" classname="com.selenium.Test.StarrAssistSuite"/>
  <testcase name="UITest" time="0.004" classname="com.selenium.Test.StarrAssistSuite"/>
  <testcase name="UITest" time="0.002" classname="com.selenium.Test.StarrAssistSuite"/>
  <testcase name="UITest" time="0.002" classname="com.selenium.Test.StarrAssistSuite"/>
  <testcase name="UITest" time="0.003" classname="com.selenium.Test.StarrAssistSuite"/>
  <testcase name="UITest" time="0.003" classname="com.selenium.Test.StarrAssistSuite"/>
  <testcase name="UITest" time="0.003" classname="com.selenium.Test.StarrAssistSuite"/>
  <testcase name="UITest" time="0.002" classname="com.selenium.Test.StarrAssistSuite"/>
  <testcase name="UITest" time="0.002" classname="com.selenium.Test.StarrAssistSuite"/>
  <testcase name="UITest" time="0.002" classname="com.selenium.Test.StarrAssistSuite"/>
  <testcase name="UITest" time="0.003" classname="com.selenium.Test.StarrAssistSuite"/>
  <testcase name="UITest" time="0.003" classname="com.selenium.Test.StarrAssistSuite"/>
  <testcase name="UITest" time="0.003" classname="com.selenium.Test.StarrAssistSuite"/>
  <testcase name="UITest" time="0.003" classname="com.selenium.Test.StarrAssistSuite"/>
  <testcase name="UITest" time="0.002" classname="com.selenium.Test.StarrAssistSuite"/>
  <testcase name="UITest" time="0.002" classname="com.selenium.Test.StarrAssistSuite"/>
  <testcase name="UITest" time="0.003" classname="com.selenium.Test.StarrAssistSuite"/>
  <testcase name="UITest" time="0.002" classname="com.selenium.Test.StarrAssistSuite"/>
  <testcase name="UITest" time="0.004" classname="com.selenium.Test.StarrAssistSuite"/>
  <testcase name="UITest" time="0.003" classname="com.selenium.Test.StarrAssistSuite"/>
  <testcase name="UITest" time="0.002" classname="com.selenium.Test.StarrAssistSuite"/>
  <testcase name="UITest" time="0.004" classname="com.selenium.Test.StarrAssistSuite"/>
  <testcase name="UITest" time="0.003" classname="com.selenium.Test.StarrAssistSuite"/>
  <testcase name="UITest" time="0.003" classname="com.selenium.Test.StarrAssistSuite"/>
  <testcase name="UITest" time="0.003" classname="com.selenium.Test.StarrAssistSuite"/>
  <testcase name="UITest" time="0.006" classname="com.selenium.Test.StarrAssistSuite"/>
  <testcase name="UITest" time="0.003" classname="com.selenium.Test.StarrAssistSuite"/>
  <testcase name="UITest" time="0.003" classname="com.selenium.Test.StarrAssistSuite"/>
  <testcase name="UITest" time="0.003" classname="com.selenium.Test.StarrAssistSuite"/>
  <testcase name="UITest" time="0.002" classname="com.selenium.Test.StarrAssistSuite"/>
  <testcase name="UITest" time="0.003" classname="com.selenium.Test.StarrAssistSuite"/>
  <testcase name="UITest" time="0.003" classname="com.selenium.Test.StarrAssistSuite"/>
  <testcase name="UITest" time="0.003" classname="com.selenium.Test.StarrAssistSuite"/>
  <testcase name="UITest" time="0.003" classname="com.selenium.Test.StarrAssistSuite"/>
  <testcase name="UITest" time="0.002" classname="com.selenium.Test.StarrAssistSuite"/>
  <testcase name="UITest" time="0.002" classname="com.selenium.Test.StarrAssistSuite"/>
  <testcase name="UITest" time="0.003" classname="com.selenium.Test.StarrAssistSuite"/>
  <testcase name="UITest" time="0.003" classname="com.selenium.Test.StarrAssistSuite"/>
  <testcase name="UITest" time="0.003" classname="com.selenium.Test.StarrAssistSuite"/>
  <testcase name="UITest" time="0.002" classname="com.selenium.Test.StarrAssistSuite"/>
  <testcase name="UITest" time="0.002" classname="com.selenium.Test.StarrAssistSuite"/>
  <testcase name="UITest" time="0.002" classname="com.selenium.Test.StarrAssistSuite"/>
  <testcase name="UITest" time="0.003" classname="com.selenium.Test.StarrAssistSuite"/>
  <testcase name="UITest" time="0.003" classname="com.selenium.Test.StarrAssistSuite"/>
  <testcase name="UITest" time="0.002" classname="com.selenium.Test.StarrAssistSuite"/>
  <testcase name="UITest" time="0.003" classname="com.selenium.Test.StarrAssistSuite"/>
  <testcase name="UITest" time="0.002" classname="com.selenium.Test.StarrAssistSuite"/>
  <testcase name="UITest" time="0.002" classname="com.selenium.Test.StarrAssistSuite"/>
  <testcase name="UITest" time="0.002" classname="com.selenium.Test.StarrAssistSuite"/>
  <testcase name="UITest" time="0.002" classname="com.selenium.Test.StarrAssistSuite"/>
  <testcase name="UITest" time="0.003" classname="com.selenium.Test.StarrAssistSuite"/>
  <testcase name="UITest" time="0.002" classname="com.selenium.Test.StarrAssistSuite"/>
  <testcase name="UITest" time="0.002" classname="com.selenium.Test.StarrAssistSuite"/>
  <testcase name="UITest" time="0.002" classname="com.selenium.Test.StarrAssistSuite"/>
  <testcase name="UITest" time="0.002" classname="com.selenium.Test.StarrAssistSuite"/>
  <testcase name="UITest" time="0.003" classname="com.selenium.Test.StarrAssistSuite"/>
  <testcase name="UITest" time="0.002" classname="com.selenium.Test.StarrAssistSuite"/>
  <testcase name="UITest" time="0.002" classname="com.selenium.Test.StarrAssistSuite"/>
  <testcase name="UITest" time="0.003" classname="com.selenium.Test.StarrAssistSuite"/>
  <testcase name="UITest" time="0.002" classname="com.selenium.Test.StarrAssistSuite"/>
  <testcase name="UITest" time="0.002" classname="com.selenium.Test.StarrAssistSuite"/>
  <testcase name="UITest" time="0.002" classname="com.selenium.Test.StarrAssistSuite"/>
  <testcase name="UITest" time="0.002" classname="com.selenium.Test.StarrAssistSuite"/>
  <testcase name="UITest" time="0.003" classname="com.selenium.Test.StarrAssistSuite"/>
  <testcase name="UITest" time="0.002" classname="com.selenium.Test.StarrAssistSuite"/>
  <testcase name="UITest" time="0.003" classname="com.selenium.Test.StarrAssistSuite"/>
  <testcase name="UITest" time="0.004" classname="com.selenium.Test.StarrAssistSuite"/>
  <testcase name="UITest" time="0.003" classname="com.selenium.Test.StarrAssistSuite"/>
  <testcase name="UITest" time="0.002" classname="com.selenium.Test.StarrAssistSuite"/>
  <testcase name="UITest" time="0.004" classname="com.selenium.Test.StarrAssistSuite"/>
  <testcase name="UITest" time="0.002" classname="com.selenium.Test.StarrAssistSuite"/>
  <testcase name="UITest" time="0.002" classname="com.selenium.Test.StarrAssistSuite"/>
  <testcase name="UITest" time="0.003" classname="com.selenium.Test.StarrAssistSuite"/>
  <testcase name="UITest" time="0.003" classname="com.selenium.Test.StarrAssistSuite"/>
  <testcase name="UITest" time="0.002" classname="com.selenium.Test.StarrAssistSuite"/>
  <testcase name="UITest" time="0.004" classname="com.selenium.Test.StarrAssistSuite"/>
  <testcase name="UITest" time="0.002" classname="com.selenium.Test.StarrAssistSuite"/>
  <testcase name="UITest" time="0.002" classname="com.selenium.Test.StarrAssistSuite"/>
  <testcase name="UITest" time="0.003" classname="com.selenium.Test.StarrAssistSuite"/>
  <testcase name="UITest" time="0.003" classname="com.selenium.Test.StarrAssistSuite"/>
  <testcase name="UITest" time="0.003" classname="com.selenium.Test.StarrAssistSuite"/>
  <testcase name="UITest" time="0.002" classname="com.selenium.Test.StarrAssistSuite"/>
  <testcase name="UITest" time="0.002" classname="com.selenium.Test.StarrAssistSuite"/>
  <testcase name="UITest" time="0.003" classname="com.selenium.Test.StarrAssistSuite"/>
  <testcase name="UITest" time="0.002" classname="com.selenium.Test.StarrAssistSuite"/>
  <testcase name="UITest" time="0.002" classname="com.selenium.Test.StarrAssistSuite"/>
  <testcase name="UITest" time="0.003" classname="com.selenium.Test.StarrAssistSuite"/>
  <testcase name="UITest" time="0.003" classname="com.selenium.Test.StarrAssistSuite"/>
  <testcase name="UITest" time="0.002" classname="com.selenium.Test.StarrAssistSuite"/>
  <testcase name="UITest" time="0.002" classname="com.selenium.Test.StarrAssistSuite"/>
  <testcase name="UITest" time="0.003" classname="com.selenium.Test.StarrAssistSuite"/>
  <testcase name="UITest" time="0.003" classname="com.selenium.Test.StarrAssistSuite"/>
  <testcase name="UITest" time="0.002" classname="com.selenium.Test.StarrAssistSuite"/>
  <testcase name="UITest" time="0.002" classname="com.selenium.Test.StarrAssistSuite"/>
  <testcase name="UITest" time="0.003" classname="com.selenium.Test.StarrAssistSuite"/>
  <testcase name="UITest" time="0.003" classname="com.selenium.Test.StarrAssistSuite"/>
  <testcase name="UITest" time="0.002" classname="com.selenium.Test.StarrAssistSuite"/>
  <testcase name="UITest" time="0.002" classname="com.selenium.Test.StarrAssistSuite"/>
  <testcase name="UITest" time="0.003" classname="com.selenium.Test.StarrAssistSuite"/>
  <testcase name="UITest" time="0.003" classname="com.selenium.Test.StarrAssistSuite"/>
  <testcase name="UITest" time="0.002" classname="com.selenium.Test.StarrAssistSuite"/>
  <testcase name="UITest" time="0.003" classname="com.selenium.Test.StarrAssistSuite"/>
  <testcase name="UITest" time="0.003" classname="com.selenium.Test.StarrAssistSuite"/>
  <testcase name="UITest" time="0.009" classname="com.selenium.Test.StarrAssistSuite"/>
  <testcase name="UITest" time="0.01" classname="com.selenium.Test.StarrAssistSuite"/>
  <testcase name="UITest" time="0.01" classname="com.selenium.Test.StarrAssistSuite"/>
  <testcase name="UITest" time="0.004" classname="com.selenium.Test.StarrAssistSuite"/>
  <testcase name="UITest" time="0.003" classname="com.selenium.Test.StarrAssistSuite"/>
  <testcase name="UITest" time="0.002" classname="com.selenium.Test.StarrAssistSuite"/>
  <testcase name="UITest" time="0.003" classname="com.selenium.Test.StarrAssistSuite"/>
</testsuite> <!-- Test1 -->
