<?xml version="1.0" encoding="UTF-8"?>
<!-- Generated by org.testng.reporters.JUnitXMLReporter -->
<testsuite hostname="C1128" ignored="0" name="Test1" tests="4" failures="0" timestamp="01 Feb 2018 12:56:27 GMT" time="0.038" errors="0">
  <testcase name="Test2" time="0.008" classname="PojoCases.CheckPriority"/>
  <testcase name="Test2" time="0.01" classname="PojoCases.CheckPriority"/>
  <testcase name="Test1" time="0.0" classname="PojoCases.CheckPriority"/>
  <testcase name="Test1" time="0.0" classname="PojoCases.CheckPriority"/>
</testsuite> <!-- Test1 -->
