<?xml version="1.0" encoding="UTF-8"?>
<!-- Generated by org.testng.reporters.JUnitXMLReporter -->
<testsuite hostname="C1128" ignored="0" name="Test2" tests="4" failures="0" timestamp="01 Feb 2018 12:56:27 GMT" time="0.042" errors="0">
  <testcase name="Test2" time="0.007" classname="PojoCases.CheckPriority"/>
  <testcase name="Test2" time="0.009" classname="PojoCases.CheckPriority"/>
  <testcase name="Test1" time="0.001" classname="PojoCases.CheckPriority"/>
  <testcase name="Test1" time="0.001" classname="PojoCases.CheckPriority"/>
</testsuite> <!-- Test2 -->
