<?xml version="1.0" encoding="UTF-8"?>
<!-- Generated by org.testng.reporters.JUnitXMLReporter -->
<testsuite hostname="C1128" ignored="0" name="Default test" tests="4" failures="0" timestamp="02 Feb 2018 05:00:26 GMT" time="0.037" errors="0">
  <testcase name="Test2" time="0.008" classname="PojoCases.CheckPriority"/>
  <testcase name="Test2" time="0.007" classname="PojoCases.CheckPriority"/>
  <testcase name="Test1" time="0.001" classname="PojoCases.CheckPriority"/>
  <testcase name="Test1" time="0.001" classname="PojoCases.CheckPriority"/>
</testsuite> <!-- Default test -->
